[  1%] Built target fiducials__cpp
[ 12%] Built target fiducials__rosidl_generator_c
[ 12%] Built target ament_cmake_python_copy_fiducials
[ 23%] Built target fiducials__rosidl_typesupport_introspection_cpp
[ 35%] Built target fiducials__rosidl_typesupport_fastrtps_cpp
[ 46%] Built target fiducials__rosidl_typesupport_cpp
[ 57%] Built target fiducials__rosidl_typesupport_fastrtps_c
[ 69%] Built target fiducials__rosidl_typesupport_c
[ 80%] Built target fiducials__rosidl_typesupport_introspection_c
[ 80%] Built target fiducials
[ 81%] Built target fiducials__py
[ 91%] Built target fiducials__rosidl_generator_py
[ 95%] Built target fiducials__rosidl_typesupport_fastrtps_c__pyext
[ 97%] Built target fiducials__rosidl_typesupport_introspection_c__pyext
[100%] Built target fiducials__rosidl_typesupport_c__pyext
[100%] Built target ament_cmake_python_copy_scripts
running egg_info
writing fiducials.egg-info/PKG-INFO
writing dependency_links to fiducials.egg-info/dependency_links.txt
writing top-level names to fiducials.egg-info/top_level.txt
reading manifest file 'fiducials.egg-info/SOURCES.txt'
writing manifest file 'fiducials.egg-info/SOURCES.txt'
[100%] Built target ament_cmake_python_build_fiducials_egg
running egg_info
writing scripts.egg-info/PKG-INFO
writing dependency_links to scripts.egg-info/dependency_links.txt
writing top-level names to scripts.egg-info/top_level.txt
reading manifest file 'scripts.egg-info/SOURCES.txt'
writing manifest file 'scripts.egg-info/SOURCES.txt'
[100%] Built target ament_cmake_python_build_scripts_egg
