[0.125s] Invoking command in '/root/ws/origami/build/diegetic_button_pkg': CMAKE_PREFIX_PATH=${CMAKE_PREFIX_PATH}:/opt/ros/humble /usr/bin/cmake --build /root/ws/origami/build/diegetic_button_pkg -- -j12 -l12
[0.173s] [  0%] Built target ament_cmake_python_copy_scripts
[0.199s] [  0%] Built target ament_cmake_python_copy_diegetic_button_pkg
[0.411s] running egg_info
[0.411s] writing scripts.egg-info/PKG-INFO
[0.412s] writing dependency_links to scripts.egg-info/dependency_links.txt
[0.412s] writing top-level names to scripts.egg-info/top_level.txt
[0.413s] reading manifest file 'scripts.egg-info/SOURCES.txt'
[0.414s] writing manifest file 'scripts.egg-info/SOURCES.txt'
[0.439s] [  0%] Built target ament_cmake_python_build_scripts_egg
[0.621s] running egg_info
[0.622s] writing diegetic_button_pkg.egg-info/PKG-INFO
[0.622s] writing dependency_links to diegetic_button_pkg.egg-info/dependency_links.txt
[0.622s] writing top-level names to diegetic_button_pkg.egg-info/top_level.txt
[0.625s] reading manifest file 'diegetic_button_pkg.egg-info/SOURCES.txt'
[0.626s] writing manifest file 'diegetic_button_pkg.egg-info/SOURCES.txt'
[0.649s] [  0%] Built target ament_cmake_python_build_diegetic_button_pkg_egg
[0.667s] [ 10%] Built target diegetic_button_pkg__rosidl_generator_c
[0.684s] [ 12%] Built target diegetic_button_pkg__cpp
[0.702s] [ 23%] Built target diegetic_button_pkg__rosidl_typesupport_c
[0.721s] [ 34%] Built target diegetic_button_pkg__rosidl_typesupport_introspection_cpp
[0.741s] [ 45%] Built target diegetic_button_pkg__rosidl_typesupport_fastrtps_cpp
[0.760s] [ 56%] Built target diegetic_button_pkg__rosidl_typesupport_cpp
[0.778s] [ 67%] Built target diegetic_button_pkg__rosidl_typesupport_introspection_c
[0.798s] [ 78%] Built target diegetic_button_pkg__rosidl_typesupport_fastrtps_c
[0.813s] [ 78%] Built target diegetic_button_pkg
[0.832s] [ 80%] Built target diegetic_button_pkg__py
[0.851s] [ 81%] [32mBuilding C object CMakeFiles/diegetic_button_pkg__rosidl_generator_py.dir/rosidl_generator_py/diegetic_button_pkg/msg/_diegetic_button_s.c.o[0m
[0.956s] [01m[K/root/ws/origami/build/diegetic_button_pkg/rosidl_generator_py/diegetic_button_pkg/msg/_diegetic_button_s.c:11:10:[m[K [01;31m[Kfatal error: [m[Knumpy/ndarrayobject.h: No such file or directory
[0.956s]    11 | #include [01;31m[K"numpy/ndarrayobject.h"[m[K
[0.956s]       |          [01;31m[K^~~~~~~~~~~~~~~~~~~~~~~[m[K
[0.956s] compilation terminated.
[0.958s] gmake[2]: *** [CMakeFiles/diegetic_button_pkg__rosidl_generator_py.dir/build.make:76: CMakeFiles/diegetic_button_pkg__rosidl_generator_py.dir/rosidl_generator_py/diegetic_button_pkg/msg/_diegetic_button_s.c.o] Error 1
[0.958s] gmake[1]: *** [CMakeFiles/Makefile2:530: CMakeFiles/diegetic_button_pkg__rosidl_generator_py.dir/all] Error 2
[0.958s] gmake: *** [Makefile:146: all] Error 2
[0.960s] Invoked command in '/root/ws/origami/build/diegetic_button_pkg' returned '2': CMAKE_PREFIX_PATH=${CMAKE_PREFIX_PATH}:/opt/ros/humble /usr/bin/cmake --build /root/ws/origami/build/diegetic_button_pkg -- -j12 -l12
