[0.063s] Invoking command in '/root/ws/origami/build/fiducials': CMAKE_PREFIX_PATH=/opt/ros/humble /usr/bin/cmake /root/ws/origami/src/fiducials -DCMAKE_INSTALL_PREFIX=/root/ws/origami/install/fiducials
[0.188s] -- The C compiler identification is GNU 11.4.0
[0.290s] -- The CXX compiler identification is GNU 11.4.0
[0.299s] -- Detecting C compiler ABI info
[0.358s] -- Detecting C compiler ABI info - done
[0.370s] -- Check for working C compiler: /usr/bin/cc - skipped
[0.370s] -- Detecting C compile features
[0.371s] -- Detecting C compile features - done
[0.375s] -- Detecting CXX compiler ABI info
[0.438s] -- Detecting CXX compiler ABI info - done
[0.445s] -- Check for working CXX compiler: /usr/bin/c++ - skipped
[0.445s] -- Detecting CXX compile features
[0.446s] -- Detecting CXX compile features - done
[0.448s] -- Found ament_cmake: 1.3.5 (/opt/ros/humble/share/ament_cmake/cmake)
[0.591s] -- Found Python3: /usr/bin/python3.10 (found version "3.10.12") found components: Interpreter 
[0.682s] -- Found rclpy: 3.3.10 (/opt/ros/humble/share/rclpy/cmake)
[0.683s] -- Found builtin_interfaces: 1.2.1 (/opt/ros/humble/share/builtin_interfaces/cmake)
[0.719s] -- Found rosidl_generator_c: 3.1.5 (/opt/ros/humble/share/rosidl_generator_c/cmake)
[0.724s] -- Found rosidl_adapter: 3.1.5 (/opt/ros/humble/share/rosidl_adapter/cmake)
[0.733s] -- Found rosidl_generator_cpp: 3.1.5 (/opt/ros/humble/share/rosidl_generator_cpp/cmake)
[0.749s] -- Using all available rosidl_typesupport_c: rosidl_typesupport_fastrtps_c;rosidl_typesupport_introspection_c
[0.769s] -- Using all available rosidl_typesupport_cpp: rosidl_typesupport_fastrtps_cpp;rosidl_typesupport_introspection_cpp
[0.786s] -- Found geometry_msgs: 4.2.3 (/opt/ros/humble/share/geometry_msgs/cmake)
[0.880s] -- Found sensor_msgs: 4.2.3 (/opt/ros/humble/share/sensor_msgs/cmake)
[0.964s] -- Found rosidl_default_generators: 1.2.0 (/opt/ros/humble/share/rosidl_default_generators/cmake)
[0.971s] -- Found tf2_ros: 0.25.4 (/opt/ros/humble/share/tf2_ros/cmake)
[1.103s] -- Found rmw_implementation_cmake: 6.1.1 (/opt/ros/humble/share/rmw_implementation_cmake/cmake)
[1.106s] -- Found rmw_fastrtps_cpp: 6.2.4 (/opt/ros/humble/share/rmw_fastrtps_cpp/cmake)
[1.193s] -- Found OpenSSL: /usr/lib/x86_64-linux-gnu/libcrypto.so (found version "3.0.2")  
[1.213s] -- Found FastRTPS: /opt/ros/humble/include  
[1.249s] -- Using RMW implementation 'rmw_fastrtps_cpp' as default
[1.259s] -- Looking for pthread.h
[1.321s] -- Looking for pthread.h - found
[1.321s] -- Performing Test CMAKE_HAVE_LIBC_PTHREAD
[1.378s] -- Performing Test CMAKE_HAVE_LIBC_PTHREAD - Success
[1.379s] -- Found Threads: TRUE  
[2.073s] -- Found ament_cmake_ros: 0.10.0 (/opt/ros/humble/share/ament_cmake_ros/cmake)
[2.564s] -- Using all available rosidl_typesupport_c: rosidl_typesupport_fastrtps_c;rosidl_typesupport_introspection_c
[2.807s] -- Using all available rosidl_typesupport_cpp: rosidl_typesupport_fastrtps_cpp;rosidl_typesupport_introspection_cpp
[2.854s] -- Found PythonInterp: /usr/bin/python3 (found suitable version "3.10.12", minimum required is "3.6") 
[2.856s] -- Found python_cmake_module: 0.10.0 (/opt/ros/humble/share/python_cmake_module/cmake)
[2.899s] -- Found PythonLibs: /usr/lib/x86_64-linux-gnu/libpython3.10.so (found suitable version "3.10.12", minimum required is "3.5") 
[2.900s] -- Using PYTHON_EXECUTABLE: /usr/bin/python3
[2.900s] -- Using PYTHON_INCLUDE_DIRS: /usr/include/python3.10
[2.900s] -- Using PYTHON_LIBRARIES: /usr/lib/x86_64-linux-gnu/libpython3.10.so
[2.963s] -- Found PythonExtra: .so  
[3.107s] -- Found ament_lint_auto: 0.12.8 (/opt/ros/humble/share/ament_lint_auto/cmake)
[3.142s] -- Added test 'copyright' to check source files copyright and LICENSE
[3.247s] -- Added test 'cppcheck' to perform static code analysis on C / C++ code
[3.248s] -- Configured cppcheck include dirs: 
[3.248s] -- Configured cppcheck exclude dirs and/or files: 
[3.362s] -- Added test 'cpplint' to check C / C++ code against the Google style
[3.363s] -- Configured cpplint exclude dirs and/or files: 
[3.373s] -- Added test 'flake8' to check Python code syntax and style conventions
[3.407s] -- Added test 'lint_cmake' to check CMake code style
[3.420s] -- Added test 'pep257' to check Python code against some of the docstring style conventions in PEP 257
[3.519s] -- Added test 'uncrustify' to check C / C++ code style
[3.519s] -- Configured uncrustify additional arguments: 
[3.531s] -- Added test 'xmllint' to check XML markup files
[3.534s] -- Configuring done
[3.610s] -- Generating done
[3.615s] -- Build files have been written to: /root/ws/origami/build/fiducials
[3.633s] Invoked command in '/root/ws/origami/build/fiducials' returned '0': CMAKE_PREFIX_PATH=/opt/ros/humble /usr/bin/cmake /root/ws/origami/src/fiducials -DCMAKE_INSTALL_PREFIX=/root/ws/origami/install/fiducials
[3.634s] Invoking command in '/root/ws/origami/build/fiducials': CMAKE_PREFIX_PATH=/opt/ros/humble /usr/bin/cmake --build /root/ws/origami/build/fiducials -- -j12 -l12
[3.690s] [  1%] [34m[1mGenerating C code for ROS interfaces[0m
[3.721s] [  2%] [34m[1mGenerating C++ code for ROS interfaces[0m
[3.729s] [  2%] Built target ament_cmake_python_copy_fiducials
[3.821s] [  2%] Built target ament_cmake_python_copy_scripts
[4.003s] running egg_info
[4.004s] creating fiducials.egg-info
[4.004s] writing fiducials.egg-info/PKG-INFO
[4.006s] writing dependency_links to fiducials.egg-info/dependency_links.txt
[4.006s] writing top-level names to fiducials.egg-info/top_level.txt
[4.006s] writing manifest file 'fiducials.egg-info/SOURCES.txt'
[4.007s] reading manifest file 'fiducials.egg-info/SOURCES.txt'
[4.008s] writing manifest file 'fiducials.egg-info/SOURCES.txt'
[4.047s] [  2%] Built target ament_cmake_python_build_fiducials_egg
[4.095s] running egg_info
[4.096s] creating scripts.egg-info
[4.096s] writing scripts.egg-info/PKG-INFO
[4.097s] writing dependency_links to scripts.egg-info/dependency_links.txt
[4.097s] writing top-level names to scripts.egg-info/top_level.txt
[4.097s] writing manifest file 'scripts.egg-info/SOURCES.txt'
[4.100s] reading manifest file 'scripts.egg-info/SOURCES.txt'
[4.100s] writing manifest file 'scripts.egg-info/SOURCES.txt'
[4.132s] [  2%] Built target ament_cmake_python_build_scripts_egg
[4.352s] [  2%] Built target fiducials__cpp
[4.361s] [  4%] [34m[1mGenerating C++ introspection for ROS interfaces[0m
[4.362s] [  5%] [34m[1mGenerating C++ type support for eProsima Fast-RTPS[0m
[4.362s] [  7%] [34m[1mGenerating C++ type support dispatch for ROS interfaces[0m
[4.474s] [  8%] [32mBuilding C object CMakeFiles/fiducials__rosidl_generator_c.dir/rosidl_generator_c/fiducials/msg/detail/fiducial_transform__functions.c.o[0m
[4.476s] [ 11%] [32mBuilding C object CMakeFiles/fiducials__rosidl_generator_c.dir/rosidl_generator_c/fiducials/msg/detail/fiducial_array__functions.c.o[0m
[4.477s] [ 11%] [32mBuilding C object CMakeFiles/fiducials__rosidl_generator_c.dir/rosidl_generator_c/fiducials/msg/detail/fiducial__functions.c.o[0m
[4.478s] [ 12%] [32mBuilding C object CMakeFiles/fiducials__rosidl_generator_c.dir/rosidl_generator_c/fiducials/msg/detail/fiducial_map_entry_array__functions.c.o[0m
[4.478s] [ 14%] [32mBuilding C object CMakeFiles/fiducials__rosidl_generator_c.dir/rosidl_generator_c/fiducials/msg/detail/fiducial_transform_array__functions.c.o[0m
[4.478s] [ 15%] [32mBuilding C object CMakeFiles/fiducials__rosidl_generator_c.dir/rosidl_generator_c/fiducials/msg/detail/fiducial_map_entry__functions.c.o[0m
[4.557s] [ 16%] [32m[1mLinking C shared library libfiducials__rosidl_generator_c.so[0m
[4.600s] [ 16%] Built target fiducials__rosidl_generator_c
[4.611s] [ 18%] [34m[1mGenerating C introspection for ROS interfaces[0m
[4.611s] [ 21%] [34m[1mGenerating C type support for eProsima Fast-RTPS[0m
[4.612s] [ 21%] [34m[1mGenerating C type support dispatch for ROS interfaces[0m
[4.866s] [ 22%] [32mBuilding CXX object CMakeFiles/fiducials__rosidl_typesupport_introspection_cpp.dir/rosidl_typesupport_introspection_cpp/fiducials/msg/detail/fiducial__type_support.cpp.o[0m
[4.868s] [ 23%] [32mBuilding CXX object CMakeFiles/fiducials__rosidl_typesupport_introspection_cpp.dir/rosidl_typesupport_introspection_cpp/fiducials/msg/detail/fiducial_transform_array__type_support.cpp.o[0m
[4.869s] [ 25%] [32mBuilding CXX object CMakeFiles/fiducials__rosidl_typesupport_introspection_cpp.dir/rosidl_typesupport_introspection_cpp/fiducials/msg/detail/fiducial_array__type_support.cpp.o[0m
[4.877s] [ 26%] [32mBuilding CXX object CMakeFiles/fiducials__rosidl_typesupport_introspection_cpp.dir/rosidl_typesupport_introspection_cpp/fiducials/msg/detail/fiducial_transform__type_support.cpp.o[0m
[4.878s] [ 28%] [32mBuilding CXX object CMakeFiles/fiducials__rosidl_typesupport_introspection_cpp.dir/rosidl_typesupport_introspection_cpp/fiducials/msg/detail/fiducial_map_entry__type_support.cpp.o[0m
[4.887s] [ 29%] [32mBuilding CXX object CMakeFiles/fiducials__rosidl_typesupport_introspection_cpp.dir/rosidl_typesupport_introspection_cpp/fiducials/msg/detail/fiducial_map_entry_array__type_support.cpp.o[0m
[4.965s] [ 30%] [32mBuilding CXX object CMakeFiles/fiducials__rosidl_typesupport_cpp.dir/rosidl_typesupport_cpp/fiducials/msg/fiducial__type_support.cpp.o[0m
[4.971s] [ 32%] [32mBuilding CXX object CMakeFiles/fiducials__rosidl_typesupport_cpp.dir/rosidl_typesupport_cpp/fiducials/msg/fiducial_array__type_support.cpp.o[0m
[5.285s] [ 33%] [32mBuilding CXX object CMakeFiles/fiducials__rosidl_typesupport_c.dir/rosidl_typesupport_c/fiducials/msg/fiducial__type_support.cpp.o[0m
[5.371s] [ 35%] [32mBuilding CXX object CMakeFiles/fiducials__rosidl_typesupport_fastrtps_cpp.dir/rosidl_typesupport_fastrtps_cpp/fiducials/msg/detail/dds_fastrtps/fiducial__type_support.cpp.o[0m
[5.399s] [ 36%] [32mBuilding CXX object CMakeFiles/fiducials__rosidl_typesupport_c.dir/rosidl_typesupport_c/fiducials/msg/fiducial_array__type_support.cpp.o[0m
[5.412s] [ 38%] [32mBuilding CXX object CMakeFiles/fiducials__rosidl_typesupport_cpp.dir/rosidl_typesupport_cpp/fiducials/msg/fiducial_transform__type_support.cpp.o[0m
[5.416s] [ 39%] [32mBuilding CXX object CMakeFiles/fiducials__rosidl_typesupport_cpp.dir/rosidl_typesupport_cpp/fiducials/msg/fiducial_transform_array__type_support.cpp.o[0m
[5.444s] [ 40%] [32mBuilding C object CMakeFiles/fiducials__rosidl_typesupport_introspection_c.dir/rosidl_typesupport_introspection_c/fiducials/msg/detail/fiducial__type_support.c.o[0m
[5.461s] [ 42%] [32mBuilding CXX object CMakeFiles/fiducials__rosidl_typesupport_c.dir/rosidl_typesupport_c/fiducials/msg/fiducial_transform__type_support.cpp.o[0m
[5.461s] [ 43%] [32mBuilding C object CMakeFiles/fiducials__rosidl_typesupport_introspection_c.dir/rosidl_typesupport_introspection_c/fiducials/msg/detail/fiducial_array__type_support.c.o[0m
[5.470s] [ 45%] [32mBuilding CXX object CMakeFiles/fiducials__rosidl_typesupport_c.dir/rosidl_typesupport_c/fiducials/msg/fiducial_transform_array__type_support.cpp.o[0m
[5.474s] [ 46%] [32mBuilding C object CMakeFiles/fiducials__rosidl_typesupport_introspection_c.dir/rosidl_typesupport_introspection_c/fiducials/msg/detail/fiducial_transform__type_support.c.o[0m
[5.496s] [ 47%] [32mBuilding CXX object CMakeFiles/fiducials__rosidl_typesupport_c.dir/rosidl_typesupport_c/fiducials/msg/fiducial_map_entry__type_support.cpp.o[0m
[5.499s] [ 49%] [32mBuilding CXX object CMakeFiles/fiducials__rosidl_typesupport_fastrtps_cpp.dir/rosidl_typesupport_fastrtps_cpp/fiducials/msg/detail/dds_fastrtps/fiducial_array__type_support.cpp.o[0m
[5.503s] [ 50%] [32mBuilding CXX object CMakeFiles/fiducials__rosidl_typesupport_fastrtps_cpp.dir/rosidl_typesupport_fastrtps_cpp/fiducials/msg/detail/dds_fastrtps/fiducial_transform_array__type_support.cpp.o[0m
[5.508s] [ 52%] [32mBuilding CXX object CMakeFiles/fiducials__rosidl_typesupport_fastrtps_cpp.dir/rosidl_typesupport_fastrtps_cpp/fiducials/msg/detail/dds_fastrtps/fiducial_transform__type_support.cpp.o[0m
[5.512s] [ 53%] [32m[1mLinking CXX shared library libfiducials__rosidl_typesupport_introspection_cpp.so[0m
[5.513s] [ 54%] [32mBuilding C object CMakeFiles/fiducials__rosidl_typesupport_introspection_c.dir/rosidl_typesupport_introspection_c/fiducials/msg/detail/fiducial_transform_array__type_support.c.o[0m
[5.518s] [ 56%] [32mBuilding C object CMakeFiles/fiducials__rosidl_typesupport_introspection_c.dir/rosidl_typesupport_introspection_c/fiducials/msg/detail/fiducial_map_entry__type_support.c.o[0m
[5.520s] [ 57%] [32mBuilding CXX object CMakeFiles/fiducials__rosidl_typesupport_fastrtps_cpp.dir/rosidl_typesupport_fastrtps_cpp/fiducials/msg/detail/dds_fastrtps/fiducial_map_entry__type_support.cpp.o[0m
[5.554s] [ 59%] [32mBuilding CXX object CMakeFiles/fiducials__rosidl_typesupport_c.dir/rosidl_typesupport_c/fiducials/msg/fiducial_map_entry_array__type_support.cpp.o[0m
[5.563s] [ 60%] [32mBuilding CXX object CMakeFiles/fiducials__rosidl_typesupport_fastrtps_cpp.dir/rosidl_typesupport_fastrtps_cpp/fiducials/msg/detail/dds_fastrtps/fiducial_map_entry_array__type_support.cpp.o[0m
[5.576s] [ 61%] [32mBuilding CXX object CMakeFiles/fiducials__rosidl_typesupport_fastrtps_c.dir/rosidl_typesupport_fastrtps_c/fiducials/msg/detail/fiducial__type_support_c.cpp.o[0m
[5.587s] [ 63%] [32mBuilding C object CMakeFiles/fiducials__rosidl_typesupport_introspection_c.dir/rosidl_typesupport_introspection_c/fiducials/msg/detail/fiducial_map_entry_array__type_support.c.o[0m
[5.617s] [ 64%] [32m[1mLinking CXX shared library libfiducials__rosidl_typesupport_c.so[0m
[5.653s] [ 64%] Built target fiducials__rosidl_typesupport_introspection_cpp
[5.663s] [ 66%] [32mBuilding CXX object CMakeFiles/fiducials__rosidl_typesupport_fastrtps_c.dir/rosidl_typesupport_fastrtps_c/fiducials/msg/detail/fiducial_array__type_support_c.cpp.o[0m
[5.664s] [ 67%] [32m[1mLinking C shared library libfiducials__rosidl_typesupport_introspection_c.so[0m
[5.731s] [ 67%] Built target fiducials__rosidl_typesupport_c
[5.733s] [ 67%] Built target fiducials__rosidl_typesupport_introspection_c
[5.743s] [ 69%] [32mBuilding CXX object CMakeFiles/fiducials__rosidl_typesupport_fastrtps_c.dir/rosidl_typesupport_fastrtps_c/fiducials/msg/detail/fiducial_transform__type_support_c.cpp.o[0m
[5.780s] [ 70%] [32mBuilding CXX object CMakeFiles/fiducials__rosidl_typesupport_fastrtps_c.dir/rosidl_typesupport_fastrtps_c/fiducials/msg/detail/fiducial_transform_array__type_support_c.cpp.o[0m
[5.799s] [ 71%] [32mBuilding CXX object CMakeFiles/fiducials__rosidl_typesupport_fastrtps_c.dir/rosidl_typesupport_fastrtps_c/fiducials/msg/detail/fiducial_map_entry__type_support_c.cpp.o[0m
[5.824s] [ 73%] [32mBuilding CXX object CMakeFiles/fiducials__rosidl_typesupport_cpp.dir/rosidl_typesupport_cpp/fiducials/msg/fiducial_map_entry__type_support.cpp.o[0m
[5.929s] [ 74%] [32mBuilding CXX object CMakeFiles/fiducials__rosidl_typesupport_fastrtps_c.dir/rosidl_typesupport_fastrtps_c/fiducials/msg/detail/fiducial_map_entry_array__type_support_c.cpp.o[0m
[6.127s] [ 76%] [32mBuilding CXX object CMakeFiles/fiducials__rosidl_typesupport_cpp.dir/rosidl_typesupport_cpp/fiducials/msg/fiducial_map_entry_array__type_support.cpp.o[0m
[6.252s] [ 77%] [32m[1mLinking CXX shared library libfiducials__rosidl_typesupport_fastrtps_cpp.so[0m
[6.357s] [ 77%] Built target fiducials__rosidl_typesupport_fastrtps_cpp
[6.365s] [ 78%] [32m[1mLinking CXX shared library libfiducials__rosidl_typesupport_fastrtps_c.so[0m
[6.418s] [ 80%] [32m[1mLinking CXX shared library libfiducials__rosidl_typesupport_cpp.so[0m
[6.430s] [ 80%] Built target fiducials__rosidl_typesupport_fastrtps_c
[6.453s] [ 80%] Built target fiducials__rosidl_typesupport_cpp
[6.467s] [ 80%] Built target fiducials
[6.482s] [ 81%] [34m[1mGenerating Python code for ROS interfaces[0m
[7.229s] [ 81%] Built target fiducials__py
[7.246s] [ 84%] [32mBuilding C object CMakeFiles/fiducials__rosidl_generator_py.dir/rosidl_generator_py/fiducials/msg/_fiducial_transform_array_s.c.o[0m
[7.246s] [ 84%] [32mBuilding C object CMakeFiles/fiducials__rosidl_generator_py.dir/rosidl_generator_py/fiducials/msg/_fiducial_array_s.c.o[0m
[7.246s] [ 85%] [32mBuilding C object CMakeFiles/fiducials__rosidl_generator_py.dir/rosidl_generator_py/fiducials/msg/_fiducial_s.c.o[0m
[7.247s] [ 87%] [32mBuilding C object CMakeFiles/fiducials__rosidl_generator_py.dir/rosidl_generator_py/fiducials/msg/_fiducial_transform_s.c.o[0m
[7.247s] [ 88%] [32mBuilding C object CMakeFiles/fiducials__rosidl_generator_py.dir/rosidl_generator_py/fiducials/msg/_fiducial_map_entry_s.c.o[0m
[7.248s] [ 90%] [32mBuilding C object CMakeFiles/fiducials__rosidl_generator_py.dir/rosidl_generator_py/fiducials/msg/_fiducial_map_entry_array_s.c.o[0m
[7.387s] [ 91%] [32m[1mLinking C shared library rosidl_generator_py/fiducials/libfiducials__rosidl_generator_py.so[0m
[7.424s] [ 91%] Built target fiducials__rosidl_generator_py
[7.440s] [ 92%] [32mBuilding C object CMakeFiles/fiducials__rosidl_typesupport_introspection_c__pyext.dir/rosidl_generator_py/fiducials/_fiducials_s.ep.rosidl_typesupport_introspection_c.c.o[0m
[7.440s] [ 94%] [32mBuilding C object CMakeFiles/fiducials__rosidl_typesupport_c__pyext.dir/rosidl_generator_py/fiducials/_fiducials_s.ep.rosidl_typesupport_c.c.o[0m
[7.443s] [ 95%] [32mBuilding C object CMakeFiles/fiducials__rosidl_typesupport_fastrtps_c__pyext.dir/rosidl_generator_py/fiducials/_fiducials_s.ep.rosidl_typesupport_fastrtps_c.c.o[0m
[7.543s] [ 98%] [32m[1mLinking C shared library rosidl_generator_py/fiducials/fiducials_s__rosidl_typesupport_c.cpython-310-x86_64-linux-gnu.so[0m
[7.543s] [ 98%] [32m[1mLinking C shared library rosidl_generator_py/fiducials/fiducials_s__rosidl_typesupport_introspection_c.cpython-310-x86_64-linux-gnu.so[0m
[7.547s] [100%] [32m[1mLinking C shared library rosidl_generator_py/fiducials/fiducials_s__rosidl_typesupport_fastrtps_c.cpython-310-x86_64-linux-gnu.so[0m
[7.578s] [100%] Built target fiducials__rosidl_typesupport_introspection_c__pyext
[7.578s] [100%] Built target fiducials__rosidl_typesupport_c__pyext
[7.589s] [100%] Built target fiducials__rosidl_typesupport_fastrtps_c__pyext
[7.600s] Invoked command in '/root/ws/origami/build/fiducials' returned '0': CMAKE_PREFIX_PATH=/opt/ros/humble /usr/bin/cmake --build /root/ws/origami/build/fiducials -- -j12 -l12
[7.703s] Invoking command in '/root/ws/origami/build/fiducials': CMAKE_PREFIX_PATH=/opt/ros/humble /usr/bin/cmake --install /root/ws/origami/build/fiducials
[7.709s] -- Install configuration: ""
[7.709s] -- Installing: /root/ws/origami/install/fiducials/share/ament_index/resource_index/rosidl_interfaces/fiducials
[7.710s] -- Up-to-date: /root/ws/origami/install/fiducials/include/fiducials/fiducials
[7.710s] -- Up-to-date: /root/ws/origami/install/fiducials/include/fiducials/fiducials/msg
[7.710s] -- Installing: /root/ws/origami/install/fiducials/include/fiducials/fiducials/msg/fiducial_transform_array.h
[7.710s] -- Installing: /root/ws/origami/install/fiducials/include/fiducials/fiducials/msg/fiducial_transform.h
[7.710s] -- Installing: /root/ws/origami/install/fiducials/include/fiducials/fiducials/msg/fiducial_map_entry.h
[7.710s] -- Installing: /root/ws/origami/install/fiducials/include/fiducials/fiducials/msg/rosidl_generator_c__visibility_control.h
[7.710s] -- Installing: /root/ws/origami/install/fiducials/include/fiducials/fiducials/msg/fiducial_map_entry_array.h
[7.710s] -- Installing: /root/ws/origami/install/fiducials/include/fiducials/fiducials/msg/fiducial_array.h
[7.710s] -- Up-to-date: /root/ws/origami/install/fiducials/include/fiducials/fiducials/msg/detail
[7.710s] -- Installing: /root/ws/origami/install/fiducials/include/fiducials/fiducials/msg/detail/fiducial_map_entry_array__functions.c
[7.710s] -- Installing: /root/ws/origami/install/fiducials/include/fiducials/fiducials/msg/detail/fiducial_transform__functions.h
[7.711s] -- Installing: /root/ws/origami/install/fiducials/include/fiducials/fiducials/msg/detail/fiducial_array__functions.c
[7.711s] -- Installing: /root/ws/origami/install/fiducials/include/fiducials/fiducials/msg/detail/fiducial_transform__type_support.h
[7.711s] -- Installing: /root/ws/origami/install/fiducials/include/fiducials/fiducials/msg/detail/fiducial_array__type_support.h
[7.711s] -- Installing: /root/ws/origami/install/fiducials/include/fiducials/fiducials/msg/detail/fiducial_map_entry__functions.c
[7.711s] -- Installing: /root/ws/origami/install/fiducials/include/fiducials/fiducials/msg/detail/fiducial__type_support.h
[7.711s] -- Installing: /root/ws/origami/install/fiducials/include/fiducials/fiducials/msg/detail/fiducial_map_entry__struct.h
[7.711s] -- Installing: /root/ws/origami/install/fiducials/include/fiducials/fiducials/msg/detail/fiducial_transform__functions.c
[7.711s] -- Installing: /root/ws/origami/install/fiducials/include/fiducials/fiducials/msg/detail/fiducial_transform_array__struct.h
[7.712s] -- Installing: /root/ws/origami/install/fiducials/include/fiducials/fiducials/msg/detail/fiducial__functions.h
[7.712s] -- Installing: /root/ws/origami/install/fiducials/include/fiducials/fiducials/msg/detail/fiducial_transform__struct.h
[7.712s] -- Installing: /root/ws/origami/install/fiducials/include/fiducials/fiducials/msg/detail/fiducial__struct.h
[7.712s] -- Installing: /root/ws/origami/install/fiducials/include/fiducials/fiducials/msg/detail/fiducial_array__functions.h
[7.712s] -- Installing: /root/ws/origami/install/fiducials/include/fiducials/fiducials/msg/detail/fiducial__functions.c
[7.712s] -- Installing: /root/ws/origami/install/fiducials/include/fiducials/fiducials/msg/detail/fiducial_array__struct.h
[7.712s] -- Installing: /root/ws/origami/install/fiducials/include/fiducials/fiducials/msg/detail/fiducial_map_entry__type_support.h
[7.712s] -- Installing: /root/ws/origami/install/fiducials/include/fiducials/fiducials/msg/detail/fiducial_map_entry__functions.h
[7.712s] -- Installing: /root/ws/origami/install/fiducials/include/fiducials/fiducials/msg/detail/fiducial_map_entry_array__type_support.h
[7.713s] -- Installing: /root/ws/origami/install/fiducials/include/fiducials/fiducials/msg/detail/fiducial_map_entry_array__struct.h
[7.713s] -- Installing: /root/ws/origami/install/fiducials/include/fiducials/fiducials/msg/detail/fiducial_transform_array__type_support.h
[7.713s] -- Installing: /root/ws/origami/install/fiducials/include/fiducials/fiducials/msg/detail/fiducial_map_entry_array__functions.h
[7.713s] -- Installing: /root/ws/origami/install/fiducials/include/fiducials/fiducials/msg/detail/fiducial_transform_array__functions.h
[7.713s] -- Installing: /root/ws/origami/install/fiducials/include/fiducials/fiducials/msg/detail/fiducial_transform_array__functions.c
[7.713s] -- Installing: /root/ws/origami/install/fiducials/include/fiducials/fiducials/msg/fiducial.h
[7.713s] -- Up-to-date: /root/ws/origami/install/fiducials/share/fiducials/environment/library_path.sh
[7.713s] -- Installing: /root/ws/origami/install/fiducials/share/fiducials/environment/library_path.dsv
[7.713s] -- Installing: /root/ws/origami/install/fiducials/lib/libfiducials__rosidl_generator_c.so
[7.714s] -- Set runtime path of "/root/ws/origami/install/fiducials/lib/libfiducials__rosidl_generator_c.so" to ""
[7.714s] -- Up-to-date: /root/ws/origami/install/fiducials/include/fiducials/fiducials
[7.714s] -- Up-to-date: /root/ws/origami/install/fiducials/include/fiducials/fiducials/msg
[7.714s] -- Installing: /root/ws/origami/install/fiducials/include/fiducials/fiducials/msg/rosidl_typesupport_fastrtps_c__visibility_control.h
[7.714s] -- Up-to-date: /root/ws/origami/install/fiducials/include/fiducials/fiducials/msg/detail
[7.714s] -- Installing: /root/ws/origami/install/fiducials/include/fiducials/fiducials/msg/detail/fiducial_map_entry_array__rosidl_typesupport_fastrtps_c.h
[7.714s] -- Installing: /root/ws/origami/install/fiducials/include/fiducials/fiducials/msg/detail/fiducial_map_entry__rosidl_typesupport_fastrtps_c.h
[7.714s] -- Installing: /root/ws/origami/install/fiducials/include/fiducials/fiducials/msg/detail/fiducial_transform_array__rosidl_typesupport_fastrtps_c.h
[7.714s] -- Installing: /root/ws/origami/install/fiducials/include/fiducials/fiducials/msg/detail/fiducial_transform__rosidl_typesupport_fastrtps_c.h
[7.714s] -- Installing: /root/ws/origami/install/fiducials/include/fiducials/fiducials/msg/detail/fiducial__rosidl_typesupport_fastrtps_c.h
[7.714s] -- Installing: /root/ws/origami/install/fiducials/include/fiducials/fiducials/msg/detail/fiducial_array__rosidl_typesupport_fastrtps_c.h
[7.715s] -- Installing: /root/ws/origami/install/fiducials/lib/libfiducials__rosidl_typesupport_fastrtps_c.so
[7.715s] -- Set runtime path of "/root/ws/origami/install/fiducials/lib/libfiducials__rosidl_typesupport_fastrtps_c.so" to ""
[7.715s] -- Up-to-date: /root/ws/origami/install/fiducials/include/fiducials/fiducials
[7.715s] -- Up-to-date: /root/ws/origami/install/fiducials/include/fiducials/fiducials/msg
[7.715s] -- Installing: /root/ws/origami/install/fiducials/include/fiducials/fiducials/msg/fiducial_transform_array.hpp
[7.715s] -- Installing: /root/ws/origami/install/fiducials/include/fiducials/fiducials/msg/fiducial_array.hpp
[7.715s] -- Installing: /root/ws/origami/install/fiducials/include/fiducials/fiducials/msg/fiducial.hpp
[7.716s] -- Installing: /root/ws/origami/install/fiducials/include/fiducials/fiducials/msg/fiducial_map_entry_array.hpp
[7.716s] -- Up-to-date: /root/ws/origami/install/fiducials/include/fiducials/fiducials/msg/detail
[7.716s] -- Installing: /root/ws/origami/install/fiducials/include/fiducials/fiducials/msg/detail/fiducial_map_entry__builder.hpp
[7.716s] -- Installing: /root/ws/origami/install/fiducials/include/fiducials/fiducials/msg/detail/fiducial_transform__struct.hpp
[7.716s] -- Installing: /root/ws/origami/install/fiducials/include/fiducials/fiducials/msg/detail/fiducial_map_entry_array__struct.hpp
[7.716s] -- Installing: /root/ws/origami/install/fiducials/include/fiducials/fiducials/msg/detail/fiducial_transform__builder.hpp
[7.716s] -- Installing: /root/ws/origami/install/fiducials/include/fiducials/fiducials/msg/detail/fiducial_transform_array__builder.hpp
[7.716s] -- Installing: /root/ws/origami/install/fiducials/include/fiducials/fiducials/msg/detail/fiducial_array__builder.hpp
[7.716s] -- Installing: /root/ws/origami/install/fiducials/include/fiducials/fiducials/msg/detail/fiducial_map_entry_array__traits.hpp
[7.716s] -- Installing: /root/ws/origami/install/fiducials/include/fiducials/fiducials/msg/detail/fiducial_map_entry__struct.hpp
[7.716s] -- Installing: /root/ws/origami/install/fiducials/include/fiducials/fiducials/msg/detail/fiducial_map_entry_array__builder.hpp
[7.717s] -- Installing: /root/ws/origami/install/fiducials/include/fiducials/fiducials/msg/detail/fiducial_transform__traits.hpp
[7.717s] -- Installing: /root/ws/origami/install/fiducials/include/fiducials/fiducials/msg/detail/fiducial_map_entry__traits.hpp
[7.717s] -- Installing: /root/ws/origami/install/fiducials/include/fiducials/fiducials/msg/detail/fiducial_transform_array__traits.hpp
[7.717s] -- Installing: /root/ws/origami/install/fiducials/include/fiducials/fiducials/msg/detail/fiducial_transform_array__struct.hpp
[7.717s] -- Installing: /root/ws/origami/install/fiducials/include/fiducials/fiducials/msg/detail/fiducial__builder.hpp
[7.717s] -- Installing: /root/ws/origami/install/fiducials/include/fiducials/fiducials/msg/detail/fiducial_array__traits.hpp
[7.717s] -- Installing: /root/ws/origami/install/fiducials/include/fiducials/fiducials/msg/detail/fiducial__struct.hpp
[7.717s] -- Installing: /root/ws/origami/install/fiducials/include/fiducials/fiducials/msg/detail/fiducial__traits.hpp
[7.717s] -- Installing: /root/ws/origami/install/fiducials/include/fiducials/fiducials/msg/detail/fiducial_array__struct.hpp
[7.717s] -- Installing: /root/ws/origami/install/fiducials/include/fiducials/fiducials/msg/fiducial_map_entry.hpp
[7.718s] -- Installing: /root/ws/origami/install/fiducials/include/fiducials/fiducials/msg/fiducial_transform.hpp
[7.718s] -- Up-to-date: /root/ws/origami/install/fiducials/include/fiducials/fiducials
[7.718s] -- Up-to-date: /root/ws/origami/install/fiducials/include/fiducials/fiducials/msg
[7.718s] -- Installing: /root/ws/origami/install/fiducials/include/fiducials/fiducials/msg/rosidl_typesupport_fastrtps_cpp__visibility_control.h
[7.718s] -- Up-to-date: /root/ws/origami/install/fiducials/include/fiducials/fiducials/msg/detail
[7.718s] -- Installing: /root/ws/origami/install/fiducials/include/fiducials/fiducials/msg/detail/fiducial_array__rosidl_typesupport_fastrtps_cpp.hpp
[7.718s] -- Installing: /root/ws/origami/install/fiducials/include/fiducials/fiducials/msg/detail/fiducial__rosidl_typesupport_fastrtps_cpp.hpp
[7.718s] -- Installing: /root/ws/origami/install/fiducials/include/fiducials/fiducials/msg/detail/fiducial_transform_array__rosidl_typesupport_fastrtps_cpp.hpp
[7.718s] -- Installing: /root/ws/origami/install/fiducials/include/fiducials/fiducials/msg/detail/fiducial_map_entry_array__rosidl_typesupport_fastrtps_cpp.hpp
[7.718s] -- Installing: /root/ws/origami/install/fiducials/include/fiducials/fiducials/msg/detail/fiducial_map_entry__rosidl_typesupport_fastrtps_cpp.hpp
[7.718s] -- Up-to-date: /root/ws/origami/install/fiducials/include/fiducials/fiducials/msg/detail/dds_fastrtps
[7.718s] -- Installing: /root/ws/origami/install/fiducials/include/fiducials/fiducials/msg/detail/fiducial_transform__rosidl_typesupport_fastrtps_cpp.hpp
[7.719s] -- Installing: /root/ws/origami/install/fiducials/lib/libfiducials__rosidl_typesupport_fastrtps_cpp.so
[7.719s] -- Set runtime path of "/root/ws/origami/install/fiducials/lib/libfiducials__rosidl_typesupport_fastrtps_cpp.so" to ""
[7.719s] -- Up-to-date: /root/ws/origami/install/fiducials/include/fiducials/fiducials
[7.719s] -- Up-to-date: /root/ws/origami/install/fiducials/include/fiducials/fiducials/msg
[7.719s] -- Installing: /root/ws/origami/install/fiducials/include/fiducials/fiducials/msg/rosidl_typesupport_introspection_c__visibility_control.h
[7.720s] -- Up-to-date: /root/ws/origami/install/fiducials/include/fiducials/fiducials/msg/detail
[7.720s] -- Installing: /root/ws/origami/install/fiducials/include/fiducials/fiducials/msg/detail/fiducial_transform_array__rosidl_typesupport_introspection_c.h
[7.720s] -- Installing: /root/ws/origami/install/fiducials/include/fiducials/fiducials/msg/detail/fiducial_array__rosidl_typesupport_introspection_c.h
[7.720s] -- Installing: /root/ws/origami/install/fiducials/include/fiducials/fiducials/msg/detail/fiducial__rosidl_typesupport_introspection_c.h
[7.720s] -- Installing: /root/ws/origami/install/fiducials/include/fiducials/fiducials/msg/detail/fiducial_map_entry__type_support.c
[7.720s] -- Installing: /root/ws/origami/install/fiducials/include/fiducials/fiducials/msg/detail/fiducial_transform_array__type_support.c
[7.720s] -- Installing: /root/ws/origami/install/fiducials/include/fiducials/fiducials/msg/detail/fiducial_map_entry__rosidl_typesupport_introspection_c.h
[7.720s] -- Installing: /root/ws/origami/install/fiducials/include/fiducials/fiducials/msg/detail/fiducial_transform__rosidl_typesupport_introspection_c.h
[7.720s] -- Installing: /root/ws/origami/install/fiducials/include/fiducials/fiducials/msg/detail/fiducial_map_entry_array__rosidl_typesupport_introspection_c.h
[7.720s] -- Installing: /root/ws/origami/install/fiducials/include/fiducials/fiducials/msg/detail/fiducial_array__type_support.c
[7.720s] -- Installing: /root/ws/origami/install/fiducials/include/fiducials/fiducials/msg/detail/fiducial_transform__type_support.c
[7.720s] -- Installing: /root/ws/origami/install/fiducials/include/fiducials/fiducials/msg/detail/fiducial__type_support.c
[7.721s] -- Installing: /root/ws/origami/install/fiducials/include/fiducials/fiducials/msg/detail/fiducial_map_entry_array__type_support.c
[7.721s] -- Installing: /root/ws/origami/install/fiducials/lib/libfiducials__rosidl_typesupport_introspection_c.so
[7.721s] -- Set runtime path of "/root/ws/origami/install/fiducials/lib/libfiducials__rosidl_typesupport_introspection_c.so" to ""
[7.721s] -- Installing: /root/ws/origami/install/fiducials/lib/libfiducials__rosidl_typesupport_c.so
[7.722s] -- Set runtime path of "/root/ws/origami/install/fiducials/lib/libfiducials__rosidl_typesupport_c.so" to ""
[7.722s] -- Up-to-date: /root/ws/origami/install/fiducials/include/fiducials/fiducials
[7.722s] -- Up-to-date: /root/ws/origami/install/fiducials/include/fiducials/fiducials/msg
[7.722s] -- Up-to-date: /root/ws/origami/install/fiducials/include/fiducials/fiducials/msg/detail
[7.722s] -- Installing: /root/ws/origami/install/fiducials/include/fiducials/fiducials/msg/detail/fiducial_transform__type_support.cpp
[7.722s] -- Installing: /root/ws/origami/install/fiducials/include/fiducials/fiducials/msg/detail/fiducial_map_entry__rosidl_typesupport_introspection_cpp.hpp
[7.722s] -- Installing: /root/ws/origami/install/fiducials/include/fiducials/fiducials/msg/detail/fiducial_transform_array__type_support.cpp
[7.722s] -- Installing: /root/ws/origami/install/fiducials/include/fiducials/fiducials/msg/detail/fiducial_array__rosidl_typesupport_introspection_cpp.hpp
[7.722s] -- Installing: /root/ws/origami/install/fiducials/include/fiducials/fiducials/msg/detail/fiducial_map_entry__type_support.cpp
[7.722s] -- Installing: /root/ws/origami/install/fiducials/include/fiducials/fiducials/msg/detail/fiducial__rosidl_typesupport_introspection_cpp.hpp
[7.722s] -- Installing: /root/ws/origami/install/fiducials/include/fiducials/fiducials/msg/detail/fiducial__type_support.cpp
[7.723s] -- Installing: /root/ws/origami/install/fiducials/include/fiducials/fiducials/msg/detail/fiducial_map_entry_array__rosidl_typesupport_introspection_cpp.hpp
[7.723s] -- Installing: /root/ws/origami/install/fiducials/include/fiducials/fiducials/msg/detail/fiducial_array__type_support.cpp
[7.723s] -- Installing: /root/ws/origami/install/fiducials/include/fiducials/fiducials/msg/detail/fiducial_map_entry_array__type_support.cpp
[7.723s] -- Installing: /root/ws/origami/install/fiducials/include/fiducials/fiducials/msg/detail/fiducial_transform__rosidl_typesupport_introspection_cpp.hpp
[7.723s] -- Installing: /root/ws/origami/install/fiducials/include/fiducials/fiducials/msg/detail/fiducial_transform_array__rosidl_typesupport_introspection_cpp.hpp
[7.723s] -- Installing: /root/ws/origami/install/fiducials/lib/libfiducials__rosidl_typesupport_introspection_cpp.so
[7.724s] -- Set runtime path of "/root/ws/origami/install/fiducials/lib/libfiducials__rosidl_typesupport_introspection_cpp.so" to ""
[7.724s] -- Installing: /root/ws/origami/install/fiducials/lib/libfiducials__rosidl_typesupport_cpp.so
[7.724s] -- Set runtime path of "/root/ws/origami/install/fiducials/lib/libfiducials__rosidl_typesupport_cpp.so" to ""
[7.724s] -- Installing: /root/ws/origami/install/fiducials/share/fiducials/environment/pythonpath.sh
[7.724s] -- Installing: /root/ws/origami/install/fiducials/share/fiducials/environment/pythonpath.dsv
[7.724s] -- Up-to-date: /root/ws/origami/install/fiducials/local/lib/python3.10/dist-packages/fiducials-0.0.0-py3.10.egg-info
[7.724s] -- Installing: /root/ws/origami/install/fiducials/local/lib/python3.10/dist-packages/fiducials-0.0.0-py3.10.egg-info/top_level.txt
[7.725s] -- Installing: /root/ws/origami/install/fiducials/local/lib/python3.10/dist-packages/fiducials-0.0.0-py3.10.egg-info/SOURCES.txt
[7.725s] -- Installing: /root/ws/origami/install/fiducials/local/lib/python3.10/dist-packages/fiducials-0.0.0-py3.10.egg-info/dependency_links.txt
[7.725s] -- Installing: /root/ws/origami/install/fiducials/local/lib/python3.10/dist-packages/fiducials-0.0.0-py3.10.egg-info/PKG-INFO
[7.725s] -- Up-to-date: /root/ws/origami/install/fiducials/local/lib/python3.10/dist-packages/fiducials
[7.725s] -- Installing: /root/ws/origami/install/fiducials/local/lib/python3.10/dist-packages/fiducials/_fiducials_s.ep.rosidl_typesupport_introspection_c.c
[7.725s] -- Installing: /root/ws/origami/install/fiducials/local/lib/python3.10/dist-packages/fiducials/fiducials_s__rosidl_typesupport_fastrtps_c.cpython-310-x86_64-linux-gnu.so
[7.725s] -- Installing: /root/ws/origami/install/fiducials/local/lib/python3.10/dist-packages/fiducials/_fiducials_s.ep.rosidl_typesupport_fastrtps_c.c
[7.725s] -- Installing: /root/ws/origami/install/fiducials/local/lib/python3.10/dist-packages/fiducials/fiducials_s__rosidl_typesupport_c.cpython-310-x86_64-linux-gnu.so
[7.726s] -- Installing: /root/ws/origami/install/fiducials/local/lib/python3.10/dist-packages/fiducials/libfiducials__rosidl_generator_py.so
[7.726s] -- Installing: /root/ws/origami/install/fiducials/local/lib/python3.10/dist-packages/fiducials/_fiducials_s.ep.rosidl_typesupport_c.c
[7.726s] -- Installing: /root/ws/origami/install/fiducials/local/lib/python3.10/dist-packages/fiducials/__init__.py
[7.726s] -- Installing: /root/ws/origami/install/fiducials/local/lib/python3.10/dist-packages/fiducials/fiducials_s__rosidl_typesupport_introspection_c.cpython-310-x86_64-linux-gnu.so
[7.726s] -- Up-to-date: /root/ws/origami/install/fiducials/local/lib/python3.10/dist-packages/fiducials/msg
[7.726s] -- Installing: /root/ws/origami/install/fiducials/local/lib/python3.10/dist-packages/fiducials/msg/_fiducial.py
[7.726s] -- Installing: /root/ws/origami/install/fiducials/local/lib/python3.10/dist-packages/fiducials/msg/_fiducial_array_s.c
[7.727s] -- Installing: /root/ws/origami/install/fiducials/local/lib/python3.10/dist-packages/fiducials/msg/_fiducial_transform.py
[7.727s] -- Installing: /root/ws/origami/install/fiducials/local/lib/python3.10/dist-packages/fiducials/msg/_fiducial_map_entry_s.c
[7.727s] -- Installing: /root/ws/origami/install/fiducials/local/lib/python3.10/dist-packages/fiducials/msg/_fiducial_transform_array_s.c
[7.727s] -- Installing: /root/ws/origami/install/fiducials/local/lib/python3.10/dist-packages/fiducials/msg/_fiducial_array.py
[7.727s] -- Installing: /root/ws/origami/install/fiducials/local/lib/python3.10/dist-packages/fiducials/msg/__init__.py
[7.727s] -- Installing: /root/ws/origami/install/fiducials/local/lib/python3.10/dist-packages/fiducials/msg/_fiducial_map_entry_array.py
[7.727s] -- Installing: /root/ws/origami/install/fiducials/local/lib/python3.10/dist-packages/fiducials/msg/_fiducial_transform_s.c
[7.727s] -- Installing: /root/ws/origami/install/fiducials/local/lib/python3.10/dist-packages/fiducials/msg/_fiducial_s.c
[7.727s] -- Installing: /root/ws/origami/install/fiducials/local/lib/python3.10/dist-packages/fiducials/msg/_fiducial_transform_array.py
[7.728s] -- Installing: /root/ws/origami/install/fiducials/local/lib/python3.10/dist-packages/fiducials/msg/_fiducial_map_entry.py
[7.728s] -- Installing: /root/ws/origami/install/fiducials/local/lib/python3.10/dist-packages/fiducials/msg/_fiducial_map_entry_array_s.c
[7.759s] Listing '/root/ws/origami/install/fiducials/local/lib/python3.10/dist-packages/fiducials'...
[7.759s] Compiling '/root/ws/origami/install/fiducials/local/lib/python3.10/dist-packages/fiducials/__init__.py'...
[7.759s] Listing '/root/ws/origami/install/fiducials/local/lib/python3.10/dist-packages/fiducials/msg'...
[7.760s] Compiling '/root/ws/origami/install/fiducials/local/lib/python3.10/dist-packages/fiducials/msg/__init__.py'...
[7.760s] Compiling '/root/ws/origami/install/fiducials/local/lib/python3.10/dist-packages/fiducials/msg/_fiducial.py'...
[7.760s] Compiling '/root/ws/origami/install/fiducials/local/lib/python3.10/dist-packages/fiducials/msg/_fiducial_array.py'...
[7.760s] Compiling '/root/ws/origami/install/fiducials/local/lib/python3.10/dist-packages/fiducials/msg/_fiducial_map_entry.py'...
[7.760s] Compiling '/root/ws/origami/install/fiducials/local/lib/python3.10/dist-packages/fiducials/msg/_fiducial_map_entry_array.py'...
[7.760s] Compiling '/root/ws/origami/install/fiducials/local/lib/python3.10/dist-packages/fiducials/msg/_fiducial_transform.py'...
[7.760s] Compiling '/root/ws/origami/install/fiducials/local/lib/python3.10/dist-packages/fiducials/msg/_fiducial_transform_array.py'...
[7.763s] -- Installing: /root/ws/origami/install/fiducials/local/lib/python3.10/dist-packages/fiducials/fiducials_s__rosidl_typesupport_fastrtps_c.cpython-310-x86_64-linux-gnu.so
[7.763s] -- Set runtime path of "/root/ws/origami/install/fiducials/local/lib/python3.10/dist-packages/fiducials/fiducials_s__rosidl_typesupport_fastrtps_c.cpython-310-x86_64-linux-gnu.so" to ""
[7.764s] -- Installing: /root/ws/origami/install/fiducials/local/lib/python3.10/dist-packages/fiducials/fiducials_s__rosidl_typesupport_introspection_c.cpython-310-x86_64-linux-gnu.so
[7.764s] -- Set runtime path of "/root/ws/origami/install/fiducials/local/lib/python3.10/dist-packages/fiducials/fiducials_s__rosidl_typesupport_introspection_c.cpython-310-x86_64-linux-gnu.so" to ""
[7.764s] -- Installing: /root/ws/origami/install/fiducials/local/lib/python3.10/dist-packages/fiducials/fiducials_s__rosidl_typesupport_c.cpython-310-x86_64-linux-gnu.so
[7.765s] -- Set runtime path of "/root/ws/origami/install/fiducials/local/lib/python3.10/dist-packages/fiducials/fiducials_s__rosidl_typesupport_c.cpython-310-x86_64-linux-gnu.so" to ""
[7.765s] -- Installing: /root/ws/origami/install/fiducials/lib/libfiducials__rosidl_generator_py.so
[7.765s] -- Set runtime path of "/root/ws/origami/install/fiducials/lib/libfiducials__rosidl_generator_py.so" to ""
[7.765s] -- Installing: /root/ws/origami/install/fiducials/share/fiducials/msg/Fiducial.idl
[7.766s] -- Installing: /root/ws/origami/install/fiducials/share/fiducials/msg/FiducialArray.idl
[7.766s] -- Installing: /root/ws/origami/install/fiducials/share/fiducials/msg/FiducialTransform.idl
[7.766s] -- Installing: /root/ws/origami/install/fiducials/share/fiducials/msg/FiducialTransformArray.idl
[7.766s] -- Installing: /root/ws/origami/install/fiducials/share/fiducials/msg/FiducialMapEntry.idl
[7.766s] -- Installing: /root/ws/origami/install/fiducials/share/fiducials/msg/FiducialMapEntryArray.idl
[7.766s] -- Up-to-date: /root/ws/origami/install/fiducials/share/fiducials/msg/Fiducial.msg
[7.766s] -- Up-to-date: /root/ws/origami/install/fiducials/share/fiducials/msg/FiducialArray.msg
[7.766s] -- Up-to-date: /root/ws/origami/install/fiducials/share/fiducials/msg/FiducialTransform.msg
[7.766s] -- Up-to-date: /root/ws/origami/install/fiducials/share/fiducials/msg/FiducialTransformArray.msg
[7.766s] -- Up-to-date: /root/ws/origami/install/fiducials/share/fiducials/msg/FiducialMapEntry.msg
[7.767s] -- Up-to-date: /root/ws/origami/install/fiducials/share/fiducials/msg/FiducialMapEntryArray.msg
[7.767s] -- Up-to-date: /root/ws/origami/install/fiducials/local/lib/python3.10/dist-packages/scripts-0.0.0-py3.10.egg-info
[7.767s] -- Installing: /root/ws/origami/install/fiducials/local/lib/python3.10/dist-packages/scripts-0.0.0-py3.10.egg-info/top_level.txt
[7.767s] -- Installing: /root/ws/origami/install/fiducials/local/lib/python3.10/dist-packages/scripts-0.0.0-py3.10.egg-info/SOURCES.txt
[7.767s] -- Installing: /root/ws/origami/install/fiducials/local/lib/python3.10/dist-packages/scripts-0.0.0-py3.10.egg-info/dependency_links.txt
[7.767s] -- Installing: /root/ws/origami/install/fiducials/local/lib/python3.10/dist-packages/scripts-0.0.0-py3.10.egg-info/PKG-INFO
[7.767s] -- Up-to-date: /root/ws/origami/install/fiducials/local/lib/python3.10/dist-packages/scripts
[7.768s] -- Up-to-date: /root/ws/origami/install/fiducials/local/lib/python3.10/dist-packages/scripts/create_markers.py
[7.768s] -- Up-to-date: /root/ws/origami/install/fiducials/local/lib/python3.10/dist-packages/scripts/camera_calibrate.py
[7.768s] -- Up-to-date: /root/ws/origami/install/fiducials/local/lib/python3.10/dist-packages/scripts/aruco_detect.py
[7.768s] -- Up-to-date: /root/ws/origami/install/fiducials/local/lib/python3.10/dist-packages/scripts/PupilGlassesCalibration.pckl
[7.768s] -- Up-to-date: /root/ws/origami/install/fiducials/local/lib/python3.10/dist-packages/scripts/__init__.py
[7.768s] -- Up-to-date: /root/ws/origami/install/fiducials/local/lib/python3.10/dist-packages/scripts/aruco_mapper.py
[7.768s] -- Up-to-date: /root/ws/origami/install/fiducials/local/lib/python3.10/dist-packages/scripts/camera_calibration
[7.768s] -- Up-to-date: /root/ws/origami/install/fiducials/local/lib/python3.10/dist-packages/scripts/camera_calibration/old_webcam_calibration_images
[7.768s] -- Up-to-date: /root/ws/origami/install/fiducials/local/lib/python3.10/dist-packages/scripts/camera_calibration/old_webcam_calibration_images/2022-04-25-100708.jpg
[7.769s] -- Up-to-date: /root/ws/origami/install/fiducials/local/lib/python3.10/dist-packages/scripts/camera_calibration/old_webcam_calibration_images/2022-04-25-100736.jpg
[7.769s] -- Up-to-date: /root/ws/origami/install/fiducials/local/lib/python3.10/dist-packages/scripts/camera_calibration/old_webcam_calibration_images/2022-04-25-100504.jpg
[7.769s] -- Up-to-date: /root/ws/origami/install/fiducials/local/lib/python3.10/dist-packages/scripts/camera_calibration/old_webcam_calibration_images/2022-04-25-100601.jpg
[7.769s] -- Up-to-date: /root/ws/origami/install/fiducials/local/lib/python3.10/dist-packages/scripts/camera_calibration/old_webcam_calibration_images/2022-04-25-100614.jpg
[7.769s] -- Up-to-date: /root/ws/origami/install/fiducials/local/lib/python3.10/dist-packages/scripts/camera_calibration/old_webcam_calibration_images/2022-04-25-100643.jpg
[7.769s] -- Up-to-date: /root/ws/origami/install/fiducials/local/lib/python3.10/dist-packages/scripts/camera_calibration/old_webcam_calibration_images/2022-04-25-100453.jpg
[7.769s] -- Up-to-date: /root/ws/origami/install/fiducials/local/lib/python3.10/dist-packages/scripts/camera_calibration/old_webcam_calibration_images/2022-04-25-100626.jpg
[7.769s] -- Up-to-date: /root/ws/origami/install/fiducials/local/lib/python3.10/dist-packages/scripts/camera_calibration/old_webcam_calibration_images/2022-04-25-100719.jpg
[7.769s] -- Up-to-date: /root/ws/origami/install/fiducials/local/lib/python3.10/dist-packages/scripts/camera_calibration/old_webcam_calibration_images/2022-04-25-100654.jpg
[7.769s] -- Up-to-date: /root/ws/origami/install/fiducials/local/lib/python3.10/dist-packages/scripts/camera_calibration/old_webcam_calibration_images/2022-04-25-100514.jpg
[7.769s] -- Up-to-date: /root/ws/origami/install/fiducials/local/lib/python3.10/dist-packages/scripts/camera_calibration/old_webcam_calibration_images/2022-04-25-100635.jpg
[7.769s] -- Up-to-date: /root/ws/origami/install/fiducials/local/lib/python3.10/dist-packages/scripts/camera_calibration/old_webcam_calibration_images/2022-04-25-100550.jpg
[7.770s] -- Up-to-date: /root/ws/origami/install/fiducials/local/lib/python3.10/dist-packages/scripts/camera_calibration/old_webcam_calibration_images/2022-04-25-100447.jpg
[7.770s] -- Up-to-date: /root/ws/origami/install/fiducials/local/lib/python3.10/dist-packages/scripts/camera_calibration/old_webcam_calibration_images/2022-04-25-100542.jpg
[7.770s] -- Up-to-date: /root/ws/origami/install/fiducials/local/lib/python3.10/dist-packages/scripts/camera_calibration/calibration.pckl
[7.770s] -- Up-to-date: /root/ws/origami/install/fiducials/local/lib/python3.10/dist-packages/scripts/camera_calibration/TobiiCalibration
[7.770s] -- Up-to-date: /root/ws/origami/install/fiducials/local/lib/python3.10/dist-packages/scripts/camera_calibration/TobiiCalibration/vlcsnap-2022-04-28-16h18m42s700.png
[7.770s] -- Up-to-date: /root/ws/origami/install/fiducials/local/lib/python3.10/dist-packages/scripts/camera_calibration/TobiiCalibration/vlcsnap-2022-04-28-16h21m21s263.png
[7.770s] -- Up-to-date: /root/ws/origami/install/fiducials/local/lib/python3.10/dist-packages/scripts/camera_calibration/TobiiCalibration/vlcsnap-2022-04-28-16h18m59s845.png
[7.770s] -- Up-to-date: /root/ws/origami/install/fiducials/local/lib/python3.10/dist-packages/scripts/camera_calibration/TobiiCalibration/vlcsnap-2022-04-28-16h14m37s506.png
[7.770s] -- Up-to-date: /root/ws/origami/install/fiducials/local/lib/python3.10/dist-packages/scripts/camera_calibration/TobiiCalibration/vlcsnap-2022-04-28-16h13m51s644.png
[7.770s] -- Up-to-date: /root/ws/origami/install/fiducials/local/lib/python3.10/dist-packages/scripts/camera_calibration/TobiiCalibration/vlcsnap-2022-04-28-16h18m33s305.png
[7.770s] -- Up-to-date: /root/ws/origami/install/fiducials/local/lib/python3.10/dist-packages/scripts/camera_calibration/TobiiCalibration/vlcsnap-2022-04-28-16h21m16s913.png
[7.771s] -- Up-to-date: /root/ws/origami/install/fiducials/local/lib/python3.10/dist-packages/scripts/camera_calibration/TobiiCalibration/calibration.pckl
[7.771s] -- Up-to-date: /root/ws/origami/install/fiducials/local/lib/python3.10/dist-packages/scripts/camera_calibration/TobiiCalibration/vlcsnap-2022-04-28-16h19m21s435.png
[7.771s] -- Up-to-date: /root/ws/origami/install/fiducials/local/lib/python3.10/dist-packages/scripts/camera_calibration/TobiiCalibration/vlcsnap-2022-04-28-16h21m12s225.png
[7.771s] -- Up-to-date: /root/ws/origami/install/fiducials/local/lib/python3.10/dist-packages/scripts/camera_calibration/TobiiCalibration/vlcsnap-2022-04-28-16h19m51s539.png
[7.771s] -- Up-to-date: /root/ws/origami/install/fiducials/local/lib/python3.10/dist-packages/scripts/camera_calibration/TobiiCalibration/vlcsnap-2022-04-28-16h20m56s584.png
[7.771s] -- Up-to-date: /root/ws/origami/install/fiducials/local/lib/python3.10/dist-packages/scripts/camera_calibration/TobiiCalibration/vlcsnap-2022-04-28-16h15m08s507.png
[7.771s] -- Up-to-date: /root/ws/origami/install/fiducials/local/lib/python3.10/dist-packages/scripts/camera_calibration/TobiiCalibration/vlcsnap-2022-04-28-16h18m53s558.png
[7.771s] -- Up-to-date: /root/ws/origami/install/fiducials/local/lib/python3.10/dist-packages/scripts/camera_calibration/TobiiCalibration/vlcsnap-2022-04-28-16h21m39s908.png
[7.771s] -- Up-to-date: /root/ws/origami/install/fiducials/local/lib/python3.10/dist-packages/scripts/camera_calibration/TobiiCalibration/vlcsnap-2022-04-28-16h21m03s920.png
[7.771s] -- Up-to-date: /root/ws/origami/install/fiducials/local/lib/python3.10/dist-packages/scripts/camera_calibration/TobiiCalibration/vlcsnap-2022-04-28-16h21m45s787.png
[7.771s] -- Up-to-date: /root/ws/origami/install/fiducials/local/lib/python3.10/dist-packages/scripts/camera_calibration/TobiiCalibration/vlcsnap-2022-04-28-16h20m01s390.png
[7.772s] -- Up-to-date: /root/ws/origami/install/fiducials/local/lib/python3.10/dist-packages/scripts/camera_calibration/TobiiCalibration/vlcsnap-2022-04-28-16h22m00s263.png
[7.772s] -- Up-to-date: /root/ws/origami/install/fiducials/local/lib/python3.10/dist-packages/scripts/camera_calibration/TobiiCalibration/vlcsnap-2022-04-28-16h19m04s522.png
[7.772s] -- Up-to-date: /root/ws/origami/install/fiducials/local/lib/python3.10/dist-packages/scripts/camera_calibration/TobiiCalibration/vlcsnap-2022-04-28-16h21m56s920.png
[7.772s] -- Up-to-date: /root/ws/origami/install/fiducials/local/lib/python3.10/dist-packages/scripts/camera_calibration/TobiiCalibration/vlcsnap-2022-04-28-16h18m24s207.png
[7.772s] -- Up-to-date: /root/ws/origami/install/fiducials/local/lib/python3.10/dist-packages/scripts/camera_calibration/TobiiCalibration/vlcsnap-2022-04-28-16h19m12s268.png
[7.772s] -- Up-to-date: /root/ws/origami/install/fiducials/local/lib/python3.10/dist-packages/scripts/camera_calibration/TobiiCalibration/vlcsnap-2022-04-28-16h19m57s011.png
[7.772s] -- Up-to-date: /root/ws/origami/install/fiducials/local/lib/python3.10/dist-packages/scripts/camera_calibration/TobiiCalibration/vlcsnap-2022-04-28-16h21m08s214.png
[7.772s] -- Up-to-date: /root/ws/origami/install/fiducials/local/lib/python3.10/dist-packages/scripts/camera_calibration/TobiiCalibration/vlcsnap-2022-04-28-16h20m10s240.png
[7.772s] -- Up-to-date: /root/ws/origami/install/fiducials/local/lib/python3.10/dist-packages/scripts/camera_calibration/TobiiCalibration/vlcsnap-2022-04-28-16h19m25s886.png
[7.772s] -- Up-to-date: /root/ws/origami/install/fiducials/local/lib/python3.10/dist-packages/scripts/camera_calibration/TobiiCalibration/vlcsnap-2022-04-28-16h20m49s540.png
[7.772s] -- Up-to-date: /root/ws/origami/install/fiducials/local/lib/python3.10/dist-packages/scripts/camera_calibration/TobiiCalibration/vlcsnap-2022-04-28-16h14m26s085.png
[7.772s] -- Up-to-date: /root/ws/origami/install/fiducials/local/lib/python3.10/dist-packages/scripts/camera_calibration/old_webcam.pckl
[7.773s] -- Up-to-date: /root/ws/origami/install/fiducials/local/lib/python3.10/dist-packages/scripts/camera_calibration/pupil_glasses_calibration_images
[7.773s] -- Up-to-date: /root/ws/origami/install/fiducials/local/lib/python3.10/dist-packages/scripts/camera_calibration/pupil_glasses_calibration_images/PupilCalibrationImage02.png
[7.773s] -- Up-to-date: /root/ws/origami/install/fiducials/local/lib/python3.10/dist-packages/scripts/camera_calibration/pupil_glasses_calibration_images/PupilCalibrationImage07.png
[7.773s] -- Up-to-date: /root/ws/origami/install/fiducials/local/lib/python3.10/dist-packages/scripts/camera_calibration/pupil_glasses_calibration_images/PupilCalibrationImage09.png
[7.773s] -- Up-to-date: /root/ws/origami/install/fiducials/local/lib/python3.10/dist-packages/scripts/camera_calibration/pupil_glasses_calibration_images/PupilCalibrationImage13.png
[7.773s] -- Up-to-date: /root/ws/origami/install/fiducials/local/lib/python3.10/dist-packages/scripts/camera_calibration/pupil_glasses_calibration_images/PupilCalibrationImage05.png
[7.773s] -- Up-to-date: /root/ws/origami/install/fiducials/local/lib/python3.10/dist-packages/scripts/camera_calibration/pupil_glasses_calibration_images/PupilCalibrationImage12.png
[7.773s] -- Up-to-date: /root/ws/origami/install/fiducials/local/lib/python3.10/dist-packages/scripts/camera_calibration/pupil_glasses_calibration_images/PupilCalibrationImage06.png
[7.773s] -- Up-to-date: /root/ws/origami/install/fiducials/local/lib/python3.10/dist-packages/scripts/camera_calibration/pupil_glasses_calibration_images/PupilCalibrationImage04.png
[7.773s] -- Up-to-date: /root/ws/origami/install/fiducials/local/lib/python3.10/dist-packages/scripts/camera_calibration/pupil_glasses_calibration_images/PupilCalibrationImage10.png
[7.773s] -- Up-to-date: /root/ws/origami/install/fiducials/local/lib/python3.10/dist-packages/scripts/camera_calibration/pupil_glasses_calibration_images/PupilCalibrationImage11.png
[7.774s] -- Up-to-date: /root/ws/origami/install/fiducials/local/lib/python3.10/dist-packages/scripts/camera_calibration/pupil_glasses_calibration_images/PupilCalibrationImage08.png
[7.774s] -- Up-to-date: /root/ws/origami/install/fiducials/local/lib/python3.10/dist-packages/scripts/camera_calibration/pupil_glasses_calibration_images/PupilCalibrationImage01.png
[7.774s] -- Up-to-date: /root/ws/origami/install/fiducials/local/lib/python3.10/dist-packages/scripts/camera_calibration/pupil_glasses_calibration_images/PupilCalibrationImage14.png
[7.774s] -- Up-to-date: /root/ws/origami/install/fiducials/local/lib/python3.10/dist-packages/scripts/camera_calibration/pupil_glasses_calibration_images/PupilCalibrationImage03.png
[7.774s] -- Up-to-date: /root/ws/origami/install/fiducials/local/lib/python3.10/dist-packages/scripts/camera_calibration/pupil_glasses_calibration_images/PupilCalibrationImage16.png
[7.774s] -- Up-to-date: /root/ws/origami/install/fiducials/local/lib/python3.10/dist-packages/scripts/camera_calibration/pupil_glasses_calibration_images/PupilCalibrationImage15.png
[7.794s] Listing '/root/ws/origami/install/fiducials/local/lib/python3.10/dist-packages/scripts'...
[7.794s] Listing '/root/ws/origami/install/fiducials/local/lib/python3.10/dist-packages/scripts/camera_calibration'...
[7.794s] Listing '/root/ws/origami/install/fiducials/local/lib/python3.10/dist-packages/scripts/camera_calibration/TobiiCalibration'...
[7.794s] Listing '/root/ws/origami/install/fiducials/local/lib/python3.10/dist-packages/scripts/camera_calibration/old_webcam_calibration_images'...
[7.794s] Listing '/root/ws/origami/install/fiducials/local/lib/python3.10/dist-packages/scripts/camera_calibration/pupil_glasses_calibration_images'...
[7.797s] -- Up-to-date: /root/ws/origami/install/fiducials/lib/fiducials/aruco_detect.py
[7.797s] -- Up-to-date: /root/ws/origami/install/fiducials/lib/fiducials/aruco_mapper.py
[7.797s] -- Installing: /root/ws/origami/install/fiducials/share/ament_index/resource_index/package_run_dependencies/fiducials
[7.797s] -- Installing: /root/ws/origami/install/fiducials/share/ament_index/resource_index/parent_prefix_path/fiducials
[7.797s] -- Up-to-date: /root/ws/origami/install/fiducials/share/fiducials/environment/ament_prefix_path.sh
[7.797s] -- Installing: /root/ws/origami/install/fiducials/share/fiducials/environment/ament_prefix_path.dsv
[7.797s] -- Up-to-date: /root/ws/origami/install/fiducials/share/fiducials/environment/path.sh
[7.798s] -- Installing: /root/ws/origami/install/fiducials/share/fiducials/environment/path.dsv
[7.798s] -- Installing: /root/ws/origami/install/fiducials/share/fiducials/local_setup.bash
[7.798s] -- Installing: /root/ws/origami/install/fiducials/share/fiducials/local_setup.sh
[7.798s] -- Installing: /root/ws/origami/install/fiducials/share/fiducials/local_setup.zsh
[7.798s] -- Installing: /root/ws/origami/install/fiducials/share/fiducials/local_setup.dsv
[7.798s] -- Installing: /root/ws/origami/install/fiducials/share/fiducials/package.dsv
[7.798s] -- Installing: /root/ws/origami/install/fiducials/share/ament_index/resource_index/packages/fiducials
[7.798s] -- Installing: /root/ws/origami/install/fiducials/share/fiducials/cmake/export_fiducials__rosidl_generator_cExport.cmake
[7.799s] -- Installing: /root/ws/origami/install/fiducials/share/fiducials/cmake/export_fiducials__rosidl_generator_cExport-noconfig.cmake
[7.799s] -- Installing: /root/ws/origami/install/fiducials/share/fiducials/cmake/export_fiducials__rosidl_typesupport_fastrtps_cExport.cmake
[7.799s] -- Installing: /root/ws/origami/install/fiducials/share/fiducials/cmake/export_fiducials__rosidl_typesupport_fastrtps_cExport-noconfig.cmake
[7.799s] -- Installing: /root/ws/origami/install/fiducials/share/fiducials/cmake/export_fiducials__rosidl_generator_cppExport.cmake
[7.799s] -- Installing: /root/ws/origami/install/fiducials/share/fiducials/cmake/export_fiducials__rosidl_typesupport_fastrtps_cppExport.cmake
[7.799s] -- Installing: /root/ws/origami/install/fiducials/share/fiducials/cmake/export_fiducials__rosidl_typesupport_fastrtps_cppExport-noconfig.cmake
[7.800s] -- Installing: /root/ws/origami/install/fiducials/share/fiducials/cmake/fiducials__rosidl_typesupport_introspection_cExport.cmake
[7.800s] -- Installing: /root/ws/origami/install/fiducials/share/fiducials/cmake/fiducials__rosidl_typesupport_introspection_cExport-noconfig.cmake
[7.800s] -- Installing: /root/ws/origami/install/fiducials/share/fiducials/cmake/fiducials__rosidl_typesupport_cExport.cmake
[7.800s] -- Installing: /root/ws/origami/install/fiducials/share/fiducials/cmake/fiducials__rosidl_typesupport_cExport-noconfig.cmake
[7.800s] -- Installing: /root/ws/origami/install/fiducials/share/fiducials/cmake/fiducials__rosidl_typesupport_introspection_cppExport.cmake
[7.800s] -- Installing: /root/ws/origami/install/fiducials/share/fiducials/cmake/fiducials__rosidl_typesupport_introspection_cppExport-noconfig.cmake
[7.800s] -- Installing: /root/ws/origami/install/fiducials/share/fiducials/cmake/fiducials__rosidl_typesupport_cppExport.cmake
[7.801s] -- Installing: /root/ws/origami/install/fiducials/share/fiducials/cmake/fiducials__rosidl_typesupport_cppExport-noconfig.cmake
[7.801s] -- Installing: /root/ws/origami/install/fiducials/share/fiducials/cmake/export_fiducials__rosidl_generator_pyExport.cmake
[7.801s] -- Installing: /root/ws/origami/install/fiducials/share/fiducials/cmake/export_fiducials__rosidl_generator_pyExport-noconfig.cmake
[7.801s] -- Installing: /root/ws/origami/install/fiducials/share/fiducials/cmake/rosidl_cmake-extras.cmake
[7.801s] -- Installing: /root/ws/origami/install/fiducials/share/fiducials/cmake/ament_cmake_export_dependencies-extras.cmake
[7.801s] -- Installing: /root/ws/origami/install/fiducials/share/fiducials/cmake/ament_cmake_export_include_directories-extras.cmake
[7.801s] -- Installing: /root/ws/origami/install/fiducials/share/fiducials/cmake/ament_cmake_export_libraries-extras.cmake
[7.801s] -- Installing: /root/ws/origami/install/fiducials/share/fiducials/cmake/ament_cmake_export_targets-extras.cmake
[7.802s] -- Installing: /root/ws/origami/install/fiducials/share/fiducials/cmake/rosidl_cmake_export_typesupport_targets-extras.cmake
[7.802s] -- Installing: /root/ws/origami/install/fiducials/share/fiducials/cmake/rosidl_cmake_export_typesupport_libraries-extras.cmake
[7.802s] -- Installing: /root/ws/origami/install/fiducials/share/fiducials/cmake/fiducialsConfig.cmake
[7.802s] -- Installing: /root/ws/origami/install/fiducials/share/fiducials/cmake/fiducialsConfig-version.cmake
[7.802s] -- Up-to-date: /root/ws/origami/install/fiducials/share/fiducials/package.xml
[7.804s] Invoked command in '/root/ws/origami/build/fiducials' returned '0': CMAKE_PREFIX_PATH=/opt/ros/humble /usr/bin/cmake --install /root/ws/origami/build/fiducials
