[0.085s] Invoking command in '/root/ws/origami/build/fiducials': CMAKE_PREFIX_PATH=${CMAKE_PREFIX_PATH}:/opt/ros/humble /usr/bin/cmake --build /root/ws/origami/build/fiducials -- -j12 -l12
[0.131s] [  1%] Built target fiducials__cpp
[0.135s] [ 12%] Built target fiducials__rosidl_generator_c
[0.146s] [ 12%] Built target ament_cmake_python_copy_fiducials
[0.178s] [ 23%] Built target fiducials__rosidl_typesupport_fastrtps_c
[0.183s] [ 35%] Built target fiducials__rosidl_typesupport_fastrtps_cpp
[0.185s] [ 46%] Built target fiducials__rosidl_typesupport_introspection_c
[0.194s] [ 57%] Built target fiducials__rosidl_typesupport_cpp
[0.200s] [ 80%] Built target fiducials__rosidl_typesupport_c
[0.200s] [ 80%] Built target fiducials__rosidl_typesupport_introspection_cpp
[0.219s] [ 80%] Built target fiducials
[0.236s] [ 81%] Built target fiducials__py
[0.259s] [ 91%] Built target fiducials__rosidl_generator_py
[0.281s] [ 94%] Built target fiducials__rosidl_typesupport_fastrtps_c__pyext
[0.285s] [100%] Built target fiducials__rosidl_typesupport_introspection_c__pyext
[0.285s] [100%] Built target fiducials__rosidl_typesupport_c__pyext
[0.285s] [100%] Built target ament_cmake_python_copy_scripts
[0.449s] running egg_info
[0.450s] writing fiducials.egg-info/PKG-INFO
[0.450s] writing dependency_links to fiducials.egg-info/dependency_links.txt
[0.450s] writing top-level names to fiducials.egg-info/top_level.txt
[0.453s] reading manifest file 'fiducials.egg-info/SOURCES.txt'
[0.454s] writing manifest file 'fiducials.egg-info/SOURCES.txt'
[0.464s] running egg_info
[0.465s] writing scripts.egg-info/PKG-INFO
[0.465s] writing dependency_links to scripts.egg-info/dependency_links.txt
[0.465s] writing top-level names to scripts.egg-info/top_level.txt
[0.467s] reading manifest file 'scripts.egg-info/SOURCES.txt'
[0.468s] writing manifest file 'scripts.egg-info/SOURCES.txt'
[0.483s] [100%] Built target ament_cmake_python_build_fiducials_egg
[0.491s] [100%] Built target ament_cmake_python_build_scripts_egg
