[0.033s] Invoking command in '/root/ws/origami/build/origami': CMAKE_PREFIX_PATH=/opt/ros/humble /usr/bin/cmake /root/ws/origami -DCMAKE_INSTALL_PREFIX=/root/ws/origami/install/origami
[0.078s] -- The C compiler identification is GNU 11.4.0
[0.124s] -- The CXX compiler identification is GNU 11.4.0
[0.130s] -- Detecting C compiler ABI info
[0.184s] -- Detecting C compiler ABI info - done
[0.190s] -- Check for working C compiler: /usr/bin/cc - skipped
[0.190s] -- Detecting C compile features
[0.191s] -- Detecting C compile features - done
[0.193s] -- Detecting CXX compiler ABI info
[0.257s] -- Detecting CXX compiler ABI info - done
[0.263s] -- Check for working CXX compiler: /usr/bin/c++ - skipped
[0.263s] -- Detecting CXX compile features
[0.264s] -- Detecting CXX compile features - done
[0.266s] -- Found ament_cmake: 1.3.5 (/opt/ros/humble/share/ament_cmake/cmake)
[0.381s] -- Found Python3: /usr/bin/python3.10 (found version "3.10.12") found components: Interpreter 
[0.451s] -- Found ament_lint_auto: 0.12.8 (/opt/ros/humble/share/ament_lint_auto/cmake)
[0.695s] -- Added test 'cppcheck' to perform static code analysis on C / C++ code
[0.695s] -- Configured cppcheck include dirs: 
[0.695s] -- Configured cppcheck exclude dirs and/or files: 
[0.716s] -- Added test 'flake8' to check Python code syntax and style conventions
[0.758s] -- Added test 'lint_cmake' to check CMake code style
[0.779s] -- Added test 'pep257' to check Python code against some of the docstring style conventions in PEP 257
[0.950s] -- Added test 'uncrustify' to check C / C++ code style
[0.950s] -- Configured uncrustify additional arguments: 
[0.972s] -- Added test 'xmllint' to check XML markup files
[0.974s] -- Configuring done
[0.976s] -- Generating done
[0.977s] -- Build files have been written to: /root/ws/origami/build/origami
[0.982s] Invoked command in '/root/ws/origami/build/origami' returned '0': CMAKE_PREFIX_PATH=/opt/ros/humble /usr/bin/cmake /root/ws/origami -DCMAKE_INSTALL_PREFIX=/root/ws/origami/install/origami
[0.982s] Invoking command in '/root/ws/origami/build/origami': CMAKE_PREFIX_PATH=/opt/ros/humble /usr/bin/cmake --build /root/ws/origami/build/origami -- -j12 -l12
[1.010s] Invoked command in '/root/ws/origami/build/origami' returned '0': CMAKE_PREFIX_PATH=/opt/ros/humble /usr/bin/cmake --build /root/ws/origami/build/origami -- -j12 -l12
[1.032s] Invoking command in '/root/ws/origami/build/origami': CMAKE_PREFIX_PATH=/opt/ros/humble /usr/bin/cmake --install /root/ws/origami/build/origami
[1.038s] -- Install configuration: ""
[1.039s] -- Installing: /root/ws/origami/install/origami/share/ament_index/resource_index/package_run_dependencies/origami
[1.039s] -- Installing: /root/ws/origami/install/origami/share/ament_index/resource_index/parent_prefix_path/origami
[1.039s] -- Up-to-date: /root/ws/origami/install/origami/share/origami/environment/ament_prefix_path.sh
[1.039s] -- Installing: /root/ws/origami/install/origami/share/origami/environment/ament_prefix_path.dsv
[1.039s] -- Up-to-date: /root/ws/origami/install/origami/share/origami/environment/path.sh
[1.039s] -- Installing: /root/ws/origami/install/origami/share/origami/environment/path.dsv
[1.039s] -- Installing: /root/ws/origami/install/origami/share/origami/local_setup.bash
[1.039s] -- Installing: /root/ws/origami/install/origami/share/origami/local_setup.sh
[1.039s] -- Installing: /root/ws/origami/install/origami/share/origami/local_setup.zsh
[1.039s] -- Installing: /root/ws/origami/install/origami/share/origami/local_setup.dsv
[1.040s] -- Installing: /root/ws/origami/install/origami/share/origami/package.dsv
[1.040s] -- Installing: /root/ws/origami/install/origami/share/ament_index/resource_index/packages/origami
[1.040s] -- Installing: /root/ws/origami/install/origami/share/origami/cmake/origamiConfig.cmake
[1.040s] -- Installing: /root/ws/origami/install/origami/share/origami/cmake/origamiConfig-version.cmake
[1.040s] -- Up-to-date: /root/ws/origami/install/origami/share/origami/package.xml
[1.041s] Invoked command in '/root/ws/origami/build/origami' returned '0': CMAKE_PREFIX_PATH=/opt/ros/humble /usr/bin/cmake --install /root/ws/origami/build/origami
