[0.832s] DEBUG:colcon:Command line arguments: ['/usr/bin/colcon', 'build']
[0.832s] DEBUG:colcon:Parsed command line arguments: Namespace(log_base=None, log_level=None, verb_name='build', build_base='build', install_base='install', merge_install=False, symlink_install=False, test_result_base=None, continue_on_error=False, executor='parallel', parallel_workers=12, event_handlers=None, ignore_user_meta=False, metas=['./colcon.meta'], base_paths=['.'], packages_ignore=None, packages_ignore_regex=None, paths=None, packages_up_to=None, packages_up_to_regex=None, packages_above=None, packages_above_and_dependencies=None, packages_above_depth=None, packages_select_by_dep=None, packages_skip_by_dep=None, packages_skip_up_to=None, packages_select_build_failed=False, packages_skip_build_finished=False, packages_select_test_failures=False, packages_skip_test_passed=False, packages_select=None, packages_skip=None, packages_select_regex=None, packages_skip_regex=None, packages_start=None, packages_end=None, cmake_args=None, cmake_target=None, cmake_target_skip_unavailable=False, cmake_clean_cache=False, cmake_clean_first=False, cmake_force_configure=False, ament_cmake_args=None, catkin_cmake_args=None, catkin_skip_building_tests=False, mixin_files=None, mixin=None, verb_parser=<colcon_mixin.mixin.mixin_argument.MixinArgumentDecorator object at 0x7fcdbe985fc0>, verb_extension=<colcon_core.verb.build.BuildVerb object at 0x7fcdbe9cfaf0>, main=<bound method BuildVerb.main of <colcon_core.verb.build.BuildVerb object at 0x7fcdbe9cfaf0>>, mixin_verb=('build',))
[0.867s] Level 1:colcon.colcon_core.package_discovery:discover_packages(colcon_meta) check parameters
[0.867s] INFO:colcon.colcon_metadata.package_discovery.colcon_meta:Using configuration from '/root/.colcon/metadata/default/Gazebo.meta'
[0.868s] INFO:colcon.colcon_metadata.package_discovery.colcon_meta:Using configuration from '/root/.colcon/metadata/default/fastrtps.meta'
[0.868s] Level 1:colcon.colcon_core.package_discovery:discover_packages(recursive) check parameters
[0.868s] Level 1:colcon.colcon_core.package_discovery:discover_packages(ignore) check parameters
[0.868s] Level 1:colcon.colcon_core.package_discovery:discover_packages(path) check parameters
[0.868s] Level 1:colcon.colcon_core.package_discovery:discover_packages(colcon_meta) discover
[0.868s] Level 1:colcon.colcon_core.package_discovery:discover_packages(recursive) discover
[0.868s] INFO:colcon.colcon_core.package_discovery:Crawling recursively for packages in '/root/ws/origami/src/fiducials'
[0.868s] Level 1:colcon.colcon_core.package_identification:_identify(.) by extensions ['ignore', 'ignore_ament_install']
[0.869s] Level 1:colcon.colcon_core.package_identification:_identify(.) by extension 'ignore'
[0.869s] Level 1:colcon.colcon_core.package_identification:_identify(.) by extension 'ignore_ament_install'
[0.869s] Level 1:colcon.colcon_core.package_identification:_identify(.) by extensions ['colcon_pkg']
[0.869s] Level 1:colcon.colcon_core.package_identification:_identify(.) by extension 'colcon_pkg'
[0.869s] Level 1:colcon.colcon_core.package_identification:_identify(.) by extensions ['colcon_meta']
[0.869s] Level 1:colcon.colcon_core.package_identification:_identify(.) by extension 'colcon_meta'
[0.869s] Level 1:colcon.colcon_core.package_identification:_identify(.) by extensions ['ros']
[0.869s] Level 1:colcon.colcon_core.package_identification:_identify(.) by extension 'ros'
[0.881s] DEBUG:colcon.colcon_core.package_identification:Package '.' with type 'ros.ament_cmake' and name 'fiducials'
[0.881s] Level 1:colcon.colcon_core.package_discovery:discover_packages(recursive) using defaults
[0.881s] Level 1:colcon.colcon_core.package_discovery:discover_packages(ignore) discover
[0.881s] Level 1:colcon.colcon_core.package_discovery:discover_packages(ignore) using defaults
[0.881s] Level 1:colcon.colcon_core.package_discovery:discover_packages(path) discover
[0.881s] Level 1:colcon.colcon_core.package_discovery:discover_packages(path) using defaults
[0.935s] Level 5:colcon.colcon_core.verb:set package 'fiducials' build argument 'cmake_args' from command line to 'None'
[0.935s] Level 5:colcon.colcon_core.verb:set package 'fiducials' build argument 'cmake_target' from command line to 'None'
[0.935s] Level 5:colcon.colcon_core.verb:set package 'fiducials' build argument 'cmake_target_skip_unavailable' from command line to 'False'
[0.935s] Level 5:colcon.colcon_core.verb:set package 'fiducials' build argument 'cmake_clean_cache' from command line to 'False'
[0.935s] Level 5:colcon.colcon_core.verb:set package 'fiducials' build argument 'cmake_clean_first' from command line to 'False'
[0.935s] Level 5:colcon.colcon_core.verb:set package 'fiducials' build argument 'cmake_force_configure' from command line to 'False'
[0.935s] Level 5:colcon.colcon_core.verb:set package 'fiducials' build argument 'ament_cmake_args' from command line to 'None'
[0.935s] Level 5:colcon.colcon_core.verb:set package 'fiducials' build argument 'catkin_cmake_args' from command line to 'None'
[0.935s] Level 5:colcon.colcon_core.verb:set package 'fiducials' build argument 'catkin_skip_building_tests' from command line to 'False'
[0.935s] DEBUG:colcon.colcon_core.verb:Building package 'fiducials' with the following arguments: {'ament_cmake_args': None, 'build_base': '/root/ws/origami/src/fiducials/build/fiducials', 'catkin_cmake_args': None, 'catkin_skip_building_tests': False, 'cmake_args': None, 'cmake_clean_cache': False, 'cmake_clean_first': False, 'cmake_force_configure': False, 'cmake_target': None, 'cmake_target_skip_unavailable': False, 'install_base': '/root/ws/origami/src/fiducials/install/fiducials', 'merge_install': False, 'path': '/root/ws/origami/src/fiducials', 'symlink_install': False, 'test_result_base': None}
[0.944s] INFO:colcon.colcon_core.executor:Executing jobs using 'parallel' executor
[0.954s] DEBUG:colcon.colcon_parallel_executor.executor.parallel:run_until_complete
[0.954s] INFO:colcon.colcon_ros.task.ament_cmake.build:Building ROS package in '/root/ws/origami/src/fiducials' with build type 'ament_cmake'
[0.954s] INFO:colcon.colcon_cmake.task.cmake.build:Building CMake package in '/root/ws/origami/src/fiducials'
[0.966s] INFO:colcon.colcon_core.plugin_system:Skipping extension 'colcon_core.shell.bat': Not used on non-Windows systems
[0.966s] INFO:colcon.colcon_core.shell:Skip shell extension 'powershell' for command environment: Not usable outside of PowerShell
[0.966s] DEBUG:colcon.colcon_core.shell:Skip shell extension 'dsv' for command environment
[1.013s] DEBUG:colcon.colcon_core.event_handler.log_command:Invoking command in '/root/ws/origami/src/fiducials/build/fiducials': CMAKE_PREFIX_PATH=${CMAKE_PREFIX_PATH}:/opt/ros/humble /usr/bin/cmake --build /root/ws/origami/src/fiducials/build/fiducials -- -j12 -l12
[1.380s] DEBUG:colcon.colcon_core.event_handler.log_command:Invoked command in '/root/ws/origami/src/fiducials/build/fiducials' returned '0': CMAKE_PREFIX_PATH=${CMAKE_PREFIX_PATH}:/opt/ros/humble /usr/bin/cmake --build /root/ws/origami/src/fiducials/build/fiducials -- -j12 -l12
[1.497s] DEBUG:colcon.colcon_core.event_handler.log_command:Invoking command in '/root/ws/origami/src/fiducials/build/fiducials': CMAKE_PREFIX_PATH=${CMAKE_PREFIX_PATH}:/opt/ros/humble /usr/bin/cmake --install /root/ws/origami/src/fiducials/build/fiducials
[1.578s] Level 1:colcon.colcon_core.environment:create_environment_scripts_only(fiducials)
[1.578s] DEBUG:colcon.colcon_core.event_handler.log_command:Invoked command in '/root/ws/origami/src/fiducials/build/fiducials' returned '0': CMAKE_PREFIX_PATH=${CMAKE_PREFIX_PATH}:/opt/ros/humble /usr/bin/cmake --install /root/ws/origami/src/fiducials/build/fiducials
[1.592s] Level 1:colcon.colcon_core.environment:checking '/root/ws/origami/src/fiducials/install/fiducials' for CMake module files
[1.593s] Level 1:colcon.colcon_core.environment:checking '/root/ws/origami/src/fiducials/install/fiducials' for CMake config files
[1.593s] Level 1:colcon.colcon_core.shell:create_environment_hook('fiducials', 'cmake_prefix_path')
[1.603s] INFO:colcon.colcon_core.shell:Creating environment hook '/root/ws/origami/src/fiducials/install/fiducials/share/fiducials/hook/cmake_prefix_path.ps1'
[1.604s] INFO:colcon.colcon_core.shell:Creating environment descriptor '/root/ws/origami/src/fiducials/install/fiducials/share/fiducials/hook/cmake_prefix_path.dsv'
[1.604s] INFO:colcon.colcon_core.shell:Creating environment hook '/root/ws/origami/src/fiducials/install/fiducials/share/fiducials/hook/cmake_prefix_path.sh'
[1.605s] Level 1:colcon.colcon_core.environment:checking '/root/ws/origami/src/fiducials/install/fiducials/lib'
[1.605s] Level 1:colcon.colcon_core.shell:create_environment_hook('fiducials', 'ld_library_path_lib')
[1.614s] INFO:colcon.colcon_core.shell:Creating environment hook '/root/ws/origami/src/fiducials/install/fiducials/share/fiducials/hook/ld_library_path_lib.ps1'
[1.615s] INFO:colcon.colcon_core.shell:Creating environment descriptor '/root/ws/origami/src/fiducials/install/fiducials/share/fiducials/hook/ld_library_path_lib.dsv'
[1.615s] INFO:colcon.colcon_core.shell:Creating environment hook '/root/ws/origami/src/fiducials/install/fiducials/share/fiducials/hook/ld_library_path_lib.sh'
[1.615s] Level 1:colcon.colcon_core.environment:checking '/root/ws/origami/src/fiducials/install/fiducials/bin'
[1.615s] Level 1:colcon.colcon_core.environment:checking '/root/ws/origami/src/fiducials/install/fiducials/lib/pkgconfig/fiducials.pc'
[1.617s] Level 1:colcon.colcon_core.environment:checking '/root/ws/origami/src/fiducials/install/fiducials/lib/python3.10/site-packages'
[1.617s] Level 1:colcon.colcon_core.environment:checking '/root/ws/origami/src/fiducials/install/fiducials/bin'
[1.626s] INFO:colcon.colcon_core.shell:Creating package script '/root/ws/origami/src/fiducials/install/fiducials/share/fiducials/package.ps1'
[1.627s] INFO:colcon.colcon_core.shell:Creating package descriptor '/root/ws/origami/src/fiducials/install/fiducials/share/fiducials/package.dsv'
[1.627s] INFO:colcon.colcon_core.shell:Creating package script '/root/ws/origami/src/fiducials/install/fiducials/share/fiducials/package.sh'
[1.628s] INFO:colcon.colcon_core.shell:Creating package script '/root/ws/origami/src/fiducials/install/fiducials/share/fiducials/package.bash'
[1.628s] INFO:colcon.colcon_core.shell:Creating package script '/root/ws/origami/src/fiducials/install/fiducials/share/fiducials/package.zsh'
[1.629s] Level 1:colcon.colcon_core.environment:create_file_with_runtime_dependencies(/root/ws/origami/src/fiducials/install/fiducials/share/colcon-core/packages/fiducials)
[1.744s] Level 1:colcon.colcon_core.environment:create_environment_scripts_only(fiducials)
[1.754s] Level 1:colcon.colcon_core.environment:checking '/root/ws/origami/src/fiducials/install/fiducials' for CMake module files
[1.754s] Level 1:colcon.colcon_core.environment:checking '/root/ws/origami/src/fiducials/install/fiducials' for CMake config files
[1.754s] Level 1:colcon.colcon_core.shell:create_environment_hook('fiducials', 'cmake_prefix_path')
[1.764s] INFO:colcon.colcon_core.shell:Creating environment hook '/root/ws/origami/src/fiducials/install/fiducials/share/fiducials/hook/cmake_prefix_path.ps1'
[1.764s] INFO:colcon.colcon_core.shell:Creating environment descriptor '/root/ws/origami/src/fiducials/install/fiducials/share/fiducials/hook/cmake_prefix_path.dsv'
[1.765s] INFO:colcon.colcon_core.shell:Creating environment hook '/root/ws/origami/src/fiducials/install/fiducials/share/fiducials/hook/cmake_prefix_path.sh'
[1.765s] Level 1:colcon.colcon_core.environment:checking '/root/ws/origami/src/fiducials/install/fiducials/lib'
[1.765s] Level 1:colcon.colcon_core.shell:create_environment_hook('fiducials', 'ld_library_path_lib')
[1.774s] INFO:colcon.colcon_core.shell:Creating environment hook '/root/ws/origami/src/fiducials/install/fiducials/share/fiducials/hook/ld_library_path_lib.ps1'
[1.774s] INFO:colcon.colcon_core.shell:Creating environment descriptor '/root/ws/origami/src/fiducials/install/fiducials/share/fiducials/hook/ld_library_path_lib.dsv'
[1.775s] INFO:colcon.colcon_core.shell:Creating environment hook '/root/ws/origami/src/fiducials/install/fiducials/share/fiducials/hook/ld_library_path_lib.sh'
[1.775s] Level 1:colcon.colcon_core.environment:checking '/root/ws/origami/src/fiducials/install/fiducials/bin'
[1.775s] Level 1:colcon.colcon_core.environment:checking '/root/ws/origami/src/fiducials/install/fiducials/lib/pkgconfig/fiducials.pc'
[1.775s] Level 1:colcon.colcon_core.environment:checking '/root/ws/origami/src/fiducials/install/fiducials/lib/python3.10/site-packages'
[1.775s] Level 1:colcon.colcon_core.environment:checking '/root/ws/origami/src/fiducials/install/fiducials/bin'
[1.785s] INFO:colcon.colcon_core.shell:Creating package script '/root/ws/origami/src/fiducials/install/fiducials/share/fiducials/package.ps1'
[1.785s] INFO:colcon.colcon_core.shell:Creating package descriptor '/root/ws/origami/src/fiducials/install/fiducials/share/fiducials/package.dsv'
[1.785s] INFO:colcon.colcon_core.shell:Creating package script '/root/ws/origami/src/fiducials/install/fiducials/share/fiducials/package.sh'
[1.786s] INFO:colcon.colcon_core.shell:Creating package script '/root/ws/origami/src/fiducials/install/fiducials/share/fiducials/package.bash'
[1.786s] INFO:colcon.colcon_core.shell:Creating package script '/root/ws/origami/src/fiducials/install/fiducials/share/fiducials/package.zsh'
[1.786s] Level 1:colcon.colcon_core.environment:create_file_with_runtime_dependencies(/root/ws/origami/src/fiducials/install/fiducials/share/colcon-core/packages/fiducials)
[1.787s] DEBUG:colcon.colcon_parallel_executor.executor.parallel:closing loop
[1.787s] DEBUG:colcon.colcon_parallel_executor.executor.parallel:loop closed
[1.787s] DEBUG:colcon.colcon_parallel_executor.executor.parallel:run_until_complete finished with '0'
[1.787s] DEBUG:colcon.colcon_core.event_reactor:joining thread
[1.803s] INFO:colcon.colcon_core.plugin_system:Skipping extension 'colcon_notification.desktop_notification.notify_send': Could not find 'notify-send'
[1.803s] INFO:colcon.colcon_core.plugin_system:Skipping extension 'colcon_notification.desktop_notification.terminal_notifier': Not used on non-Darwin systems
[1.803s] INFO:colcon.colcon_core.plugin_system:Skipping extension 'colcon_notification.desktop_notification.win32': Not used on non-Windows systems
[1.803s] INFO:colcon.colcon_notification.desktop_notification:Sending desktop notification using 'notify2'
[1.805s] DEBUG:colcon.colcon_notification.desktop_notification.notify2:Failed to initialize notify2: org.freedesktop.DBus.Error.Spawn.ExecFailed: /usr/bin/dbus-launch terminated abnormally without any error message
[1.805s] DEBUG:colcon.colcon_core.event_reactor:joined thread
[1.815s] INFO:colcon.colcon_core.shell:Creating prefix script '/root/ws/origami/src/fiducials/install/local_setup.ps1'
[1.816s] INFO:colcon.colcon_core.shell:Creating prefix util module '/root/ws/origami/src/fiducials/install/_local_setup_util_ps1.py'
[1.817s] INFO:colcon.colcon_core.shell:Creating prefix chain script '/root/ws/origami/src/fiducials/install/setup.ps1'
[1.827s] INFO:colcon.colcon_core.shell:Creating prefix script '/root/ws/origami/src/fiducials/install/local_setup.sh'
[1.828s] INFO:colcon.colcon_core.shell:Creating prefix util module '/root/ws/origami/src/fiducials/install/_local_setup_util_sh.py'
[1.829s] INFO:colcon.colcon_core.shell:Creating prefix chain script '/root/ws/origami/src/fiducials/install/setup.sh'
[1.839s] INFO:colcon.colcon_core.shell:Creating prefix script '/root/ws/origami/src/fiducials/install/local_setup.bash'
[1.839s] INFO:colcon.colcon_core.shell:Creating prefix chain script '/root/ws/origami/src/fiducials/install/setup.bash'
[1.849s] INFO:colcon.colcon_core.shell:Creating prefix script '/root/ws/origami/src/fiducials/install/local_setup.zsh'
[1.850s] INFO:colcon.colcon_core.shell:Creating prefix chain script '/root/ws/origami/src/fiducials/install/setup.zsh'
