[0.265s] Invoking command in '/root/ws/origami/build/diegetic_button_pkg': CMAKE_PREFIX_PATH=${CMAKE_PREFIX_PATH}:/opt/ros/humble /usr/bin/cmake --build /root/ws/origami/build/diegetic_button_pkg -- -j12 -l12
[0.385s] [  0%] Built target ament_cmake_python_copy_scripts
[0.432s] [  0%] Built target ament_cmake_python_copy_diegetic_button_pkg
[0.880s] running egg_info
[0.883s] writing scripts.egg-info/PKG-INFO
[0.883s] writing dependency_links to scripts.egg-info/dependency_links.txt
[0.884s] writing top-level names to scripts.egg-info/top_level.txt
[0.887s] reading manifest file 'scripts.egg-info/SOURCES.txt'
[0.888s] writing manifest file 'scripts.egg-info/SOURCES.txt'
[0.945s] [  0%] Built target ament_cmake_python_build_scripts_egg
[1.412s] running egg_info
[1.413s] writing diegetic_button_pkg.egg-info/PKG-INFO
[1.413s] writing dependency_links to diegetic_button_pkg.egg-info/dependency_links.txt
[1.415s] writing top-level names to diegetic_button_pkg.egg-info/top_level.txt
[1.419s] reading manifest file 'diegetic_button_pkg.egg-info/SOURCES.txt'
[1.426s] writing manifest file 'diegetic_button_pkg.egg-info/SOURCES.txt'
[1.471s] [  0%] Built target ament_cmake_python_build_diegetic_button_pkg_egg
[1.503s] [ 10%] Built target diegetic_button_pkg__rosidl_generator_c
[1.570s] [ 12%] Built target diegetic_button_pkg__cpp
[1.615s] [ 23%] Built target diegetic_button_pkg__rosidl_typesupport_c
[1.652s] [ 34%] Built target diegetic_button_pkg__rosidl_typesupport_introspection_cpp
[1.737s] [ 45%] Built target diegetic_button_pkg__rosidl_typesupport_fastrtps_cpp
[1.837s] [ 56%] Built target diegetic_button_pkg__rosidl_typesupport_cpp
[1.906s] [ 67%] Built target diegetic_button_pkg__rosidl_typesupport_introspection_c
[1.975s] [ 78%] Built target diegetic_button_pkg__rosidl_typesupport_fastrtps_c
[2.002s] [ 78%] Built target diegetic_button_pkg
[2.043s] [ 80%] Built target diegetic_button_pkg__py
[2.101s] [ 89%] Built target diegetic_button_pkg__rosidl_generator_py
[2.147s] [ 92%] Built target diegetic_button_pkg__rosidl_typesupport_fastrtps_c__pyext
[2.192s] [ 96%] Built target diegetic_button_pkg__rosidl_typesupport_c__pyext
[2.268s] [100%] Built target diegetic_button_pkg__rosidl_typesupport_introspection_c__pyext
[2.299s] Invoked command in '/root/ws/origami/build/diegetic_button_pkg' returned '0': CMAKE_PREFIX_PATH=${CMAKE_PREFIX_PATH}:/opt/ros/humble /usr/bin/cmake --build /root/ws/origami/build/diegetic_button_pkg -- -j12 -l12
[2.812s] Invoking command in '/root/ws/origami/build/diegetic_button_pkg': CMAKE_PREFIX_PATH=${CMAKE_PREFIX_PATH}:/opt/ros/humble /usr/bin/cmake --install /root/ws/origami/build/diegetic_button_pkg
[2.827s] -- Install configuration: ""
[2.827s] -- Up-to-date: /root/ws/origami/install/diegetic_button_pkg/share/diegetic_button_pkg//launch
[2.828s] -- Up-to-date: /root/ws/origami/install/diegetic_button_pkg/share/diegetic_button_pkg//launch/devel.launch.py
[2.828s] -- Up-to-date: /root/ws/origami/install/diegetic_button_pkg/share/diegetic_button_pkg//launch/joy_glasses.launch.py
[2.828s] -- Up-to-date: /root/ws/origami/install/diegetic_button_pkg/share/diegetic_button_pkg/environment/pythonpath.sh
[2.828s] -- Up-to-date: /root/ws/origami/install/diegetic_button_pkg/share/diegetic_button_pkg/environment/pythonpath.dsv
[2.828s] -- Up-to-date: /root/ws/origami/install/diegetic_button_pkg/local/lib/python3.10/dist-packages/scripts-0.0.0-py3.10.egg-info
[2.828s] -- Installing: /root/ws/origami/install/diegetic_button_pkg/local/lib/python3.10/dist-packages/scripts-0.0.0-py3.10.egg-info/top_level.txt
[2.828s] -- Installing: /root/ws/origami/install/diegetic_button_pkg/local/lib/python3.10/dist-packages/scripts-0.0.0-py3.10.egg-info/SOURCES.txt
[2.829s] -- Installing: /root/ws/origami/install/diegetic_button_pkg/local/lib/python3.10/dist-packages/scripts-0.0.0-py3.10.egg-info/dependency_links.txt
[2.829s] -- Installing: /root/ws/origami/install/diegetic_button_pkg/local/lib/python3.10/dist-packages/scripts-0.0.0-py3.10.egg-info/PKG-INFO
[2.829s] -- Up-to-date: /root/ws/origami/install/diegetic_button_pkg/local/lib/python3.10/dist-packages/scripts
[2.829s] -- Up-to-date: /root/ws/origami/install/diegetic_button_pkg/local/lib/python3.10/dist-packages/scripts/ros2bag.py
[2.829s] -- Up-to-date: /root/ws/origami/install/diegetic_button_pkg/local/lib/python3.10/dist-packages/scripts/TestButtonMap.csv
[2.829s] -- Up-to-date: /root/ws/origami/install/diegetic_button_pkg/local/lib/python3.10/dist-packages/scripts/bagToCSV.py
[2.829s] -- Up-to-date: /root/ws/origami/install/diegetic_button_pkg/local/lib/python3.10/dist-packages/scripts/devices
[2.830s] -- Up-to-date: /root/ws/origami/install/diegetic_button_pkg/local/lib/python3.10/dist-packages/scripts/devices/piano_demo.py
[2.830s] -- Installing: /root/ws/origami/install/diegetic_button_pkg/local/lib/python3.10/dist-packages/scripts/devices/joy.py
[2.830s] -- Up-to-date: /root/ws/origami/install/diegetic_button_pkg/local/lib/python3.10/dist-packages/scripts/devices/sound.py
[2.830s] -- Up-to-date: /root/ws/origami/install/diegetic_button_pkg/local/lib/python3.10/dist-packages/scripts/devices/sound2.py
[2.830s] -- Up-to-date: /root/ws/origami/install/diegetic_button_pkg/local/lib/python3.10/dist-packages/scripts/diegetic_button.py
[2.830s] -- Up-to-date: /root/ws/origami/install/diegetic_button_pkg/local/lib/python3.10/dist-packages/scripts/input_check.py
[2.830s] -- Up-to-date: /root/ws/origami/install/diegetic_button_pkg/local/lib/python3.10/dist-packages/scripts/__init__.py
[2.896s] Listing '/root/ws/origami/install/diegetic_button_pkg/local/lib/python3.10/dist-packages/scripts'...
[2.896s] Listing '/root/ws/origami/install/diegetic_button_pkg/local/lib/python3.10/dist-packages/scripts/devices'...
[2.896s] Compiling '/root/ws/origami/install/diegetic_button_pkg/local/lib/python3.10/dist-packages/scripts/devices/joy.py'...
[2.905s] -- Up-to-date: /root/ws/origami/install/diegetic_button_pkg/share/ament_index/resource_index/rosidl_interfaces/diegetic_button_pkg
[2.905s] -- Up-to-date: /root/ws/origami/install/diegetic_button_pkg/include/diegetic_button_pkg/diegetic_button_pkg
[2.905s] -- Up-to-date: /root/ws/origami/install/diegetic_button_pkg/include/diegetic_button_pkg/diegetic_button_pkg/msg
[2.905s] -- Up-to-date: /root/ws/origami/install/diegetic_button_pkg/include/diegetic_button_pkg/diegetic_button_pkg/msg/input_status_array.h
[2.906s] -- Up-to-date: /root/ws/origami/install/diegetic_button_pkg/include/diegetic_button_pkg/diegetic_button_pkg/msg/rosidl_generator_c__visibility_control.h
[2.906s] -- Up-to-date: /root/ws/origami/install/diegetic_button_pkg/include/diegetic_button_pkg/diegetic_button_pkg/msg/detail
[2.906s] -- Up-to-date: /root/ws/origami/install/diegetic_button_pkg/include/diegetic_button_pkg/diegetic_button_pkg/msg/detail/diegetic_button__functions.c
[2.906s] -- Up-to-date: /root/ws/origami/install/diegetic_button_pkg/include/diegetic_button_pkg/diegetic_button_pkg/msg/detail/input_status__functions.h
[2.907s] -- Up-to-date: /root/ws/origami/install/diegetic_button_pkg/include/diegetic_button_pkg/diegetic_button_pkg/msg/detail/diegetic_button_array__type_support.h
[2.907s] -- Up-to-date: /root/ws/origami/install/diegetic_button_pkg/include/diegetic_button_pkg/diegetic_button_pkg/msg/detail/diegetic_button_array__functions.h
[2.907s] -- Up-to-date: /root/ws/origami/install/diegetic_button_pkg/include/diegetic_button_pkg/diegetic_button_pkg/msg/detail/input_status_array__type_support.h
[2.907s] -- Up-to-date: /root/ws/origami/install/diegetic_button_pkg/include/diegetic_button_pkg/diegetic_button_pkg/msg/detail/input_status_array__functions.h
[2.907s] -- Up-to-date: /root/ws/origami/install/diegetic_button_pkg/include/diegetic_button_pkg/diegetic_button_pkg/msg/detail/diegetic_button_array__struct.h
[2.907s] -- Up-to-date: /root/ws/origami/install/diegetic_button_pkg/include/diegetic_button_pkg/diegetic_button_pkg/msg/detail/diegetic_button__type_support.h
[2.907s] -- Up-to-date: /root/ws/origami/install/diegetic_button_pkg/include/diegetic_button_pkg/diegetic_button_pkg/msg/detail/input_status__functions.c
[2.907s] -- Up-to-date: /root/ws/origami/install/diegetic_button_pkg/include/diegetic_button_pkg/diegetic_button_pkg/msg/detail/input_status__type_support.h
[2.908s] -- Up-to-date: /root/ws/origami/install/diegetic_button_pkg/include/diegetic_button_pkg/diegetic_button_pkg/msg/detail/diegetic_button__functions.h
[2.908s] -- Up-to-date: /root/ws/origami/install/diegetic_button_pkg/include/diegetic_button_pkg/diegetic_button_pkg/msg/detail/input_status_array__struct.h
[2.909s] -- Up-to-date: /root/ws/origami/install/diegetic_button_pkg/include/diegetic_button_pkg/diegetic_button_pkg/msg/detail/diegetic_button__struct.h
[2.909s] -- Up-to-date: /root/ws/origami/install/diegetic_button_pkg/include/diegetic_button_pkg/diegetic_button_pkg/msg/detail/input_status_array__functions.c
[2.909s] -- Up-to-date: /root/ws/origami/install/diegetic_button_pkg/include/diegetic_button_pkg/diegetic_button_pkg/msg/detail/input_status__struct.h
[2.909s] -- Up-to-date: /root/ws/origami/install/diegetic_button_pkg/include/diegetic_button_pkg/diegetic_button_pkg/msg/detail/diegetic_button_array__functions.c
[2.909s] -- Up-to-date: /root/ws/origami/install/diegetic_button_pkg/include/diegetic_button_pkg/diegetic_button_pkg/msg/diegetic_button_array.h
[2.909s] -- Up-to-date: /root/ws/origami/install/diegetic_button_pkg/include/diegetic_button_pkg/diegetic_button_pkg/msg/input_status.h
[2.909s] -- Up-to-date: /root/ws/origami/install/diegetic_button_pkg/include/diegetic_button_pkg/diegetic_button_pkg/msg/diegetic_button.h
[2.910s] -- Up-to-date: /root/ws/origami/install/diegetic_button_pkg/share/diegetic_button_pkg/environment/library_path.sh
[2.910s] -- Up-to-date: /root/ws/origami/install/diegetic_button_pkg/share/diegetic_button_pkg/environment/library_path.dsv
[2.910s] -- Up-to-date: /root/ws/origami/install/diegetic_button_pkg/lib/libdiegetic_button_pkg__rosidl_generator_c.so
[2.911s] -- Up-to-date: /root/ws/origami/install/diegetic_button_pkg/include/diegetic_button_pkg/diegetic_button_pkg
[2.911s] -- Up-to-date: /root/ws/origami/install/diegetic_button_pkg/include/diegetic_button_pkg/diegetic_button_pkg/msg
[2.911s] -- Up-to-date: /root/ws/origami/install/diegetic_button_pkg/include/diegetic_button_pkg/diegetic_button_pkg/msg/rosidl_typesupport_fastrtps_c__visibility_control.h
[2.911s] -- Up-to-date: /root/ws/origami/install/diegetic_button_pkg/include/diegetic_button_pkg/diegetic_button_pkg/msg/detail
[2.911s] -- Up-to-date: /root/ws/origami/install/diegetic_button_pkg/include/diegetic_button_pkg/diegetic_button_pkg/msg/detail/diegetic_button__rosidl_typesupport_fastrtps_c.h
[2.912s] -- Up-to-date: /root/ws/origami/install/diegetic_button_pkg/include/diegetic_button_pkg/diegetic_button_pkg/msg/detail/input_status_array__rosidl_typesupport_fastrtps_c.h
[2.912s] -- Up-to-date: /root/ws/origami/install/diegetic_button_pkg/include/diegetic_button_pkg/diegetic_button_pkg/msg/detail/diegetic_button_array__rosidl_typesupport_fastrtps_c.h
[2.912s] -- Up-to-date: /root/ws/origami/install/diegetic_button_pkg/include/diegetic_button_pkg/diegetic_button_pkg/msg/detail/input_status__rosidl_typesupport_fastrtps_c.h
[2.912s] -- Up-to-date: /root/ws/origami/install/diegetic_button_pkg/lib/libdiegetic_button_pkg__rosidl_typesupport_fastrtps_c.so
[2.912s] -- Up-to-date: /root/ws/origami/install/diegetic_button_pkg/include/diegetic_button_pkg/diegetic_button_pkg
[2.912s] -- Up-to-date: /root/ws/origami/install/diegetic_button_pkg/include/diegetic_button_pkg/diegetic_button_pkg/msg
[2.913s] -- Up-to-date: /root/ws/origami/install/diegetic_button_pkg/include/diegetic_button_pkg/diegetic_button_pkg/msg/diegetic_button.hpp
[2.913s] -- Up-to-date: /root/ws/origami/install/diegetic_button_pkg/include/diegetic_button_pkg/diegetic_button_pkg/msg/input_status_array.hpp
[2.913s] -- Up-to-date: /root/ws/origami/install/diegetic_button_pkg/include/diegetic_button_pkg/diegetic_button_pkg/msg/diegetic_button_array.hpp
[2.913s] -- Up-to-date: /root/ws/origami/install/diegetic_button_pkg/include/diegetic_button_pkg/diegetic_button_pkg/msg/detail
[2.913s] -- Up-to-date: /root/ws/origami/install/diegetic_button_pkg/include/diegetic_button_pkg/diegetic_button_pkg/msg/detail/diegetic_button_array__traits.hpp
[2.913s] -- Up-to-date: /root/ws/origami/install/diegetic_button_pkg/include/diegetic_button_pkg/diegetic_button_pkg/msg/detail/input_status__struct.hpp
[2.914s] -- Up-to-date: /root/ws/origami/install/diegetic_button_pkg/include/diegetic_button_pkg/diegetic_button_pkg/msg/detail/input_status__builder.hpp
[2.914s] -- Up-to-date: /root/ws/origami/install/diegetic_button_pkg/include/diegetic_button_pkg/diegetic_button_pkg/msg/detail/diegetic_button__traits.hpp
[2.914s] -- Up-to-date: /root/ws/origami/install/diegetic_button_pkg/include/diegetic_button_pkg/diegetic_button_pkg/msg/detail/input_status_array__builder.hpp
[2.914s] -- Up-to-date: /root/ws/origami/install/diegetic_button_pkg/include/diegetic_button_pkg/diegetic_button_pkg/msg/detail/input_status_array__traits.hpp
[2.914s] -- Up-to-date: /root/ws/origami/install/diegetic_button_pkg/include/diegetic_button_pkg/diegetic_button_pkg/msg/detail/diegetic_button_array__builder.hpp
[2.914s] -- Up-to-date: /root/ws/origami/install/diegetic_button_pkg/include/diegetic_button_pkg/diegetic_button_pkg/msg/detail/diegetic_button__struct.hpp
[2.915s] -- Up-to-date: /root/ws/origami/install/diegetic_button_pkg/include/diegetic_button_pkg/diegetic_button_pkg/msg/detail/diegetic_button_array__struct.hpp
[2.915s] -- Up-to-date: /root/ws/origami/install/diegetic_button_pkg/include/diegetic_button_pkg/diegetic_button_pkg/msg/detail/diegetic_button__builder.hpp
[2.915s] -- Up-to-date: /root/ws/origami/install/diegetic_button_pkg/include/diegetic_button_pkg/diegetic_button_pkg/msg/detail/input_status_array__struct.hpp
[2.915s] -- Up-to-date: /root/ws/origami/install/diegetic_button_pkg/include/diegetic_button_pkg/diegetic_button_pkg/msg/detail/input_status__traits.hpp
[2.916s] -- Up-to-date: /root/ws/origami/install/diegetic_button_pkg/include/diegetic_button_pkg/diegetic_button_pkg/msg/input_status.hpp
[2.916s] -- Up-to-date: /root/ws/origami/install/diegetic_button_pkg/include/diegetic_button_pkg/diegetic_button_pkg
[2.916s] -- Up-to-date: /root/ws/origami/install/diegetic_button_pkg/include/diegetic_button_pkg/diegetic_button_pkg/msg
[2.916s] -- Up-to-date: /root/ws/origami/install/diegetic_button_pkg/include/diegetic_button_pkg/diegetic_button_pkg/msg/rosidl_typesupport_fastrtps_cpp__visibility_control.h
[2.917s] -- Up-to-date: /root/ws/origami/install/diegetic_button_pkg/include/diegetic_button_pkg/diegetic_button_pkg/msg/detail
[2.917s] -- Up-to-date: /root/ws/origami/install/diegetic_button_pkg/include/diegetic_button_pkg/diegetic_button_pkg/msg/detail/input_status_array__rosidl_typesupport_fastrtps_cpp.hpp
[2.917s] -- Up-to-date: /root/ws/origami/install/diegetic_button_pkg/include/diegetic_button_pkg/diegetic_button_pkg/msg/detail/diegetic_button_array__rosidl_typesupport_fastrtps_cpp.hpp
[2.917s] -- Up-to-date: /root/ws/origami/install/diegetic_button_pkg/include/diegetic_button_pkg/diegetic_button_pkg/msg/detail/input_status__rosidl_typesupport_fastrtps_cpp.hpp
[2.917s] -- Up-to-date: /root/ws/origami/install/diegetic_button_pkg/include/diegetic_button_pkg/diegetic_button_pkg/msg/detail/diegetic_button__rosidl_typesupport_fastrtps_cpp.hpp
[2.918s] -- Up-to-date: /root/ws/origami/install/diegetic_button_pkg/include/diegetic_button_pkg/diegetic_button_pkg/msg/detail/dds_fastrtps
[2.918s] -- Up-to-date: /root/ws/origami/install/diegetic_button_pkg/lib/libdiegetic_button_pkg__rosidl_typesupport_fastrtps_cpp.so
[2.918s] -- Up-to-date: /root/ws/origami/install/diegetic_button_pkg/include/diegetic_button_pkg/diegetic_button_pkg
[2.918s] -- Up-to-date: /root/ws/origami/install/diegetic_button_pkg/include/diegetic_button_pkg/diegetic_button_pkg/msg
[2.919s] -- Up-to-date: /root/ws/origami/install/diegetic_button_pkg/include/diegetic_button_pkg/diegetic_button_pkg/msg/rosidl_typesupport_introspection_c__visibility_control.h
[2.919s] -- Up-to-date: /root/ws/origami/install/diegetic_button_pkg/include/diegetic_button_pkg/diegetic_button_pkg/msg/detail
[2.919s] -- Up-to-date: /root/ws/origami/install/diegetic_button_pkg/include/diegetic_button_pkg/diegetic_button_pkg/msg/detail/input_status__type_support.c
[2.919s] -- Up-to-date: /root/ws/origami/install/diegetic_button_pkg/include/diegetic_button_pkg/diegetic_button_pkg/msg/detail/input_status__rosidl_typesupport_introspection_c.h
[2.919s] -- Up-to-date: /root/ws/origami/install/diegetic_button_pkg/include/diegetic_button_pkg/diegetic_button_pkg/msg/detail/diegetic_button__rosidl_typesupport_introspection_c.h
[2.920s] -- Up-to-date: /root/ws/origami/install/diegetic_button_pkg/include/diegetic_button_pkg/diegetic_button_pkg/msg/detail/input_status_array__type_support.c
[2.920s] -- Up-to-date: /root/ws/origami/install/diegetic_button_pkg/include/diegetic_button_pkg/diegetic_button_pkg/msg/detail/diegetic_button__type_support.c
[2.920s] -- Up-to-date: /root/ws/origami/install/diegetic_button_pkg/include/diegetic_button_pkg/diegetic_button_pkg/msg/detail/diegetic_button_array__rosidl_typesupport_introspection_c.h
[2.920s] -- Up-to-date: /root/ws/origami/install/diegetic_button_pkg/include/diegetic_button_pkg/diegetic_button_pkg/msg/detail/input_status_array__rosidl_typesupport_introspection_c.h
[2.921s] -- Up-to-date: /root/ws/origami/install/diegetic_button_pkg/include/diegetic_button_pkg/diegetic_button_pkg/msg/detail/diegetic_button_array__type_support.c
[2.921s] -- Up-to-date: /root/ws/origami/install/diegetic_button_pkg/lib/libdiegetic_button_pkg__rosidl_typesupport_introspection_c.so
[2.921s] -- Up-to-date: /root/ws/origami/install/diegetic_button_pkg/lib/libdiegetic_button_pkg__rosidl_typesupport_c.so
[2.921s] -- Up-to-date: /root/ws/origami/install/diegetic_button_pkg/include/diegetic_button_pkg/diegetic_button_pkg
[2.921s] -- Up-to-date: /root/ws/origami/install/diegetic_button_pkg/include/diegetic_button_pkg/diegetic_button_pkg/msg
[2.921s] -- Up-to-date: /root/ws/origami/install/diegetic_button_pkg/include/diegetic_button_pkg/diegetic_button_pkg/msg/detail
[2.922s] -- Up-to-date: /root/ws/origami/install/diegetic_button_pkg/include/diegetic_button_pkg/diegetic_button_pkg/msg/detail/diegetic_button_array__rosidl_typesupport_introspection_cpp.hpp
[2.922s] -- Up-to-date: /root/ws/origami/install/diegetic_button_pkg/include/diegetic_button_pkg/diegetic_button_pkg/msg/detail/input_status_array__type_support.cpp
[2.922s] -- Up-to-date: /root/ws/origami/install/diegetic_button_pkg/include/diegetic_button_pkg/diegetic_button_pkg/msg/detail/input_status__rosidl_typesupport_introspection_cpp.hpp
[2.922s] -- Up-to-date: /root/ws/origami/install/diegetic_button_pkg/include/diegetic_button_pkg/diegetic_button_pkg/msg/detail/diegetic_button_array__type_support.cpp
[2.922s] -- Up-to-date: /root/ws/origami/install/diegetic_button_pkg/include/diegetic_button_pkg/diegetic_button_pkg/msg/detail/diegetic_button__rosidl_typesupport_introspection_cpp.hpp
[2.922s] -- Up-to-date: /root/ws/origami/install/diegetic_button_pkg/include/diegetic_button_pkg/diegetic_button_pkg/msg/detail/input_status__type_support.cpp
[2.922s] -- Up-to-date: /root/ws/origami/install/diegetic_button_pkg/include/diegetic_button_pkg/diegetic_button_pkg/msg/detail/input_status_array__rosidl_typesupport_introspection_cpp.hpp
[2.923s] -- Up-to-date: /root/ws/origami/install/diegetic_button_pkg/include/diegetic_button_pkg/diegetic_button_pkg/msg/detail/diegetic_button__type_support.cpp
[2.923s] -- Up-to-date: /root/ws/origami/install/diegetic_button_pkg/lib/libdiegetic_button_pkg__rosidl_typesupport_introspection_cpp.so
[2.923s] -- Up-to-date: /root/ws/origami/install/diegetic_button_pkg/lib/libdiegetic_button_pkg__rosidl_typesupport_cpp.so
[2.923s] -- Up-to-date: /root/ws/origami/install/diegetic_button_pkg/local/lib/python3.10/dist-packages/diegetic_button_pkg-0.0.0-py3.10.egg-info
[2.923s] -- Installing: /root/ws/origami/install/diegetic_button_pkg/local/lib/python3.10/dist-packages/diegetic_button_pkg-0.0.0-py3.10.egg-info/top_level.txt
[2.923s] -- Installing: /root/ws/origami/install/diegetic_button_pkg/local/lib/python3.10/dist-packages/diegetic_button_pkg-0.0.0-py3.10.egg-info/SOURCES.txt
[2.924s] -- Installing: /root/ws/origami/install/diegetic_button_pkg/local/lib/python3.10/dist-packages/diegetic_button_pkg-0.0.0-py3.10.egg-info/dependency_links.txt
[2.924s] -- Installing: /root/ws/origami/install/diegetic_button_pkg/local/lib/python3.10/dist-packages/diegetic_button_pkg-0.0.0-py3.10.egg-info/PKG-INFO
[2.924s] -- Up-to-date: /root/ws/origami/install/diegetic_button_pkg/local/lib/python3.10/dist-packages/diegetic_button_pkg
[2.924s] -- Up-to-date: /root/ws/origami/install/diegetic_button_pkg/local/lib/python3.10/dist-packages/diegetic_button_pkg/diegetic_button_pkg_s__rosidl_typesupport_introspection_c.cpython-310-x86_64-linux-gnu.so
[2.924s] -- Up-to-date: /root/ws/origami/install/diegetic_button_pkg/local/lib/python3.10/dist-packages/diegetic_button_pkg/_diegetic_button_pkg_s.ep.rosidl_typesupport_c.c
[2.924s] -- Up-to-date: /root/ws/origami/install/diegetic_button_pkg/local/lib/python3.10/dist-packages/diegetic_button_pkg/diegetic_button_pkg_s__rosidl_typesupport_fastrtps_c.cpython-310-x86_64-linux-gnu.so
[2.924s] -- Up-to-date: /root/ws/origami/install/diegetic_button_pkg/local/lib/python3.10/dist-packages/diegetic_button_pkg/_diegetic_button_pkg_s.ep.rosidl_typesupport_introspection_c.c
[2.925s] -- Up-to-date: /root/ws/origami/install/diegetic_button_pkg/local/lib/python3.10/dist-packages/diegetic_button_pkg/diegetic_button_pkg_s__rosidl_typesupport_c.cpython-310-x86_64-linux-gnu.so
[2.925s] -- Up-to-date: /root/ws/origami/install/diegetic_button_pkg/local/lib/python3.10/dist-packages/diegetic_button_pkg/__init__.py
[2.925s] -- Up-to-date: /root/ws/origami/install/diegetic_button_pkg/local/lib/python3.10/dist-packages/diegetic_button_pkg/_diegetic_button_pkg_s.ep.rosidl_typesupport_fastrtps_c.c
[2.925s] -- Up-to-date: /root/ws/origami/install/diegetic_button_pkg/local/lib/python3.10/dist-packages/diegetic_button_pkg/msg
[2.925s] -- Up-to-date: /root/ws/origami/install/diegetic_button_pkg/local/lib/python3.10/dist-packages/diegetic_button_pkg/msg/_diegetic_button.py
[2.925s] -- Up-to-date: /root/ws/origami/install/diegetic_button_pkg/local/lib/python3.10/dist-packages/diegetic_button_pkg/msg/_input_status_array_s.c
[2.926s] -- Up-to-date: /root/ws/origami/install/diegetic_button_pkg/local/lib/python3.10/dist-packages/diegetic_button_pkg/msg/_diegetic_button_array_s.c
[2.926s] -- Up-to-date: /root/ws/origami/install/diegetic_button_pkg/local/lib/python3.10/dist-packages/diegetic_button_pkg/msg/_input_status_s.c
[2.926s] -- Up-to-date: /root/ws/origami/install/diegetic_button_pkg/local/lib/python3.10/dist-packages/diegetic_button_pkg/msg/_diegetic_button_array.py
[2.926s] -- Up-to-date: /root/ws/origami/install/diegetic_button_pkg/local/lib/python3.10/dist-packages/diegetic_button_pkg/msg/__init__.py
[2.926s] -- Up-to-date: /root/ws/origami/install/diegetic_button_pkg/local/lib/python3.10/dist-packages/diegetic_button_pkg/msg/_input_status.py
[2.926s] -- Up-to-date: /root/ws/origami/install/diegetic_button_pkg/local/lib/python3.10/dist-packages/diegetic_button_pkg/msg/_input_status_array.py
[2.926s] -- Up-to-date: /root/ws/origami/install/diegetic_button_pkg/local/lib/python3.10/dist-packages/diegetic_button_pkg/msg/_diegetic_button_s.c
[2.927s] -- Up-to-date: /root/ws/origami/install/diegetic_button_pkg/local/lib/python3.10/dist-packages/diegetic_button_pkg/libdiegetic_button_pkg__rosidl_generator_py.so
[2.995s] Listing '/root/ws/origami/install/diegetic_button_pkg/local/lib/python3.10/dist-packages/diegetic_button_pkg'...
[2.995s] Listing '/root/ws/origami/install/diegetic_button_pkg/local/lib/python3.10/dist-packages/diegetic_button_pkg/msg'...
[3.001s] -- Up-to-date: /root/ws/origami/install/diegetic_button_pkg/local/lib/python3.10/dist-packages/diegetic_button_pkg/diegetic_button_pkg_s__rosidl_typesupport_fastrtps_c.cpython-310-x86_64-linux-gnu.so
[3.001s] -- Up-to-date: /root/ws/origami/install/diegetic_button_pkg/local/lib/python3.10/dist-packages/diegetic_button_pkg/diegetic_button_pkg_s__rosidl_typesupport_introspection_c.cpython-310-x86_64-linux-gnu.so
[3.002s] -- Up-to-date: /root/ws/origami/install/diegetic_button_pkg/local/lib/python3.10/dist-packages/diegetic_button_pkg/diegetic_button_pkg_s__rosidl_typesupport_c.cpython-310-x86_64-linux-gnu.so
[3.002s] -- Up-to-date: /root/ws/origami/install/diegetic_button_pkg/lib/libdiegetic_button_pkg__rosidl_generator_py.so
[3.003s] -- Up-to-date: /root/ws/origami/install/diegetic_button_pkg/share/diegetic_button_pkg/msg/DiegeticButton.idl
[3.003s] -- Up-to-date: /root/ws/origami/install/diegetic_button_pkg/share/diegetic_button_pkg/msg/DiegeticButtonArray.idl
[3.003s] -- Up-to-date: /root/ws/origami/install/diegetic_button_pkg/share/diegetic_button_pkg/msg/InputStatus.idl
[3.003s] -- Up-to-date: /root/ws/origami/install/diegetic_button_pkg/share/diegetic_button_pkg/msg/InputStatusArray.idl
[3.004s] -- Up-to-date: /root/ws/origami/install/diegetic_button_pkg/share/diegetic_button_pkg/msg/DiegeticButton.msg
[3.004s] -- Up-to-date: /root/ws/origami/install/diegetic_button_pkg/share/diegetic_button_pkg/msg/DiegeticButtonArray.msg
[3.004s] -- Up-to-date: /root/ws/origami/install/diegetic_button_pkg/share/diegetic_button_pkg/msg/InputStatus.msg
[3.004s] -- Up-to-date: /root/ws/origami/install/diegetic_button_pkg/share/diegetic_button_pkg/msg/InputStatusArray.msg
[3.005s] -- Up-to-date: /root/ws/origami/install/diegetic_button_pkg/lib/diegetic_button_pkg/diegetic_button.py
[3.005s] -- Up-to-date: /root/ws/origami/install/diegetic_button_pkg/lib/diegetic_button_pkg/input_check.py
[3.005s] -- Up-to-date: /root/ws/origami/install/diegetic_button_pkg/lib/diegetic_button_pkg/bagToCSV.py
[3.005s] -- Installing: /root/ws/origami/install/diegetic_button_pkg/lib/diegetic_button_pkg/joy.py
[3.006s] -- Up-to-date: /root/ws/origami/install/diegetic_button_pkg/lib/diegetic_button_pkg/piano_demo.py
[3.006s] -- Up-to-date: /root/ws/origami/install/diegetic_button_pkg/share/ament_index/resource_index/package_run_dependencies/diegetic_button_pkg
[3.006s] -- Up-to-date: /root/ws/origami/install/diegetic_button_pkg/share/ament_index/resource_index/parent_prefix_path/diegetic_button_pkg
[3.007s] -- Up-to-date: /root/ws/origami/install/diegetic_button_pkg/share/diegetic_button_pkg/environment/ament_prefix_path.sh
[3.007s] -- Up-to-date: /root/ws/origami/install/diegetic_button_pkg/share/diegetic_button_pkg/environment/ament_prefix_path.dsv
[3.007s] -- Up-to-date: /root/ws/origami/install/diegetic_button_pkg/share/diegetic_button_pkg/environment/path.sh
[3.007s] -- Up-to-date: /root/ws/origami/install/diegetic_button_pkg/share/diegetic_button_pkg/environment/path.dsv
[3.007s] -- Up-to-date: /root/ws/origami/install/diegetic_button_pkg/share/diegetic_button_pkg/local_setup.bash
[3.007s] -- Up-to-date: /root/ws/origami/install/diegetic_button_pkg/share/diegetic_button_pkg/local_setup.sh
[3.021s] -- Up-to-date: /root/ws/origami/install/diegetic_button_pkg/share/diegetic_button_pkg/local_setup.zsh
[3.021s] -- Up-to-date: /root/ws/origami/install/diegetic_button_pkg/share/diegetic_button_pkg/local_setup.dsv
[3.021s] -- Installing: /root/ws/origami/install/diegetic_button_pkg/share/diegetic_button_pkg/package.dsv
[3.022s] -- Up-to-date: /root/ws/origami/install/diegetic_button_pkg/share/ament_index/resource_index/packages/diegetic_button_pkg
[3.023s] -- Up-to-date: /root/ws/origami/install/diegetic_button_pkg/share/diegetic_button_pkg/cmake/export_diegetic_button_pkg__rosidl_generator_cExport.cmake
[3.023s] -- Up-to-date: /root/ws/origami/install/diegetic_button_pkg/share/diegetic_button_pkg/cmake/export_diegetic_button_pkg__rosidl_generator_cExport-noconfig.cmake
[3.023s] -- Up-to-date: /root/ws/origami/install/diegetic_button_pkg/share/diegetic_button_pkg/cmake/export_diegetic_button_pkg__rosidl_typesupport_fastrtps_cExport.cmake
[3.023s] -- Up-to-date: /root/ws/origami/install/diegetic_button_pkg/share/diegetic_button_pkg/cmake/export_diegetic_button_pkg__rosidl_typesupport_fastrtps_cExport-noconfig.cmake
[3.023s] -- Up-to-date: /root/ws/origami/install/diegetic_button_pkg/share/diegetic_button_pkg/cmake/export_diegetic_button_pkg__rosidl_generator_cppExport.cmake
[3.023s] -- Up-to-date: /root/ws/origami/install/diegetic_button_pkg/share/diegetic_button_pkg/cmake/export_diegetic_button_pkg__rosidl_typesupport_fastrtps_cppExport.cmake
[3.024s] -- Up-to-date: /root/ws/origami/install/diegetic_button_pkg/share/diegetic_button_pkg/cmake/export_diegetic_button_pkg__rosidl_typesupport_fastrtps_cppExport-noconfig.cmake
[3.024s] -- Up-to-date: /root/ws/origami/install/diegetic_button_pkg/share/diegetic_button_pkg/cmake/diegetic_button_pkg__rosidl_typesupport_introspection_cExport.cmake
[3.024s] -- Up-to-date: /root/ws/origami/install/diegetic_button_pkg/share/diegetic_button_pkg/cmake/diegetic_button_pkg__rosidl_typesupport_introspection_cExport-noconfig.cmake
[3.024s] -- Up-to-date: /root/ws/origami/install/diegetic_button_pkg/share/diegetic_button_pkg/cmake/diegetic_button_pkg__rosidl_typesupport_cExport.cmake
[3.024s] -- Up-to-date: /root/ws/origami/install/diegetic_button_pkg/share/diegetic_button_pkg/cmake/diegetic_button_pkg__rosidl_typesupport_cExport-noconfig.cmake
[3.024s] -- Up-to-date: /root/ws/origami/install/diegetic_button_pkg/share/diegetic_button_pkg/cmake/diegetic_button_pkg__rosidl_typesupport_introspection_cppExport.cmake
[3.024s] -- Up-to-date: /root/ws/origami/install/diegetic_button_pkg/share/diegetic_button_pkg/cmake/diegetic_button_pkg__rosidl_typesupport_introspection_cppExport-noconfig.cmake
[3.025s] -- Up-to-date: /root/ws/origami/install/diegetic_button_pkg/share/diegetic_button_pkg/cmake/diegetic_button_pkg__rosidl_typesupport_cppExport.cmake
[3.025s] -- Up-to-date: /root/ws/origami/install/diegetic_button_pkg/share/diegetic_button_pkg/cmake/diegetic_button_pkg__rosidl_typesupport_cppExport-noconfig.cmake
[3.025s] -- Up-to-date: /root/ws/origami/install/diegetic_button_pkg/share/diegetic_button_pkg/cmake/export_diegetic_button_pkg__rosidl_generator_pyExport.cmake
[3.025s] -- Up-to-date: /root/ws/origami/install/diegetic_button_pkg/share/diegetic_button_pkg/cmake/export_diegetic_button_pkg__rosidl_generator_pyExport-noconfig.cmake
[3.025s] -- Up-to-date: /root/ws/origami/install/diegetic_button_pkg/share/diegetic_button_pkg/cmake/rosidl_cmake-extras.cmake
[3.025s] -- Up-to-date: /root/ws/origami/install/diegetic_button_pkg/share/diegetic_button_pkg/cmake/ament_cmake_export_dependencies-extras.cmake
[3.025s] -- Up-to-date: /root/ws/origami/install/diegetic_button_pkg/share/diegetic_button_pkg/cmake/ament_cmake_export_include_directories-extras.cmake
[3.026s] -- Up-to-date: /root/ws/origami/install/diegetic_button_pkg/share/diegetic_button_pkg/cmake/ament_cmake_export_libraries-extras.cmake
[3.026s] -- Up-to-date: /root/ws/origami/install/diegetic_button_pkg/share/diegetic_button_pkg/cmake/ament_cmake_export_targets-extras.cmake
[3.026s] -- Up-to-date: /root/ws/origami/install/diegetic_button_pkg/share/diegetic_button_pkg/cmake/rosidl_cmake_export_typesupport_targets-extras.cmake
[3.029s] -- Up-to-date: /root/ws/origami/install/diegetic_button_pkg/share/diegetic_button_pkg/cmake/rosidl_cmake_export_typesupport_libraries-extras.cmake
[3.029s] -- Up-to-date: /root/ws/origami/install/diegetic_button_pkg/share/diegetic_button_pkg/cmake/diegetic_button_pkgConfig.cmake
[3.029s] -- Up-to-date: /root/ws/origami/install/diegetic_button_pkg/share/diegetic_button_pkg/cmake/diegetic_button_pkgConfig-version.cmake
[3.029s] -- Up-to-date: /root/ws/origami/install/diegetic_button_pkg/share/diegetic_button_pkg/package.xml
[3.029s] Invoked command in '/root/ws/origami/build/diegetic_button_pkg' returned '0': CMAKE_PREFIX_PATH=${CMAKE_PREFIX_PATH}:/opt/ros/humble /usr/bin/cmake --install /root/ws/origami/build/diegetic_button_pkg
