[0.050s] Invoking command in '/root/ws/origami/build/pupil_neon_pkg': CMAKE_PREFIX_PATH=${CMAKE_PREFIX_PATH}:/opt/ros/humble /usr/bin/cmake --build /root/ws/origami/build/pupil_neon_pkg -- -j12 -l12
[0.121s] Built target ament_cmake_python_copy_pupil_neon_pkg
[0.453s] running egg_info
[0.454s] writing pupil_neon_pkg.egg-info/PKG-INFO
[0.454s] writing dependency_links to pupil_neon_pkg.egg-info/dependency_links.txt
[0.454s] writing top-level names to pupil_neon_pkg.egg-info/top_level.txt
[0.458s] reading manifest file 'pupil_neon_pkg.egg-info/SOURCES.txt'
[0.458s] writing manifest file 'pupil_neon_pkg.egg-info/SOURCES.txt'
[0.518s] Built target ament_cmake_python_build_pupil_neon_pkg_egg
[0.529s] Invoked command in '/root/ws/origami/build/pupil_neon_pkg' returned '0': CMAKE_PREFIX_PATH=${CMAKE_PREFIX_PATH}:/opt/ros/humble /usr/bin/cmake --build /root/ws/origami/build/pupil_neon_pkg -- -j12 -l12
[0.570s] Invoking command in '/root/ws/origami/build/pupil_neon_pkg': CMAKE_PREFIX_PATH=${CMAKE_PREFIX_PATH}:/opt/ros/humble /usr/bin/cmake --install /root/ws/origami/build/pupil_neon_pkg
[0.578s] -- Install configuration: ""
[0.578s] -- Up-to-date: /root/ws/origami/install/pupil_neon_pkg/share/pupil_neon_pkg//launch
[0.579s] -- Up-to-date: /root/ws/origami/install/pupil_neon_pkg/share/pupil_neon_pkg//launch/emulator_pupil.launch.py
[0.579s] -- Up-to-date: /root/ws/origami/install/pupil_neon_pkg/share/pupil_neon_pkg//launch/pupil.launch.py
[0.579s] -- Up-to-date: /root/ws/origami/install/pupil_neon_pkg/share/pupil_neon_pkg/config
[0.579s] -- Up-to-date: /root/ws/origami/install/pupil_neon_pkg/share/pupil_neon_pkg/config/params.yaml
[0.579s] -- Up-to-date: /root/ws/origami/install/pupil_neon_pkg/share/pupil_neon_pkg/environment/pythonpath.sh
[0.579s] -- Up-to-date: /root/ws/origami/install/pupil_neon_pkg/share/pupil_neon_pkg/environment/pythonpath.dsv
[0.579s] -- Up-to-date: /root/ws/origami/install/pupil_neon_pkg/local/lib/python3.10/dist-packages/pupil_neon_pkg-1.0.0-py3.10.egg-info
[0.579s] -- Installing: /root/ws/origami/install/pupil_neon_pkg/local/lib/python3.10/dist-packages/pupil_neon_pkg-1.0.0-py3.10.egg-info/top_level.txt
[0.580s] -- Installing: /root/ws/origami/install/pupil_neon_pkg/local/lib/python3.10/dist-packages/pupil_neon_pkg-1.0.0-py3.10.egg-info/SOURCES.txt
[0.580s] -- Installing: /root/ws/origami/install/pupil_neon_pkg/local/lib/python3.10/dist-packages/pupil_neon_pkg-1.0.0-py3.10.egg-info/dependency_links.txt
[0.580s] -- Installing: /root/ws/origami/install/pupil_neon_pkg/local/lib/python3.10/dist-packages/pupil_neon_pkg-1.0.0-py3.10.egg-info/PKG-INFO
[0.580s] -- Up-to-date: /root/ws/origami/install/pupil_neon_pkg/local/lib/python3.10/dist-packages/pupil_neon_pkg
[0.580s] -- Up-to-date: /root/ws/origami/install/pupil_neon_pkg/local/lib/python3.10/dist-packages/pupil_neon_pkg/ehhpupil_publisher.py
[0.580s] -- Up-to-date: /root/ws/origami/install/pupil_neon_pkg/local/lib/python3.10/dist-packages/pupil_neon_pkg/__init__.py
[0.614s] Listing '/root/ws/origami/install/pupil_neon_pkg/local/lib/python3.10/dist-packages/pupil_neon_pkg'...
[0.621s] -- Up-to-date: /root/ws/origami/install/pupil_neon_pkg/lib/pupil_neon_pkg/pupil_publisher.py
[0.621s] -- Up-to-date: /root/ws/origami/install/pupil_neon_pkg/lib/pupil_neon_pkg/frame_publisher.py
[0.621s] -- Up-to-date: /root/ws/origami/install/pupil_neon_pkg/lib/pupil_neon_pkg/emulator_publisher.py
[0.622s] -- Up-to-date: /root/ws/origami/install/pupil_neon_pkg/share/ament_index/resource_index/package_run_dependencies/pupil_neon_pkg
[0.622s] -- Up-to-date: /root/ws/origami/install/pupil_neon_pkg/share/ament_index/resource_index/parent_prefix_path/pupil_neon_pkg
[0.622s] -- Up-to-date: /root/ws/origami/install/pupil_neon_pkg/share/pupil_neon_pkg/environment/ament_prefix_path.sh
[0.622s] -- Up-to-date: /root/ws/origami/install/pupil_neon_pkg/share/pupil_neon_pkg/environment/ament_prefix_path.dsv
[0.622s] -- Up-to-date: /root/ws/origami/install/pupil_neon_pkg/share/pupil_neon_pkg/environment/path.sh
[0.622s] -- Up-to-date: /root/ws/origami/install/pupil_neon_pkg/share/pupil_neon_pkg/environment/path.dsv
[0.623s] -- Up-to-date: /root/ws/origami/install/pupil_neon_pkg/share/pupil_neon_pkg/local_setup.bash
[0.623s] -- Up-to-date: /root/ws/origami/install/pupil_neon_pkg/share/pupil_neon_pkg/local_setup.sh
[0.623s] -- Up-to-date: /root/ws/origami/install/pupil_neon_pkg/share/pupil_neon_pkg/local_setup.zsh
[0.624s] -- Up-to-date: /root/ws/origami/install/pupil_neon_pkg/share/pupil_neon_pkg/local_setup.dsv
[0.624s] -- Installing: /root/ws/origami/install/pupil_neon_pkg/share/pupil_neon_pkg/package.dsv
[0.624s] -- Up-to-date: /root/ws/origami/install/pupil_neon_pkg/share/ament_index/resource_index/packages/pupil_neon_pkg
[0.624s] -- Up-to-date: /root/ws/origami/install/pupil_neon_pkg/share/pupil_neon_pkg/cmake/pupil_neon_pkgConfig.cmake
[0.624s] -- Up-to-date: /root/ws/origami/install/pupil_neon_pkg/share/pupil_neon_pkg/cmake/pupil_neon_pkgConfig-version.cmake
[0.624s] -- Up-to-date: /root/ws/origami/install/pupil_neon_pkg/share/pupil_neon_pkg/package.xml
[0.626s] Invoked command in '/root/ws/origami/build/pupil_neon_pkg' returned '0': CMAKE_PREFIX_PATH=${CMAKE_PREFIX_PATH}:/opt/ros/humble /usr/bin/cmake --install /root/ws/origami/build/pupil_neon_pkg
