[0.217s] Invoking command in '/root/ws/origami/build/fiducials': CMAKE_PREFIX_PATH=${CMAKE_PREFIX_PATH}:/opt/ros/humble /usr/bin/cmake /root/ws/origami/src/fiducials -DCMAKE_INSTALL_PREFIX=/root/ws/origami/install/fiducials
[0.500s] -- The C compiler identification is GNU 11.4.0
[0.500s] -- The CXX compiler identification is GNU 11.4.0
[0.501s] -- Detecting C compiler ABI info
[0.501s] -- Detecting C compiler ABI info - done
[0.501s] -- Check for working C compiler: /usr/bin/cc - skipped
[0.501s] -- Detecting C compile features
[0.501s] -- Detecting C compile features - done
[0.501s] -- Detecting CXX compiler ABI info
[0.501s] -- Detecting CXX compiler ABI info - done
[0.501s] -- Check for working CXX compiler: /usr/bin/c++ - skipped
[0.501s] -- Detecting CXX compile features
[0.501s] -- Detecting CXX compile features - done
[0.501s] -- Found ament_cmake: 1.3.5 (/opt/ros/humble/share/ament_cmake/cmake)
[0.675s] -- Found Python3: /usr/bin/python3.10 (found version "3.10.12") found components: Interpreter 
[0.774s] -- Found rclpy: 3.3.10 (/opt/ros/humble/share/rclpy/cmake)
[0.775s] -- Found builtin_interfaces: 1.2.1 (/opt/ros/humble/share/builtin_interfaces/cmake)
[0.807s] -- Found rosidl_generator_c: 3.1.5 (/opt/ros/humble/share/rosidl_generator_c/cmake)
[0.813s] -- Found rosidl_adapter: 3.1.5 (/opt/ros/humble/share/rosidl_adapter/cmake)
[0.822s] -- Found rosidl_generator_cpp: 3.1.5 (/opt/ros/humble/share/rosidl_generator_cpp/cmake)
[0.834s] -- Using all available rosidl_typesupport_c: rosidl_typesupport_fastrtps_c;rosidl_typesupport_introspection_c
[0.853s] -- Using all available rosidl_typesupport_cpp: rosidl_typesupport_fastrtps_cpp;rosidl_typesupport_introspection_cpp
[0.870s] -- Found geometry_msgs: 4.2.3 (/opt/ros/humble/share/geometry_msgs/cmake)
[0.986s] -- Found sensor_msgs: 4.2.3 (/opt/ros/humble/share/sensor_msgs/cmake)
[1.090s] -- Found rosidl_default_generators: 1.2.0 (/opt/ros/humble/share/rosidl_default_generators/cmake)
[1.100s] -- Found tf2_ros: 0.25.4 (/opt/ros/humble/share/tf2_ros/cmake)
[1.251s] -- Found rmw_implementation_cmake: 6.1.1 (/opt/ros/humble/share/rmw_implementation_cmake/cmake)
[1.253s] -- Found rmw_fastrtps_cpp: 6.2.4 (/opt/ros/humble/share/rmw_fastrtps_cpp/cmake)
[1.348s] -- Found OpenSSL: /usr/lib/x86_64-linux-gnu/libcrypto.so (found version "3.0.2")  
[1.376s] -- Found FastRTPS: /opt/ros/humble/include  
[1.431s] -- Using RMW implementation 'rmw_fastrtps_cpp' as default
[1.444s] -- Looking for pthread.h
[1.507s] -- Looking for pthread.h - found
[1.507s] -- Performing Test CMAKE_HAVE_LIBC_PTHREAD
[1.572s] -- Performing Test CMAKE_HAVE_LIBC_PTHREAD - Success
[1.574s] -- Found Threads: TRUE  
[2.344s] -- Found ament_cmake_ros: 0.10.0 (/opt/ros/humble/share/ament_cmake_ros/cmake)
[2.693s] -- Using all available rosidl_typesupport_c: rosidl_typesupport_fastrtps_c;rosidl_typesupport_introspection_c
[2.829s] -- Using all available rosidl_typesupport_cpp: rosidl_typesupport_fastrtps_cpp;rosidl_typesupport_introspection_cpp
[2.847s] -- Found PythonInterp: /usr/bin/python3 (found suitable version "3.10.12", minimum required is "3.6") 
[2.849s] -- Found python_cmake_module: 0.10.0 (/opt/ros/humble/share/python_cmake_module/cmake)
[2.870s] -- Found PythonLibs: /usr/lib/x86_64-linux-gnu/libpython3.10.so (found suitable version "3.10.12", minimum required is "3.5") 
[2.871s] -- Using PYTHON_EXECUTABLE: /usr/bin/python3
[2.871s] -- Using PYTHON_INCLUDE_DIRS: /usr/include/python3.10
[2.871s] -- Using PYTHON_LIBRARIES: /usr/lib/x86_64-linux-gnu/libpython3.10.so
[2.892s] -- Found PythonExtra: .so  
[2.943s] -- Found ament_lint_auto: 0.12.8 (/opt/ros/humble/share/ament_lint_auto/cmake)
[2.959s] -- Added test 'copyright' to check source files copyright and LICENSE
[2.999s] -- Added test 'cppcheck' to perform static code analysis on C / C++ code
[2.999s] -- Configured cppcheck include dirs: 
[2.999s] -- Configured cppcheck exclude dirs and/or files: 
[3.039s] -- Added test 'cpplint' to check C / C++ code against the Google style
[3.039s] -- Configured cpplint exclude dirs and/or files: 
[3.044s] -- Added test 'flake8' to check Python code syntax and style conventions
[3.055s] -- Added test 'lint_cmake' to check CMake code style
[3.061s] -- Added test 'pep257' to check Python code against some of the docstring style conventions in PEP 257
[3.105s] -- Added test 'uncrustify' to check C / C++ code style
[3.105s] -- Configured uncrustify additional arguments: 
[3.111s] -- Added test 'xmllint' to check XML markup files
[3.113s] -- Configuring done
[3.153s] -- Generating done
[3.156s] -- Build files have been written to: /root/ws/origami/build/fiducials
