[0.052s] Invoking command in '/root/ws/origami/build/origami': CMAKE_PREFIX_PATH=${CMAKE_PREFIX_PATH}:/opt/ros/humble /usr/bin/cmake /root/ws/origami -DCMAKE_INSTALL_PREFIX=/root/ws/origami/install/origami
[0.062s] -- Found ament_cmake: 1.3.5 (/opt/ros/humble/share/ament_cmake/cmake)
[0.183s] -- Found rclpy: 3.3.10 (/opt/ros/humble/share/rclpy/cmake)
[0.183s] -- Found builtin_interfaces: 1.2.1 (/opt/ros/humble/share/builtin_interfaces/cmake)
[0.200s] -- Found rosidl_generator_c: 3.1.5 (/opt/ros/humble/share/rosidl_generator_c/cmake)
[0.203s] -- Found rosidl_adapter: 3.1.5 (/opt/ros/humble/share/rosidl_adapter/cmake)
[0.208s] -- Found rosidl_generator_cpp: 3.1.5 (/opt/ros/humble/share/rosidl_generator_cpp/cmake)
[0.220s] -- Using all available rosidl_typesupport_c: rosidl_typesupport_fastrtps_c;rosidl_typesupport_introspection_c
[0.236s] -- Using all available rosidl_typesupport_cpp: rosidl_typesupport_fastrtps_cpp;rosidl_typesupport_introspection_cpp
[0.250s] -- Found geometry_msgs: 4.2.3 (/opt/ros/humble/share/geometry_msgs/cmake)
[0.339s] -- Found rosidl_default_generators: 1.2.0 (/opt/ros/humble/share/rosidl_default_generators/cmake)
[0.351s] [31mCMake Error at CMakeLists.txt:16 (find_package):
[0.352s]   By not providing "Findfiducials.cmake" in CMAKE_MODULE_PATH this project
[0.352s]   has asked CMake to find a package configuration file provided by
[0.352s]   "fiducials", but CMake did not find one.
[0.352s] 
[0.352s]   Could not find a package configuration file provided by "fiducials" with
[0.352s]   any of the following names:
[0.352s] 
[0.352s]     fiducialsConfig.cmake
[0.352s]     fiducials-config.cmake
[0.352s] 
[0.352s]   Add the installation prefix of "fiducials" to CMAKE_PREFIX_PATH or set
[0.352s]   "fiducials_DIR" to a directory containing one of the above files.  If
[0.352s]   "fiducials" provides a separate development package or SDK, be sure it has
[0.352s]   been installed.
[0.352s] 
[0.352s] [0m
[0.352s] -- Configuring incomplete, errors occurred!
[0.352s] See also "/root/ws/origami/build/origami/CMakeFiles/CMakeOutput.log".
[0.355s] Invoked command in '/root/ws/origami/build/origami' returned '1': CMAKE_PREFIX_PATH=${CMAKE_PREFIX_PATH}:/opt/ros/humble /usr/bin/cmake /root/ws/origami -DCMAKE_INSTALL_PREFIX=/root/ws/origami/install/origami
