[0.066s] Invoking command in '/root/ws/origami/src/fiducials/build/fiducials': CMAKE_PREFIX_PATH=${CMAKE_PREFIX_PATH}:/opt/ros/humble /usr/bin/cmake --build /root/ws/origami/src/fiducials/build/fiducials -- -j12 -l12
[0.122s] [  1%] Built target fiducials__cpp
[0.123s] [ 12%] Built target fiducials__rosidl_generator_c
[0.152s] [ 23%] Built target fiducials__rosidl_typesupport_introspection_cpp
[0.173s] [ 35%] Built target fiducials__rosidl_typesupport_c
[0.197s] [ 46%] Built target fiducials__rosidl_typesupport_introspection_c
[0.226s] [ 57%] Built target fiducials__rosidl_typesupport_fastrtps_c
[0.254s] [ 69%] Built target fiducials__rosidl_typesupport_fastrtps_cpp
[0.284s] [ 80%] Built target fiducials__rosidl_typesupport_cpp
[0.301s] [ 80%] Built target ament_cmake_python_copy_scripts
[0.318s] [ 80%] Built target ament_cmake_python_copy_fiducials
[0.323s] [ 80%] Built target fiducials
[0.564s] running egg_info
[0.565s] writing scripts.egg-info/PKG-INFO
[0.566s] writing dependency_links to scripts.egg-info/dependency_links.txt
[0.566s] writing top-level names to scripts.egg-info/top_level.txt
[0.566s] running egg_info
[0.568s] writing fiducials.egg-info/PKG-INFO
[0.568s] writing dependency_links to fiducials.egg-info/dependency_links.txt
[0.568s] writing top-level names to fiducials.egg-info/top_level.txt
[0.570s] reading manifest file 'scripts.egg-info/SOURCES.txt'
[0.570s] reading manifest file 'fiducials.egg-info/SOURCES.txt'
[0.570s] writing manifest file 'scripts.egg-info/SOURCES.txt'
[0.570s] writing manifest file 'fiducials.egg-info/SOURCES.txt'
[0.608s] [ 80%] Built target ament_cmake_python_build_fiducials_egg
[0.620s] [ 80%] Built target ament_cmake_python_build_scripts_egg
[0.632s] [ 81%] Built target fiducials__py
[0.658s] [ 91%] Built target fiducials__rosidl_generator_py
[0.683s] [ 94%] Built target fiducials__rosidl_typesupport_fastrtps_c__pyext
[0.706s] [ 97%] Built target fiducials__rosidl_typesupport_c__pyext
[0.731s] [100%] Built target fiducials__rosidl_typesupport_introspection_c__pyext
[0.745s] Invoked command in '/root/ws/origami/src/fiducials/build/fiducials' returned '0': CMAKE_PREFIX_PATH=${CMAKE_PREFIX_PATH}:/opt/ros/humble /usr/bin/cmake --build /root/ws/origami/src/fiducials/build/fiducials -- -j12 -l12
[0.922s] Invoking command in '/root/ws/origami/src/fiducials/build/fiducials': CMAKE_PREFIX_PATH=${CMAKE_PREFIX_PATH}:/opt/ros/humble /usr/bin/cmake --install /root/ws/origami/src/fiducials/build/fiducials
[0.930s] -- Install configuration: ""
[0.930s] -- Up-to-date: /root/ws/origami/src/fiducials/install/fiducials/share/ament_index/resource_index/rosidl_interfaces/fiducials
[0.930s] -- Up-to-date: /root/ws/origami/src/fiducials/install/fiducials/include/fiducials/fiducials
[0.931s] -- Up-to-date: /root/ws/origami/src/fiducials/install/fiducials/include/fiducials/fiducials/msg
[0.931s] -- Up-to-date: /root/ws/origami/src/fiducials/install/fiducials/include/fiducials/fiducials/msg/fiducial_transform_array.h
[0.931s] -- Up-to-date: /root/ws/origami/src/fiducials/install/fiducials/include/fiducials/fiducials/msg/fiducial_transform.h
[0.931s] -- Up-to-date: /root/ws/origami/src/fiducials/install/fiducials/include/fiducials/fiducials/msg/fiducial_map_entry.h
[0.931s] -- Up-to-date: /root/ws/origami/src/fiducials/install/fiducials/include/fiducials/fiducials/msg/rosidl_generator_c__visibility_control.h
[0.931s] -- Up-to-date: /root/ws/origami/src/fiducials/install/fiducials/include/fiducials/fiducials/msg/fiducial_map_entry_array.h
[0.931s] -- Up-to-date: /root/ws/origami/src/fiducials/install/fiducials/include/fiducials/fiducials/msg/fiducial_array.h
[0.931s] -- Up-to-date: /root/ws/origami/src/fiducials/install/fiducials/include/fiducials/fiducials/msg/detail
[0.932s] -- Up-to-date: /root/ws/origami/src/fiducials/install/fiducials/include/fiducials/fiducials/msg/detail/fiducial_map_entry_array__functions.c
[0.932s] -- Up-to-date: /root/ws/origami/src/fiducials/install/fiducials/include/fiducials/fiducials/msg/detail/fiducial_transform__functions.h
[0.932s] -- Up-to-date: /root/ws/origami/src/fiducials/install/fiducials/include/fiducials/fiducials/msg/detail/fiducial_array__functions.c
[0.932s] -- Up-to-date: /root/ws/origami/src/fiducials/install/fiducials/include/fiducials/fiducials/msg/detail/fiducial_transform__type_support.h
[0.932s] -- Up-to-date: /root/ws/origami/src/fiducials/install/fiducials/include/fiducials/fiducials/msg/detail/fiducial_array__type_support.h
[0.932s] -- Up-to-date: /root/ws/origami/src/fiducials/install/fiducials/include/fiducials/fiducials/msg/detail/fiducial_map_entry__functions.c
[0.932s] -- Up-to-date: /root/ws/origami/src/fiducials/install/fiducials/include/fiducials/fiducials/msg/detail/fiducial__type_support.h
[0.932s] -- Up-to-date: /root/ws/origami/src/fiducials/install/fiducials/include/fiducials/fiducials/msg/detail/fiducial_map_entry__struct.h
[0.933s] -- Up-to-date: /root/ws/origami/src/fiducials/install/fiducials/include/fiducials/fiducials/msg/detail/fiducial_transform__functions.c
[0.933s] -- Up-to-date: /root/ws/origami/src/fiducials/install/fiducials/include/fiducials/fiducials/msg/detail/fiducial_transform_array__struct.h
[0.933s] -- Up-to-date: /root/ws/origami/src/fiducials/install/fiducials/include/fiducials/fiducials/msg/detail/fiducial__functions.h
[0.933s] -- Up-to-date: /root/ws/origami/src/fiducials/install/fiducials/include/fiducials/fiducials/msg/detail/fiducial_transform__struct.h
[0.933s] -- Up-to-date: /root/ws/origami/src/fiducials/install/fiducials/include/fiducials/fiducials/msg/detail/fiducial__struct.h
[0.933s] -- Up-to-date: /root/ws/origami/src/fiducials/install/fiducials/include/fiducials/fiducials/msg/detail/fiducial_array__functions.h
[0.933s] -- Up-to-date: /root/ws/origami/src/fiducials/install/fiducials/include/fiducials/fiducials/msg/detail/fiducial__functions.c
[0.933s] -- Up-to-date: /root/ws/origami/src/fiducials/install/fiducials/include/fiducials/fiducials/msg/detail/fiducial_array__struct.h
[0.934s] -- Up-to-date: /root/ws/origami/src/fiducials/install/fiducials/include/fiducials/fiducials/msg/detail/fiducial_map_entry__type_support.h
[0.934s] -- Up-to-date: /root/ws/origami/src/fiducials/install/fiducials/include/fiducials/fiducials/msg/detail/fiducial_map_entry__functions.h
[0.934s] -- Up-to-date: /root/ws/origami/src/fiducials/install/fiducials/include/fiducials/fiducials/msg/detail/fiducial_map_entry_array__type_support.h
[0.934s] -- Up-to-date: /root/ws/origami/src/fiducials/install/fiducials/include/fiducials/fiducials/msg/detail/fiducial_map_entry_array__struct.h
[0.934s] -- Up-to-date: /root/ws/origami/src/fiducials/install/fiducials/include/fiducials/fiducials/msg/detail/fiducial_transform_array__type_support.h
[0.934s] -- Up-to-date: /root/ws/origami/src/fiducials/install/fiducials/include/fiducials/fiducials/msg/detail/fiducial_map_entry_array__functions.h
[0.934s] -- Up-to-date: /root/ws/origami/src/fiducials/install/fiducials/include/fiducials/fiducials/msg/detail/fiducial_transform_array__functions.h
[0.934s] -- Up-to-date: /root/ws/origami/src/fiducials/install/fiducials/include/fiducials/fiducials/msg/detail/fiducial_transform_array__functions.c
[0.934s] -- Up-to-date: /root/ws/origami/src/fiducials/install/fiducials/include/fiducials/fiducials/msg/fiducial.h
[0.935s] -- Up-to-date: /root/ws/origami/src/fiducials/install/fiducials/share/fiducials/environment/library_path.sh
[0.935s] -- Up-to-date: /root/ws/origami/src/fiducials/install/fiducials/share/fiducials/environment/library_path.dsv
[0.935s] -- Up-to-date: /root/ws/origami/src/fiducials/install/fiducials/lib/libfiducials__rosidl_generator_c.so
[0.935s] -- Up-to-date: /root/ws/origami/src/fiducials/install/fiducials/include/fiducials/fiducials
[0.935s] -- Up-to-date: /root/ws/origami/src/fiducials/install/fiducials/include/fiducials/fiducials/msg
[0.935s] -- Up-to-date: /root/ws/origami/src/fiducials/install/fiducials/include/fiducials/fiducials/msg/rosidl_typesupport_fastrtps_c__visibility_control.h
[0.935s] -- Up-to-date: /root/ws/origami/src/fiducials/install/fiducials/include/fiducials/fiducials/msg/detail
[0.935s] -- Up-to-date: /root/ws/origami/src/fiducials/install/fiducials/include/fiducials/fiducials/msg/detail/fiducial_map_entry_array__rosidl_typesupport_fastrtps_c.h
[0.935s] -- Up-to-date: /root/ws/origami/src/fiducials/install/fiducials/include/fiducials/fiducials/msg/detail/fiducial_map_entry__rosidl_typesupport_fastrtps_c.h
[0.936s] -- Up-to-date: /root/ws/origami/src/fiducials/install/fiducials/include/fiducials/fiducials/msg/detail/fiducial_transform_array__rosidl_typesupport_fastrtps_c.h
[0.936s] -- Up-to-date: /root/ws/origami/src/fiducials/install/fiducials/include/fiducials/fiducials/msg/detail/fiducial_transform__rosidl_typesupport_fastrtps_c.h
[0.936s] -- Up-to-date: /root/ws/origami/src/fiducials/install/fiducials/include/fiducials/fiducials/msg/detail/fiducial__rosidl_typesupport_fastrtps_c.h
[0.936s] -- Up-to-date: /root/ws/origami/src/fiducials/install/fiducials/include/fiducials/fiducials/msg/detail/fiducial_array__rosidl_typesupport_fastrtps_c.h
[0.936s] -- Up-to-date: /root/ws/origami/src/fiducials/install/fiducials/lib/libfiducials__rosidl_typesupport_fastrtps_c.so
[0.936s] -- Up-to-date: /root/ws/origami/src/fiducials/install/fiducials/include/fiducials/fiducials
[0.936s] -- Up-to-date: /root/ws/origami/src/fiducials/install/fiducials/include/fiducials/fiducials/msg
[0.936s] -- Up-to-date: /root/ws/origami/src/fiducials/install/fiducials/include/fiducials/fiducials/msg/fiducial_transform_array.hpp
[0.936s] -- Up-to-date: /root/ws/origami/src/fiducials/install/fiducials/include/fiducials/fiducials/msg/fiducial_array.hpp
[0.937s] -- Up-to-date: /root/ws/origami/src/fiducials/install/fiducials/include/fiducials/fiducials/msg/fiducial.hpp
[0.937s] -- Up-to-date: /root/ws/origami/src/fiducials/install/fiducials/include/fiducials/fiducials/msg/fiducial_map_entry_array.hpp
[0.937s] -- Up-to-date: /root/ws/origami/src/fiducials/install/fiducials/include/fiducials/fiducials/msg/detail
[0.937s] -- Up-to-date: /root/ws/origami/src/fiducials/install/fiducials/include/fiducials/fiducials/msg/detail/fiducial_map_entry__builder.hpp
[0.937s] -- Up-to-date: /root/ws/origami/src/fiducials/install/fiducials/include/fiducials/fiducials/msg/detail/fiducial_transform__struct.hpp
[0.937s] -- Up-to-date: /root/ws/origami/src/fiducials/install/fiducials/include/fiducials/fiducials/msg/detail/fiducial_map_entry_array__struct.hpp
[0.937s] -- Up-to-date: /root/ws/origami/src/fiducials/install/fiducials/include/fiducials/fiducials/msg/detail/fiducial_transform__builder.hpp
[0.937s] -- Up-to-date: /root/ws/origami/src/fiducials/install/fiducials/include/fiducials/fiducials/msg/detail/fiducial_transform_array__builder.hpp
[0.937s] -- Up-to-date: /root/ws/origami/src/fiducials/install/fiducials/include/fiducials/fiducials/msg/detail/fiducial_array__builder.hpp
[0.937s] -- Up-to-date: /root/ws/origami/src/fiducials/install/fiducials/include/fiducials/fiducials/msg/detail/fiducial_map_entry_array__traits.hpp
[0.938s] -- Up-to-date: /root/ws/origami/src/fiducials/install/fiducials/include/fiducials/fiducials/msg/detail/fiducial_map_entry__struct.hpp
[0.938s] -- Up-to-date: /root/ws/origami/src/fiducials/install/fiducials/include/fiducials/fiducials/msg/detail/fiducial_map_entry_array__builder.hpp
[0.938s] -- Up-to-date: /root/ws/origami/src/fiducials/install/fiducials/include/fiducials/fiducials/msg/detail/fiducial_transform__traits.hpp
[0.938s] -- Up-to-date: /root/ws/origami/src/fiducials/install/fiducials/include/fiducials/fiducials/msg/detail/fiducial_map_entry__traits.hpp
[0.938s] -- Up-to-date: /root/ws/origami/src/fiducials/install/fiducials/include/fiducials/fiducials/msg/detail/fiducial_transform_array__traits.hpp
[0.938s] -- Up-to-date: /root/ws/origami/src/fiducials/install/fiducials/include/fiducials/fiducials/msg/detail/fiducial_transform_array__struct.hpp
[0.938s] -- Up-to-date: /root/ws/origami/src/fiducials/install/fiducials/include/fiducials/fiducials/msg/detail/fiducial__builder.hpp
[0.938s] -- Up-to-date: /root/ws/origami/src/fiducials/install/fiducials/include/fiducials/fiducials/msg/detail/fiducial_array__traits.hpp
[0.938s] -- Up-to-date: /root/ws/origami/src/fiducials/install/fiducials/include/fiducials/fiducials/msg/detail/fiducial__struct.hpp
[0.938s] -- Up-to-date: /root/ws/origami/src/fiducials/install/fiducials/include/fiducials/fiducials/msg/detail/fiducial__traits.hpp
[0.939s] -- Up-to-date: /root/ws/origami/src/fiducials/install/fiducials/include/fiducials/fiducials/msg/detail/fiducial_array__struct.hpp
[0.939s] -- Up-to-date: /root/ws/origami/src/fiducials/install/fiducials/include/fiducials/fiducials/msg/fiducial_map_entry.hpp
[0.939s] -- Up-to-date: /root/ws/origami/src/fiducials/install/fiducials/include/fiducials/fiducials/msg/fiducial_transform.hpp
[0.939s] -- Up-to-date: /root/ws/origami/src/fiducials/install/fiducials/include/fiducials/fiducials
[0.939s] -- Up-to-date: /root/ws/origami/src/fiducials/install/fiducials/include/fiducials/fiducials/msg
[0.939s] -- Up-to-date: /root/ws/origami/src/fiducials/install/fiducials/include/fiducials/fiducials/msg/rosidl_typesupport_fastrtps_cpp__visibility_control.h
[0.939s] -- Up-to-date: /root/ws/origami/src/fiducials/install/fiducials/include/fiducials/fiducials/msg/detail
[0.939s] -- Up-to-date: /root/ws/origami/src/fiducials/install/fiducials/include/fiducials/fiducials/msg/detail/fiducial_array__rosidl_typesupport_fastrtps_cpp.hpp
[0.939s] -- Up-to-date: /root/ws/origami/src/fiducials/install/fiducials/include/fiducials/fiducials/msg/detail/fiducial__rosidl_typesupport_fastrtps_cpp.hpp
[0.939s] -- Up-to-date: /root/ws/origami/src/fiducials/install/fiducials/include/fiducials/fiducials/msg/detail/fiducial_transform_array__rosidl_typesupport_fastrtps_cpp.hpp
[0.939s] -- Up-to-date: /root/ws/origami/src/fiducials/install/fiducials/include/fiducials/fiducials/msg/detail/fiducial_map_entry_array__rosidl_typesupport_fastrtps_cpp.hpp
[0.940s] -- Up-to-date: /root/ws/origami/src/fiducials/install/fiducials/include/fiducials/fiducials/msg/detail/fiducial_map_entry__rosidl_typesupport_fastrtps_cpp.hpp
[0.941s] -- Up-to-date: /root/ws/origami/src/fiducials/install/fiducials/include/fiducials/fiducials/msg/detail/dds_fastrtps
[0.941s] -- Up-to-date: /root/ws/origami/src/fiducials/install/fiducials/include/fiducials/fiducials/msg/detail/fiducial_transform__rosidl_typesupport_fastrtps_cpp.hpp
[0.941s] -- Up-to-date: /root/ws/origami/src/fiducials/install/fiducials/lib/libfiducials__rosidl_typesupport_fastrtps_cpp.so
[0.941s] -- Up-to-date: /root/ws/origami/src/fiducials/install/fiducials/include/fiducials/fiducials
[0.941s] -- Up-to-date: /root/ws/origami/src/fiducials/install/fiducials/include/fiducials/fiducials/msg
[0.941s] -- Up-to-date: /root/ws/origami/src/fiducials/install/fiducials/include/fiducials/fiducials/msg/rosidl_typesupport_introspection_c__visibility_control.h
[0.941s] -- Up-to-date: /root/ws/origami/src/fiducials/install/fiducials/include/fiducials/fiducials/msg/detail
[0.941s] -- Up-to-date: /root/ws/origami/src/fiducials/install/fiducials/include/fiducials/fiducials/msg/detail/fiducial_transform_array__rosidl_typesupport_introspection_c.h
[0.941s] -- Up-to-date: /root/ws/origami/src/fiducials/install/fiducials/include/fiducials/fiducials/msg/detail/fiducial_array__rosidl_typesupport_introspection_c.h
[0.941s] -- Up-to-date: /root/ws/origami/src/fiducials/install/fiducials/include/fiducials/fiducials/msg/detail/fiducial__rosidl_typesupport_introspection_c.h
[0.942s] -- Up-to-date: /root/ws/origami/src/fiducials/install/fiducials/include/fiducials/fiducials/msg/detail/fiducial_map_entry__type_support.c
[0.942s] -- Up-to-date: /root/ws/origami/src/fiducials/install/fiducials/include/fiducials/fiducials/msg/detail/fiducial_transform_array__type_support.c
[0.942s] -- Up-to-date: /root/ws/origami/src/fiducials/install/fiducials/include/fiducials/fiducials/msg/detail/fiducial_map_entry__rosidl_typesupport_introspection_c.h
[0.942s] -- Up-to-date: /root/ws/origami/src/fiducials/install/fiducials/include/fiducials/fiducials/msg/detail/fiducial_transform__rosidl_typesupport_introspection_c.h
[0.942s] -- Up-to-date: /root/ws/origami/src/fiducials/install/fiducials/include/fiducials/fiducials/msg/detail/fiducial_map_entry_array__rosidl_typesupport_introspection_c.h
[0.942s] -- Up-to-date: /root/ws/origami/src/fiducials/install/fiducials/include/fiducials/fiducials/msg/detail/fiducial_array__type_support.c
[0.942s] -- Up-to-date: /root/ws/origami/src/fiducials/install/fiducials/include/fiducials/fiducials/msg/detail/fiducial_transform__type_support.c
[0.942s] -- Up-to-date: /root/ws/origami/src/fiducials/install/fiducials/include/fiducials/fiducials/msg/detail/fiducial__type_support.c
[0.942s] -- Up-to-date: /root/ws/origami/src/fiducials/install/fiducials/include/fiducials/fiducials/msg/detail/fiducial_map_entry_array__type_support.c
[0.942s] -- Up-to-date: /root/ws/origami/src/fiducials/install/fiducials/lib/libfiducials__rosidl_typesupport_introspection_c.so
[0.943s] -- Up-to-date: /root/ws/origami/src/fiducials/install/fiducials/lib/libfiducials__rosidl_typesupport_c.so
[0.943s] -- Up-to-date: /root/ws/origami/src/fiducials/install/fiducials/include/fiducials/fiducials
[0.943s] -- Up-to-date: /root/ws/origami/src/fiducials/install/fiducials/include/fiducials/fiducials/msg
[0.943s] -- Up-to-date: /root/ws/origami/src/fiducials/install/fiducials/include/fiducials/fiducials/msg/detail
[0.943s] -- Up-to-date: /root/ws/origami/src/fiducials/install/fiducials/include/fiducials/fiducials/msg/detail/fiducial_transform__type_support.cpp
[0.943s] -- Up-to-date: /root/ws/origami/src/fiducials/install/fiducials/include/fiducials/fiducials/msg/detail/fiducial_map_entry__rosidl_typesupport_introspection_cpp.hpp
[0.943s] -- Up-to-date: /root/ws/origami/src/fiducials/install/fiducials/include/fiducials/fiducials/msg/detail/fiducial_transform_array__type_support.cpp
[0.943s] -- Up-to-date: /root/ws/origami/src/fiducials/install/fiducials/include/fiducials/fiducials/msg/detail/fiducial_array__rosidl_typesupport_introspection_cpp.hpp
[0.943s] -- Up-to-date: /root/ws/origami/src/fiducials/install/fiducials/include/fiducials/fiducials/msg/detail/fiducial_map_entry__type_support.cpp
[0.943s] -- Up-to-date: /root/ws/origami/src/fiducials/install/fiducials/include/fiducials/fiducials/msg/detail/fiducial__rosidl_typesupport_introspection_cpp.hpp
[0.943s] -- Up-to-date: /root/ws/origami/src/fiducials/install/fiducials/include/fiducials/fiducials/msg/detail/fiducial__type_support.cpp
[0.944s] -- Up-to-date: /root/ws/origami/src/fiducials/install/fiducials/include/fiducials/fiducials/msg/detail/fiducial_map_entry_array__rosidl_typesupport_introspection_cpp.hpp
[0.944s] -- Up-to-date: /root/ws/origami/src/fiducials/install/fiducials/include/fiducials/fiducials/msg/detail/fiducial_array__type_support.cpp
[0.944s] -- Up-to-date: /root/ws/origami/src/fiducials/install/fiducials/include/fiducials/fiducials/msg/detail/fiducial_map_entry_array__type_support.cpp
[0.944s] -- Up-to-date: /root/ws/origami/src/fiducials/install/fiducials/include/fiducials/fiducials/msg/detail/fiducial_transform__rosidl_typesupport_introspection_cpp.hpp
[0.944s] -- Up-to-date: /root/ws/origami/src/fiducials/install/fiducials/include/fiducials/fiducials/msg/detail/fiducial_transform_array__rosidl_typesupport_introspection_cpp.hpp
[0.944s] -- Up-to-date: /root/ws/origami/src/fiducials/install/fiducials/lib/libfiducials__rosidl_typesupport_introspection_cpp.so
[0.944s] -- Up-to-date: /root/ws/origami/src/fiducials/install/fiducials/lib/libfiducials__rosidl_typesupport_cpp.so
[0.944s] -- Up-to-date: /root/ws/origami/src/fiducials/install/fiducials/share/fiducials/environment/pythonpath.sh
[0.944s] -- Up-to-date: /root/ws/origami/src/fiducials/install/fiducials/share/fiducials/environment/pythonpath.dsv
[0.944s] -- Up-to-date: /root/ws/origami/src/fiducials/install/fiducials/local/lib/python3.10/dist-packages/fiducials-0.0.0-py3.10.egg-info
[0.944s] -- Installing: /root/ws/origami/src/fiducials/install/fiducials/local/lib/python3.10/dist-packages/fiducials-0.0.0-py3.10.egg-info/top_level.txt
[0.944s] -- Installing: /root/ws/origami/src/fiducials/install/fiducials/local/lib/python3.10/dist-packages/fiducials-0.0.0-py3.10.egg-info/SOURCES.txt
[0.944s] -- Installing: /root/ws/origami/src/fiducials/install/fiducials/local/lib/python3.10/dist-packages/fiducials-0.0.0-py3.10.egg-info/dependency_links.txt
[0.945s] -- Installing: /root/ws/origami/src/fiducials/install/fiducials/local/lib/python3.10/dist-packages/fiducials-0.0.0-py3.10.egg-info/PKG-INFO
[0.945s] -- Up-to-date: /root/ws/origami/src/fiducials/install/fiducials/local/lib/python3.10/dist-packages/fiducials
[0.945s] -- Up-to-date: /root/ws/origami/src/fiducials/install/fiducials/local/lib/python3.10/dist-packages/fiducials/_fiducials_s.ep.rosidl_typesupport_introspection_c.c
[0.945s] -- Up-to-date: /root/ws/origami/src/fiducials/install/fiducials/local/lib/python3.10/dist-packages/fiducials/fiducials_s__rosidl_typesupport_fastrtps_c.cpython-310-x86_64-linux-gnu.so
[0.945s] -- Up-to-date: /root/ws/origami/src/fiducials/install/fiducials/local/lib/python3.10/dist-packages/fiducials/_fiducials_s.ep.rosidl_typesupport_fastrtps_c.c
[0.945s] -- Up-to-date: /root/ws/origami/src/fiducials/install/fiducials/local/lib/python3.10/dist-packages/fiducials/fiducials_s__rosidl_typesupport_c.cpython-310-x86_64-linux-gnu.so
[0.945s] -- Up-to-date: /root/ws/origami/src/fiducials/install/fiducials/local/lib/python3.10/dist-packages/fiducials/libfiducials__rosidl_generator_py.so
[0.945s] -- Up-to-date: /root/ws/origami/src/fiducials/install/fiducials/local/lib/python3.10/dist-packages/fiducials/_fiducials_s.ep.rosidl_typesupport_c.c
[0.945s] -- Up-to-date: /root/ws/origami/src/fiducials/install/fiducials/local/lib/python3.10/dist-packages/fiducials/__init__.py
[0.945s] -- Up-to-date: /root/ws/origami/src/fiducials/install/fiducials/local/lib/python3.10/dist-packages/fiducials/fiducials_s__rosidl_typesupport_introspection_c.cpython-310-x86_64-linux-gnu.so
[0.945s] -- Up-to-date: /root/ws/origami/src/fiducials/install/fiducials/local/lib/python3.10/dist-packages/fiducials/msg
[0.945s] -- Up-to-date: /root/ws/origami/src/fiducials/install/fiducials/local/lib/python3.10/dist-packages/fiducials/msg/_fiducial.py
[0.945s] -- Up-to-date: /root/ws/origami/src/fiducials/install/fiducials/local/lib/python3.10/dist-packages/fiducials/msg/_fiducial_array_s.c
[0.946s] -- Up-to-date: /root/ws/origami/src/fiducials/install/fiducials/local/lib/python3.10/dist-packages/fiducials/msg/_fiducial_transform.py
[0.946s] -- Up-to-date: /root/ws/origami/src/fiducials/install/fiducials/local/lib/python3.10/dist-packages/fiducials/msg/_fiducial_map_entry_s.c
[0.946s] -- Up-to-date: /root/ws/origami/src/fiducials/install/fiducials/local/lib/python3.10/dist-packages/fiducials/msg/_fiducial_transform_array_s.c
[0.946s] -- Up-to-date: /root/ws/origami/src/fiducials/install/fiducials/local/lib/python3.10/dist-packages/fiducials/msg/_fiducial_array.py
[0.946s] -- Up-to-date: /root/ws/origami/src/fiducials/install/fiducials/local/lib/python3.10/dist-packages/fiducials/msg/__init__.py
[0.946s] -- Up-to-date: /root/ws/origami/src/fiducials/install/fiducials/local/lib/python3.10/dist-packages/fiducials/msg/_fiducial_map_entry_array.py
[0.946s] -- Up-to-date: /root/ws/origami/src/fiducials/install/fiducials/local/lib/python3.10/dist-packages/fiducials/msg/_fiducial_transform_s.c
[0.946s] -- Up-to-date: /root/ws/origami/src/fiducials/install/fiducials/local/lib/python3.10/dist-packages/fiducials/msg/_fiducial_s.c
[0.946s] -- Up-to-date: /root/ws/origami/src/fiducials/install/fiducials/local/lib/python3.10/dist-packages/fiducials/msg/_fiducial_transform_array.py
[0.946s] -- Up-to-date: /root/ws/origami/src/fiducials/install/fiducials/local/lib/python3.10/dist-packages/fiducials/msg/_fiducial_map_entry.py
[0.946s] -- Up-to-date: /root/ws/origami/src/fiducials/install/fiducials/local/lib/python3.10/dist-packages/fiducials/msg/_fiducial_map_entry_array_s.c
[0.974s] Listing '/root/ws/origami/src/fiducials/install/fiducials/local/lib/python3.10/dist-packages/fiducials'...
[0.974s] Listing '/root/ws/origami/src/fiducials/install/fiducials/local/lib/python3.10/dist-packages/fiducials/msg'...
[0.987s] -- Up-to-date: /root/ws/origami/src/fiducials/install/fiducials/local/lib/python3.10/dist-packages/fiducials/fiducials_s__rosidl_typesupport_fastrtps_c.cpython-310-x86_64-linux-gnu.so
[0.987s] -- Up-to-date: /root/ws/origami/src/fiducials/install/fiducials/local/lib/python3.10/dist-packages/fiducials/fiducials_s__rosidl_typesupport_introspection_c.cpython-310-x86_64-linux-gnu.so
[0.988s] -- Up-to-date: /root/ws/origami/src/fiducials/install/fiducials/local/lib/python3.10/dist-packages/fiducials/fiducials_s__rosidl_typesupport_c.cpython-310-x86_64-linux-gnu.so
[0.988s] -- Up-to-date: /root/ws/origami/src/fiducials/install/fiducials/lib/libfiducials__rosidl_generator_py.so
[0.988s] -- Up-to-date: /root/ws/origami/src/fiducials/install/fiducials/share/fiducials/msg/Fiducial.idl
[0.988s] -- Up-to-date: /root/ws/origami/src/fiducials/install/fiducials/share/fiducials/msg/FiducialArray.idl
[0.989s] -- Up-to-date: /root/ws/origami/src/fiducials/install/fiducials/share/fiducials/msg/FiducialTransform.idl
[0.989s] -- Up-to-date: /root/ws/origami/src/fiducials/install/fiducials/share/fiducials/msg/FiducialTransformArray.idl
[0.989s] -- Up-to-date: /root/ws/origami/src/fiducials/install/fiducials/share/fiducials/msg/FiducialMapEntry.idl
[0.989s] -- Up-to-date: /root/ws/origami/src/fiducials/install/fiducials/share/fiducials/msg/FiducialMapEntryArray.idl
[0.989s] -- Up-to-date: /root/ws/origami/src/fiducials/install/fiducials/share/fiducials/msg/Fiducial.msg
[0.989s] -- Up-to-date: /root/ws/origami/src/fiducials/install/fiducials/share/fiducials/msg/FiducialArray.msg
[0.989s] -- Up-to-date: /root/ws/origami/src/fiducials/install/fiducials/share/fiducials/msg/FiducialTransform.msg
[0.989s] -- Up-to-date: /root/ws/origami/src/fiducials/install/fiducials/share/fiducials/msg/FiducialTransformArray.msg
[0.989s] -- Up-to-date: /root/ws/origami/src/fiducials/install/fiducials/share/fiducials/msg/FiducialMapEntry.msg
[0.989s] -- Up-to-date: /root/ws/origami/src/fiducials/install/fiducials/share/fiducials/msg/FiducialMapEntryArray.msg
[0.989s] -- Up-to-date: /root/ws/origami/src/fiducials/install/fiducials/local/lib/python3.10/dist-packages/scripts-0.0.0-py3.10.egg-info
[0.989s] -- Installing: /root/ws/origami/src/fiducials/install/fiducials/local/lib/python3.10/dist-packages/scripts-0.0.0-py3.10.egg-info/top_level.txt
[0.989s] -- Installing: /root/ws/origami/src/fiducials/install/fiducials/local/lib/python3.10/dist-packages/scripts-0.0.0-py3.10.egg-info/SOURCES.txt
[0.989s] -- Installing: /root/ws/origami/src/fiducials/install/fiducials/local/lib/python3.10/dist-packages/scripts-0.0.0-py3.10.egg-info/dependency_links.txt
[0.989s] -- Installing: /root/ws/origami/src/fiducials/install/fiducials/local/lib/python3.10/dist-packages/scripts-0.0.0-py3.10.egg-info/PKG-INFO
[0.990s] -- Up-to-date: /root/ws/origami/src/fiducials/install/fiducials/local/lib/python3.10/dist-packages/scripts
[0.990s] -- Up-to-date: /root/ws/origami/src/fiducials/install/fiducials/local/lib/python3.10/dist-packages/scripts/create_markers.py
[0.990s] -- Up-to-date: /root/ws/origami/src/fiducials/install/fiducials/local/lib/python3.10/dist-packages/scripts/camera_calibrate.py
[0.990s] -- Up-to-date: /root/ws/origami/src/fiducials/install/fiducials/local/lib/python3.10/dist-packages/scripts/aruco_detect.py
[0.990s] -- Up-to-date: /root/ws/origami/src/fiducials/install/fiducials/local/lib/python3.10/dist-packages/scripts/PupilGlassesCalibration.pckl
[0.990s] -- Up-to-date: /root/ws/origami/src/fiducials/install/fiducials/local/lib/python3.10/dist-packages/scripts/__init__.py
[0.990s] -- Installing: /root/ws/origami/src/fiducials/install/fiducials/local/lib/python3.10/dist-packages/scripts/aruco_mapper.py
[0.990s] -- Up-to-date: /root/ws/origami/src/fiducials/install/fiducials/local/lib/python3.10/dist-packages/scripts/camera_calibration
[0.990s] -- Up-to-date: /root/ws/origami/src/fiducials/install/fiducials/local/lib/python3.10/dist-packages/scripts/camera_calibration/old_webcam_calibration_images
[0.990s] -- Up-to-date: /root/ws/origami/src/fiducials/install/fiducials/local/lib/python3.10/dist-packages/scripts/camera_calibration/old_webcam_calibration_images/2022-04-25-100708.jpg
[0.990s] -- Up-to-date: /root/ws/origami/src/fiducials/install/fiducials/local/lib/python3.10/dist-packages/scripts/camera_calibration/old_webcam_calibration_images/2022-04-25-100736.jpg
[0.991s] -- Up-to-date: /root/ws/origami/src/fiducials/install/fiducials/local/lib/python3.10/dist-packages/scripts/camera_calibration/old_webcam_calibration_images/2022-04-25-100504.jpg
[0.991s] -- Up-to-date: /root/ws/origami/src/fiducials/install/fiducials/local/lib/python3.10/dist-packages/scripts/camera_calibration/old_webcam_calibration_images/2022-04-25-100601.jpg
[0.991s] -- Up-to-date: /root/ws/origami/src/fiducials/install/fiducials/local/lib/python3.10/dist-packages/scripts/camera_calibration/old_webcam_calibration_images/2022-04-25-100614.jpg
[0.991s] -- Up-to-date: /root/ws/origami/src/fiducials/install/fiducials/local/lib/python3.10/dist-packages/scripts/camera_calibration/old_webcam_calibration_images/2022-04-25-100643.jpg
[0.991s] -- Up-to-date: /root/ws/origami/src/fiducials/install/fiducials/local/lib/python3.10/dist-packages/scripts/camera_calibration/old_webcam_calibration_images/2022-04-25-100453.jpg
[0.991s] -- Up-to-date: /root/ws/origami/src/fiducials/install/fiducials/local/lib/python3.10/dist-packages/scripts/camera_calibration/old_webcam_calibration_images/2022-04-25-100626.jpg
[0.991s] -- Up-to-date: /root/ws/origami/src/fiducials/install/fiducials/local/lib/python3.10/dist-packages/scripts/camera_calibration/old_webcam_calibration_images/2022-04-25-100719.jpg
[0.991s] -- Up-to-date: /root/ws/origami/src/fiducials/install/fiducials/local/lib/python3.10/dist-packages/scripts/camera_calibration/old_webcam_calibration_images/2022-04-25-100654.jpg
[0.991s] -- Up-to-date: /root/ws/origami/src/fiducials/install/fiducials/local/lib/python3.10/dist-packages/scripts/camera_calibration/old_webcam_calibration_images/2022-04-25-100514.jpg
[0.991s] -- Up-to-date: /root/ws/origami/src/fiducials/install/fiducials/local/lib/python3.10/dist-packages/scripts/camera_calibration/old_webcam_calibration_images/2022-04-25-100635.jpg
[0.992s] -- Up-to-date: /root/ws/origami/src/fiducials/install/fiducials/local/lib/python3.10/dist-packages/scripts/camera_calibration/old_webcam_calibration_images/2022-04-25-100550.jpg
[0.992s] -- Up-to-date: /root/ws/origami/src/fiducials/install/fiducials/local/lib/python3.10/dist-packages/scripts/camera_calibration/old_webcam_calibration_images/2022-04-25-100447.jpg
[0.992s] -- Up-to-date: /root/ws/origami/src/fiducials/install/fiducials/local/lib/python3.10/dist-packages/scripts/camera_calibration/old_webcam_calibration_images/2022-04-25-100542.jpg
[0.992s] -- Up-to-date: /root/ws/origami/src/fiducials/install/fiducials/local/lib/python3.10/dist-packages/scripts/camera_calibration/calibration.pckl
[0.992s] -- Up-to-date: /root/ws/origami/src/fiducials/install/fiducials/local/lib/python3.10/dist-packages/scripts/camera_calibration/TobiiCalibration
[0.992s] -- Up-to-date: /root/ws/origami/src/fiducials/install/fiducials/local/lib/python3.10/dist-packages/scripts/camera_calibration/TobiiCalibration/vlcsnap-2022-04-28-16h18m42s700.png
[0.992s] -- Up-to-date: /root/ws/origami/src/fiducials/install/fiducials/local/lib/python3.10/dist-packages/scripts/camera_calibration/TobiiCalibration/vlcsnap-2022-04-28-16h21m21s263.png
[0.992s] -- Up-to-date: /root/ws/origami/src/fiducials/install/fiducials/local/lib/python3.10/dist-packages/scripts/camera_calibration/TobiiCalibration/vlcsnap-2022-04-28-16h18m59s845.png
[0.992s] -- Up-to-date: /root/ws/origami/src/fiducials/install/fiducials/local/lib/python3.10/dist-packages/scripts/camera_calibration/TobiiCalibration/vlcsnap-2022-04-28-16h14m37s506.png
[0.992s] -- Up-to-date: /root/ws/origami/src/fiducials/install/fiducials/local/lib/python3.10/dist-packages/scripts/camera_calibration/TobiiCalibration/vlcsnap-2022-04-28-16h13m51s644.png
[0.992s] -- Up-to-date: /root/ws/origami/src/fiducials/install/fiducials/local/lib/python3.10/dist-packages/scripts/camera_calibration/TobiiCalibration/vlcsnap-2022-04-28-16h18m33s305.png
[0.993s] -- Up-to-date: /root/ws/origami/src/fiducials/install/fiducials/local/lib/python3.10/dist-packages/scripts/camera_calibration/TobiiCalibration/vlcsnap-2022-04-28-16h21m16s913.png
[0.993s] -- Up-to-date: /root/ws/origami/src/fiducials/install/fiducials/local/lib/python3.10/dist-packages/scripts/camera_calibration/TobiiCalibration/calibration.pckl
[0.993s] -- Up-to-date: /root/ws/origami/src/fiducials/install/fiducials/local/lib/python3.10/dist-packages/scripts/camera_calibration/TobiiCalibration/vlcsnap-2022-04-28-16h19m21s435.png
[0.993s] -- Up-to-date: /root/ws/origami/src/fiducials/install/fiducials/local/lib/python3.10/dist-packages/scripts/camera_calibration/TobiiCalibration/vlcsnap-2022-04-28-16h21m12s225.png
[0.993s] -- Up-to-date: /root/ws/origami/src/fiducials/install/fiducials/local/lib/python3.10/dist-packages/scripts/camera_calibration/TobiiCalibration/vlcsnap-2022-04-28-16h19m51s539.png
[0.993s] -- Up-to-date: /root/ws/origami/src/fiducials/install/fiducials/local/lib/python3.10/dist-packages/scripts/camera_calibration/TobiiCalibration/vlcsnap-2022-04-28-16h20m56s584.png
[0.993s] -- Up-to-date: /root/ws/origami/src/fiducials/install/fiducials/local/lib/python3.10/dist-packages/scripts/camera_calibration/TobiiCalibration/vlcsnap-2022-04-28-16h15m08s507.png
[0.993s] -- Up-to-date: /root/ws/origami/src/fiducials/install/fiducials/local/lib/python3.10/dist-packages/scripts/camera_calibration/TobiiCalibration/vlcsnap-2022-04-28-16h18m53s558.png
[0.993s] -- Up-to-date: /root/ws/origami/src/fiducials/install/fiducials/local/lib/python3.10/dist-packages/scripts/camera_calibration/TobiiCalibration/vlcsnap-2022-04-28-16h21m39s908.png
[0.993s] -- Up-to-date: /root/ws/origami/src/fiducials/install/fiducials/local/lib/python3.10/dist-packages/scripts/camera_calibration/TobiiCalibration/vlcsnap-2022-04-28-16h21m03s920.png
[0.993s] -- Up-to-date: /root/ws/origami/src/fiducials/install/fiducials/local/lib/python3.10/dist-packages/scripts/camera_calibration/TobiiCalibration/vlcsnap-2022-04-28-16h21m45s787.png
[0.993s] -- Up-to-date: /root/ws/origami/src/fiducials/install/fiducials/local/lib/python3.10/dist-packages/scripts/camera_calibration/TobiiCalibration/vlcsnap-2022-04-28-16h20m01s390.png
[0.993s] -- Up-to-date: /root/ws/origami/src/fiducials/install/fiducials/local/lib/python3.10/dist-packages/scripts/camera_calibration/TobiiCalibration/vlcsnap-2022-04-28-16h22m00s263.png
[0.993s] -- Up-to-date: /root/ws/origami/src/fiducials/install/fiducials/local/lib/python3.10/dist-packages/scripts/camera_calibration/TobiiCalibration/vlcsnap-2022-04-28-16h19m04s522.png
[0.993s] -- Up-to-date: /root/ws/origami/src/fiducials/install/fiducials/local/lib/python3.10/dist-packages/scripts/camera_calibration/TobiiCalibration/vlcsnap-2022-04-28-16h21m56s920.png
[0.993s] -- Up-to-date: /root/ws/origami/src/fiducials/install/fiducials/local/lib/python3.10/dist-packages/scripts/camera_calibration/TobiiCalibration/vlcsnap-2022-04-28-16h18m24s207.png
[0.993s] -- Up-to-date: /root/ws/origami/src/fiducials/install/fiducials/local/lib/python3.10/dist-packages/scripts/camera_calibration/TobiiCalibration/vlcsnap-2022-04-28-16h19m12s268.png
[0.994s] -- Up-to-date: /root/ws/origami/src/fiducials/install/fiducials/local/lib/python3.10/dist-packages/scripts/camera_calibration/TobiiCalibration/vlcsnap-2022-04-28-16h19m57s011.png
[0.994s] -- Up-to-date: /root/ws/origami/src/fiducials/install/fiducials/local/lib/python3.10/dist-packages/scripts/camera_calibration/TobiiCalibration/vlcsnap-2022-04-28-16h21m08s214.png
[0.994s] -- Up-to-date: /root/ws/origami/src/fiducials/install/fiducials/local/lib/python3.10/dist-packages/scripts/camera_calibration/TobiiCalibration/vlcsnap-2022-04-28-16h20m10s240.png
[0.994s] -- Up-to-date: /root/ws/origami/src/fiducials/install/fiducials/local/lib/python3.10/dist-packages/scripts/camera_calibration/TobiiCalibration/vlcsnap-2022-04-28-16h19m25s886.png
[0.994s] -- Up-to-date: /root/ws/origami/src/fiducials/install/fiducials/local/lib/python3.10/dist-packages/scripts/camera_calibration/TobiiCalibration/vlcsnap-2022-04-28-16h20m49s540.png
[0.994s] -- Up-to-date: /root/ws/origami/src/fiducials/install/fiducials/local/lib/python3.10/dist-packages/scripts/camera_calibration/TobiiCalibration/vlcsnap-2022-04-28-16h14m26s085.png
[0.994s] -- Up-to-date: /root/ws/origami/src/fiducials/install/fiducials/local/lib/python3.10/dist-packages/scripts/camera_calibration/old_webcam.pckl
[0.994s] -- Up-to-date: /root/ws/origami/src/fiducials/install/fiducials/local/lib/python3.10/dist-packages/scripts/camera_calibration/pupil_glasses_calibration_images
[0.994s] -- Up-to-date: /root/ws/origami/src/fiducials/install/fiducials/local/lib/python3.10/dist-packages/scripts/camera_calibration/pupil_glasses_calibration_images/PupilCalibrationImage02.png
[0.994s] -- Up-to-date: /root/ws/origami/src/fiducials/install/fiducials/local/lib/python3.10/dist-packages/scripts/camera_calibration/pupil_glasses_calibration_images/PupilCalibrationImage07.png
[0.994s] -- Up-to-date: /root/ws/origami/src/fiducials/install/fiducials/local/lib/python3.10/dist-packages/scripts/camera_calibration/pupil_glasses_calibration_images/PupilCalibrationImage09.png
[0.994s] -- Up-to-date: /root/ws/origami/src/fiducials/install/fiducials/local/lib/python3.10/dist-packages/scripts/camera_calibration/pupil_glasses_calibration_images/PupilCalibrationImage13.png
[0.994s] -- Up-to-date: /root/ws/origami/src/fiducials/install/fiducials/local/lib/python3.10/dist-packages/scripts/camera_calibration/pupil_glasses_calibration_images/PupilCalibrationImage05.png
[0.994s] -- Up-to-date: /root/ws/origami/src/fiducials/install/fiducials/local/lib/python3.10/dist-packages/scripts/camera_calibration/pupil_glasses_calibration_images/PupilCalibrationImage12.png
[0.994s] -- Up-to-date: /root/ws/origami/src/fiducials/install/fiducials/local/lib/python3.10/dist-packages/scripts/camera_calibration/pupil_glasses_calibration_images/PupilCalibrationImage06.png
[0.994s] -- Up-to-date: /root/ws/origami/src/fiducials/install/fiducials/local/lib/python3.10/dist-packages/scripts/camera_calibration/pupil_glasses_calibration_images/PupilCalibrationImage04.png
[0.995s] -- Up-to-date: /root/ws/origami/src/fiducials/install/fiducials/local/lib/python3.10/dist-packages/scripts/camera_calibration/pupil_glasses_calibration_images/PupilCalibrationImage10.png
[0.995s] -- Up-to-date: /root/ws/origami/src/fiducials/install/fiducials/local/lib/python3.10/dist-packages/scripts/camera_calibration/pupil_glasses_calibration_images/PupilCalibrationImage11.png
[0.995s] -- Up-to-date: /root/ws/origami/src/fiducials/install/fiducials/local/lib/python3.10/dist-packages/scripts/camera_calibration/pupil_glasses_calibration_images/PupilCalibrationImage08.png
[0.995s] -- Up-to-date: /root/ws/origami/src/fiducials/install/fiducials/local/lib/python3.10/dist-packages/scripts/camera_calibration/pupil_glasses_calibration_images/PupilCalibrationImage01.png
[0.995s] -- Up-to-date: /root/ws/origami/src/fiducials/install/fiducials/local/lib/python3.10/dist-packages/scripts/camera_calibration/pupil_glasses_calibration_images/PupilCalibrationImage14.png
[0.995s] -- Up-to-date: /root/ws/origami/src/fiducials/install/fiducials/local/lib/python3.10/dist-packages/scripts/camera_calibration/pupil_glasses_calibration_images/PupilCalibrationImage03.png
[0.995s] -- Up-to-date: /root/ws/origami/src/fiducials/install/fiducials/local/lib/python3.10/dist-packages/scripts/camera_calibration/pupil_glasses_calibration_images/PupilCalibrationImage16.png
[0.995s] -- Up-to-date: /root/ws/origami/src/fiducials/install/fiducials/local/lib/python3.10/dist-packages/scripts/camera_calibration/pupil_glasses_calibration_images/PupilCalibrationImage15.png
[1.036s] Listing '/root/ws/origami/src/fiducials/install/fiducials/local/lib/python3.10/dist-packages/scripts'...
[1.037s] Compiling '/root/ws/origami/src/fiducials/install/fiducials/local/lib/python3.10/dist-packages/scripts/aruco_mapper.py'...
[1.037s] Listing '/root/ws/origami/src/fiducials/install/fiducials/local/lib/python3.10/dist-packages/scripts/camera_calibration'...
[1.037s] Listing '/root/ws/origami/src/fiducials/install/fiducials/local/lib/python3.10/dist-packages/scripts/camera_calibration/TobiiCalibration'...
[1.037s] Listing '/root/ws/origami/src/fiducials/install/fiducials/local/lib/python3.10/dist-packages/scripts/camera_calibration/old_webcam_calibration_images'...
[1.037s] Listing '/root/ws/origami/src/fiducials/install/fiducials/local/lib/python3.10/dist-packages/scripts/camera_calibration/pupil_glasses_calibration_images'...
[1.047s] -- Up-to-date: /root/ws/origami/src/fiducials/install/fiducials/lib/fiducials/aruco_detect.py
[1.047s] -- Installing: /root/ws/origami/src/fiducials/install/fiducials/lib/fiducials/aruco_mapper.py
[1.047s] -- Up-to-date: /root/ws/origami/src/fiducials/install/fiducials/share/ament_index/resource_index/package_run_dependencies/fiducials
[1.048s] -- Up-to-date: /root/ws/origami/src/fiducials/install/fiducials/share/ament_index/resource_index/parent_prefix_path/fiducials
[1.048s] -- Up-to-date: /root/ws/origami/src/fiducials/install/fiducials/share/fiducials/environment/ament_prefix_path.sh
[1.048s] -- Up-to-date: /root/ws/origami/src/fiducials/install/fiducials/share/fiducials/environment/ament_prefix_path.dsv
[1.048s] -- Up-to-date: /root/ws/origami/src/fiducials/install/fiducials/share/fiducials/environment/path.sh
[1.048s] -- Up-to-date: /root/ws/origami/src/fiducials/install/fiducials/share/fiducials/environment/path.dsv
[1.048s] -- Up-to-date: /root/ws/origami/src/fiducials/install/fiducials/share/fiducials/local_setup.bash
[1.048s] -- Up-to-date: /root/ws/origami/src/fiducials/install/fiducials/share/fiducials/local_setup.sh
[1.048s] -- Up-to-date: /root/ws/origami/src/fiducials/install/fiducials/share/fiducials/local_setup.zsh
[1.048s] -- Up-to-date: /root/ws/origami/src/fiducials/install/fiducials/share/fiducials/local_setup.dsv
[1.048s] -- Installing: /root/ws/origami/src/fiducials/install/fiducials/share/fiducials/package.dsv
[1.048s] -- Up-to-date: /root/ws/origami/src/fiducials/install/fiducials/share/ament_index/resource_index/packages/fiducials
[1.048s] -- Up-to-date: /root/ws/origami/src/fiducials/install/fiducials/share/fiducials/cmake/export_fiducials__rosidl_generator_cExport.cmake
[1.049s] -- Up-to-date: /root/ws/origami/src/fiducials/install/fiducials/share/fiducials/cmake/export_fiducials__rosidl_generator_cExport-noconfig.cmake
[1.049s] -- Up-to-date: /root/ws/origami/src/fiducials/install/fiducials/share/fiducials/cmake/export_fiducials__rosidl_typesupport_fastrtps_cExport.cmake
[1.049s] -- Up-to-date: /root/ws/origami/src/fiducials/install/fiducials/share/fiducials/cmake/export_fiducials__rosidl_typesupport_fastrtps_cExport-noconfig.cmake
[1.049s] -- Up-to-date: /root/ws/origami/src/fiducials/install/fiducials/share/fiducials/cmake/export_fiducials__rosidl_generator_cppExport.cmake
[1.049s] -- Up-to-date: /root/ws/origami/src/fiducials/install/fiducials/share/fiducials/cmake/export_fiducials__rosidl_typesupport_fastrtps_cppExport.cmake
[1.049s] -- Up-to-date: /root/ws/origami/src/fiducials/install/fiducials/share/fiducials/cmake/export_fiducials__rosidl_typesupport_fastrtps_cppExport-noconfig.cmake
[1.049s] -- Up-to-date: /root/ws/origami/src/fiducials/install/fiducials/share/fiducials/cmake/fiducials__rosidl_typesupport_introspection_cExport.cmake
[1.049s] -- Up-to-date: /root/ws/origami/src/fiducials/install/fiducials/share/fiducials/cmake/fiducials__rosidl_typesupport_introspection_cExport-noconfig.cmake
[1.049s] -- Up-to-date: /root/ws/origami/src/fiducials/install/fiducials/share/fiducials/cmake/fiducials__rosidl_typesupport_cExport.cmake
[1.049s] -- Up-to-date: /root/ws/origami/src/fiducials/install/fiducials/share/fiducials/cmake/fiducials__rosidl_typesupport_cExport-noconfig.cmake
[1.049s] -- Up-to-date: /root/ws/origami/src/fiducials/install/fiducials/share/fiducials/cmake/fiducials__rosidl_typesupport_introspection_cppExport.cmake
[1.049s] -- Up-to-date: /root/ws/origami/src/fiducials/install/fiducials/share/fiducials/cmake/fiducials__rosidl_typesupport_introspection_cppExport-noconfig.cmake
[1.050s] -- Up-to-date: /root/ws/origami/src/fiducials/install/fiducials/share/fiducials/cmake/fiducials__rosidl_typesupport_cppExport.cmake
[1.050s] -- Up-to-date: /root/ws/origami/src/fiducials/install/fiducials/share/fiducials/cmake/fiducials__rosidl_typesupport_cppExport-noconfig.cmake
[1.050s] -- Up-to-date: /root/ws/origami/src/fiducials/install/fiducials/share/fiducials/cmake/export_fiducials__rosidl_generator_pyExport.cmake
[1.050s] -- Up-to-date: /root/ws/origami/src/fiducials/install/fiducials/share/fiducials/cmake/export_fiducials__rosidl_generator_pyExport-noconfig.cmake
[1.050s] -- Up-to-date: /root/ws/origami/src/fiducials/install/fiducials/share/fiducials/cmake/rosidl_cmake-extras.cmake
[1.050s] -- Up-to-date: /root/ws/origami/src/fiducials/install/fiducials/share/fiducials/cmake/ament_cmake_export_dependencies-extras.cmake
[1.050s] -- Up-to-date: /root/ws/origami/src/fiducials/install/fiducials/share/fiducials/cmake/ament_cmake_export_include_directories-extras.cmake
[1.050s] -- Up-to-date: /root/ws/origami/src/fiducials/install/fiducials/share/fiducials/cmake/ament_cmake_export_libraries-extras.cmake
[1.051s] -- Up-to-date: /root/ws/origami/src/fiducials/install/fiducials/share/fiducials/cmake/ament_cmake_export_targets-extras.cmake
[1.051s] -- Up-to-date: /root/ws/origami/src/fiducials/install/fiducials/share/fiducials/cmake/rosidl_cmake_export_typesupport_targets-extras.cmake
[1.051s] -- Up-to-date: /root/ws/origami/src/fiducials/install/fiducials/share/fiducials/cmake/rosidl_cmake_export_typesupport_libraries-extras.cmake
[1.051s] -- Up-to-date: /root/ws/origami/src/fiducials/install/fiducials/share/fiducials/cmake/fiducialsConfig.cmake
[1.051s] -- Up-to-date: /root/ws/origami/src/fiducials/install/fiducials/share/fiducials/cmake/fiducialsConfig-version.cmake
[1.051s] -- Up-to-date: /root/ws/origami/src/fiducials/install/fiducials/share/fiducials/package.xml
[1.053s] Invoked command in '/root/ws/origami/src/fiducials/build/fiducials' returned '0': CMAKE_PREFIX_PATH=${CMAKE_PREFIX_PATH}:/opt/ros/humble /usr/bin/cmake --install /root/ws/origami/src/fiducials/build/fiducials
