[0.062s] Invoking command in '/root/ws/origami/build/fiducials': CMAKE_PREFIX_PATH=/opt/ros/humble /usr/bin/cmake --build /root/ws/origami/build/fiducials -- -j12 -l12
[0.104s] [  1%] Built target fiducials__cpp
[0.108s] [ 12%] Built target fiducials__rosidl_generator_c
[0.149s] [ 23%] Built target fiducials__rosidl_typesupport_cpp
[0.150s] [ 43%] Built target fiducials__rosidl_typesupport_introspection_c
[0.151s] [ 46%] Built target fiducials__rosidl_typesupport_c
[0.153s] [ 46%] Built target ament_cmake_python_copy_fiducials
[0.156s] [ 57%] Built target fiducials__rosidl_typesupport_fastrtps_c
[0.157s] [ 69%] Built target fiducials__rosidl_typesupport_introspection_cpp
[0.164s] [ 80%] Built target fiducials__rosidl_typesupport_fastrtps_cpp
[0.182s] [ 80%] Built target fiducials
[0.199s] [ 81%] Built target fiducials__py
[0.221s] [ 91%] Built target fiducials__rosidl_generator_py
[0.242s] [ 94%] Built target fiducials__rosidl_typesupport_fastrtps_c__pyext
[0.244s] [ 97%] Built target fiducials__rosidl_typesupport_introspection_c__pyext
[0.244s] [100%] Built target fiducials__rosidl_typesupport_c__pyext
[0.313s] [100%] Built target ament_cmake_python_copy_scripts
[0.327s] running egg_info
[0.327s] writing fiducials.egg-info/PKG-INFO
[0.327s] writing dependency_links to fiducials.egg-info/dependency_links.txt
[0.328s] writing top-level names to fiducials.egg-info/top_level.txt
[0.329s] reading manifest file 'fiducials.egg-info/SOURCES.txt'
[0.330s] writing manifest file 'fiducials.egg-info/SOURCES.txt'
[0.353s] [100%] Built target ament_cmake_python_build_fiducials_egg
[0.476s] running egg_info
[0.476s] writing scripts.egg-info/PKG-INFO
[0.476s] writing dependency_links to scripts.egg-info/dependency_links.txt
[0.477s] writing top-level names to scripts.egg-info/top_level.txt
[0.478s] reading manifest file 'scripts.egg-info/SOURCES.txt'
[0.479s] writing manifest file 'scripts.egg-info/SOURCES.txt'
[0.498s] [100%] Built target ament_cmake_python_build_scripts_egg
