[0.742s] Invoking command in '/root/ws/origami/src/ros2_aruco/ros2_aruco': PYTHONPATH=/root/ws/origami/build/ros2_aruco/prefix_override:/root/ws/origami/install/ros2_aruco/lib/python3.10/site-packages:${PYTHONPATH} /usr/bin/python3 setup.py egg_info --egg-base ../../../build/ros2_aruco build --build-base /root/ws/origami/build/ros2_aruco/build install --record /root/ws/origami/build/ros2_aruco/install.log --single-version-externally-managed
[0.944s] running egg_info
[0.946s] creating ../../../build/ros2_aruco/ros2_aruco.egg-info
[0.946s] writing ../../../build/ros2_aruco/ros2_aruco.egg-info/PKG-INFO
[0.946s] writing dependency_links to ../../../build/ros2_aruco/ros2_aruco.egg-info/dependency_links.txt
[0.946s] writing entry points to ../../../build/ros2_aruco/ros2_aruco.egg-info/entry_points.txt
[0.946s] writing requirements to ../../../build/ros2_aruco/ros2_aruco.egg-info/requires.txt
[0.946s] writing top-level names to ../../../build/ros2_aruco/ros2_aruco.egg-info/top_level.txt
[0.946s] writing manifest file '../../../build/ros2_aruco/ros2_aruco.egg-info/SOURCES.txt'
[0.948s] reading manifest file '../../../build/ros2_aruco/ros2_aruco.egg-info/SOURCES.txt'
[0.949s] writing manifest file '../../../build/ros2_aruco/ros2_aruco.egg-info/SOURCES.txt'
[0.949s] running build
[0.949s] running build_py
[0.950s] creating /root/ws/origami/build/ros2_aruco/build
[0.950s] creating /root/ws/origami/build/ros2_aruco/build/lib
[0.950s] creating /root/ws/origami/build/ros2_aruco/build/lib/ros2_aruco
[0.950s] copying ros2_aruco/aruco_generate_marker.py -> /root/ws/origami/build/ros2_aruco/build/lib/ros2_aruco
[0.950s] copying ros2_aruco/aruco_node.py -> /root/ws/origami/build/ros2_aruco/build/lib/ros2_aruco
[0.950s] copying ros2_aruco/__init__.py -> /root/ws/origami/build/ros2_aruco/build/lib/ros2_aruco
[0.950s] running install
[0.950s] /usr/lib/python3/dist-packages/setuptools/command/install.py:34: SetuptoolsDeprecationWarning: setup.py install is deprecated. Use build and pip and other standards-based tools.
[0.951s]   warnings.warn(
[0.951s] running install_lib
[0.952s] creating /root/ws/origami/install/ros2_aruco/lib/python3.10/site-packages/ros2_aruco
[0.952s] copying /root/ws/origami/build/ros2_aruco/build/lib/ros2_aruco/aruco_generate_marker.py -> /root/ws/origami/install/ros2_aruco/lib/python3.10/site-packages/ros2_aruco
[0.952s] copying /root/ws/origami/build/ros2_aruco/build/lib/ros2_aruco/aruco_node.py -> /root/ws/origami/install/ros2_aruco/lib/python3.10/site-packages/ros2_aruco
[0.952s] copying /root/ws/origami/build/ros2_aruco/build/lib/ros2_aruco/__init__.py -> /root/ws/origami/install/ros2_aruco/lib/python3.10/site-packages/ros2_aruco
[0.953s] byte-compiling /root/ws/origami/install/ros2_aruco/lib/python3.10/site-packages/ros2_aruco/aruco_generate_marker.py to aruco_generate_marker.cpython-310.pyc
[0.954s] byte-compiling /root/ws/origami/install/ros2_aruco/lib/python3.10/site-packages/ros2_aruco/aruco_node.py to aruco_node.cpython-310.pyc
[0.956s] byte-compiling /root/ws/origami/install/ros2_aruco/lib/python3.10/site-packages/ros2_aruco/__init__.py to __init__.cpython-310.pyc
[0.956s] running install_data
[0.957s] creating /root/ws/origami/install/ros2_aruco/share/ament_index
[0.957s] creating /root/ws/origami/install/ros2_aruco/share/ament_index/resource_index
[0.957s] creating /root/ws/origami/install/ros2_aruco/share/ament_index/resource_index/packages
[0.957s] copying resource/ros2_aruco -> /root/ws/origami/install/ros2_aruco/share/ament_index/resource_index/packages
[0.957s] copying package.xml -> /root/ws/origami/install/ros2_aruco/share/ros2_aruco
[0.958s] creating /root/ws/origami/install/ros2_aruco/share/ros2_aruco/launch
[0.958s] copying launch/aruco_recognition.launch.py -> /root/ws/origami/install/ros2_aruco/share/ros2_aruco/launch
[0.958s] creating /root/ws/origami/install/ros2_aruco/share/ros2_aruco/config
[0.958s] copying config/aruco_parameters.yaml -> /root/ws/origami/install/ros2_aruco/share/ros2_aruco/config
[0.958s] running install_egg_info
[0.960s] Copying ../../../build/ros2_aruco/ros2_aruco.egg-info to /root/ws/origami/install/ros2_aruco/lib/python3.10/site-packages/ros2_aruco-0.1.0-py3.10.egg-info
[0.961s] running install_scripts
[0.981s] Installing aruco_generate_marker script to /root/ws/origami/install/ros2_aruco/lib/ros2_aruco
[0.981s] Installing aruco_node script to /root/ws/origami/install/ros2_aruco/lib/ros2_aruco
[0.981s] writing list of installed files to '/root/ws/origami/build/ros2_aruco/install.log'
