[0.102s] Invoking command in '/root/ws/origami/build/fiducials': CMAKE_PREFIX_PATH=${CMAKE_PREFIX_PATH}:/opt/ros/humble /usr/bin/cmake --build /root/ws/origami/build/fiducials -- -j12 -l12
[0.155s] [  1%] Built target fiducials__cpp
[0.341s] [  1%] Built target ament_cmake_python_copy_scripts
[0.370s] [ 12%] Built target fiducials__rosidl_typesupport_introspection_cpp
[0.659s] running egg_info
[0.660s] writing scripts.egg-info/PKG-INFO
[0.660s] writing dependency_links to scripts.egg-info/dependency_links.txt
[0.661s] writing top-level names to scripts.egg-info/top_level.txt
[0.663s] reading manifest file 'scripts.egg-info/SOURCES.txt'
[0.664s] writing manifest file 'scripts.egg-info/SOURCES.txt'
[0.722s] [ 12%] Built target ament_cmake_python_build_scripts_egg
[0.756s] [ 23%] Built target fiducials__rosidl_typesupport_fastrtps_cpp
[0.787s] [ 35%] Built target fiducials__rosidl_typesupport_cpp
[0.821s] [ 35%] Built target ament_cmake_python_copy_fiducials
[0.854s] [ 46%] Built target fiducials__rosidl_generator_c
[1.163s] running egg_info
[1.165s] writing fiducials.egg-info/PKG-INFO
[1.165s] writing dependency_links to fiducials.egg-info/dependency_links.txt
[1.166s] writing top-level names to fiducials.egg-info/top_level.txt
[1.170s] reading manifest file 'fiducials.egg-info/SOURCES.txt'
[1.172s] writing manifest file 'fiducials.egg-info/SOURCES.txt'
[1.250s] [ 46%] Built target ament_cmake_python_build_fiducials_egg
[1.289s] [ 57%] Built target fiducials__rosidl_typesupport_c
[1.350s] [ 69%] Built target fiducials__rosidl_typesupport_introspection_c
[1.409s] [ 80%] Built target fiducials__rosidl_typesupport_fastrtps_c
[1.445s] [ 80%] Built target fiducials
[1.484s] [ 81%] Built target fiducials__py
[1.523s] [ 91%] Built target fiducials__rosidl_generator_py
[1.558s] [ 94%] Built target fiducials__rosidl_typesupport_fastrtps_c__pyext
[1.592s] [ 97%] Built target fiducials__rosidl_typesupport_c__pyext
[1.633s] [100%] Built target fiducials__rosidl_typesupport_introspection_c__pyext
[1.651s] Invoked command in '/root/ws/origami/build/fiducials' returned '0': CMAKE_PREFIX_PATH=${CMAKE_PREFIX_PATH}:/opt/ros/humble /usr/bin/cmake --build /root/ws/origami/build/fiducials -- -j12 -l12
[1.984s] Invoking command in '/root/ws/origami/build/fiducials': CMAKE_PREFIX_PATH=${CMAKE_PREFIX_PATH}:/opt/ros/humble /usr/bin/cmake --install /root/ws/origami/build/fiducials
[1.997s] -- Install configuration: ""
[1.998s] -- Up-to-date: /root/ws/origami/install/fiducials/share/ament_index/resource_index/rosidl_interfaces/fiducials
[1.999s] -- Up-to-date: /root/ws/origami/install/fiducials/include/fiducials/fiducials
[2.000s] -- Up-to-date: /root/ws/origami/install/fiducials/include/fiducials/fiducials/msg
[2.001s] -- Up-to-date: /root/ws/origami/install/fiducials/include/fiducials/fiducials/msg/fiducial_transform_array.h
[2.001s] -- Up-to-date: /root/ws/origami/install/fiducials/include/fiducials/fiducials/msg/fiducial_transform.h
[2.002s] -- Up-to-date: /root/ws/origami/install/fiducials/include/fiducials/fiducials/msg/fiducial_map_entry.h
[2.002s] -- Up-to-date: /root/ws/origami/install/fiducials/include/fiducials/fiducials/msg/rosidl_generator_c__visibility_control.h
[2.002s] -- Up-to-date: /root/ws/origami/install/fiducials/include/fiducials/fiducials/msg/fiducial_map_entry_array.h
[2.002s] -- Up-to-date: /root/ws/origami/install/fiducials/include/fiducials/fiducials/msg/fiducial_array.h
[2.003s] -- Up-to-date: /root/ws/origami/install/fiducials/include/fiducials/fiducials/msg/detail
[2.003s] -- Up-to-date: /root/ws/origami/install/fiducials/include/fiducials/fiducials/msg/detail/fiducial_map_entry_array__functions.c
[2.003s] -- Up-to-date: /root/ws/origami/install/fiducials/include/fiducials/fiducials/msg/detail/fiducial_transform__functions.h
[2.003s] -- Up-to-date: /root/ws/origami/install/fiducials/include/fiducials/fiducials/msg/detail/fiducial_array__functions.c
[2.003s] -- Up-to-date: /root/ws/origami/install/fiducials/include/fiducials/fiducials/msg/detail/fiducial_transform__type_support.h
[2.003s] -- Up-to-date: /root/ws/origami/install/fiducials/include/fiducials/fiducials/msg/detail/fiducial_array__type_support.h
[2.003s] -- Up-to-date: /root/ws/origami/install/fiducials/include/fiducials/fiducials/msg/detail/fiducial_map_entry__functions.c
[2.003s] -- Up-to-date: /root/ws/origami/install/fiducials/include/fiducials/fiducials/msg/detail/fiducial__type_support.h
[2.003s] -- Up-to-date: /root/ws/origami/install/fiducials/include/fiducials/fiducials/msg/detail/fiducial_map_entry__struct.h
[2.003s] -- Up-to-date: /root/ws/origami/install/fiducials/include/fiducials/fiducials/msg/detail/fiducial_transform__functions.c
[2.003s] -- Up-to-date: /root/ws/origami/install/fiducials/include/fiducials/fiducials/msg/detail/fiducial_transform_array__struct.h
[2.003s] -- Up-to-date: /root/ws/origami/install/fiducials/include/fiducials/fiducials/msg/detail/fiducial__functions.h
[2.004s] -- Up-to-date: /root/ws/origami/install/fiducials/include/fiducials/fiducials/msg/detail/fiducial_transform__struct.h
[2.004s] -- Up-to-date: /root/ws/origami/install/fiducials/include/fiducials/fiducials/msg/detail/fiducial__struct.h
[2.004s] -- Up-to-date: /root/ws/origami/install/fiducials/include/fiducials/fiducials/msg/detail/fiducial_array__functions.h
[2.004s] -- Up-to-date: /root/ws/origami/install/fiducials/include/fiducials/fiducials/msg/detail/fiducial__functions.c
[2.004s] -- Up-to-date: /root/ws/origami/install/fiducials/include/fiducials/fiducials/msg/detail/fiducial_array__struct.h
[2.004s] -- Up-to-date: /root/ws/origami/install/fiducials/include/fiducials/fiducials/msg/detail/fiducial_map_entry__type_support.h
[2.004s] -- Up-to-date: /root/ws/origami/install/fiducials/include/fiducials/fiducials/msg/detail/fiducial_map_entry__functions.h
[2.004s] -- Up-to-date: /root/ws/origami/install/fiducials/include/fiducials/fiducials/msg/detail/fiducial_map_entry_array__type_support.h
[2.004s] -- Up-to-date: /root/ws/origami/install/fiducials/include/fiducials/fiducials/msg/detail/fiducial_map_entry_array__struct.h
[2.005s] -- Up-to-date: /root/ws/origami/install/fiducials/include/fiducials/fiducials/msg/detail/fiducial_transform_array__type_support.h
[2.005s] -- Up-to-date: /root/ws/origami/install/fiducials/include/fiducials/fiducials/msg/detail/fiducial_map_entry_array__functions.h
[2.005s] -- Up-to-date: /root/ws/origami/install/fiducials/include/fiducials/fiducials/msg/detail/fiducial_transform_array__functions.h
[2.005s] -- Up-to-date: /root/ws/origami/install/fiducials/include/fiducials/fiducials/msg/detail/fiducial_transform_array__functions.c
[2.005s] -- Up-to-date: /root/ws/origami/install/fiducials/include/fiducials/fiducials/msg/fiducial.h
[2.005s] -- Up-to-date: /root/ws/origami/install/fiducials/share/fiducials/environment/library_path.sh
[2.005s] -- Up-to-date: /root/ws/origami/install/fiducials/share/fiducials/environment/library_path.dsv
[2.005s] -- Up-to-date: /root/ws/origami/install/fiducials/lib/libfiducials__rosidl_generator_c.so
[2.006s] -- Up-to-date: /root/ws/origami/install/fiducials/include/fiducials/fiducials
[2.006s] -- Up-to-date: /root/ws/origami/install/fiducials/include/fiducials/fiducials/msg
[2.006s] -- Up-to-date: /root/ws/origami/install/fiducials/include/fiducials/fiducials/msg/rosidl_typesupport_fastrtps_c__visibility_control.h
[2.006s] -- Up-to-date: /root/ws/origami/install/fiducials/include/fiducials/fiducials/msg/detail
[2.006s] -- Up-to-date: /root/ws/origami/install/fiducials/include/fiducials/fiducials/msg/detail/fiducial_map_entry_array__rosidl_typesupport_fastrtps_c.h
[2.006s] -- Up-to-date: /root/ws/origami/install/fiducials/include/fiducials/fiducials/msg/detail/fiducial_map_entry__rosidl_typesupport_fastrtps_c.h
[2.006s] -- Up-to-date: /root/ws/origami/install/fiducials/include/fiducials/fiducials/msg/detail/fiducial_transform_array__rosidl_typesupport_fastrtps_c.h
[2.006s] -- Up-to-date: /root/ws/origami/install/fiducials/include/fiducials/fiducials/msg/detail/fiducial_transform__rosidl_typesupport_fastrtps_c.h
[2.006s] -- Up-to-date: /root/ws/origami/install/fiducials/include/fiducials/fiducials/msg/detail/fiducial__rosidl_typesupport_fastrtps_c.h
[2.006s] -- Up-to-date: /root/ws/origami/install/fiducials/include/fiducials/fiducials/msg/detail/fiducial_array__rosidl_typesupport_fastrtps_c.h
[2.007s] -- Up-to-date: /root/ws/origami/install/fiducials/lib/libfiducials__rosidl_typesupport_fastrtps_c.so
[2.007s] -- Up-to-date: /root/ws/origami/install/fiducials/include/fiducials/fiducials
[2.007s] -- Up-to-date: /root/ws/origami/install/fiducials/include/fiducials/fiducials/msg
[2.008s] -- Up-to-date: /root/ws/origami/install/fiducials/include/fiducials/fiducials/msg/fiducial_transform_array.hpp
[2.008s] -- Up-to-date: /root/ws/origami/install/fiducials/include/fiducials/fiducials/msg/fiducial_array.hpp
[2.008s] -- Up-to-date: /root/ws/origami/install/fiducials/include/fiducials/fiducials/msg/fiducial.hpp
[2.008s] -- Up-to-date: /root/ws/origami/install/fiducials/include/fiducials/fiducials/msg/fiducial_map_entry_array.hpp
[2.008s] -- Up-to-date: /root/ws/origami/install/fiducials/include/fiducials/fiducials/msg/detail
[2.008s] -- Up-to-date: /root/ws/origami/install/fiducials/include/fiducials/fiducials/msg/detail/fiducial_map_entry__builder.hpp
[2.008s] -- Up-to-date: /root/ws/origami/install/fiducials/include/fiducials/fiducials/msg/detail/fiducial_transform__struct.hpp
[2.009s] -- Up-to-date: /root/ws/origami/install/fiducials/include/fiducials/fiducials/msg/detail/fiducial_map_entry_array__struct.hpp
[2.009s] -- Up-to-date: /root/ws/origami/install/fiducials/include/fiducials/fiducials/msg/detail/fiducial_transform__builder.hpp
[2.009s] -- Up-to-date: /root/ws/origami/install/fiducials/include/fiducials/fiducials/msg/detail/fiducial_transform_array__builder.hpp
[2.009s] -- Up-to-date: /root/ws/origami/install/fiducials/include/fiducials/fiducials/msg/detail/fiducial_array__builder.hpp
[2.012s] -- Up-to-date: /root/ws/origami/install/fiducials/include/fiducials/fiducials/msg/detail/fiducial_map_entry_array__traits.hpp
[2.013s] -- Up-to-date: /root/ws/origami/install/fiducials/include/fiducials/fiducials/msg/detail/fiducial_map_entry__struct.hpp
[2.013s] -- Up-to-date: /root/ws/origami/install/fiducials/include/fiducials/fiducials/msg/detail/fiducial_map_entry_array__builder.hpp
[2.013s] -- Up-to-date: /root/ws/origami/install/fiducials/include/fiducials/fiducials/msg/detail/fiducial_transform__traits.hpp
[2.013s] -- Up-to-date: /root/ws/origami/install/fiducials/include/fiducials/fiducials/msg/detail/fiducial_map_entry__traits.hpp
[2.013s] -- Up-to-date: /root/ws/origami/install/fiducials/include/fiducials/fiducials/msg/detail/fiducial_transform_array__traits.hpp
[2.014s] -- Up-to-date: /root/ws/origami/install/fiducials/include/fiducials/fiducials/msg/detail/fiducial_transform_array__struct.hpp
[2.014s] -- Up-to-date: /root/ws/origami/install/fiducials/include/fiducials/fiducials/msg/detail/fiducial__builder.hpp
[2.014s] -- Up-to-date: /root/ws/origami/install/fiducials/include/fiducials/fiducials/msg/detail/fiducial_array__traits.hpp
[2.014s] -- Up-to-date: /root/ws/origami/install/fiducials/include/fiducials/fiducials/msg/detail/fiducial__struct.hpp
[2.014s] -- Up-to-date: /root/ws/origami/install/fiducials/include/fiducials/fiducials/msg/detail/fiducial__traits.hpp
[2.014s] -- Up-to-date: /root/ws/origami/install/fiducials/include/fiducials/fiducials/msg/detail/fiducial_array__struct.hpp
[2.014s] -- Up-to-date: /root/ws/origami/install/fiducials/include/fiducials/fiducials/msg/fiducial_map_entry.hpp
[2.015s] -- Up-to-date: /root/ws/origami/install/fiducials/include/fiducials/fiducials/msg/fiducial_transform.hpp
[2.015s] -- Up-to-date: /root/ws/origami/install/fiducials/include/fiducials/fiducials
[2.015s] -- Up-to-date: /root/ws/origami/install/fiducials/include/fiducials/fiducials/msg
[2.015s] -- Up-to-date: /root/ws/origami/install/fiducials/include/fiducials/fiducials/msg/rosidl_typesupport_fastrtps_cpp__visibility_control.h
[2.015s] -- Up-to-date: /root/ws/origami/install/fiducials/include/fiducials/fiducials/msg/detail
[2.015s] -- Up-to-date: /root/ws/origami/install/fiducials/include/fiducials/fiducials/msg/detail/fiducial_array__rosidl_typesupport_fastrtps_cpp.hpp
[2.015s] -- Up-to-date: /root/ws/origami/install/fiducials/include/fiducials/fiducials/msg/detail/fiducial__rosidl_typesupport_fastrtps_cpp.hpp
[2.016s] -- Up-to-date: /root/ws/origami/install/fiducials/include/fiducials/fiducials/msg/detail/fiducial_transform_array__rosidl_typesupport_fastrtps_cpp.hpp
[2.016s] -- Up-to-date: /root/ws/origami/install/fiducials/include/fiducials/fiducials/msg/detail/fiducial_map_entry_array__rosidl_typesupport_fastrtps_cpp.hpp
[2.016s] -- Up-to-date: /root/ws/origami/install/fiducials/include/fiducials/fiducials/msg/detail/fiducial_map_entry__rosidl_typesupport_fastrtps_cpp.hpp
[2.017s] -- Up-to-date: /root/ws/origami/install/fiducials/include/fiducials/fiducials/msg/detail/dds_fastrtps
[2.017s] -- Up-to-date: /root/ws/origami/install/fiducials/include/fiducials/fiducials/msg/detail/fiducial_transform__rosidl_typesupport_fastrtps_cpp.hpp
[2.017s] -- Up-to-date: /root/ws/origami/install/fiducials/lib/libfiducials__rosidl_typesupport_fastrtps_cpp.so
[2.017s] -- Up-to-date: /root/ws/origami/install/fiducials/include/fiducials/fiducials
[2.018s] -- Up-to-date: /root/ws/origami/install/fiducials/include/fiducials/fiducials/msg
[2.018s] -- Up-to-date: /root/ws/origami/install/fiducials/include/fiducials/fiducials/msg/rosidl_typesupport_introspection_c__visibility_control.h
[2.018s] -- Up-to-date: /root/ws/origami/install/fiducials/include/fiducials/fiducials/msg/detail
[2.018s] -- Up-to-date: /root/ws/origami/install/fiducials/include/fiducials/fiducials/msg/detail/fiducial_transform_array__rosidl_typesupport_introspection_c.h
[2.019s] -- Up-to-date: /root/ws/origami/install/fiducials/include/fiducials/fiducials/msg/detail/fiducial_array__rosidl_typesupport_introspection_c.h
[2.019s] -- Up-to-date: /root/ws/origami/install/fiducials/include/fiducials/fiducials/msg/detail/fiducial__rosidl_typesupport_introspection_c.h
[2.019s] -- Up-to-date: /root/ws/origami/install/fiducials/include/fiducials/fiducials/msg/detail/fiducial_map_entry__type_support.c
[2.019s] -- Up-to-date: /root/ws/origami/install/fiducials/include/fiducials/fiducials/msg/detail/fiducial_transform_array__type_support.c
[2.019s] -- Up-to-date: /root/ws/origami/install/fiducials/include/fiducials/fiducials/msg/detail/fiducial_map_entry__rosidl_typesupport_introspection_c.h
[2.020s] -- Up-to-date: /root/ws/origami/install/fiducials/include/fiducials/fiducials/msg/detail/fiducial_transform__rosidl_typesupport_introspection_c.h
[2.020s] -- Up-to-date: /root/ws/origami/install/fiducials/include/fiducials/fiducials/msg/detail/fiducial_map_entry_array__rosidl_typesupport_introspection_c.h
[2.020s] -- Up-to-date: /root/ws/origami/install/fiducials/include/fiducials/fiducials/msg/detail/fiducial_array__type_support.c
[2.020s] -- Up-to-date: /root/ws/origami/install/fiducials/include/fiducials/fiducials/msg/detail/fiducial_transform__type_support.c
[2.021s] -- Up-to-date: /root/ws/origami/install/fiducials/include/fiducials/fiducials/msg/detail/fiducial__type_support.c
[2.021s] -- Up-to-date: /root/ws/origami/install/fiducials/include/fiducials/fiducials/msg/detail/fiducial_map_entry_array__type_support.c
[2.021s] -- Up-to-date: /root/ws/origami/install/fiducials/lib/libfiducials__rosidl_typesupport_introspection_c.so
[2.021s] -- Up-to-date: /root/ws/origami/install/fiducials/lib/libfiducials__rosidl_typesupport_c.so
[2.021s] -- Up-to-date: /root/ws/origami/install/fiducials/include/fiducials/fiducials
[2.021s] -- Up-to-date: /root/ws/origami/install/fiducials/include/fiducials/fiducials/msg
[2.021s] -- Up-to-date: /root/ws/origami/install/fiducials/include/fiducials/fiducials/msg/detail
[2.022s] -- Up-to-date: /root/ws/origami/install/fiducials/include/fiducials/fiducials/msg/detail/fiducial_transform__type_support.cpp
[2.022s] -- Up-to-date: /root/ws/origami/install/fiducials/include/fiducials/fiducials/msg/detail/fiducial_map_entry__rosidl_typesupport_introspection_cpp.hpp
[2.022s] -- Up-to-date: /root/ws/origami/install/fiducials/include/fiducials/fiducials/msg/detail/fiducial_transform_array__type_support.cpp
[2.022s] -- Up-to-date: /root/ws/origami/install/fiducials/include/fiducials/fiducials/msg/detail/fiducial_array__rosidl_typesupport_introspection_cpp.hpp
[2.022s] -- Up-to-date: /root/ws/origami/install/fiducials/include/fiducials/fiducials/msg/detail/fiducial_map_entry__type_support.cpp
[2.022s] -- Up-to-date: /root/ws/origami/install/fiducials/include/fiducials/fiducials/msg/detail/fiducial__rosidl_typesupport_introspection_cpp.hpp
[2.022s] -- Up-to-date: /root/ws/origami/install/fiducials/include/fiducials/fiducials/msg/detail/fiducial__type_support.cpp
[2.023s] -- Up-to-date: /root/ws/origami/install/fiducials/include/fiducials/fiducials/msg/detail/fiducial_map_entry_array__rosidl_typesupport_introspection_cpp.hpp
[2.023s] -- Up-to-date: /root/ws/origami/install/fiducials/include/fiducials/fiducials/msg/detail/fiducial_array__type_support.cpp
[2.023s] -- Up-to-date: /root/ws/origami/install/fiducials/include/fiducials/fiducials/msg/detail/fiducial_map_entry_array__type_support.cpp
[2.023s] -- Up-to-date: /root/ws/origami/install/fiducials/include/fiducials/fiducials/msg/detail/fiducial_transform__rosidl_typesupport_introspection_cpp.hpp
[2.023s] -- Up-to-date: /root/ws/origami/install/fiducials/include/fiducials/fiducials/msg/detail/fiducial_transform_array__rosidl_typesupport_introspection_cpp.hpp
[2.023s] -- Up-to-date: /root/ws/origami/install/fiducials/lib/libfiducials__rosidl_typesupport_introspection_cpp.so
[2.023s] -- Up-to-date: /root/ws/origami/install/fiducials/lib/libfiducials__rosidl_typesupport_cpp.so
[2.023s] -- Up-to-date: /root/ws/origami/install/fiducials/share/fiducials/environment/pythonpath.sh
[2.024s] -- Up-to-date: /root/ws/origami/install/fiducials/share/fiducials/environment/pythonpath.dsv
[2.024s] -- Up-to-date: /root/ws/origami/install/fiducials/local/lib/python3.10/dist-packages/fiducials-0.0.0-py3.10.egg-info
[2.024s] -- Installing: /root/ws/origami/install/fiducials/local/lib/python3.10/dist-packages/fiducials-0.0.0-py3.10.egg-info/top_level.txt
[2.024s] -- Installing: /root/ws/origami/install/fiducials/local/lib/python3.10/dist-packages/fiducials-0.0.0-py3.10.egg-info/SOURCES.txt
[2.024s] -- Installing: /root/ws/origami/install/fiducials/local/lib/python3.10/dist-packages/fiducials-0.0.0-py3.10.egg-info/dependency_links.txt
[2.024s] -- Installing: /root/ws/origami/install/fiducials/local/lib/python3.10/dist-packages/fiducials-0.0.0-py3.10.egg-info/PKG-INFO
[2.024s] -- Up-to-date: /root/ws/origami/install/fiducials/local/lib/python3.10/dist-packages/fiducials
[2.024s] -- Up-to-date: /root/ws/origami/install/fiducials/local/lib/python3.10/dist-packages/fiducials/_fiducials_s.ep.rosidl_typesupport_introspection_c.c
[2.024s] -- Up-to-date: /root/ws/origami/install/fiducials/local/lib/python3.10/dist-packages/fiducials/fiducials_s__rosidl_typesupport_fastrtps_c.cpython-310-x86_64-linux-gnu.so
[2.025s] -- Up-to-date: /root/ws/origami/install/fiducials/local/lib/python3.10/dist-packages/fiducials/_fiducials_s.ep.rosidl_typesupport_fastrtps_c.c
[2.025s] -- Up-to-date: /root/ws/origami/install/fiducials/local/lib/python3.10/dist-packages/fiducials/fiducials_s__rosidl_typesupport_c.cpython-310-x86_64-linux-gnu.so
[2.025s] -- Up-to-date: /root/ws/origami/install/fiducials/local/lib/python3.10/dist-packages/fiducials/libfiducials__rosidl_generator_py.so
[2.025s] -- Up-to-date: /root/ws/origami/install/fiducials/local/lib/python3.10/dist-packages/fiducials/_fiducials_s.ep.rosidl_typesupport_c.c
[2.025s] -- Up-to-date: /root/ws/origami/install/fiducials/local/lib/python3.10/dist-packages/fiducials/__init__.py
[2.025s] -- Up-to-date: /root/ws/origami/install/fiducials/local/lib/python3.10/dist-packages/fiducials/fiducials_s__rosidl_typesupport_introspection_c.cpython-310-x86_64-linux-gnu.so
[2.025s] -- Up-to-date: /root/ws/origami/install/fiducials/local/lib/python3.10/dist-packages/fiducials/msg
[2.025s] -- Up-to-date: /root/ws/origami/install/fiducials/local/lib/python3.10/dist-packages/fiducials/msg/_fiducial.py
[2.025s] -- Up-to-date: /root/ws/origami/install/fiducials/local/lib/python3.10/dist-packages/fiducials/msg/_fiducial_array_s.c
[2.026s] -- Up-to-date: /root/ws/origami/install/fiducials/local/lib/python3.10/dist-packages/fiducials/msg/_fiducial_transform.py
[2.026s] -- Up-to-date: /root/ws/origami/install/fiducials/local/lib/python3.10/dist-packages/fiducials/msg/_fiducial_map_entry_s.c
[2.026s] -- Up-to-date: /root/ws/origami/install/fiducials/local/lib/python3.10/dist-packages/fiducials/msg/_fiducial_transform_array_s.c
[2.026s] -- Up-to-date: /root/ws/origami/install/fiducials/local/lib/python3.10/dist-packages/fiducials/msg/_fiducial_array.py
[2.026s] -- Up-to-date: /root/ws/origami/install/fiducials/local/lib/python3.10/dist-packages/fiducials/msg/__init__.py
[2.026s] -- Up-to-date: /root/ws/origami/install/fiducials/local/lib/python3.10/dist-packages/fiducials/msg/_fiducial_map_entry_array.py
[2.026s] -- Up-to-date: /root/ws/origami/install/fiducials/local/lib/python3.10/dist-packages/fiducials/msg/_fiducial_transform_s.c
[2.026s] -- Up-to-date: /root/ws/origami/install/fiducials/local/lib/python3.10/dist-packages/fiducials/msg/_fiducial_s.c
[2.027s] -- Up-to-date: /root/ws/origami/install/fiducials/local/lib/python3.10/dist-packages/fiducials/msg/_fiducial_transform_array.py
[2.027s] -- Up-to-date: /root/ws/origami/install/fiducials/local/lib/python3.10/dist-packages/fiducials/msg/_fiducial_map_entry.py
[2.027s] -- Up-to-date: /root/ws/origami/install/fiducials/local/lib/python3.10/dist-packages/fiducials/msg/_fiducial_map_entry_array_s.c
[2.076s] Listing '/root/ws/origami/install/fiducials/local/lib/python3.10/dist-packages/fiducials'...
[2.077s] Listing '/root/ws/origami/install/fiducials/local/lib/python3.10/dist-packages/fiducials/msg'...
[2.083s] -- Up-to-date: /root/ws/origami/install/fiducials/local/lib/python3.10/dist-packages/fiducials/fiducials_s__rosidl_typesupport_fastrtps_c.cpython-310-x86_64-linux-gnu.so
[2.084s] -- Up-to-date: /root/ws/origami/install/fiducials/local/lib/python3.10/dist-packages/fiducials/fiducials_s__rosidl_typesupport_introspection_c.cpython-310-x86_64-linux-gnu.so
[2.084s] -- Up-to-date: /root/ws/origami/install/fiducials/local/lib/python3.10/dist-packages/fiducials/fiducials_s__rosidl_typesupport_c.cpython-310-x86_64-linux-gnu.so
[2.084s] -- Up-to-date: /root/ws/origami/install/fiducials/lib/libfiducials__rosidl_generator_py.so
[2.085s] -- Up-to-date: /root/ws/origami/install/fiducials/share/fiducials/msg/Fiducial.idl
[2.091s] -- Up-to-date: /root/ws/origami/install/fiducials/share/fiducials/msg/FiducialArray.idl
[2.091s] -- Up-to-date: /root/ws/origami/install/fiducials/share/fiducials/msg/FiducialTransform.idl
[2.091s] -- Up-to-date: /root/ws/origami/install/fiducials/share/fiducials/msg/FiducialTransformArray.idl
[2.091s] -- Up-to-date: /root/ws/origami/install/fiducials/share/fiducials/msg/FiducialMapEntry.idl
[2.092s] -- Up-to-date: /root/ws/origami/install/fiducials/share/fiducials/msg/FiducialMapEntryArray.idl
[2.092s] -- Up-to-date: /root/ws/origami/install/fiducials/share/fiducials/msg/Fiducial.msg
[2.092s] -- Up-to-date: /root/ws/origami/install/fiducials/share/fiducials/msg/FiducialArray.msg
[2.092s] -- Up-to-date: /root/ws/origami/install/fiducials/share/fiducials/msg/FiducialTransform.msg
[2.093s] -- Up-to-date: /root/ws/origami/install/fiducials/share/fiducials/msg/FiducialTransformArray.msg
[2.093s] -- Up-to-date: /root/ws/origami/install/fiducials/share/fiducials/msg/FiducialMapEntry.msg
[2.093s] -- Up-to-date: /root/ws/origami/install/fiducials/share/fiducials/msg/FiducialMapEntryArray.msg
[2.093s] -- Up-to-date: /root/ws/origami/install/fiducials/local/lib/python3.10/dist-packages/scripts-0.0.0-py3.10.egg-info
[2.093s] -- Installing: /root/ws/origami/install/fiducials/local/lib/python3.10/dist-packages/scripts-0.0.0-py3.10.egg-info/top_level.txt
[2.093s] -- Installing: /root/ws/origami/install/fiducials/local/lib/python3.10/dist-packages/scripts-0.0.0-py3.10.egg-info/SOURCES.txt
[2.093s] -- Installing: /root/ws/origami/install/fiducials/local/lib/python3.10/dist-packages/scripts-0.0.0-py3.10.egg-info/dependency_links.txt
[2.093s] -- Installing: /root/ws/origami/install/fiducials/local/lib/python3.10/dist-packages/scripts-0.0.0-py3.10.egg-info/PKG-INFO
[2.093s] -- Up-to-date: /root/ws/origami/install/fiducials/local/lib/python3.10/dist-packages/scripts
[2.094s] -- Up-to-date: /root/ws/origami/install/fiducials/local/lib/python3.10/dist-packages/scripts/create_markers.py
[2.094s] -- Up-to-date: /root/ws/origami/install/fiducials/local/lib/python3.10/dist-packages/scripts/camera_calibrate.py
[2.094s] -- Up-to-date: /root/ws/origami/install/fiducials/local/lib/python3.10/dist-packages/scripts/aruco_detect.py
[2.094s] -- Up-to-date: /root/ws/origami/install/fiducials/local/lib/python3.10/dist-packages/scripts/PupilGlassesCalibration.pckl
[2.094s] -- Up-to-date: /root/ws/origami/install/fiducials/local/lib/python3.10/dist-packages/scripts/__init__.py
[2.094s] -- Up-to-date: /root/ws/origami/install/fiducials/local/lib/python3.10/dist-packages/scripts/aruco_mapper.py
[2.094s] -- Up-to-date: /root/ws/origami/install/fiducials/local/lib/python3.10/dist-packages/scripts/camera_calibration
[2.095s] -- Up-to-date: /root/ws/origami/install/fiducials/local/lib/python3.10/dist-packages/scripts/camera_calibration/old_webcam_calibration_images
[2.095s] -- Up-to-date: /root/ws/origami/install/fiducials/local/lib/python3.10/dist-packages/scripts/camera_calibration/old_webcam_calibration_images/2022-04-25-100708.jpg
[2.095s] -- Up-to-date: /root/ws/origami/install/fiducials/local/lib/python3.10/dist-packages/scripts/camera_calibration/old_webcam_calibration_images/2022-04-25-100736.jpg
[2.095s] -- Up-to-date: /root/ws/origami/install/fiducials/local/lib/python3.10/dist-packages/scripts/camera_calibration/old_webcam_calibration_images/2022-04-25-100504.jpg
[2.095s] -- Up-to-date: /root/ws/origami/install/fiducials/local/lib/python3.10/dist-packages/scripts/camera_calibration/old_webcam_calibration_images/2022-04-25-100601.jpg
[2.095s] -- Up-to-date: /root/ws/origami/install/fiducials/local/lib/python3.10/dist-packages/scripts/camera_calibration/old_webcam_calibration_images/2022-04-25-100614.jpg
[2.095s] -- Up-to-date: /root/ws/origami/install/fiducials/local/lib/python3.10/dist-packages/scripts/camera_calibration/old_webcam_calibration_images/2022-04-25-100643.jpg
[2.096s] -- Up-to-date: /root/ws/origami/install/fiducials/local/lib/python3.10/dist-packages/scripts/camera_calibration/old_webcam_calibration_images/2022-04-25-100453.jpg
[2.096s] -- Up-to-date: /root/ws/origami/install/fiducials/local/lib/python3.10/dist-packages/scripts/camera_calibration/old_webcam_calibration_images/2022-04-25-100626.jpg
[2.096s] -- Up-to-date: /root/ws/origami/install/fiducials/local/lib/python3.10/dist-packages/scripts/camera_calibration/old_webcam_calibration_images/2022-04-25-100719.jpg
[2.096s] -- Up-to-date: /root/ws/origami/install/fiducials/local/lib/python3.10/dist-packages/scripts/camera_calibration/old_webcam_calibration_images/2022-04-25-100654.jpg
[2.096s] -- Up-to-date: /root/ws/origami/install/fiducials/local/lib/python3.10/dist-packages/scripts/camera_calibration/old_webcam_calibration_images/2022-04-25-100514.jpg
[2.096s] -- Up-to-date: /root/ws/origami/install/fiducials/local/lib/python3.10/dist-packages/scripts/camera_calibration/old_webcam_calibration_images/2022-04-25-100635.jpg
[2.096s] -- Up-to-date: /root/ws/origami/install/fiducials/local/lib/python3.10/dist-packages/scripts/camera_calibration/old_webcam_calibration_images/2022-04-25-100550.jpg
[2.096s] -- Up-to-date: /root/ws/origami/install/fiducials/local/lib/python3.10/dist-packages/scripts/camera_calibration/old_webcam_calibration_images/2022-04-25-100447.jpg
[2.096s] -- Up-to-date: /root/ws/origami/install/fiducials/local/lib/python3.10/dist-packages/scripts/camera_calibration/old_webcam_calibration_images/2022-04-25-100542.jpg
[2.096s] -- Up-to-date: /root/ws/origami/install/fiducials/local/lib/python3.10/dist-packages/scripts/camera_calibration/calibration.pckl
[2.097s] -- Up-to-date: /root/ws/origami/install/fiducials/local/lib/python3.10/dist-packages/scripts/camera_calibration/TobiiCalibration
[2.097s] -- Up-to-date: /root/ws/origami/install/fiducials/local/lib/python3.10/dist-packages/scripts/camera_calibration/TobiiCalibration/vlcsnap-2022-04-28-16h18m42s700.png
[2.097s] -- Up-to-date: /root/ws/origami/install/fiducials/local/lib/python3.10/dist-packages/scripts/camera_calibration/TobiiCalibration/vlcsnap-2022-04-28-16h21m21s263.png
[2.097s] -- Up-to-date: /root/ws/origami/install/fiducials/local/lib/python3.10/dist-packages/scripts/camera_calibration/TobiiCalibration/vlcsnap-2022-04-28-16h18m59s845.png
[2.097s] -- Up-to-date: /root/ws/origami/install/fiducials/local/lib/python3.10/dist-packages/scripts/camera_calibration/TobiiCalibration/vlcsnap-2022-04-28-16h14m37s506.png
[2.097s] -- Up-to-date: /root/ws/origami/install/fiducials/local/lib/python3.10/dist-packages/scripts/camera_calibration/TobiiCalibration/vlcsnap-2022-04-28-16h13m51s644.png
[2.097s] -- Up-to-date: /root/ws/origami/install/fiducials/local/lib/python3.10/dist-packages/scripts/camera_calibration/TobiiCalibration/vlcsnap-2022-04-28-16h18m33s305.png
[2.097s] -- Up-to-date: /root/ws/origami/install/fiducials/local/lib/python3.10/dist-packages/scripts/camera_calibration/TobiiCalibration/vlcsnap-2022-04-28-16h21m16s913.png
[2.097s] -- Up-to-date: /root/ws/origami/install/fiducials/local/lib/python3.10/dist-packages/scripts/camera_calibration/TobiiCalibration/calibration.pckl
[2.098s] -- Up-to-date: /root/ws/origami/install/fiducials/local/lib/python3.10/dist-packages/scripts/camera_calibration/TobiiCalibration/vlcsnap-2022-04-28-16h19m21s435.png
[2.098s] -- Up-to-date: /root/ws/origami/install/fiducials/local/lib/python3.10/dist-packages/scripts/camera_calibration/TobiiCalibration/vlcsnap-2022-04-28-16h21m12s225.png
[2.098s] -- Up-to-date: /root/ws/origami/install/fiducials/local/lib/python3.10/dist-packages/scripts/camera_calibration/TobiiCalibration/vlcsnap-2022-04-28-16h19m51s539.png
[2.098s] -- Up-to-date: /root/ws/origami/install/fiducials/local/lib/python3.10/dist-packages/scripts/camera_calibration/TobiiCalibration/vlcsnap-2022-04-28-16h20m56s584.png
[2.098s] -- Up-to-date: /root/ws/origami/install/fiducials/local/lib/python3.10/dist-packages/scripts/camera_calibration/TobiiCalibration/vlcsnap-2022-04-28-16h15m08s507.png
[2.098s] -- Up-to-date: /root/ws/origami/install/fiducials/local/lib/python3.10/dist-packages/scripts/camera_calibration/TobiiCalibration/vlcsnap-2022-04-28-16h18m53s558.png
[2.098s] -- Up-to-date: /root/ws/origami/install/fiducials/local/lib/python3.10/dist-packages/scripts/camera_calibration/TobiiCalibration/vlcsnap-2022-04-28-16h21m39s908.png
[2.098s] -- Up-to-date: /root/ws/origami/install/fiducials/local/lib/python3.10/dist-packages/scripts/camera_calibration/TobiiCalibration/vlcsnap-2022-04-28-16h21m03s920.png
[2.098s] -- Up-to-date: /root/ws/origami/install/fiducials/local/lib/python3.10/dist-packages/scripts/camera_calibration/TobiiCalibration/vlcsnap-2022-04-28-16h21m45s787.png
[2.099s] -- Up-to-date: /root/ws/origami/install/fiducials/local/lib/python3.10/dist-packages/scripts/camera_calibration/TobiiCalibration/vlcsnap-2022-04-28-16h20m01s390.png
[2.099s] -- Up-to-date: /root/ws/origami/install/fiducials/local/lib/python3.10/dist-packages/scripts/camera_calibration/TobiiCalibration/vlcsnap-2022-04-28-16h22m00s263.png
[2.099s] -- Up-to-date: /root/ws/origami/install/fiducials/local/lib/python3.10/dist-packages/scripts/camera_calibration/TobiiCalibration/vlcsnap-2022-04-28-16h19m04s522.png
[2.099s] -- Up-to-date: /root/ws/origami/install/fiducials/local/lib/python3.10/dist-packages/scripts/camera_calibration/TobiiCalibration/vlcsnap-2022-04-28-16h21m56s920.png
[2.099s] -- Up-to-date: /root/ws/origami/install/fiducials/local/lib/python3.10/dist-packages/scripts/camera_calibration/TobiiCalibration/vlcsnap-2022-04-28-16h18m24s207.png
[2.099s] -- Up-to-date: /root/ws/origami/install/fiducials/local/lib/python3.10/dist-packages/scripts/camera_calibration/TobiiCalibration/vlcsnap-2022-04-28-16h19m12s268.png
[2.099s] -- Up-to-date: /root/ws/origami/install/fiducials/local/lib/python3.10/dist-packages/scripts/camera_calibration/TobiiCalibration/vlcsnap-2022-04-28-16h19m57s011.png
[2.099s] -- Up-to-date: /root/ws/origami/install/fiducials/local/lib/python3.10/dist-packages/scripts/camera_calibration/TobiiCalibration/vlcsnap-2022-04-28-16h21m08s214.png
[2.099s] -- Up-to-date: /root/ws/origami/install/fiducials/local/lib/python3.10/dist-packages/scripts/camera_calibration/TobiiCalibration/vlcsnap-2022-04-28-16h20m10s240.png
[2.099s] -- Up-to-date: /root/ws/origami/install/fiducials/local/lib/python3.10/dist-packages/scripts/camera_calibration/TobiiCalibration/vlcsnap-2022-04-28-16h19m25s886.png
[2.100s] -- Up-to-date: /root/ws/origami/install/fiducials/local/lib/python3.10/dist-packages/scripts/camera_calibration/TobiiCalibration/vlcsnap-2022-04-28-16h20m49s540.png
[2.100s] -- Up-to-date: /root/ws/origami/install/fiducials/local/lib/python3.10/dist-packages/scripts/camera_calibration/TobiiCalibration/vlcsnap-2022-04-28-16h14m26s085.png
[2.100s] -- Up-to-date: /root/ws/origami/install/fiducials/local/lib/python3.10/dist-packages/scripts/camera_calibration/old_webcam.pckl
[2.100s] -- Up-to-date: /root/ws/origami/install/fiducials/local/lib/python3.10/dist-packages/scripts/camera_calibration/pupil_glasses_calibration_images
[2.100s] -- Up-to-date: /root/ws/origami/install/fiducials/local/lib/python3.10/dist-packages/scripts/camera_calibration/pupil_glasses_calibration_images/PupilCalibrationImage02.png
[2.100s] -- Up-to-date: /root/ws/origami/install/fiducials/local/lib/python3.10/dist-packages/scripts/camera_calibration/pupil_glasses_calibration_images/PupilCalibrationImage07.png
[2.100s] -- Up-to-date: /root/ws/origami/install/fiducials/local/lib/python3.10/dist-packages/scripts/camera_calibration/pupil_glasses_calibration_images/PupilCalibrationImage09.png
[2.101s] -- Up-to-date: /root/ws/origami/install/fiducials/local/lib/python3.10/dist-packages/scripts/camera_calibration/pupil_glasses_calibration_images/PupilCalibrationImage13.png
[2.104s] -- Up-to-date: /root/ws/origami/install/fiducials/local/lib/python3.10/dist-packages/scripts/camera_calibration/pupil_glasses_calibration_images/PupilCalibrationImage05.png
[2.104s] -- Up-to-date: /root/ws/origami/install/fiducials/local/lib/python3.10/dist-packages/scripts/camera_calibration/pupil_glasses_calibration_images/PupilCalibrationImage12.png
[2.104s] -- Up-to-date: /root/ws/origami/install/fiducials/local/lib/python3.10/dist-packages/scripts/camera_calibration/pupil_glasses_calibration_images/PupilCalibrationImage06.png
[2.104s] -- Up-to-date: /root/ws/origami/install/fiducials/local/lib/python3.10/dist-packages/scripts/camera_calibration/pupil_glasses_calibration_images/PupilCalibrationImage04.png
[2.104s] -- Up-to-date: /root/ws/origami/install/fiducials/local/lib/python3.10/dist-packages/scripts/camera_calibration/pupil_glasses_calibration_images/PupilCalibrationImage10.png
[2.105s] -- Up-to-date: /root/ws/origami/install/fiducials/local/lib/python3.10/dist-packages/scripts/camera_calibration/pupil_glasses_calibration_images/PupilCalibrationImage11.png
[2.105s] -- Up-to-date: /root/ws/origami/install/fiducials/local/lib/python3.10/dist-packages/scripts/camera_calibration/pupil_glasses_calibration_images/PupilCalibrationImage08.png
[2.105s] -- Up-to-date: /root/ws/origami/install/fiducials/local/lib/python3.10/dist-packages/scripts/camera_calibration/pupil_glasses_calibration_images/PupilCalibrationImage01.png
[2.105s] -- Up-to-date: /root/ws/origami/install/fiducials/local/lib/python3.10/dist-packages/scripts/camera_calibration/pupil_glasses_calibration_images/PupilCalibrationImage14.png
[2.105s] -- Up-to-date: /root/ws/origami/install/fiducials/local/lib/python3.10/dist-packages/scripts/camera_calibration/pupil_glasses_calibration_images/PupilCalibrationImage03.png
[2.105s] -- Up-to-date: /root/ws/origami/install/fiducials/local/lib/python3.10/dist-packages/scripts/camera_calibration/pupil_glasses_calibration_images/PupilCalibrationImage16.png
[2.105s] -- Up-to-date: /root/ws/origami/install/fiducials/local/lib/python3.10/dist-packages/scripts/camera_calibration/pupil_glasses_calibration_images/PupilCalibrationImage15.png
[2.146s] Listing '/root/ws/origami/install/fiducials/local/lib/python3.10/dist-packages/scripts'...
[2.146s] Listing '/root/ws/origami/install/fiducials/local/lib/python3.10/dist-packages/scripts/camera_calibration'...
[2.146s] Listing '/root/ws/origami/install/fiducials/local/lib/python3.10/dist-packages/scripts/camera_calibration/TobiiCalibration'...
[2.146s] Listing '/root/ws/origami/install/fiducials/local/lib/python3.10/dist-packages/scripts/camera_calibration/old_webcam_calibration_images'...
[2.146s] Listing '/root/ws/origami/install/fiducials/local/lib/python3.10/dist-packages/scripts/camera_calibration/pupil_glasses_calibration_images'...
[2.154s] -- Up-to-date: /root/ws/origami/install/fiducials/lib/fiducials/aruco_detect.py
[2.154s] -- Up-to-date: /root/ws/origami/install/fiducials/lib/fiducials/aruco_mapper.py
[2.155s] -- Up-to-date: /root/ws/origami/install/fiducials/share/ament_index/resource_index/package_run_dependencies/fiducials
[2.155s] -- Up-to-date: /root/ws/origami/install/fiducials/share/ament_index/resource_index/parent_prefix_path/fiducials
[2.156s] -- Up-to-date: /root/ws/origami/install/fiducials/share/fiducials/environment/ament_prefix_path.sh
[2.156s] -- Up-to-date: /root/ws/origami/install/fiducials/share/fiducials/environment/ament_prefix_path.dsv
[2.156s] -- Up-to-date: /root/ws/origami/install/fiducials/share/fiducials/environment/path.sh
[2.156s] -- Up-to-date: /root/ws/origami/install/fiducials/share/fiducials/environment/path.dsv
[2.156s] -- Up-to-date: /root/ws/origami/install/fiducials/share/fiducials/local_setup.bash
[2.157s] -- Up-to-date: /root/ws/origami/install/fiducials/share/fiducials/local_setup.sh
[2.157s] -- Up-to-date: /root/ws/origami/install/fiducials/share/fiducials/local_setup.zsh
[2.158s] -- Up-to-date: /root/ws/origami/install/fiducials/share/fiducials/local_setup.dsv
[2.158s] -- Installing: /root/ws/origami/install/fiducials/share/fiducials/package.dsv
[2.158s] -- Up-to-date: /root/ws/origami/install/fiducials/share/ament_index/resource_index/packages/fiducials
[2.158s] -- Up-to-date: /root/ws/origami/install/fiducials/share/fiducials/cmake/export_fiducials__rosidl_generator_cExport.cmake
[2.158s] -- Up-to-date: /root/ws/origami/install/fiducials/share/fiducials/cmake/export_fiducials__rosidl_generator_cExport-noconfig.cmake
[2.158s] -- Up-to-date: /root/ws/origami/install/fiducials/share/fiducials/cmake/export_fiducials__rosidl_typesupport_fastrtps_cExport.cmake
[2.158s] -- Up-to-date: /root/ws/origami/install/fiducials/share/fiducials/cmake/export_fiducials__rosidl_typesupport_fastrtps_cExport-noconfig.cmake
[2.158s] -- Up-to-date: /root/ws/origami/install/fiducials/share/fiducials/cmake/export_fiducials__rosidl_generator_cppExport.cmake
[2.159s] -- Up-to-date: /root/ws/origami/install/fiducials/share/fiducials/cmake/export_fiducials__rosidl_typesupport_fastrtps_cppExport.cmake
[2.159s] -- Up-to-date: /root/ws/origami/install/fiducials/share/fiducials/cmake/export_fiducials__rosidl_typesupport_fastrtps_cppExport-noconfig.cmake
[2.159s] -- Up-to-date: /root/ws/origami/install/fiducials/share/fiducials/cmake/fiducials__rosidl_typesupport_introspection_cExport.cmake
[2.159s] -- Up-to-date: /root/ws/origami/install/fiducials/share/fiducials/cmake/fiducials__rosidl_typesupport_introspection_cExport-noconfig.cmake
[2.159s] -- Up-to-date: /root/ws/origami/install/fiducials/share/fiducials/cmake/fiducials__rosidl_typesupport_cExport.cmake
[2.159s] -- Up-to-date: /root/ws/origami/install/fiducials/share/fiducials/cmake/fiducials__rosidl_typesupport_cExport-noconfig.cmake
[2.159s] -- Up-to-date: /root/ws/origami/install/fiducials/share/fiducials/cmake/fiducials__rosidl_typesupport_introspection_cppExport.cmake
[2.159s] -- Up-to-date: /root/ws/origami/install/fiducials/share/fiducials/cmake/fiducials__rosidl_typesupport_introspection_cppExport-noconfig.cmake
[2.159s] -- Up-to-date: /root/ws/origami/install/fiducials/share/fiducials/cmake/fiducials__rosidl_typesupport_cppExport.cmake
[2.159s] -- Up-to-date: /root/ws/origami/install/fiducials/share/fiducials/cmake/fiducials__rosidl_typesupport_cppExport-noconfig.cmake
[2.160s] -- Up-to-date: /root/ws/origami/install/fiducials/share/fiducials/cmake/export_fiducials__rosidl_generator_pyExport.cmake
[2.160s] -- Up-to-date: /root/ws/origami/install/fiducials/share/fiducials/cmake/export_fiducials__rosidl_generator_pyExport-noconfig.cmake
[2.160s] -- Up-to-date: /root/ws/origami/install/fiducials/share/fiducials/cmake/rosidl_cmake-extras.cmake
[2.160s] -- Up-to-date: /root/ws/origami/install/fiducials/share/fiducials/cmake/ament_cmake_export_dependencies-extras.cmake
[2.160s] -- Up-to-date: /root/ws/origami/install/fiducials/share/fiducials/cmake/ament_cmake_export_include_directories-extras.cmake
[2.160s] -- Up-to-date: /root/ws/origami/install/fiducials/share/fiducials/cmake/ament_cmake_export_libraries-extras.cmake
[2.160s] -- Up-to-date: /root/ws/origami/install/fiducials/share/fiducials/cmake/ament_cmake_export_targets-extras.cmake
[2.160s] -- Up-to-date: /root/ws/origami/install/fiducials/share/fiducials/cmake/rosidl_cmake_export_typesupport_targets-extras.cmake
[2.160s] -- Up-to-date: /root/ws/origami/install/fiducials/share/fiducials/cmake/rosidl_cmake_export_typesupport_libraries-extras.cmake
[2.162s] -- Up-to-date: /root/ws/origami/install/fiducials/share/fiducials/cmake/fiducialsConfig.cmake
[2.166s] -- Up-to-date: /root/ws/origami/install/fiducials/share/fiducials/cmake/fiducialsConfig-version.cmake
[2.167s] -- Up-to-date: /root/ws/origami/install/fiducials/share/fiducials/package.xml
[2.222s] Invoked command in '/root/ws/origami/build/fiducials' returned '0': CMAKE_PREFIX_PATH=${CMAKE_PREFIX_PATH}:/opt/ros/humble /usr/bin/cmake --install /root/ws/origami/build/fiducials
