[0.125s] Invoking command in '/root/ws/origami/build/diegetic_button_pkg': CMAKE_PREFIX_PATH=${CMAKE_PREFIX_PATH}:/opt/ros/humble /usr/bin/cmake /root/ws/origami/src/diegetic_button_pkg -DCMAKE_INSTALL_PREFIX=/root/ws/origami/install/diegetic_button_pkg
[0.177s] -- The C compiler identification is GNU 11.4.0
[0.227s] -- The CXX compiler identification is GNU 11.4.0
[0.235s] -- Detecting C compiler ABI info
[0.296s] -- Detecting C compiler ABI info - done
[0.303s] -- Check for working C compiler: /usr/bin/cc - skipped
[0.303s] -- Detecting C compile features
[0.303s] -- Detecting C compile features - done
[0.306s] -- Detecting CXX compiler ABI info
[0.372s] -- Detecting CXX compiler ABI info - done
[0.379s] -- Check for working CXX compiler: /usr/bin/c++ - skipped
[0.379s] -- Detecting CXX compile features
[0.379s] -- Detecting CXX compile features - done
[0.382s] -- Found ament_cmake: 1.3.5 (/opt/ros/humble/share/ament_cmake/cmake)
[0.547s] -- Found Python3: /usr/bin/python3.10 (found version "3.10.12") found components: Interpreter 
[0.627s] -- Found rclpy: 3.3.10 (/opt/ros/humble/share/rclpy/cmake)
[0.628s] -- Found builtin_interfaces: 1.2.1 (/opt/ros/humble/share/builtin_interfaces/cmake)
[0.655s] -- Found rosidl_generator_c: 3.1.5 (/opt/ros/humble/share/rosidl_generator_c/cmake)
[0.660s] -- Found rosidl_adapter: 3.1.5 (/opt/ros/humble/share/rosidl_adapter/cmake)
[0.668s] -- Found rosidl_generator_cpp: 3.1.5 (/opt/ros/humble/share/rosidl_generator_cpp/cmake)
[0.680s] -- Using all available rosidl_typesupport_c: rosidl_typesupport_fastrtps_c;rosidl_typesupport_introspection_c
[0.699s] -- Using all available rosidl_typesupport_cpp: rosidl_typesupport_fastrtps_cpp;rosidl_typesupport_introspection_cpp
[0.716s] -- Found geometry_msgs: 4.2.3 (/opt/ros/humble/share/geometry_msgs/cmake)
[0.815s] -- Found rosidl_default_generators: 1.2.0 (/opt/ros/humble/share/rosidl_default_generators/cmake)
[1.177s] -- Found ament_cmake_ros: 0.10.0 (/opt/ros/humble/share/ament_cmake_ros/cmake)
[1.572s] -- Using all available rosidl_typesupport_c: rosidl_typesupport_fastrtps_c;rosidl_typesupport_introspection_c
[1.746s] -- Using all available rosidl_typesupport_cpp: rosidl_typesupport_fastrtps_cpp;rosidl_typesupport_introspection_cpp
[1.768s] -- Found PythonInterp: /usr/bin/python3 (found suitable version "3.10.12", minimum required is "3.6") 
[1.771s] -- Found python_cmake_module: 0.10.0 (/opt/ros/humble/share/python_cmake_module/cmake)
[1.794s] -- Found PythonLibs: /usr/lib/x86_64-linux-gnu/libpython3.10.so (found suitable version "3.10.12", minimum required is "3.5") 
[1.794s] -- Using PYTHON_EXECUTABLE: /usr/bin/python3
[1.794s] -- Using PYTHON_INCLUDE_DIRS: /usr/include/python3.10
[1.795s] -- Using PYTHON_LIBRARIES: /usr/lib/x86_64-linux-gnu/libpython3.10.so
[1.815s] -- Found PythonExtra: .so  
[1.977s] -- Using numpy include directory: /usr/local/lib/python3.10/dist-packages/numpy/core/include
[1.989s] -- Found ament_lint_auto: 0.12.8 (/opt/ros/humble/share/ament_lint_auto/cmake)
[2.016s] -- Added test 'copyright' to check source files copyright and LICENSE
[2.019s] -- Added test 'flake8' to check Python code syntax and style conventions
[2.020s] -- Added test 'lint_cmake' to check CMake code style
[2.021s] -- Added test 'pep257' to check Python code against some of the docstring style conventions in PEP 257
[2.022s] -- Added test 'xmllint' to check XML markup files
[2.025s] -- Configuring done
[2.077s] -- Generating done
[2.081s] -- Build files have been written to: /root/ws/origami/build/diegetic_button_pkg
[2.092s] Invoked command in '/root/ws/origami/build/diegetic_button_pkg' returned '0': CMAKE_PREFIX_PATH=${CMAKE_PREFIX_PATH}:/opt/ros/humble /usr/bin/cmake /root/ws/origami/src/diegetic_button_pkg -DCMAKE_INSTALL_PREFIX=/root/ws/origami/install/diegetic_button_pkg
[2.093s] Invoking command in '/root/ws/origami/build/diegetic_button_pkg': CMAKE_PREFIX_PATH=${CMAKE_PREFIX_PATH}:/opt/ros/humble /usr/bin/cmake --build /root/ws/origami/build/diegetic_button_pkg -- -j12 -l12
[2.127s] [  1%] [34m[1mGenerating C code for ROS interfaces[0m
[2.135s] [  3%] [34m[1mGenerating C++ code for ROS interfaces[0m
[2.141s] [  3%] Built target ament_cmake_python_copy_scripts
[2.142s] [  3%] Built target ament_cmake_python_copy_diegetic_button_pkg
[2.326s] running egg_info
[2.327s] creating scripts.egg-info
[2.327s] writing scripts.egg-info/PKG-INFO
[2.327s] writing dependency_links to scripts.egg-info/dependency_links.txt
[2.327s] writing top-level names to scripts.egg-info/top_level.txt
[2.327s] writing manifest file 'scripts.egg-info/SOURCES.txt'
[2.329s] reading manifest file 'scripts.egg-info/SOURCES.txt'
[2.329s] writing manifest file 'scripts.egg-info/SOURCES.txt'
[2.336s] running egg_info
[2.336s] creating diegetic_button_pkg.egg-info
[2.337s] writing diegetic_button_pkg.egg-info/PKG-INFO
[2.337s] writing dependency_links to diegetic_button_pkg.egg-info/dependency_links.txt
[2.337s] writing top-level names to diegetic_button_pkg.egg-info/top_level.txt
[2.337s] writing manifest file 'diegetic_button_pkg.egg-info/SOURCES.txt'
[2.338s] reading manifest file 'diegetic_button_pkg.egg-info/SOURCES.txt'
[2.339s] writing manifest file 'diegetic_button_pkg.egg-info/SOURCES.txt'
[2.356s] [  3%] Built target ament_cmake_python_build_scripts_egg
[2.371s] [  3%] Built target ament_cmake_python_build_diegetic_button_pkg_egg
[2.533s] [  3%] Built target diegetic_button_pkg__cpp
[2.541s] [  5%] [34m[1mGenerating C++ type support for eProsima Fast-RTPS[0m
[2.543s] [  7%] [34m[1mGenerating C++ introspection for ROS interfaces[0m
[2.546s] [  9%] [34m[1mGenerating C++ type support dispatch for ROS interfaces[0m
[2.553s] [ 10%] [32mBuilding C object CMakeFiles/diegetic_button_pkg__rosidl_generator_c.dir/rosidl_generator_c/diegetic_button_pkg/msg/detail/diegetic_button_array__functions.c.o[0m
[2.553s] [ 12%] [32mBuilding C object CMakeFiles/diegetic_button_pkg__rosidl_generator_c.dir/rosidl_generator_c/diegetic_button_pkg/msg/detail/input_status__functions.c.o[0m
[2.555s] [ 14%] [32mBuilding C object CMakeFiles/diegetic_button_pkg__rosidl_generator_c.dir/rosidl_generator_c/diegetic_button_pkg/msg/detail/input_status_array__functions.c.o[0m
[2.558s] [ 16%] [32mBuilding C object CMakeFiles/diegetic_button_pkg__rosidl_generator_c.dir/rosidl_generator_c/diegetic_button_pkg/msg/detail/diegetic_button__functions.c.o[0m
[2.621s] [ 18%] [32m[1mLinking C shared library libdiegetic_button_pkg__rosidl_generator_c.so[0m
[2.658s] [ 18%] Built target diegetic_button_pkg__rosidl_generator_c
[2.669s] [ 20%] [34m[1mGenerating C type support for eProsima Fast-RTPS[0m
[2.847s] [ 21%] [32mBuilding CXX object CMakeFiles/diegetic_button_pkg__rosidl_typesupport_cpp.dir/rosidl_typesupport_cpp/diegetic_button_pkg/msg/diegetic_button__type_support.cpp.o[0m
[2.849s] [ 23%] [32mBuilding CXX object CMakeFiles/diegetic_button_pkg__rosidl_typesupport_cpp.dir/rosidl_typesupport_cpp/diegetic_button_pkg/msg/diegetic_button_array__type_support.cpp.o[0m
[2.850s] [ 27%] [32mBuilding CXX object CMakeFiles/diegetic_button_pkg__rosidl_typesupport_cpp.dir/rosidl_typesupport_cpp/diegetic_button_pkg/msg/input_status__type_support.cpp.o[0m
[2.850s] [ 27%] [32mBuilding CXX object CMakeFiles/diegetic_button_pkg__rosidl_typesupport_cpp.dir/rosidl_typesupport_cpp/diegetic_button_pkg/msg/input_status_array__type_support.cpp.o[0m
[2.974s] [ 29%] [32mBuilding CXX object CMakeFiles/diegetic_button_pkg__rosidl_typesupport_introspection_cpp.dir/rosidl_typesupport_introspection_cpp/diegetic_button_pkg/msg/detail/diegetic_button__type_support.cpp.o[0m
[2.981s] [ 30%] [32mBuilding CXX object CMakeFiles/diegetic_button_pkg__rosidl_typesupport_introspection_cpp.dir/rosidl_typesupport_introspection_cpp/diegetic_button_pkg/msg/detail/diegetic_button_array__type_support.cpp.o[0m
[2.999s] [ 32%] [32mBuilding CXX object CMakeFiles/diegetic_button_pkg__rosidl_typesupport_introspection_cpp.dir/rosidl_typesupport_introspection_cpp/diegetic_button_pkg/msg/detail/input_status_array__type_support.cpp.o[0m
[3.000s] [ 34%] [32mBuilding CXX object CMakeFiles/diegetic_button_pkg__rosidl_typesupport_introspection_cpp.dir/rosidl_typesupport_introspection_cpp/diegetic_button_pkg/msg/detail/input_status__type_support.cpp.o[0m
[3.011s] [ 36%] [32mBuilding CXX object CMakeFiles/diegetic_button_pkg__rosidl_typesupport_fastrtps_cpp.dir/rosidl_typesupport_fastrtps_cpp/diegetic_button_pkg/msg/detail/dds_fastrtps/diegetic_button__type_support.cpp.o[0m
[3.265s] [ 38%] [32mBuilding CXX object CMakeFiles/diegetic_button_pkg__rosidl_typesupport_fastrtps_c.dir/rosidl_typesupport_fastrtps_c/diegetic_button_pkg/msg/detail/diegetic_button__type_support_c.cpp.o[0m
[3.288s] [ 40%] [32mBuilding CXX object CMakeFiles/diegetic_button_pkg__rosidl_typesupport_fastrtps_cpp.dir/rosidl_typesupport_fastrtps_cpp/diegetic_button_pkg/msg/detail/dds_fastrtps/diegetic_button_array__type_support.cpp.o[0m
[3.301s] [ 43%] [32mBuilding CXX object CMakeFiles/diegetic_button_pkg__rosidl_typesupport_fastrtps_c.dir/rosidl_typesupport_fastrtps_c/diegetic_button_pkg/msg/detail/diegetic_button_array__type_support_c.cpp.o[0m
[3.302s] [ 43%] [32m[1mLinking CXX shared library libdiegetic_button_pkg__rosidl_typesupport_cpp.so[0m
[3.302s] [ 45%] [32mBuilding CXX object CMakeFiles/diegetic_button_pkg__rosidl_typesupport_fastrtps_cpp.dir/rosidl_typesupport_fastrtps_cpp/diegetic_button_pkg/msg/detail/dds_fastrtps/input_status__type_support.cpp.o[0m
[3.374s] [ 45%] Built target diegetic_button_pkg__rosidl_typesupport_cpp
[3.389s] [ 49%] [34m[1mGenerating C introspection for ROS interfaces[0m
[3.390s] [ 49%] [34m[1mGenerating C type support dispatch for ROS interfaces[0m
[3.413s] [ 50%] [32mBuilding CXX object CMakeFiles/diegetic_button_pkg__rosidl_typesupport_fastrtps_cpp.dir/rosidl_typesupport_fastrtps_cpp/diegetic_button_pkg/msg/detail/dds_fastrtps/input_status_array__type_support.cpp.o[0m
[3.587s] [ 52%] [32mBuilding CXX object CMakeFiles/diegetic_button_pkg__rosidl_typesupport_fastrtps_c.dir/rosidl_typesupport_fastrtps_c/diegetic_button_pkg/msg/detail/input_status__type_support_c.cpp.o[0m
[3.608s] [ 54%] [32mBuilding CXX object CMakeFiles/diegetic_button_pkg__rosidl_typesupport_fastrtps_c.dir/rosidl_typesupport_fastrtps_c/diegetic_button_pkg/msg/detail/input_status_array__type_support_c.cpp.o[0m
[3.655s] [ 56%] [32m[1mLinking CXX shared library libdiegetic_button_pkg__rosidl_typesupport_introspection_cpp.so[0m
[3.821s] [ 56%] Built target diegetic_button_pkg__rosidl_typesupport_introspection_cpp
[4.069s] [ 58%] [32mBuilding CXX object CMakeFiles/diegetic_button_pkg__rosidl_typesupport_c.dir/rosidl_typesupport_c/diegetic_button_pkg/msg/diegetic_button__type_support.cpp.o[0m
[4.069s] [ 60%] [32mBuilding CXX object CMakeFiles/diegetic_button_pkg__rosidl_typesupport_c.dir/rosidl_typesupport_c/diegetic_button_pkg/msg/diegetic_button_array__type_support.cpp.o[0m
[4.071s] [ 61%] [32mBuilding CXX object CMakeFiles/diegetic_button_pkg__rosidl_typesupport_c.dir/rosidl_typesupport_c/diegetic_button_pkg/msg/input_status_array__type_support.cpp.o[0m
[4.089s] [ 63%] [32mBuilding CXX object CMakeFiles/diegetic_button_pkg__rosidl_typesupport_c.dir/rosidl_typesupport_c/diegetic_button_pkg/msg/input_status__type_support.cpp.o[0m
[4.098s] [ 65%] [32m[1mLinking CXX shared library libdiegetic_button_pkg__rosidl_typesupport_fastrtps_cpp.so[0m
[4.122s] [ 67%] [32m[1mLinking CXX shared library libdiegetic_button_pkg__rosidl_typesupport_c.so[0m
[4.165s] [ 69%] [32m[1mLinking CXX shared library libdiegetic_button_pkg__rosidl_typesupport_fastrtps_c.so[0m
[4.184s] [ 69%] Built target diegetic_button_pkg__rosidl_typesupport_c
[4.211s] [ 70%] [32mBuilding C object CMakeFiles/diegetic_button_pkg__rosidl_typesupport_introspection_c.dir/rosidl_typesupport_introspection_c/diegetic_button_pkg/msg/detail/diegetic_button__type_support.c.o[0m
[4.213s] [ 72%] [32mBuilding C object CMakeFiles/diegetic_button_pkg__rosidl_typesupport_introspection_c.dir/rosidl_typesupport_introspection_c/diegetic_button_pkg/msg/detail/input_status__type_support.c.o[0m
[4.214s] [ 74%] [32mBuilding C object CMakeFiles/diegetic_button_pkg__rosidl_typesupport_introspection_c.dir/rosidl_typesupport_introspection_c/diegetic_button_pkg/msg/detail/input_status_array__type_support.c.o[0m
[4.216s] [ 76%] [32mBuilding C object CMakeFiles/diegetic_button_pkg__rosidl_typesupport_introspection_c.dir/rosidl_typesupport_introspection_c/diegetic_button_pkg/msg/detail/diegetic_button_array__type_support.c.o[0m
[4.237s] [ 76%] Built target diegetic_button_pkg__rosidl_typesupport_fastrtps_cpp
[4.259s] [ 78%] [32m[1mLinking C shared library libdiegetic_button_pkg__rosidl_typesupport_introspection_c.so[0m
[4.266s] [ 78%] Built target diegetic_button_pkg__rosidl_typesupport_fastrtps_c
[4.287s] [ 78%] Built target diegetic_button_pkg__rosidl_typesupport_introspection_c
[4.303s] [ 78%] Built target diegetic_button_pkg
[4.320s] [ 80%] [34m[1mGenerating Python code for ROS interfaces[0m
[4.907s] [ 80%] Built target diegetic_button_pkg__py
[4.925s] [ 81%] [32mBuilding C object CMakeFiles/diegetic_button_pkg__rosidl_generator_py.dir/rosidl_generator_py/diegetic_button_pkg/msg/_diegetic_button_s.c.o[0m
[4.926s] [ 83%] [32mBuilding C object CMakeFiles/diegetic_button_pkg__rosidl_generator_py.dir/rosidl_generator_py/diegetic_button_pkg/msg/_diegetic_button_array_s.c.o[0m
[4.928s] [ 85%] [32mBuilding C object CMakeFiles/diegetic_button_pkg__rosidl_generator_py.dir/rosidl_generator_py/diegetic_button_pkg/msg/_input_status_array_s.c.o[0m
[4.931s] [ 87%] [32mBuilding C object CMakeFiles/diegetic_button_pkg__rosidl_generator_py.dir/rosidl_generator_py/diegetic_button_pkg/msg/_input_status_s.c.o[0m
[5.101s] [ 89%] [32m[1mLinking C shared library rosidl_generator_py/diegetic_button_pkg/libdiegetic_button_pkg__rosidl_generator_py.so[0m
[5.161s] [ 89%] Built target diegetic_button_pkg__rosidl_generator_py
[5.183s] [ 90%] [32mBuilding C object CMakeFiles/diegetic_button_pkg__rosidl_typesupport_fastrtps_c__pyext.dir/rosidl_generator_py/diegetic_button_pkg/_diegetic_button_pkg_s.ep.rosidl_typesupport_fastrtps_c.c.o[0m
[5.190s] [ 92%] [32mBuilding C object CMakeFiles/diegetic_button_pkg__rosidl_typesupport_introspection_c__pyext.dir/rosidl_generator_py/diegetic_button_pkg/_diegetic_button_pkg_s.ep.rosidl_typesupport_introspection_c.c.o[0m
[5.290s] [ 94%] [32m[1mLinking C shared library rosidl_generator_py/diegetic_button_pkg/diegetic_button_pkg_s__rosidl_typesupport_fastrtps_c.cpython-310-x86_64-linux-gnu.so[0m
[5.332s] [ 94%] Built target diegetic_button_pkg__rosidl_typesupport_fastrtps_c__pyext
[5.351s] [ 96%] [32m[1mLinking C shared library rosidl_generator_py/diegetic_button_pkg/diegetic_button_pkg_s__rosidl_typesupport_introspection_c.cpython-310-x86_64-linux-gnu.so[0m
[5.352s] [ 98%] [32mBuilding C object CMakeFiles/diegetic_button_pkg__rosidl_typesupport_c__pyext.dir/rosidl_generator_py/diegetic_button_pkg/_diegetic_button_pkg_s.ep.rosidl_typesupport_c.c.o[0m
[5.391s] [ 98%] Built target diegetic_button_pkg__rosidl_typesupport_introspection_c__pyext
[5.466s] [100%] [32m[1mLinking C shared library rosidl_generator_py/diegetic_button_pkg/diegetic_button_pkg_s__rosidl_typesupport_c.cpython-310-x86_64-linux-gnu.so[0m
[5.505s] [100%] Built target diegetic_button_pkg__rosidl_typesupport_c__pyext
[5.515s] Invoked command in '/root/ws/origami/build/diegetic_button_pkg' returned '0': CMAKE_PREFIX_PATH=${CMAKE_PREFIX_PATH}:/opt/ros/humble /usr/bin/cmake --build /root/ws/origami/build/diegetic_button_pkg -- -j12 -l12
[5.610s] Invoking command in '/root/ws/origami/build/diegetic_button_pkg': CMAKE_PREFIX_PATH=${CMAKE_PREFIX_PATH}:/opt/ros/humble /usr/bin/cmake --install /root/ws/origami/build/diegetic_button_pkg
[5.618s] -- Install configuration: ""
[5.619s] -- Up-to-date: /root/ws/origami/install/diegetic_button_pkg/share/diegetic_button_pkg//launch
[5.619s] -- Up-to-date: /root/ws/origami/install/diegetic_button_pkg/share/diegetic_button_pkg//launch/devel.launch.py
[5.619s] -- Up-to-date: /root/ws/origami/install/diegetic_button_pkg/share/diegetic_button_pkg//launch/joy_glasses.launch.py
[5.619s] -- Installing: /root/ws/origami/install/diegetic_button_pkg/share/diegetic_button_pkg/environment/pythonpath.sh
[5.619s] -- Installing: /root/ws/origami/install/diegetic_button_pkg/share/diegetic_button_pkg/environment/pythonpath.dsv
[5.619s] -- Up-to-date: /root/ws/origami/install/diegetic_button_pkg/local/lib/python3.10/dist-packages/scripts-0.0.0-py3.10.egg-info
[5.619s] -- Installing: /root/ws/origami/install/diegetic_button_pkg/local/lib/python3.10/dist-packages/scripts-0.0.0-py3.10.egg-info/top_level.txt
[5.620s] -- Installing: /root/ws/origami/install/diegetic_button_pkg/local/lib/python3.10/dist-packages/scripts-0.0.0-py3.10.egg-info/SOURCES.txt
[5.620s] -- Installing: /root/ws/origami/install/diegetic_button_pkg/local/lib/python3.10/dist-packages/scripts-0.0.0-py3.10.egg-info/dependency_links.txt
[5.620s] -- Installing: /root/ws/origami/install/diegetic_button_pkg/local/lib/python3.10/dist-packages/scripts-0.0.0-py3.10.egg-info/PKG-INFO
[5.620s] -- Up-to-date: /root/ws/origami/install/diegetic_button_pkg/local/lib/python3.10/dist-packages/scripts
[5.620s] -- Up-to-date: /root/ws/origami/install/diegetic_button_pkg/local/lib/python3.10/dist-packages/scripts/ros2bag.py
[5.620s] -- Up-to-date: /root/ws/origami/install/diegetic_button_pkg/local/lib/python3.10/dist-packages/scripts/TestButtonMap.csv
[5.620s] -- Up-to-date: /root/ws/origami/install/diegetic_button_pkg/local/lib/python3.10/dist-packages/scripts/bagToCSV.py
[5.620s] -- Up-to-date: /root/ws/origami/install/diegetic_button_pkg/local/lib/python3.10/dist-packages/scripts/devices
[5.620s] -- Up-to-date: /root/ws/origami/install/diegetic_button_pkg/local/lib/python3.10/dist-packages/scripts/devices/piano_demo.py
[5.620s] -- Up-to-date: /root/ws/origami/install/diegetic_button_pkg/local/lib/python3.10/dist-packages/scripts/devices/joy.py
[5.621s] -- Up-to-date: /root/ws/origami/install/diegetic_button_pkg/local/lib/python3.10/dist-packages/scripts/devices/sound.py
[5.621s] -- Up-to-date: /root/ws/origami/install/diegetic_button_pkg/local/lib/python3.10/dist-packages/scripts/devices/sound2.py
[5.621s] -- Up-to-date: /root/ws/origami/install/diegetic_button_pkg/local/lib/python3.10/dist-packages/scripts/diegetic_button.py
[5.621s] -- Up-to-date: /root/ws/origami/install/diegetic_button_pkg/local/lib/python3.10/dist-packages/scripts/input_check.py
[5.621s] -- Up-to-date: /root/ws/origami/install/diegetic_button_pkg/local/lib/python3.10/dist-packages/scripts/__init__.py
[5.650s] Listing '/root/ws/origami/install/diegetic_button_pkg/local/lib/python3.10/dist-packages/scripts'...
[5.651s] Listing '/root/ws/origami/install/diegetic_button_pkg/local/lib/python3.10/dist-packages/scripts/devices'...
[5.655s] -- Installing: /root/ws/origami/install/diegetic_button_pkg/share/ament_index/resource_index/rosidl_interfaces/diegetic_button_pkg
[5.655s] -- Up-to-date: /root/ws/origami/install/diegetic_button_pkg/include/diegetic_button_pkg/diegetic_button_pkg
[5.655s] -- Up-to-date: /root/ws/origami/install/diegetic_button_pkg/include/diegetic_button_pkg/diegetic_button_pkg/msg
[5.655s] -- Installing: /root/ws/origami/install/diegetic_button_pkg/include/diegetic_button_pkg/diegetic_button_pkg/msg/input_status_array.h
[5.656s] -- Installing: /root/ws/origami/install/diegetic_button_pkg/include/diegetic_button_pkg/diegetic_button_pkg/msg/rosidl_generator_c__visibility_control.h
[5.656s] -- Up-to-date: /root/ws/origami/install/diegetic_button_pkg/include/diegetic_button_pkg/diegetic_button_pkg/msg/detail
[5.656s] -- Installing: /root/ws/origami/install/diegetic_button_pkg/include/diegetic_button_pkg/diegetic_button_pkg/msg/detail/diegetic_button__functions.c
[5.656s] -- Installing: /root/ws/origami/install/diegetic_button_pkg/include/diegetic_button_pkg/diegetic_button_pkg/msg/detail/input_status__functions.h
[5.657s] -- Installing: /root/ws/origami/install/diegetic_button_pkg/include/diegetic_button_pkg/diegetic_button_pkg/msg/detail/diegetic_button_array__type_support.h
[5.657s] -- Installing: /root/ws/origami/install/diegetic_button_pkg/include/diegetic_button_pkg/diegetic_button_pkg/msg/detail/diegetic_button_array__functions.h
[5.657s] -- Installing: /root/ws/origami/install/diegetic_button_pkg/include/diegetic_button_pkg/diegetic_button_pkg/msg/detail/input_status_array__type_support.h
[5.657s] -- Installing: /root/ws/origami/install/diegetic_button_pkg/include/diegetic_button_pkg/diegetic_button_pkg/msg/detail/input_status_array__functions.h
[5.657s] -- Installing: /root/ws/origami/install/diegetic_button_pkg/include/diegetic_button_pkg/diegetic_button_pkg/msg/detail/diegetic_button_array__struct.h
[5.658s] -- Installing: /root/ws/origami/install/diegetic_button_pkg/include/diegetic_button_pkg/diegetic_button_pkg/msg/detail/diegetic_button__type_support.h
[5.658s] -- Installing: /root/ws/origami/install/diegetic_button_pkg/include/diegetic_button_pkg/diegetic_button_pkg/msg/detail/input_status__functions.c
[5.658s] -- Installing: /root/ws/origami/install/diegetic_button_pkg/include/diegetic_button_pkg/diegetic_button_pkg/msg/detail/input_status__type_support.h
[5.658s] -- Installing: /root/ws/origami/install/diegetic_button_pkg/include/diegetic_button_pkg/diegetic_button_pkg/msg/detail/diegetic_button__functions.h
[5.658s] -- Installing: /root/ws/origami/install/diegetic_button_pkg/include/diegetic_button_pkg/diegetic_button_pkg/msg/detail/input_status_array__struct.h
[5.658s] -- Installing: /root/ws/origami/install/diegetic_button_pkg/include/diegetic_button_pkg/diegetic_button_pkg/msg/detail/diegetic_button__struct.h
[5.658s] -- Installing: /root/ws/origami/install/diegetic_button_pkg/include/diegetic_button_pkg/diegetic_button_pkg/msg/detail/input_status_array__functions.c
[5.658s] -- Installing: /root/ws/origami/install/diegetic_button_pkg/include/diegetic_button_pkg/diegetic_button_pkg/msg/detail/input_status__struct.h
[5.658s] -- Installing: /root/ws/origami/install/diegetic_button_pkg/include/diegetic_button_pkg/diegetic_button_pkg/msg/detail/diegetic_button_array__functions.c
[5.658s] -- Installing: /root/ws/origami/install/diegetic_button_pkg/include/diegetic_button_pkg/diegetic_button_pkg/msg/diegetic_button_array.h
[5.659s] -- Installing: /root/ws/origami/install/diegetic_button_pkg/include/diegetic_button_pkg/diegetic_button_pkg/msg/input_status.h
[5.659s] -- Installing: /root/ws/origami/install/diegetic_button_pkg/include/diegetic_button_pkg/diegetic_button_pkg/msg/diegetic_button.h
[5.659s] -- Up-to-date: /root/ws/origami/install/diegetic_button_pkg/share/diegetic_button_pkg/environment/library_path.sh
[5.659s] -- Installing: /root/ws/origami/install/diegetic_button_pkg/share/diegetic_button_pkg/environment/library_path.dsv
[5.659s] -- Installing: /root/ws/origami/install/diegetic_button_pkg/lib/libdiegetic_button_pkg__rosidl_generator_c.so
[5.660s] -- Set runtime path of "/root/ws/origami/install/diegetic_button_pkg/lib/libdiegetic_button_pkg__rosidl_generator_c.so" to ""
[5.660s] -- Up-to-date: /root/ws/origami/install/diegetic_button_pkg/include/diegetic_button_pkg/diegetic_button_pkg
[5.660s] -- Up-to-date: /root/ws/origami/install/diegetic_button_pkg/include/diegetic_button_pkg/diegetic_button_pkg/msg
[5.660s] -- Installing: /root/ws/origami/install/diegetic_button_pkg/include/diegetic_button_pkg/diegetic_button_pkg/msg/rosidl_typesupport_fastrtps_c__visibility_control.h
[5.660s] -- Up-to-date: /root/ws/origami/install/diegetic_button_pkg/include/diegetic_button_pkg/diegetic_button_pkg/msg/detail
[5.660s] -- Installing: /root/ws/origami/install/diegetic_button_pkg/include/diegetic_button_pkg/diegetic_button_pkg/msg/detail/diegetic_button__rosidl_typesupport_fastrtps_c.h
[5.661s] -- Installing: /root/ws/origami/install/diegetic_button_pkg/include/diegetic_button_pkg/diegetic_button_pkg/msg/detail/input_status_array__rosidl_typesupport_fastrtps_c.h
[5.661s] -- Installing: /root/ws/origami/install/diegetic_button_pkg/include/diegetic_button_pkg/diegetic_button_pkg/msg/detail/diegetic_button_array__rosidl_typesupport_fastrtps_c.h
[5.661s] -- Installing: /root/ws/origami/install/diegetic_button_pkg/include/diegetic_button_pkg/diegetic_button_pkg/msg/detail/input_status__rosidl_typesupport_fastrtps_c.h
[5.661s] -- Installing: /root/ws/origami/install/diegetic_button_pkg/lib/libdiegetic_button_pkg__rosidl_typesupport_fastrtps_c.so
[5.662s] -- Set runtime path of "/root/ws/origami/install/diegetic_button_pkg/lib/libdiegetic_button_pkg__rosidl_typesupport_fastrtps_c.so" to ""
[5.662s] -- Up-to-date: /root/ws/origami/install/diegetic_button_pkg/include/diegetic_button_pkg/diegetic_button_pkg
[5.662s] -- Up-to-date: /root/ws/origami/install/diegetic_button_pkg/include/diegetic_button_pkg/diegetic_button_pkg/msg
[5.662s] -- Installing: /root/ws/origami/install/diegetic_button_pkg/include/diegetic_button_pkg/diegetic_button_pkg/msg/diegetic_button.hpp
[5.662s] -- Installing: /root/ws/origami/install/diegetic_button_pkg/include/diegetic_button_pkg/diegetic_button_pkg/msg/input_status_array.hpp
[5.662s] -- Installing: /root/ws/origami/install/diegetic_button_pkg/include/diegetic_button_pkg/diegetic_button_pkg/msg/diegetic_button_array.hpp
[5.663s] -- Up-to-date: /root/ws/origami/install/diegetic_button_pkg/include/diegetic_button_pkg/diegetic_button_pkg/msg/detail
[5.663s] -- Installing: /root/ws/origami/install/diegetic_button_pkg/include/diegetic_button_pkg/diegetic_button_pkg/msg/detail/diegetic_button_array__traits.hpp
[5.663s] -- Installing: /root/ws/origami/install/diegetic_button_pkg/include/diegetic_button_pkg/diegetic_button_pkg/msg/detail/input_status__struct.hpp
[5.663s] -- Installing: /root/ws/origami/install/diegetic_button_pkg/include/diegetic_button_pkg/diegetic_button_pkg/msg/detail/input_status__builder.hpp
[5.663s] -- Installing: /root/ws/origami/install/diegetic_button_pkg/include/diegetic_button_pkg/diegetic_button_pkg/msg/detail/diegetic_button__traits.hpp
[5.663s] -- Installing: /root/ws/origami/install/diegetic_button_pkg/include/diegetic_button_pkg/diegetic_button_pkg/msg/detail/input_status_array__builder.hpp
[5.663s] -- Installing: /root/ws/origami/install/diegetic_button_pkg/include/diegetic_button_pkg/diegetic_button_pkg/msg/detail/input_status_array__traits.hpp
[5.664s] -- Installing: /root/ws/origami/install/diegetic_button_pkg/include/diegetic_button_pkg/diegetic_button_pkg/msg/detail/diegetic_button_array__builder.hpp
[5.664s] -- Installing: /root/ws/origami/install/diegetic_button_pkg/include/diegetic_button_pkg/diegetic_button_pkg/msg/detail/diegetic_button__struct.hpp
[5.664s] -- Installing: /root/ws/origami/install/diegetic_button_pkg/include/diegetic_button_pkg/diegetic_button_pkg/msg/detail/diegetic_button_array__struct.hpp
[5.664s] -- Installing: /root/ws/origami/install/diegetic_button_pkg/include/diegetic_button_pkg/diegetic_button_pkg/msg/detail/diegetic_button__builder.hpp
[5.664s] -- Installing: /root/ws/origami/install/diegetic_button_pkg/include/diegetic_button_pkg/diegetic_button_pkg/msg/detail/input_status_array__struct.hpp
[5.664s] -- Installing: /root/ws/origami/install/diegetic_button_pkg/include/diegetic_button_pkg/diegetic_button_pkg/msg/detail/input_status__traits.hpp
[5.664s] -- Installing: /root/ws/origami/install/diegetic_button_pkg/include/diegetic_button_pkg/diegetic_button_pkg/msg/input_status.hpp
[5.665s] -- Up-to-date: /root/ws/origami/install/diegetic_button_pkg/include/diegetic_button_pkg/diegetic_button_pkg
[5.665s] -- Up-to-date: /root/ws/origami/install/diegetic_button_pkg/include/diegetic_button_pkg/diegetic_button_pkg/msg
[5.665s] -- Installing: /root/ws/origami/install/diegetic_button_pkg/include/diegetic_button_pkg/diegetic_button_pkg/msg/rosidl_typesupport_fastrtps_cpp__visibility_control.h
[5.665s] -- Up-to-date: /root/ws/origami/install/diegetic_button_pkg/include/diegetic_button_pkg/diegetic_button_pkg/msg/detail
[5.665s] -- Installing: /root/ws/origami/install/diegetic_button_pkg/include/diegetic_button_pkg/diegetic_button_pkg/msg/detail/input_status_array__rosidl_typesupport_fastrtps_cpp.hpp
[5.665s] -- Installing: /root/ws/origami/install/diegetic_button_pkg/include/diegetic_button_pkg/diegetic_button_pkg/msg/detail/diegetic_button_array__rosidl_typesupport_fastrtps_cpp.hpp
[5.665s] -- Installing: /root/ws/origami/install/diegetic_button_pkg/include/diegetic_button_pkg/diegetic_button_pkg/msg/detail/input_status__rosidl_typesupport_fastrtps_cpp.hpp
[5.665s] -- Installing: /root/ws/origami/install/diegetic_button_pkg/include/diegetic_button_pkg/diegetic_button_pkg/msg/detail/diegetic_button__rosidl_typesupport_fastrtps_cpp.hpp
[5.666s] -- Up-to-date: /root/ws/origami/install/diegetic_button_pkg/include/diegetic_button_pkg/diegetic_button_pkg/msg/detail/dds_fastrtps
[5.666s] -- Installing: /root/ws/origami/install/diegetic_button_pkg/lib/libdiegetic_button_pkg__rosidl_typesupport_fastrtps_cpp.so
[5.667s] -- Set runtime path of "/root/ws/origami/install/diegetic_button_pkg/lib/libdiegetic_button_pkg__rosidl_typesupport_fastrtps_cpp.so" to ""
[5.667s] -- Up-to-date: /root/ws/origami/install/diegetic_button_pkg/include/diegetic_button_pkg/diegetic_button_pkg
[5.667s] -- Up-to-date: /root/ws/origami/install/diegetic_button_pkg/include/diegetic_button_pkg/diegetic_button_pkg/msg
[5.667s] -- Installing: /root/ws/origami/install/diegetic_button_pkg/include/diegetic_button_pkg/diegetic_button_pkg/msg/rosidl_typesupport_introspection_c__visibility_control.h
[5.667s] -- Up-to-date: /root/ws/origami/install/diegetic_button_pkg/include/diegetic_button_pkg/diegetic_button_pkg/msg/detail
[5.667s] -- Installing: /root/ws/origami/install/diegetic_button_pkg/include/diegetic_button_pkg/diegetic_button_pkg/msg/detail/input_status__type_support.c
[5.667s] -- Installing: /root/ws/origami/install/diegetic_button_pkg/include/diegetic_button_pkg/diegetic_button_pkg/msg/detail/input_status__rosidl_typesupport_introspection_c.h
[5.667s] -- Installing: /root/ws/origami/install/diegetic_button_pkg/include/diegetic_button_pkg/diegetic_button_pkg/msg/detail/diegetic_button__rosidl_typesupport_introspection_c.h
[5.668s] -- Installing: /root/ws/origami/install/diegetic_button_pkg/include/diegetic_button_pkg/diegetic_button_pkg/msg/detail/input_status_array__type_support.c
[5.668s] -- Installing: /root/ws/origami/install/diegetic_button_pkg/include/diegetic_button_pkg/diegetic_button_pkg/msg/detail/diegetic_button__type_support.c
[5.668s] -- Installing: /root/ws/origami/install/diegetic_button_pkg/include/diegetic_button_pkg/diegetic_button_pkg/msg/detail/diegetic_button_array__rosidl_typesupport_introspection_c.h
[5.668s] -- Installing: /root/ws/origami/install/diegetic_button_pkg/include/diegetic_button_pkg/diegetic_button_pkg/msg/detail/input_status_array__rosidl_typesupport_introspection_c.h
[5.668s] -- Installing: /root/ws/origami/install/diegetic_button_pkg/include/diegetic_button_pkg/diegetic_button_pkg/msg/detail/diegetic_button_array__type_support.c
[5.669s] -- Installing: /root/ws/origami/install/diegetic_button_pkg/lib/libdiegetic_button_pkg__rosidl_typesupport_introspection_c.so
[5.669s] -- Set runtime path of "/root/ws/origami/install/diegetic_button_pkg/lib/libdiegetic_button_pkg__rosidl_typesupport_introspection_c.so" to ""
[5.669s] -- Installing: /root/ws/origami/install/diegetic_button_pkg/lib/libdiegetic_button_pkg__rosidl_typesupport_c.so
[5.670s] -- Set runtime path of "/root/ws/origami/install/diegetic_button_pkg/lib/libdiegetic_button_pkg__rosidl_typesupport_c.so" to ""
[5.670s] -- Up-to-date: /root/ws/origami/install/diegetic_button_pkg/include/diegetic_button_pkg/diegetic_button_pkg
[5.670s] -- Up-to-date: /root/ws/origami/install/diegetic_button_pkg/include/diegetic_button_pkg/diegetic_button_pkg/msg
[5.670s] -- Up-to-date: /root/ws/origami/install/diegetic_button_pkg/include/diegetic_button_pkg/diegetic_button_pkg/msg/detail
[5.670s] -- Installing: /root/ws/origami/install/diegetic_button_pkg/include/diegetic_button_pkg/diegetic_button_pkg/msg/detail/diegetic_button_array__rosidl_typesupport_introspection_cpp.hpp
[5.670s] -- Installing: /root/ws/origami/install/diegetic_button_pkg/include/diegetic_button_pkg/diegetic_button_pkg/msg/detail/input_status_array__type_support.cpp
[5.670s] -- Installing: /root/ws/origami/install/diegetic_button_pkg/include/diegetic_button_pkg/diegetic_button_pkg/msg/detail/input_status__rosidl_typesupport_introspection_cpp.hpp
[5.671s] -- Installing: /root/ws/origami/install/diegetic_button_pkg/include/diegetic_button_pkg/diegetic_button_pkg/msg/detail/diegetic_button_array__type_support.cpp
[5.671s] -- Installing: /root/ws/origami/install/diegetic_button_pkg/include/diegetic_button_pkg/diegetic_button_pkg/msg/detail/diegetic_button__rosidl_typesupport_introspection_cpp.hpp
[5.671s] -- Installing: /root/ws/origami/install/diegetic_button_pkg/include/diegetic_button_pkg/diegetic_button_pkg/msg/detail/input_status__type_support.cpp
[5.671s] -- Installing: /root/ws/origami/install/diegetic_button_pkg/include/diegetic_button_pkg/diegetic_button_pkg/msg/detail/input_status_array__rosidl_typesupport_introspection_cpp.hpp
[5.671s] -- Installing: /root/ws/origami/install/diegetic_button_pkg/include/diegetic_button_pkg/diegetic_button_pkg/msg/detail/diegetic_button__type_support.cpp
[5.672s] -- Installing: /root/ws/origami/install/diegetic_button_pkg/lib/libdiegetic_button_pkg__rosidl_typesupport_introspection_cpp.so
[5.672s] -- Set runtime path of "/root/ws/origami/install/diegetic_button_pkg/lib/libdiegetic_button_pkg__rosidl_typesupport_introspection_cpp.so" to ""
[5.672s] -- Installing: /root/ws/origami/install/diegetic_button_pkg/lib/libdiegetic_button_pkg__rosidl_typesupport_cpp.so
[5.673s] -- Set runtime path of "/root/ws/origami/install/diegetic_button_pkg/lib/libdiegetic_button_pkg__rosidl_typesupport_cpp.so" to ""
[5.673s] -- Up-to-date: /root/ws/origami/install/diegetic_button_pkg/local/lib/python3.10/dist-packages/diegetic_button_pkg-0.0.0-py3.10.egg-info
[5.673s] -- Installing: /root/ws/origami/install/diegetic_button_pkg/local/lib/python3.10/dist-packages/diegetic_button_pkg-0.0.0-py3.10.egg-info/top_level.txt
[5.673s] -- Installing: /root/ws/origami/install/diegetic_button_pkg/local/lib/python3.10/dist-packages/diegetic_button_pkg-0.0.0-py3.10.egg-info/SOURCES.txt
[5.674s] -- Installing: /root/ws/origami/install/diegetic_button_pkg/local/lib/python3.10/dist-packages/diegetic_button_pkg-0.0.0-py3.10.egg-info/dependency_links.txt
[5.674s] -- Installing: /root/ws/origami/install/diegetic_button_pkg/local/lib/python3.10/dist-packages/diegetic_button_pkg-0.0.0-py3.10.egg-info/PKG-INFO
[5.674s] -- Up-to-date: /root/ws/origami/install/diegetic_button_pkg/local/lib/python3.10/dist-packages/diegetic_button_pkg
[5.674s] -- Installing: /root/ws/origami/install/diegetic_button_pkg/local/lib/python3.10/dist-packages/diegetic_button_pkg/diegetic_button_pkg_s__rosidl_typesupport_introspection_c.cpython-310-x86_64-linux-gnu.so
[5.674s] -- Installing: /root/ws/origami/install/diegetic_button_pkg/local/lib/python3.10/dist-packages/diegetic_button_pkg/_diegetic_button_pkg_s.ep.rosidl_typesupport_c.c
[5.674s] -- Installing: /root/ws/origami/install/diegetic_button_pkg/local/lib/python3.10/dist-packages/diegetic_button_pkg/diegetic_button_pkg_s__rosidl_typesupport_fastrtps_c.cpython-310-x86_64-linux-gnu.so
[5.674s] -- Installing: /root/ws/origami/install/diegetic_button_pkg/local/lib/python3.10/dist-packages/diegetic_button_pkg/_diegetic_button_pkg_s.ep.rosidl_typesupport_introspection_c.c
[5.675s] -- Installing: /root/ws/origami/install/diegetic_button_pkg/local/lib/python3.10/dist-packages/diegetic_button_pkg/diegetic_button_pkg_s__rosidl_typesupport_c.cpython-310-x86_64-linux-gnu.so
[5.675s] -- Installing: /root/ws/origami/install/diegetic_button_pkg/local/lib/python3.10/dist-packages/diegetic_button_pkg/__init__.py
[5.675s] -- Installing: /root/ws/origami/install/diegetic_button_pkg/local/lib/python3.10/dist-packages/diegetic_button_pkg/_diegetic_button_pkg_s.ep.rosidl_typesupport_fastrtps_c.c
[5.675s] -- Up-to-date: /root/ws/origami/install/diegetic_button_pkg/local/lib/python3.10/dist-packages/diegetic_button_pkg/msg
[5.675s] -- Installing: /root/ws/origami/install/diegetic_button_pkg/local/lib/python3.10/dist-packages/diegetic_button_pkg/msg/_diegetic_button.py
[5.675s] -- Installing: /root/ws/origami/install/diegetic_button_pkg/local/lib/python3.10/dist-packages/diegetic_button_pkg/msg/_input_status_array_s.c
[5.679s] -- Installing: /root/ws/origami/install/diegetic_button_pkg/local/lib/python3.10/dist-packages/diegetic_button_pkg/msg/_diegetic_button_array_s.c
[5.679s] -- Installing: /root/ws/origami/install/diegetic_button_pkg/local/lib/python3.10/dist-packages/diegetic_button_pkg/msg/_input_status_s.c
[5.679s] -- Installing: /root/ws/origami/install/diegetic_button_pkg/local/lib/python3.10/dist-packages/diegetic_button_pkg/msg/_diegetic_button_array.py
[5.679s] -- Installing: /root/ws/origami/install/diegetic_button_pkg/local/lib/python3.10/dist-packages/diegetic_button_pkg/msg/__init__.py
[5.679s] -- Installing: /root/ws/origami/install/diegetic_button_pkg/local/lib/python3.10/dist-packages/diegetic_button_pkg/msg/_input_status.py
[5.679s] -- Installing: /root/ws/origami/install/diegetic_button_pkg/local/lib/python3.10/dist-packages/diegetic_button_pkg/msg/_input_status_array.py
[5.679s] -- Installing: /root/ws/origami/install/diegetic_button_pkg/local/lib/python3.10/dist-packages/diegetic_button_pkg/msg/_diegetic_button_s.c
[5.679s] -- Installing: /root/ws/origami/install/diegetic_button_pkg/local/lib/python3.10/dist-packages/diegetic_button_pkg/libdiegetic_button_pkg__rosidl_generator_py.so
[5.727s] Listing '/root/ws/origami/install/diegetic_button_pkg/local/lib/python3.10/dist-packages/diegetic_button_pkg'...
[5.727s] Compiling '/root/ws/origami/install/diegetic_button_pkg/local/lib/python3.10/dist-packages/diegetic_button_pkg/__init__.py'...
[5.727s] Listing '/root/ws/origami/install/diegetic_button_pkg/local/lib/python3.10/dist-packages/diegetic_button_pkg/msg'...
[5.727s] Compiling '/root/ws/origami/install/diegetic_button_pkg/local/lib/python3.10/dist-packages/diegetic_button_pkg/msg/__init__.py'...
[5.727s] Compiling '/root/ws/origami/install/diegetic_button_pkg/local/lib/python3.10/dist-packages/diegetic_button_pkg/msg/_diegetic_button.py'...
[5.727s] Compiling '/root/ws/origami/install/diegetic_button_pkg/local/lib/python3.10/dist-packages/diegetic_button_pkg/msg/_diegetic_button_array.py'...
[5.727s] Compiling '/root/ws/origami/install/diegetic_button_pkg/local/lib/python3.10/dist-packages/diegetic_button_pkg/msg/_input_status.py'...
[5.728s] Compiling '/root/ws/origami/install/diegetic_button_pkg/local/lib/python3.10/dist-packages/diegetic_button_pkg/msg/_input_status_array.py'...
[5.733s] -- Installing: /root/ws/origami/install/diegetic_button_pkg/local/lib/python3.10/dist-packages/diegetic_button_pkg/diegetic_button_pkg_s__rosidl_typesupport_fastrtps_c.cpython-310-x86_64-linux-gnu.so
[5.733s] -- Set runtime path of "/root/ws/origami/install/diegetic_button_pkg/local/lib/python3.10/dist-packages/diegetic_button_pkg/diegetic_button_pkg_s__rosidl_typesupport_fastrtps_c.cpython-310-x86_64-linux-gnu.so" to ""
[5.733s] -- Installing: /root/ws/origami/install/diegetic_button_pkg/local/lib/python3.10/dist-packages/diegetic_button_pkg/diegetic_button_pkg_s__rosidl_typesupport_introspection_c.cpython-310-x86_64-linux-gnu.so
[5.734s] -- Set runtime path of "/root/ws/origami/install/diegetic_button_pkg/local/lib/python3.10/dist-packages/diegetic_button_pkg/diegetic_button_pkg_s__rosidl_typesupport_introspection_c.cpython-310-x86_64-linux-gnu.so" to ""
[5.734s] -- Installing: /root/ws/origami/install/diegetic_button_pkg/local/lib/python3.10/dist-packages/diegetic_button_pkg/diegetic_button_pkg_s__rosidl_typesupport_c.cpython-310-x86_64-linux-gnu.so
[5.735s] -- Set runtime path of "/root/ws/origami/install/diegetic_button_pkg/local/lib/python3.10/dist-packages/diegetic_button_pkg/diegetic_button_pkg_s__rosidl_typesupport_c.cpython-310-x86_64-linux-gnu.so" to ""
[5.735s] -- Installing: /root/ws/origami/install/diegetic_button_pkg/lib/libdiegetic_button_pkg__rosidl_generator_py.so
[5.735s] -- Set runtime path of "/root/ws/origami/install/diegetic_button_pkg/lib/libdiegetic_button_pkg__rosidl_generator_py.so" to ""
[5.736s] -- Installing: /root/ws/origami/install/diegetic_button_pkg/share/diegetic_button_pkg/msg/DiegeticButton.idl
[5.736s] -- Installing: /root/ws/origami/install/diegetic_button_pkg/share/diegetic_button_pkg/msg/DiegeticButtonArray.idl
[5.736s] -- Installing: /root/ws/origami/install/diegetic_button_pkg/share/diegetic_button_pkg/msg/InputStatus.idl
[5.736s] -- Installing: /root/ws/origami/install/diegetic_button_pkg/share/diegetic_button_pkg/msg/InputStatusArray.idl
[5.736s] -- Up-to-date: /root/ws/origami/install/diegetic_button_pkg/share/diegetic_button_pkg/msg/DiegeticButton.msg
[5.736s] -- Up-to-date: /root/ws/origami/install/diegetic_button_pkg/share/diegetic_button_pkg/msg/DiegeticButtonArray.msg
[5.737s] -- Up-to-date: /root/ws/origami/install/diegetic_button_pkg/share/diegetic_button_pkg/msg/InputStatus.msg
[5.737s] -- Up-to-date: /root/ws/origami/install/diegetic_button_pkg/share/diegetic_button_pkg/msg/InputStatusArray.msg
[5.737s] -- Up-to-date: /root/ws/origami/install/diegetic_button_pkg/lib/diegetic_button_pkg/diegetic_button.py
[5.737s] -- Up-to-date: /root/ws/origami/install/diegetic_button_pkg/lib/diegetic_button_pkg/input_check.py
[5.737s] -- Up-to-date: /root/ws/origami/install/diegetic_button_pkg/lib/diegetic_button_pkg/bagToCSV.py
[5.737s] -- Up-to-date: /root/ws/origami/install/diegetic_button_pkg/lib/diegetic_button_pkg/joy.py
[5.737s] -- Up-to-date: /root/ws/origami/install/diegetic_button_pkg/lib/diegetic_button_pkg/piano_demo.py
[5.737s] -- Installing: /root/ws/origami/install/diegetic_button_pkg/share/ament_index/resource_index/package_run_dependencies/diegetic_button_pkg
[5.738s] -- Installing: /root/ws/origami/install/diegetic_button_pkg/share/ament_index/resource_index/parent_prefix_path/diegetic_button_pkg
[5.738s] -- Up-to-date: /root/ws/origami/install/diegetic_button_pkg/share/diegetic_button_pkg/environment/ament_prefix_path.sh
[5.738s] -- Installing: /root/ws/origami/install/diegetic_button_pkg/share/diegetic_button_pkg/environment/ament_prefix_path.dsv
[5.738s] -- Up-to-date: /root/ws/origami/install/diegetic_button_pkg/share/diegetic_button_pkg/environment/path.sh
[5.738s] -- Installing: /root/ws/origami/install/diegetic_button_pkg/share/diegetic_button_pkg/environment/path.dsv
[5.738s] -- Installing: /root/ws/origami/install/diegetic_button_pkg/share/diegetic_button_pkg/local_setup.bash
[5.738s] -- Installing: /root/ws/origami/install/diegetic_button_pkg/share/diegetic_button_pkg/local_setup.sh
[5.738s] -- Installing: /root/ws/origami/install/diegetic_button_pkg/share/diegetic_button_pkg/local_setup.zsh
[5.739s] -- Installing: /root/ws/origami/install/diegetic_button_pkg/share/diegetic_button_pkg/local_setup.dsv
[5.739s] -- Installing: /root/ws/origami/install/diegetic_button_pkg/share/diegetic_button_pkg/package.dsv
[5.739s] -- Installing: /root/ws/origami/install/diegetic_button_pkg/share/ament_index/resource_index/packages/diegetic_button_pkg
[5.739s] -- Installing: /root/ws/origami/install/diegetic_button_pkg/share/diegetic_button_pkg/cmake/export_diegetic_button_pkg__rosidl_generator_cExport.cmake
[5.739s] -- Installing: /root/ws/origami/install/diegetic_button_pkg/share/diegetic_button_pkg/cmake/export_diegetic_button_pkg__rosidl_generator_cExport-noconfig.cmake
[5.739s] -- Installing: /root/ws/origami/install/diegetic_button_pkg/share/diegetic_button_pkg/cmake/export_diegetic_button_pkg__rosidl_typesupport_fastrtps_cExport.cmake
[5.739s] -- Installing: /root/ws/origami/install/diegetic_button_pkg/share/diegetic_button_pkg/cmake/export_diegetic_button_pkg__rosidl_typesupport_fastrtps_cExport-noconfig.cmake
[5.740s] -- Installing: /root/ws/origami/install/diegetic_button_pkg/share/diegetic_button_pkg/cmake/export_diegetic_button_pkg__rosidl_generator_cppExport.cmake
[5.740s] -- Installing: /root/ws/origami/install/diegetic_button_pkg/share/diegetic_button_pkg/cmake/export_diegetic_button_pkg__rosidl_typesupport_fastrtps_cppExport.cmake
[5.740s] -- Installing: /root/ws/origami/install/diegetic_button_pkg/share/diegetic_button_pkg/cmake/export_diegetic_button_pkg__rosidl_typesupport_fastrtps_cppExport-noconfig.cmake
[5.741s] -- Installing: /root/ws/origami/install/diegetic_button_pkg/share/diegetic_button_pkg/cmake/diegetic_button_pkg__rosidl_typesupport_introspection_cExport.cmake
[5.741s] -- Installing: /root/ws/origami/install/diegetic_button_pkg/share/diegetic_button_pkg/cmake/diegetic_button_pkg__rosidl_typesupport_introspection_cExport-noconfig.cmake
[5.741s] -- Installing: /root/ws/origami/install/diegetic_button_pkg/share/diegetic_button_pkg/cmake/diegetic_button_pkg__rosidl_typesupport_cExport.cmake
[5.741s] -- Installing: /root/ws/origami/install/diegetic_button_pkg/share/diegetic_button_pkg/cmake/diegetic_button_pkg__rosidl_typesupport_cExport-noconfig.cmake
[5.741s] -- Installing: /root/ws/origami/install/diegetic_button_pkg/share/diegetic_button_pkg/cmake/diegetic_button_pkg__rosidl_typesupport_introspection_cppExport.cmake
[5.742s] -- Installing: /root/ws/origami/install/diegetic_button_pkg/share/diegetic_button_pkg/cmake/diegetic_button_pkg__rosidl_typesupport_introspection_cppExport-noconfig.cmake
[5.742s] -- Installing: /root/ws/origami/install/diegetic_button_pkg/share/diegetic_button_pkg/cmake/diegetic_button_pkg__rosidl_typesupport_cppExport.cmake
[5.742s] -- Installing: /root/ws/origami/install/diegetic_button_pkg/share/diegetic_button_pkg/cmake/diegetic_button_pkg__rosidl_typesupport_cppExport-noconfig.cmake
[5.743s] -- Old export file "/root/ws/origami/install/diegetic_button_pkg/share/diegetic_button_pkg/cmake/export_diegetic_button_pkg__rosidl_generator_pyExport.cmake" will be replaced.  Removing files [/root/ws/origami/install/diegetic_button_pkg/share/diegetic_button_pkg/cmake/export_diegetic_button_pkg__rosidl_generator_pyExport-noconfig.cmake].
[5.743s] -- Installing: /root/ws/origami/install/diegetic_button_pkg/share/diegetic_button_pkg/cmake/export_diegetic_button_pkg__rosidl_generator_pyExport.cmake
[5.743s] -- Installing: /root/ws/origami/install/diegetic_button_pkg/share/diegetic_button_pkg/cmake/export_diegetic_button_pkg__rosidl_generator_pyExport-noconfig.cmake
[5.743s] -- Installing: /root/ws/origami/install/diegetic_button_pkg/share/diegetic_button_pkg/cmake/rosidl_cmake-extras.cmake
[5.743s] -- Installing: /root/ws/origami/install/diegetic_button_pkg/share/diegetic_button_pkg/cmake/ament_cmake_export_dependencies-extras.cmake
[5.744s] -- Installing: /root/ws/origami/install/diegetic_button_pkg/share/diegetic_button_pkg/cmake/ament_cmake_export_include_directories-extras.cmake
[5.744s] -- Installing: /root/ws/origami/install/diegetic_button_pkg/share/diegetic_button_pkg/cmake/ament_cmake_export_libraries-extras.cmake
[5.744s] -- Installing: /root/ws/origami/install/diegetic_button_pkg/share/diegetic_button_pkg/cmake/ament_cmake_export_targets-extras.cmake
[5.745s] -- Installing: /root/ws/origami/install/diegetic_button_pkg/share/diegetic_button_pkg/cmake/rosidl_cmake_export_typesupport_targets-extras.cmake
[5.745s] -- Installing: /root/ws/origami/install/diegetic_button_pkg/share/diegetic_button_pkg/cmake/rosidl_cmake_export_typesupport_libraries-extras.cmake
[5.745s] -- Installing: /root/ws/origami/install/diegetic_button_pkg/share/diegetic_button_pkg/cmake/diegetic_button_pkgConfig.cmake
[5.745s] -- Installing: /root/ws/origami/install/diegetic_button_pkg/share/diegetic_button_pkg/cmake/diegetic_button_pkgConfig-version.cmake
[5.745s] -- Up-to-date: /root/ws/origami/install/diegetic_button_pkg/share/diegetic_button_pkg/package.xml
[5.749s] Invoked command in '/root/ws/origami/build/diegetic_button_pkg' returned '0': CMAKE_PREFIX_PATH=${CMAKE_PREFIX_PATH}:/opt/ros/humble /usr/bin/cmake --install /root/ws/origami/build/diegetic_button_pkg
