[0.088s] Invoking command in '/root/ws/origami/src/fiducials/build/fiducials': CMAKE_PREFIX_PATH=${CMAKE_PREFIX_PATH}:/opt/ros/humble /usr/bin/cmake --build /root/ws/origami/src/fiducials/build/fiducials -- -j12 -l12
[0.114s] -- Found ament_cmake: 1.3.5 (/opt/ros/humble/share/ament_cmake/cmake)
[0.262s] -- Found rclpy: 3.3.10 (/opt/ros/humble/share/rclpy/cmake)
[0.262s] -- Found builtin_interfaces: 1.2.1 (/opt/ros/humble/share/builtin_interfaces/cmake)
[0.283s] -- Found rosidl_generator_c: 3.1.5 (/opt/ros/humble/share/rosidl_generator_c/cmake)
[0.285s] -- Found rosidl_adapter: 3.1.5 (/opt/ros/humble/share/rosidl_adapter/cmake)
[0.290s] -- Found rosidl_generator_cpp: 3.1.5 (/opt/ros/humble/share/rosidl_generator_cpp/cmake)
[0.301s] -- Using all available rosidl_typesupport_c: rosidl_typesupport_fastrtps_c;rosidl_typesupport_introspection_c
[0.316s] -- Using all available rosidl_typesupport_cpp: rosidl_typesupport_fastrtps_cpp;rosidl_typesupport_introspection_cpp
[0.329s] -- Found geometry_msgs: 4.2.3 (/opt/ros/humble/share/geometry_msgs/cmake)
[0.430s] -- Found sensor_msgs: 4.2.3 (/opt/ros/humble/share/sensor_msgs/cmake)
[0.538s] -- Found rosidl_default_generators: 1.2.0 (/opt/ros/humble/share/rosidl_default_generators/cmake)
[0.545s] -- Found tf2_ros: 0.25.4 (/opt/ros/humble/share/tf2_ros/cmake)
[0.654s] -- Found rmw_implementation_cmake: 6.1.1 (/opt/ros/humble/share/rmw_implementation_cmake/cmake)
[0.656s] -- Found rmw_fastrtps_cpp: 6.2.4 (/opt/ros/humble/share/rmw_fastrtps_cpp/cmake)
[0.766s] -- Using RMW implementation 'rmw_fastrtps_cpp' as default
[1.491s] -- Found ament_cmake_ros: 0.10.0 (/opt/ros/humble/share/ament_cmake_ros/cmake)
[1.913s] -- Using all available rosidl_typesupport_c: rosidl_typesupport_fastrtps_c;rosidl_typesupport_introspection_c
[2.081s] -- Using all available rosidl_typesupport_cpp: rosidl_typesupport_fastrtps_cpp;rosidl_typesupport_introspection_cpp
[2.106s] -- Found python_cmake_module: 0.10.0 (/opt/ros/humble/share/python_cmake_module/cmake)
[2.128s] -- Using PYTHON_EXECUTABLE: /usr/bin/python3
[2.128s] -- Using PYTHON_INCLUDE_DIRS: /usr/include/python3.10
[2.128s] -- Using PYTHON_LIBRARIES: /usr/lib/x86_64-linux-gnu/libpython3.10.so
[2.177s] -- Found ament_lint_auto: 0.12.8 (/opt/ros/humble/share/ament_lint_auto/cmake)
[2.187s] -- Added test 'copyright' to check source files copyright and LICENSE
[2.245s] -- Added test 'cppcheck' to perform static code analysis on C / C++ code
[2.246s] -- Configured cppcheck include dirs: $<BUILD_INTERFACE:/root/ws/origami/src/fiducials/build/fiducials/rosidl_generator_c>;$<BUILD_INTERFACE:/root/ws/origami/src/fiducials/build/fiducials/rosidl_typesupport_fastrtps_c>;$<BUILD_INTERFACE:/root/ws/origami/src/fiducials/build/fiducials/rosidl_generator_cpp>;$<BUILD_INTERFACE:/root/ws/origami/src/fiducials/build/fiducials/rosidl_typesupport_fastrtps_cpp>;$<BUILD_INTERFACE:/root/ws/origami/src/fiducials/build/fiducials/rosidl_typesupport_introspection_c>;$<BUILD_INTERFACE:/root/ws/origami/src/fiducials/build/fiducials/rosidl_typesupport_introspection_cpp>;/root/ws/origami/src/fiducials/build/fiducials/rosidl_generator_c;/root/ws/origami/src/fiducials/build/fiducials/rosidl_generator_py
[2.246s] -- Configured cppcheck exclude dirs and/or files: 
[2.310s] -- Added test 'cpplint' to check C / C++ code against the Google style
[2.310s] -- Configured cpplint exclude dirs and/or files: 
[2.317s] -- Added test 'flake8' to check Python code syntax and style conventions
[2.331s] -- Added test 'lint_cmake' to check CMake code style
[2.338s] -- Added test 'pep257' to check Python code against some of the docstring style conventions in PEP 257
[2.399s] -- Added test 'uncrustify' to check C / C++ code style
[2.399s] -- Configured uncrustify additional arguments: 
[2.406s] -- Added test 'xmllint' to check XML markup files
[2.408s] -- Configuring done
[2.472s] -- Generating done
[2.478s] -- Build files have been written to: /root/ws/origami/src/fiducials/build/fiducials
[2.514s] [35m[1mConsolidate compiler generated dependencies of target fiducials__rosidl_generator_c[0m
[2.525s] [  1%] Built target fiducials__cpp
[2.529s] [ 12%] Built target fiducials__rosidl_generator_c
[2.537s] [ 12%] Built target ament_cmake_python_copy_fiducials
[2.539s] [35m[1mConsolidate compiler generated dependencies of target fiducials__rosidl_typesupport_fastrtps_cpp[0m
[2.540s] [35m[1mConsolidate compiler generated dependencies of target fiducials__rosidl_typesupport_cpp[0m
[2.540s] [35m[1mConsolidate compiler generated dependencies of target fiducials__rosidl_typesupport_introspection_cpp[0m
[2.541s] [35m[1mConsolidate compiler generated dependencies of target fiducials__rosidl_typesupport_introspection_c[0m
[2.546s] [35m[1mConsolidate compiler generated dependencies of target fiducials__rosidl_typesupport_c[0m
[2.546s] [35m[1mConsolidate compiler generated dependencies of target fiducials__rosidl_typesupport_fastrtps_c[0m
[2.562s] [ 23%] Built target fiducials__rosidl_typesupport_c
[2.565s] [ 35%] Built target fiducials__rosidl_typesupport_introspection_c
[2.578s] [ 46%] Built target fiducials__rosidl_typesupport_introspection_cpp
[2.583s] [ 69%] Built target fiducials__rosidl_typesupport_cpp
[2.583s] [ 69%] Built target fiducials__rosidl_typesupport_fastrtps_cpp
[2.589s] [ 80%] Built target fiducials__rosidl_typesupport_fastrtps_c
[2.609s] [ 80%] Built target fiducials
[2.631s] [ 81%] Built target fiducials__py
[2.641s] [35m[1mConsolidate compiler generated dependencies of target fiducials__rosidl_generator_py[0m
[2.664s] [ 91%] Built target fiducials__rosidl_generator_py
[2.677s] [35m[1mConsolidate compiler generated dependencies of target fiducials__rosidl_typesupport_c__pyext[0m
[2.677s] [35m[1mConsolidate compiler generated dependencies of target fiducials__rosidl_typesupport_fastrtps_c__pyext[0m
[2.677s] [35m[1mConsolidate compiler generated dependencies of target fiducials__rosidl_typesupport_introspection_c__pyext[0m
[2.689s] [ 94%] Built target fiducials__rosidl_typesupport_c__pyext
[2.691s] [ 97%] Built target fiducials__rosidl_typesupport_introspection_c__pyext
[2.691s] [100%] Built target fiducials__rosidl_typesupport_fastrtps_c__pyext
[2.715s] [100%] Built target ament_cmake_python_copy_scripts
[2.806s] running egg_info
[2.806s] writing fiducials.egg-info/PKG-INFO
[2.807s] writing dependency_links to fiducials.egg-info/dependency_links.txt
[2.807s] writing top-level names to fiducials.egg-info/top_level.txt
[2.809s] reading manifest file 'fiducials.egg-info/SOURCES.txt'
[2.810s] writing manifest file 'fiducials.egg-info/SOURCES.txt'
[2.838s] [100%] Built target ament_cmake_python_build_fiducials_egg
[2.936s] running egg_info
[2.937s] writing scripts.egg-info/PKG-INFO
[2.937s] writing dependency_links to scripts.egg-info/dependency_links.txt
[2.937s] writing top-level names to scripts.egg-info/top_level.txt
[2.939s] reading manifest file 'scripts.egg-info/SOURCES.txt'
[2.939s] writing manifest file 'scripts.egg-info/SOURCES.txt'
[2.972s] [100%] Built target ament_cmake_python_build_scripts_egg
[2.984s] Invoked command in '/root/ws/origami/src/fiducials/build/fiducials' returned '0': CMAKE_PREFIX_PATH=${CMAKE_PREFIX_PATH}:/opt/ros/humble /usr/bin/cmake --build /root/ws/origami/src/fiducials/build/fiducials -- -j12 -l12
[3.147s] Invoking command in '/root/ws/origami/src/fiducials/build/fiducials': CMAKE_PREFIX_PATH=${CMAKE_PREFIX_PATH}:/opt/ros/humble /usr/bin/cmake --install /root/ws/origami/src/fiducials/build/fiducials
[3.156s] -- Install configuration: ""
[3.157s] -- Up-to-date: /root/ws/origami/src/fiducials/install/fiducials/share/ament_index/resource_index/rosidl_interfaces/fiducials
[3.157s] -- Up-to-date: /root/ws/origami/src/fiducials/install/fiducials/include/fiducials/fiducials
[3.157s] -- Up-to-date: /root/ws/origami/src/fiducials/install/fiducials/include/fiducials/fiducials/msg
[3.157s] -- Up-to-date: /root/ws/origami/src/fiducials/install/fiducials/include/fiducials/fiducials/msg/fiducial_transform_array.h
[3.157s] -- Up-to-date: /root/ws/origami/src/fiducials/install/fiducials/include/fiducials/fiducials/msg/fiducial_transform.h
[3.157s] -- Up-to-date: /root/ws/origami/src/fiducials/install/fiducials/include/fiducials/fiducials/msg/fiducial_map_entry.h
[3.158s] -- Up-to-date: /root/ws/origami/src/fiducials/install/fiducials/include/fiducials/fiducials/msg/rosidl_generator_c__visibility_control.h
[3.158s] -- Up-to-date: /root/ws/origami/src/fiducials/install/fiducials/include/fiducials/fiducials/msg/fiducial_map_entry_array.h
[3.158s] -- Up-to-date: /root/ws/origami/src/fiducials/install/fiducials/include/fiducials/fiducials/msg/fiducial_array.h
[3.158s] -- Up-to-date: /root/ws/origami/src/fiducials/install/fiducials/include/fiducials/fiducials/msg/detail
[3.158s] -- Up-to-date: /root/ws/origami/src/fiducials/install/fiducials/include/fiducials/fiducials/msg/detail/fiducial_map_entry_array__functions.c
[3.158s] -- Up-to-date: /root/ws/origami/src/fiducials/install/fiducials/include/fiducials/fiducials/msg/detail/fiducial_transform__functions.h
[3.158s] -- Up-to-date: /root/ws/origami/src/fiducials/install/fiducials/include/fiducials/fiducials/msg/detail/fiducial_array__functions.c
[3.158s] -- Up-to-date: /root/ws/origami/src/fiducials/install/fiducials/include/fiducials/fiducials/msg/detail/fiducial_transform__type_support.h
[3.158s] -- Up-to-date: /root/ws/origami/src/fiducials/install/fiducials/include/fiducials/fiducials/msg/detail/fiducial_array__type_support.h
[3.159s] -- Up-to-date: /root/ws/origami/src/fiducials/install/fiducials/include/fiducials/fiducials/msg/detail/fiducial_map_entry__functions.c
[3.159s] -- Up-to-date: /root/ws/origami/src/fiducials/install/fiducials/include/fiducials/fiducials/msg/detail/fiducial__type_support.h
[3.159s] -- Up-to-date: /root/ws/origami/src/fiducials/install/fiducials/include/fiducials/fiducials/msg/detail/fiducial_map_entry__struct.h
[3.159s] -- Up-to-date: /root/ws/origami/src/fiducials/install/fiducials/include/fiducials/fiducials/msg/detail/fiducial_transform__functions.c
[3.159s] -- Up-to-date: /root/ws/origami/src/fiducials/install/fiducials/include/fiducials/fiducials/msg/detail/fiducial_transform_array__struct.h
[3.159s] -- Up-to-date: /root/ws/origami/src/fiducials/install/fiducials/include/fiducials/fiducials/msg/detail/fiducial__functions.h
[3.159s] -- Up-to-date: /root/ws/origami/src/fiducials/install/fiducials/include/fiducials/fiducials/msg/detail/fiducial_transform__struct.h
[3.159s] -- Up-to-date: /root/ws/origami/src/fiducials/install/fiducials/include/fiducials/fiducials/msg/detail/fiducial__struct.h
[3.159s] -- Up-to-date: /root/ws/origami/src/fiducials/install/fiducials/include/fiducials/fiducials/msg/detail/fiducial_array__functions.h
[3.159s] -- Up-to-date: /root/ws/origami/src/fiducials/install/fiducials/include/fiducials/fiducials/msg/detail/fiducial__functions.c
[3.160s] -- Up-to-date: /root/ws/origami/src/fiducials/install/fiducials/include/fiducials/fiducials/msg/detail/fiducial_array__struct.h
[3.160s] -- Up-to-date: /root/ws/origami/src/fiducials/install/fiducials/include/fiducials/fiducials/msg/detail/fiducial_map_entry__type_support.h
[3.160s] -- Up-to-date: /root/ws/origami/src/fiducials/install/fiducials/include/fiducials/fiducials/msg/detail/fiducial_map_entry__functions.h
[3.160s] -- Up-to-date: /root/ws/origami/src/fiducials/install/fiducials/include/fiducials/fiducials/msg/detail/fiducial_map_entry_array__type_support.h
[3.160s] -- Up-to-date: /root/ws/origami/src/fiducials/install/fiducials/include/fiducials/fiducials/msg/detail/fiducial_map_entry_array__struct.h
[3.160s] -- Up-to-date: /root/ws/origami/src/fiducials/install/fiducials/include/fiducials/fiducials/msg/detail/fiducial_transform_array__type_support.h
[3.160s] -- Up-to-date: /root/ws/origami/src/fiducials/install/fiducials/include/fiducials/fiducials/msg/detail/fiducial_map_entry_array__functions.h
[3.160s] -- Up-to-date: /root/ws/origami/src/fiducials/install/fiducials/include/fiducials/fiducials/msg/detail/fiducial_transform_array__functions.h
[3.160s] -- Up-to-date: /root/ws/origami/src/fiducials/install/fiducials/include/fiducials/fiducials/msg/detail/fiducial_transform_array__functions.c
[3.160s] -- Up-to-date: /root/ws/origami/src/fiducials/install/fiducials/include/fiducials/fiducials/msg/fiducial.h
[3.160s] -- Up-to-date: /root/ws/origami/src/fiducials/install/fiducials/share/fiducials/environment/library_path.sh
[3.160s] -- Installing: /root/ws/origami/src/fiducials/install/fiducials/share/fiducials/environment/library_path.dsv
[3.160s] -- Up-to-date: /root/ws/origami/src/fiducials/install/fiducials/lib/libfiducials__rosidl_generator_c.so
[3.161s] -- Up-to-date: /root/ws/origami/src/fiducials/install/fiducials/include/fiducials/fiducials
[3.161s] -- Up-to-date: /root/ws/origami/src/fiducials/install/fiducials/include/fiducials/fiducials/msg
[3.161s] -- Up-to-date: /root/ws/origami/src/fiducials/install/fiducials/include/fiducials/fiducials/msg/rosidl_typesupport_fastrtps_c__visibility_control.h
[3.161s] -- Up-to-date: /root/ws/origami/src/fiducials/install/fiducials/include/fiducials/fiducials/msg/detail
[3.161s] -- Up-to-date: /root/ws/origami/src/fiducials/install/fiducials/include/fiducials/fiducials/msg/detail/fiducial_map_entry_array__rosidl_typesupport_fastrtps_c.h
[3.161s] -- Up-to-date: /root/ws/origami/src/fiducials/install/fiducials/include/fiducials/fiducials/msg/detail/fiducial_map_entry__rosidl_typesupport_fastrtps_c.h
[3.161s] -- Up-to-date: /root/ws/origami/src/fiducials/install/fiducials/include/fiducials/fiducials/msg/detail/fiducial_transform_array__rosidl_typesupport_fastrtps_c.h
[3.161s] -- Up-to-date: /root/ws/origami/src/fiducials/install/fiducials/include/fiducials/fiducials/msg/detail/fiducial_transform__rosidl_typesupport_fastrtps_c.h
[3.161s] -- Up-to-date: /root/ws/origami/src/fiducials/install/fiducials/include/fiducials/fiducials/msg/detail/fiducial__rosidl_typesupport_fastrtps_c.h
[3.161s] -- Up-to-date: /root/ws/origami/src/fiducials/install/fiducials/include/fiducials/fiducials/msg/detail/fiducial_array__rosidl_typesupport_fastrtps_c.h
[3.161s] -- Up-to-date: /root/ws/origami/src/fiducials/install/fiducials/lib/libfiducials__rosidl_typesupport_fastrtps_c.so
[3.161s] -- Up-to-date: /root/ws/origami/src/fiducials/install/fiducials/include/fiducials/fiducials
[3.161s] -- Up-to-date: /root/ws/origami/src/fiducials/install/fiducials/include/fiducials/fiducials/msg
[3.162s] -- Up-to-date: /root/ws/origami/src/fiducials/install/fiducials/include/fiducials/fiducials/msg/fiducial_transform_array.hpp
[3.162s] -- Up-to-date: /root/ws/origami/src/fiducials/install/fiducials/include/fiducials/fiducials/msg/fiducial_array.hpp
[3.162s] -- Up-to-date: /root/ws/origami/src/fiducials/install/fiducials/include/fiducials/fiducials/msg/fiducial.hpp
[3.162s] -- Up-to-date: /root/ws/origami/src/fiducials/install/fiducials/include/fiducials/fiducials/msg/fiducial_map_entry_array.hpp
[3.162s] -- Up-to-date: /root/ws/origami/src/fiducials/install/fiducials/include/fiducials/fiducials/msg/detail
[3.162s] -- Up-to-date: /root/ws/origami/src/fiducials/install/fiducials/include/fiducials/fiducials/msg/detail/fiducial_map_entry__builder.hpp
[3.162s] -- Up-to-date: /root/ws/origami/src/fiducials/install/fiducials/include/fiducials/fiducials/msg/detail/fiducial_transform__struct.hpp
[3.162s] -- Up-to-date: /root/ws/origami/src/fiducials/install/fiducials/include/fiducials/fiducials/msg/detail/fiducial_map_entry_array__struct.hpp
[3.162s] -- Up-to-date: /root/ws/origami/src/fiducials/install/fiducials/include/fiducials/fiducials/msg/detail/fiducial_transform__builder.hpp
[3.162s] -- Up-to-date: /root/ws/origami/src/fiducials/install/fiducials/include/fiducials/fiducials/msg/detail/fiducial_transform_array__builder.hpp
[3.162s] -- Up-to-date: /root/ws/origami/src/fiducials/install/fiducials/include/fiducials/fiducials/msg/detail/fiducial_array__builder.hpp
[3.162s] -- Up-to-date: /root/ws/origami/src/fiducials/install/fiducials/include/fiducials/fiducials/msg/detail/fiducial_map_entry_array__traits.hpp
[3.162s] -- Up-to-date: /root/ws/origami/src/fiducials/install/fiducials/include/fiducials/fiducials/msg/detail/fiducial_map_entry__struct.hpp
[3.162s] -- Up-to-date: /root/ws/origami/src/fiducials/install/fiducials/include/fiducials/fiducials/msg/detail/fiducial_map_entry_array__builder.hpp
[3.162s] -- Up-to-date: /root/ws/origami/src/fiducials/install/fiducials/include/fiducials/fiducials/msg/detail/fiducial_transform__traits.hpp
[3.163s] -- Up-to-date: /root/ws/origami/src/fiducials/install/fiducials/include/fiducials/fiducials/msg/detail/fiducial_map_entry__traits.hpp
[3.163s] -- Up-to-date: /root/ws/origami/src/fiducials/install/fiducials/include/fiducials/fiducials/msg/detail/fiducial_transform_array__traits.hpp
[3.163s] -- Up-to-date: /root/ws/origami/src/fiducials/install/fiducials/include/fiducials/fiducials/msg/detail/fiducial_transform_array__struct.hpp
[3.163s] -- Up-to-date: /root/ws/origami/src/fiducials/install/fiducials/include/fiducials/fiducials/msg/detail/fiducial__builder.hpp
[3.163s] -- Up-to-date: /root/ws/origami/src/fiducials/install/fiducials/include/fiducials/fiducials/msg/detail/fiducial_array__traits.hpp
[3.163s] -- Up-to-date: /root/ws/origami/src/fiducials/install/fiducials/include/fiducials/fiducials/msg/detail/fiducial__struct.hpp
[3.163s] -- Up-to-date: /root/ws/origami/src/fiducials/install/fiducials/include/fiducials/fiducials/msg/detail/fiducial__traits.hpp
[3.163s] -- Up-to-date: /root/ws/origami/src/fiducials/install/fiducials/include/fiducials/fiducials/msg/detail/fiducial_array__struct.hpp
[3.163s] -- Up-to-date: /root/ws/origami/src/fiducials/install/fiducials/include/fiducials/fiducials/msg/fiducial_map_entry.hpp
[3.163s] -- Up-to-date: /root/ws/origami/src/fiducials/install/fiducials/include/fiducials/fiducials/msg/fiducial_transform.hpp
[3.163s] -- Up-to-date: /root/ws/origami/src/fiducials/install/fiducials/include/fiducials/fiducials
[3.163s] -- Up-to-date: /root/ws/origami/src/fiducials/install/fiducials/include/fiducials/fiducials/msg
[3.164s] -- Up-to-date: /root/ws/origami/src/fiducials/install/fiducials/include/fiducials/fiducials/msg/rosidl_typesupport_fastrtps_cpp__visibility_control.h
[3.164s] -- Up-to-date: /root/ws/origami/src/fiducials/install/fiducials/include/fiducials/fiducials/msg/detail
[3.164s] -- Up-to-date: /root/ws/origami/src/fiducials/install/fiducials/include/fiducials/fiducials/msg/detail/fiducial_array__rosidl_typesupport_fastrtps_cpp.hpp
[3.164s] -- Up-to-date: /root/ws/origami/src/fiducials/install/fiducials/include/fiducials/fiducials/msg/detail/fiducial__rosidl_typesupport_fastrtps_cpp.hpp
[3.164s] -- Up-to-date: /root/ws/origami/src/fiducials/install/fiducials/include/fiducials/fiducials/msg/detail/fiducial_transform_array__rosidl_typesupport_fastrtps_cpp.hpp
[3.164s] -- Up-to-date: /root/ws/origami/src/fiducials/install/fiducials/include/fiducials/fiducials/msg/detail/fiducial_map_entry_array__rosidl_typesupport_fastrtps_cpp.hpp
[3.164s] -- Up-to-date: /root/ws/origami/src/fiducials/install/fiducials/include/fiducials/fiducials/msg/detail/fiducial_map_entry__rosidl_typesupport_fastrtps_cpp.hpp
[3.164s] -- Up-to-date: /root/ws/origami/src/fiducials/install/fiducials/include/fiducials/fiducials/msg/detail/dds_fastrtps
[3.164s] -- Up-to-date: /root/ws/origami/src/fiducials/install/fiducials/include/fiducials/fiducials/msg/detail/fiducial_transform__rosidl_typesupport_fastrtps_cpp.hpp
[3.164s] -- Up-to-date: /root/ws/origami/src/fiducials/install/fiducials/lib/libfiducials__rosidl_typesupport_fastrtps_cpp.so
[3.164s] -- Up-to-date: /root/ws/origami/src/fiducials/install/fiducials/include/fiducials/fiducials
[3.164s] -- Up-to-date: /root/ws/origami/src/fiducials/install/fiducials/include/fiducials/fiducials/msg
[3.164s] -- Up-to-date: /root/ws/origami/src/fiducials/install/fiducials/include/fiducials/fiducials/msg/rosidl_typesupport_introspection_c__visibility_control.h
[3.164s] -- Up-to-date: /root/ws/origami/src/fiducials/install/fiducials/include/fiducials/fiducials/msg/detail
[3.164s] -- Up-to-date: /root/ws/origami/src/fiducials/install/fiducials/include/fiducials/fiducials/msg/detail/fiducial_transform_array__rosidl_typesupport_introspection_c.h
[3.164s] -- Up-to-date: /root/ws/origami/src/fiducials/install/fiducials/include/fiducials/fiducials/msg/detail/fiducial_array__rosidl_typesupport_introspection_c.h
[3.164s] -- Up-to-date: /root/ws/origami/src/fiducials/install/fiducials/include/fiducials/fiducials/msg/detail/fiducial__rosidl_typesupport_introspection_c.h
[3.164s] -- Up-to-date: /root/ws/origami/src/fiducials/install/fiducials/include/fiducials/fiducials/msg/detail/fiducial_map_entry__type_support.c
[3.165s] -- Up-to-date: /root/ws/origami/src/fiducials/install/fiducials/include/fiducials/fiducials/msg/detail/fiducial_transform_array__type_support.c
[3.165s] -- Up-to-date: /root/ws/origami/src/fiducials/install/fiducials/include/fiducials/fiducials/msg/detail/fiducial_map_entry__rosidl_typesupport_introspection_c.h
[3.165s] -- Up-to-date: /root/ws/origami/src/fiducials/install/fiducials/include/fiducials/fiducials/msg/detail/fiducial_transform__rosidl_typesupport_introspection_c.h
[3.165s] -- Up-to-date: /root/ws/origami/src/fiducials/install/fiducials/include/fiducials/fiducials/msg/detail/fiducial_map_entry_array__rosidl_typesupport_introspection_c.h
[3.165s] -- Up-to-date: /root/ws/origami/src/fiducials/install/fiducials/include/fiducials/fiducials/msg/detail/fiducial_array__type_support.c
[3.165s] -- Up-to-date: /root/ws/origami/src/fiducials/install/fiducials/include/fiducials/fiducials/msg/detail/fiducial_transform__type_support.c
[3.165s] -- Up-to-date: /root/ws/origami/src/fiducials/install/fiducials/include/fiducials/fiducials/msg/detail/fiducial__type_support.c
[3.165s] -- Up-to-date: /root/ws/origami/src/fiducials/install/fiducials/include/fiducials/fiducials/msg/detail/fiducial_map_entry_array__type_support.c
[3.165s] -- Up-to-date: /root/ws/origami/src/fiducials/install/fiducials/lib/libfiducials__rosidl_typesupport_introspection_c.so
[3.165s] -- Up-to-date: /root/ws/origami/src/fiducials/install/fiducials/lib/libfiducials__rosidl_typesupport_c.so
[3.165s] -- Up-to-date: /root/ws/origami/src/fiducials/install/fiducials/include/fiducials/fiducials
[3.165s] -- Up-to-date: /root/ws/origami/src/fiducials/install/fiducials/include/fiducials/fiducials/msg
[3.165s] -- Up-to-date: /root/ws/origami/src/fiducials/install/fiducials/include/fiducials/fiducials/msg/detail
[3.165s] -- Up-to-date: /root/ws/origami/src/fiducials/install/fiducials/include/fiducials/fiducials/msg/detail/fiducial_transform__type_support.cpp
[3.165s] -- Up-to-date: /root/ws/origami/src/fiducials/install/fiducials/include/fiducials/fiducials/msg/detail/fiducial_map_entry__rosidl_typesupport_introspection_cpp.hpp
[3.165s] -- Up-to-date: /root/ws/origami/src/fiducials/install/fiducials/include/fiducials/fiducials/msg/detail/fiducial_transform_array__type_support.cpp
[3.166s] -- Up-to-date: /root/ws/origami/src/fiducials/install/fiducials/include/fiducials/fiducials/msg/detail/fiducial_array__rosidl_typesupport_introspection_cpp.hpp
[3.166s] -- Up-to-date: /root/ws/origami/src/fiducials/install/fiducials/include/fiducials/fiducials/msg/detail/fiducial_map_entry__type_support.cpp
[3.166s] -- Up-to-date: /root/ws/origami/src/fiducials/install/fiducials/include/fiducials/fiducials/msg/detail/fiducial__rosidl_typesupport_introspection_cpp.hpp
[3.166s] -- Up-to-date: /root/ws/origami/src/fiducials/install/fiducials/include/fiducials/fiducials/msg/detail/fiducial__type_support.cpp
[3.166s] -- Up-to-date: /root/ws/origami/src/fiducials/install/fiducials/include/fiducials/fiducials/msg/detail/fiducial_map_entry_array__rosidl_typesupport_introspection_cpp.hpp
[3.166s] -- Up-to-date: /root/ws/origami/src/fiducials/install/fiducials/include/fiducials/fiducials/msg/detail/fiducial_array__type_support.cpp
[3.166s] -- Up-to-date: /root/ws/origami/src/fiducials/install/fiducials/include/fiducials/fiducials/msg/detail/fiducial_map_entry_array__type_support.cpp
[3.166s] -- Up-to-date: /root/ws/origami/src/fiducials/install/fiducials/include/fiducials/fiducials/msg/detail/fiducial_transform__rosidl_typesupport_introspection_cpp.hpp
[3.166s] -- Up-to-date: /root/ws/origami/src/fiducials/install/fiducials/include/fiducials/fiducials/msg/detail/fiducial_transform_array__rosidl_typesupport_introspection_cpp.hpp
[3.166s] -- Up-to-date: /root/ws/origami/src/fiducials/install/fiducials/lib/libfiducials__rosidl_typesupport_introspection_cpp.so
[3.166s] -- Up-to-date: /root/ws/origami/src/fiducials/install/fiducials/lib/libfiducials__rosidl_typesupport_cpp.so
[3.166s] -- Up-to-date: /root/ws/origami/src/fiducials/install/fiducials/share/fiducials/environment/pythonpath.sh
[3.166s] -- Installing: /root/ws/origami/src/fiducials/install/fiducials/share/fiducials/environment/pythonpath.dsv
[3.166s] -- Up-to-date: /root/ws/origami/src/fiducials/install/fiducials/local/lib/python3.10/dist-packages/fiducials-0.0.0-py3.10.egg-info
[3.166s] -- Installing: /root/ws/origami/src/fiducials/install/fiducials/local/lib/python3.10/dist-packages/fiducials-0.0.0-py3.10.egg-info/top_level.txt
[3.166s] -- Installing: /root/ws/origami/src/fiducials/install/fiducials/local/lib/python3.10/dist-packages/fiducials-0.0.0-py3.10.egg-info/SOURCES.txt
[3.166s] -- Installing: /root/ws/origami/src/fiducials/install/fiducials/local/lib/python3.10/dist-packages/fiducials-0.0.0-py3.10.egg-info/dependency_links.txt
[3.166s] -- Installing: /root/ws/origami/src/fiducials/install/fiducials/local/lib/python3.10/dist-packages/fiducials-0.0.0-py3.10.egg-info/PKG-INFO
[3.167s] -- Up-to-date: /root/ws/origami/src/fiducials/install/fiducials/local/lib/python3.10/dist-packages/fiducials
[3.167s] -- Up-to-date: /root/ws/origami/src/fiducials/install/fiducials/local/lib/python3.10/dist-packages/fiducials/_fiducials_s.ep.rosidl_typesupport_introspection_c.c
[3.167s] -- Up-to-date: /root/ws/origami/src/fiducials/install/fiducials/local/lib/python3.10/dist-packages/fiducials/fiducials_s__rosidl_typesupport_fastrtps_c.cpython-310-x86_64-linux-gnu.so
[3.167s] -- Up-to-date: /root/ws/origami/src/fiducials/install/fiducials/local/lib/python3.10/dist-packages/fiducials/_fiducials_s.ep.rosidl_typesupport_fastrtps_c.c
[3.167s] -- Up-to-date: /root/ws/origami/src/fiducials/install/fiducials/local/lib/python3.10/dist-packages/fiducials/fiducials_s__rosidl_typesupport_c.cpython-310-x86_64-linux-gnu.so
[3.167s] -- Up-to-date: /root/ws/origami/src/fiducials/install/fiducials/local/lib/python3.10/dist-packages/fiducials/libfiducials__rosidl_generator_py.so
[3.167s] -- Up-to-date: /root/ws/origami/src/fiducials/install/fiducials/local/lib/python3.10/dist-packages/fiducials/_fiducials_s.ep.rosidl_typesupport_c.c
[3.167s] -- Installing: /root/ws/origami/src/fiducials/install/fiducials/local/lib/python3.10/dist-packages/fiducials/__init__.py
[3.167s] -- Up-to-date: /root/ws/origami/src/fiducials/install/fiducials/local/lib/python3.10/dist-packages/fiducials/fiducials_s__rosidl_typesupport_introspection_c.cpython-310-x86_64-linux-gnu.so
[3.167s] -- Up-to-date: /root/ws/origami/src/fiducials/install/fiducials/local/lib/python3.10/dist-packages/fiducials/msg
[3.167s] -- Up-to-date: /root/ws/origami/src/fiducials/install/fiducials/local/lib/python3.10/dist-packages/fiducials/msg/_fiducial.py
[3.167s] -- Up-to-date: /root/ws/origami/src/fiducials/install/fiducials/local/lib/python3.10/dist-packages/fiducials/msg/_fiducial_array_s.c
[3.167s] -- Up-to-date: /root/ws/origami/src/fiducials/install/fiducials/local/lib/python3.10/dist-packages/fiducials/msg/_fiducial_transform.py
[3.167s] -- Up-to-date: /root/ws/origami/src/fiducials/install/fiducials/local/lib/python3.10/dist-packages/fiducials/msg/_fiducial_map_entry_s.c
[3.167s] -- Up-to-date: /root/ws/origami/src/fiducials/install/fiducials/local/lib/python3.10/dist-packages/fiducials/msg/_fiducial_transform_array_s.c
[3.167s] -- Up-to-date: /root/ws/origami/src/fiducials/install/fiducials/local/lib/python3.10/dist-packages/fiducials/msg/_fiducial_array.py
[3.167s] -- Up-to-date: /root/ws/origami/src/fiducials/install/fiducials/local/lib/python3.10/dist-packages/fiducials/msg/__init__.py
[3.167s] -- Up-to-date: /root/ws/origami/src/fiducials/install/fiducials/local/lib/python3.10/dist-packages/fiducials/msg/_fiducial_map_entry_array.py
[3.167s] -- Up-to-date: /root/ws/origami/src/fiducials/install/fiducials/local/lib/python3.10/dist-packages/fiducials/msg/_fiducial_transform_s.c
[3.168s] -- Up-to-date: /root/ws/origami/src/fiducials/install/fiducials/local/lib/python3.10/dist-packages/fiducials/msg/_fiducial_s.c
[3.168s] -- Up-to-date: /root/ws/origami/src/fiducials/install/fiducials/local/lib/python3.10/dist-packages/fiducials/msg/_fiducial_transform_array.py
[3.168s] -- Up-to-date: /root/ws/origami/src/fiducials/install/fiducials/local/lib/python3.10/dist-packages/fiducials/msg/_fiducial_map_entry.py
[3.168s] -- Up-to-date: /root/ws/origami/src/fiducials/install/fiducials/local/lib/python3.10/dist-packages/fiducials/msg/_fiducial_map_entry_array_s.c
[3.193s] Listing '/root/ws/origami/src/fiducials/install/fiducials/local/lib/python3.10/dist-packages/fiducials'...
[3.193s] Compiling '/root/ws/origami/src/fiducials/install/fiducials/local/lib/python3.10/dist-packages/fiducials/__init__.py'...
[3.193s] Listing '/root/ws/origami/src/fiducials/install/fiducials/local/lib/python3.10/dist-packages/fiducials/msg'...
[3.200s] -- Up-to-date: /root/ws/origami/src/fiducials/install/fiducials/local/lib/python3.10/dist-packages/fiducials/fiducials_s__rosidl_typesupport_fastrtps_c.cpython-310-x86_64-linux-gnu.so
[3.200s] -- Up-to-date: /root/ws/origami/src/fiducials/install/fiducials/local/lib/python3.10/dist-packages/fiducials/fiducials_s__rosidl_typesupport_introspection_c.cpython-310-x86_64-linux-gnu.so
[3.201s] -- Up-to-date: /root/ws/origami/src/fiducials/install/fiducials/local/lib/python3.10/dist-packages/fiducials/fiducials_s__rosidl_typesupport_c.cpython-310-x86_64-linux-gnu.so
[3.201s] -- Up-to-date: /root/ws/origami/src/fiducials/install/fiducials/lib/libfiducials__rosidl_generator_py.so
[3.201s] -- Up-to-date: /root/ws/origami/src/fiducials/install/fiducials/share/fiducials/msg/Fiducial.idl
[3.201s] -- Up-to-date: /root/ws/origami/src/fiducials/install/fiducials/share/fiducials/msg/FiducialArray.idl
[3.201s] -- Up-to-date: /root/ws/origami/src/fiducials/install/fiducials/share/fiducials/msg/FiducialTransform.idl
[3.202s] -- Up-to-date: /root/ws/origami/src/fiducials/install/fiducials/share/fiducials/msg/FiducialTransformArray.idl
[3.202s] -- Up-to-date: /root/ws/origami/src/fiducials/install/fiducials/share/fiducials/msg/FiducialMapEntry.idl
[3.202s] -- Up-to-date: /root/ws/origami/src/fiducials/install/fiducials/share/fiducials/msg/FiducialMapEntryArray.idl
[3.202s] -- Up-to-date: /root/ws/origami/src/fiducials/install/fiducials/share/fiducials/msg/Fiducial.msg
[3.202s] -- Up-to-date: /root/ws/origami/src/fiducials/install/fiducials/share/fiducials/msg/FiducialArray.msg
[3.202s] -- Up-to-date: /root/ws/origami/src/fiducials/install/fiducials/share/fiducials/msg/FiducialTransform.msg
[3.202s] -- Up-to-date: /root/ws/origami/src/fiducials/install/fiducials/share/fiducials/msg/FiducialTransformArray.msg
[3.203s] -- Up-to-date: /root/ws/origami/src/fiducials/install/fiducials/share/fiducials/msg/FiducialMapEntry.msg
[3.203s] -- Up-to-date: /root/ws/origami/src/fiducials/install/fiducials/share/fiducials/msg/FiducialMapEntryArray.msg
[3.203s] -- Up-to-date: /root/ws/origami/src/fiducials/install/fiducials/local/lib/python3.10/dist-packages/scripts-0.0.0-py3.10.egg-info
[3.203s] -- Installing: /root/ws/origami/src/fiducials/install/fiducials/local/lib/python3.10/dist-packages/scripts-0.0.0-py3.10.egg-info/top_level.txt
[3.203s] -- Installing: /root/ws/origami/src/fiducials/install/fiducials/local/lib/python3.10/dist-packages/scripts-0.0.0-py3.10.egg-info/SOURCES.txt
[3.203s] -- Installing: /root/ws/origami/src/fiducials/install/fiducials/local/lib/python3.10/dist-packages/scripts-0.0.0-py3.10.egg-info/dependency_links.txt
[3.204s] -- Installing: /root/ws/origami/src/fiducials/install/fiducials/local/lib/python3.10/dist-packages/scripts-0.0.0-py3.10.egg-info/PKG-INFO
[3.204s] -- Up-to-date: /root/ws/origami/src/fiducials/install/fiducials/local/lib/python3.10/dist-packages/scripts
[3.204s] -- Up-to-date: /root/ws/origami/src/fiducials/install/fiducials/local/lib/python3.10/dist-packages/scripts/create_markers.py
[3.204s] -- Up-to-date: /root/ws/origami/src/fiducials/install/fiducials/local/lib/python3.10/dist-packages/scripts/camera_calibrate.py
[3.205s] -- Up-to-date: /root/ws/origami/src/fiducials/install/fiducials/local/lib/python3.10/dist-packages/scripts/aruco_detect.py
[3.205s] -- Up-to-date: /root/ws/origami/src/fiducials/install/fiducials/local/lib/python3.10/dist-packages/scripts/PupilGlassesCalibration.pckl
[3.205s] -- Up-to-date: /root/ws/origami/src/fiducials/install/fiducials/local/lib/python3.10/dist-packages/scripts/__init__.py
[3.205s] -- Installing: /root/ws/origami/src/fiducials/install/fiducials/local/lib/python3.10/dist-packages/scripts/aruco_mapper.py
[3.205s] -- Up-to-date: /root/ws/origami/src/fiducials/install/fiducials/local/lib/python3.10/dist-packages/scripts/camera_calibration
[3.205s] -- Up-to-date: /root/ws/origami/src/fiducials/install/fiducials/local/lib/python3.10/dist-packages/scripts/camera_calibration/old_webcam_calibration_images
[3.205s] -- Up-to-date: /root/ws/origami/src/fiducials/install/fiducials/local/lib/python3.10/dist-packages/scripts/camera_calibration/old_webcam_calibration_images/2022-04-25-100708.jpg
[3.205s] -- Up-to-date: /root/ws/origami/src/fiducials/install/fiducials/local/lib/python3.10/dist-packages/scripts/camera_calibration/old_webcam_calibration_images/2022-04-25-100736.jpg
[3.205s] -- Up-to-date: /root/ws/origami/src/fiducials/install/fiducials/local/lib/python3.10/dist-packages/scripts/camera_calibration/old_webcam_calibration_images/2022-04-25-100504.jpg
[3.205s] -- Up-to-date: /root/ws/origami/src/fiducials/install/fiducials/local/lib/python3.10/dist-packages/scripts/camera_calibration/old_webcam_calibration_images/2022-04-25-100601.jpg
[3.206s] -- Up-to-date: /root/ws/origami/src/fiducials/install/fiducials/local/lib/python3.10/dist-packages/scripts/camera_calibration/old_webcam_calibration_images/2022-04-25-100614.jpg
[3.206s] -- Up-to-date: /root/ws/origami/src/fiducials/install/fiducials/local/lib/python3.10/dist-packages/scripts/camera_calibration/old_webcam_calibration_images/2022-04-25-100643.jpg
[3.206s] -- Up-to-date: /root/ws/origami/src/fiducials/install/fiducials/local/lib/python3.10/dist-packages/scripts/camera_calibration/old_webcam_calibration_images/2022-04-25-100453.jpg
[3.206s] -- Up-to-date: /root/ws/origami/src/fiducials/install/fiducials/local/lib/python3.10/dist-packages/scripts/camera_calibration/old_webcam_calibration_images/2022-04-25-100626.jpg
[3.206s] -- Up-to-date: /root/ws/origami/src/fiducials/install/fiducials/local/lib/python3.10/dist-packages/scripts/camera_calibration/old_webcam_calibration_images/2022-04-25-100719.jpg
[3.206s] -- Up-to-date: /root/ws/origami/src/fiducials/install/fiducials/local/lib/python3.10/dist-packages/scripts/camera_calibration/old_webcam_calibration_images/2022-04-25-100654.jpg
[3.206s] -- Up-to-date: /root/ws/origami/src/fiducials/install/fiducials/local/lib/python3.10/dist-packages/scripts/camera_calibration/old_webcam_calibration_images/2022-04-25-100514.jpg
[3.206s] -- Up-to-date: /root/ws/origami/src/fiducials/install/fiducials/local/lib/python3.10/dist-packages/scripts/camera_calibration/old_webcam_calibration_images/2022-04-25-100635.jpg
[3.206s] -- Up-to-date: /root/ws/origami/src/fiducials/install/fiducials/local/lib/python3.10/dist-packages/scripts/camera_calibration/old_webcam_calibration_images/2022-04-25-100550.jpg
[3.206s] -- Up-to-date: /root/ws/origami/src/fiducials/install/fiducials/local/lib/python3.10/dist-packages/scripts/camera_calibration/old_webcam_calibration_images/2022-04-25-100447.jpg
[3.206s] -- Up-to-date: /root/ws/origami/src/fiducials/install/fiducials/local/lib/python3.10/dist-packages/scripts/camera_calibration/old_webcam_calibration_images/2022-04-25-100542.jpg
[3.207s] -- Up-to-date: /root/ws/origami/src/fiducials/install/fiducials/local/lib/python3.10/dist-packages/scripts/camera_calibration/calibration.pckl
[3.207s] -- Up-to-date: /root/ws/origami/src/fiducials/install/fiducials/local/lib/python3.10/dist-packages/scripts/camera_calibration/TobiiCalibration
[3.207s] -- Up-to-date: /root/ws/origami/src/fiducials/install/fiducials/local/lib/python3.10/dist-packages/scripts/camera_calibration/TobiiCalibration/vlcsnap-2022-04-28-16h18m42s700.png
[3.207s] -- Up-to-date: /root/ws/origami/src/fiducials/install/fiducials/local/lib/python3.10/dist-packages/scripts/camera_calibration/TobiiCalibration/vlcsnap-2022-04-28-16h21m21s263.png
[3.207s] -- Up-to-date: /root/ws/origami/src/fiducials/install/fiducials/local/lib/python3.10/dist-packages/scripts/camera_calibration/TobiiCalibration/vlcsnap-2022-04-28-16h18m59s845.png
[3.207s] -- Up-to-date: /root/ws/origami/src/fiducials/install/fiducials/local/lib/python3.10/dist-packages/scripts/camera_calibration/TobiiCalibration/vlcsnap-2022-04-28-16h14m37s506.png
[3.207s] -- Up-to-date: /root/ws/origami/src/fiducials/install/fiducials/local/lib/python3.10/dist-packages/scripts/camera_calibration/TobiiCalibration/vlcsnap-2022-04-28-16h13m51s644.png
[3.207s] -- Up-to-date: /root/ws/origami/src/fiducials/install/fiducials/local/lib/python3.10/dist-packages/scripts/camera_calibration/TobiiCalibration/vlcsnap-2022-04-28-16h18m33s305.png
[3.207s] -- Up-to-date: /root/ws/origami/src/fiducials/install/fiducials/local/lib/python3.10/dist-packages/scripts/camera_calibration/TobiiCalibration/vlcsnap-2022-04-28-16h21m16s913.png
[3.207s] -- Up-to-date: /root/ws/origami/src/fiducials/install/fiducials/local/lib/python3.10/dist-packages/scripts/camera_calibration/TobiiCalibration/calibration.pckl
[3.207s] -- Up-to-date: /root/ws/origami/src/fiducials/install/fiducials/local/lib/python3.10/dist-packages/scripts/camera_calibration/TobiiCalibration/vlcsnap-2022-04-28-16h19m21s435.png
[3.208s] -- Up-to-date: /root/ws/origami/src/fiducials/install/fiducials/local/lib/python3.10/dist-packages/scripts/camera_calibration/TobiiCalibration/vlcsnap-2022-04-28-16h21m12s225.png
[3.208s] -- Up-to-date: /root/ws/origami/src/fiducials/install/fiducials/local/lib/python3.10/dist-packages/scripts/camera_calibration/TobiiCalibration/vlcsnap-2022-04-28-16h19m51s539.png
[3.208s] -- Up-to-date: /root/ws/origami/src/fiducials/install/fiducials/local/lib/python3.10/dist-packages/scripts/camera_calibration/TobiiCalibration/vlcsnap-2022-04-28-16h20m56s584.png
[3.208s] -- Up-to-date: /root/ws/origami/src/fiducials/install/fiducials/local/lib/python3.10/dist-packages/scripts/camera_calibration/TobiiCalibration/vlcsnap-2022-04-28-16h15m08s507.png
[3.208s] -- Up-to-date: /root/ws/origami/src/fiducials/install/fiducials/local/lib/python3.10/dist-packages/scripts/camera_calibration/TobiiCalibration/vlcsnap-2022-04-28-16h18m53s558.png
[3.208s] -- Up-to-date: /root/ws/origami/src/fiducials/install/fiducials/local/lib/python3.10/dist-packages/scripts/camera_calibration/TobiiCalibration/vlcsnap-2022-04-28-16h21m39s908.png
[3.208s] -- Up-to-date: /root/ws/origami/src/fiducials/install/fiducials/local/lib/python3.10/dist-packages/scripts/camera_calibration/TobiiCalibration/vlcsnap-2022-04-28-16h21m03s920.png
[3.208s] -- Up-to-date: /root/ws/origami/src/fiducials/install/fiducials/local/lib/python3.10/dist-packages/scripts/camera_calibration/TobiiCalibration/vlcsnap-2022-04-28-16h21m45s787.png
[3.208s] -- Up-to-date: /root/ws/origami/src/fiducials/install/fiducials/local/lib/python3.10/dist-packages/scripts/camera_calibration/TobiiCalibration/vlcsnap-2022-04-28-16h20m01s390.png
[3.208s] -- Up-to-date: /root/ws/origami/src/fiducials/install/fiducials/local/lib/python3.10/dist-packages/scripts/camera_calibration/TobiiCalibration/vlcsnap-2022-04-28-16h22m00s263.png
[3.208s] -- Up-to-date: /root/ws/origami/src/fiducials/install/fiducials/local/lib/python3.10/dist-packages/scripts/camera_calibration/TobiiCalibration/vlcsnap-2022-04-28-16h19m04s522.png
[3.209s] -- Up-to-date: /root/ws/origami/src/fiducials/install/fiducials/local/lib/python3.10/dist-packages/scripts/camera_calibration/TobiiCalibration/vlcsnap-2022-04-28-16h21m56s920.png
[3.209s] -- Up-to-date: /root/ws/origami/src/fiducials/install/fiducials/local/lib/python3.10/dist-packages/scripts/camera_calibration/TobiiCalibration/vlcsnap-2022-04-28-16h18m24s207.png
[3.209s] -- Up-to-date: /root/ws/origami/src/fiducials/install/fiducials/local/lib/python3.10/dist-packages/scripts/camera_calibration/TobiiCalibration/vlcsnap-2022-04-28-16h19m12s268.png
[3.209s] -- Up-to-date: /root/ws/origami/src/fiducials/install/fiducials/local/lib/python3.10/dist-packages/scripts/camera_calibration/TobiiCalibration/vlcsnap-2022-04-28-16h19m57s011.png
[3.209s] -- Up-to-date: /root/ws/origami/src/fiducials/install/fiducials/local/lib/python3.10/dist-packages/scripts/camera_calibration/TobiiCalibration/vlcsnap-2022-04-28-16h21m08s214.png
[3.209s] -- Up-to-date: /root/ws/origami/src/fiducials/install/fiducials/local/lib/python3.10/dist-packages/scripts/camera_calibration/TobiiCalibration/vlcsnap-2022-04-28-16h20m10s240.png
[3.209s] -- Up-to-date: /root/ws/origami/src/fiducials/install/fiducials/local/lib/python3.10/dist-packages/scripts/camera_calibration/TobiiCalibration/vlcsnap-2022-04-28-16h19m25s886.png
[3.209s] -- Up-to-date: /root/ws/origami/src/fiducials/install/fiducials/local/lib/python3.10/dist-packages/scripts/camera_calibration/TobiiCalibration/vlcsnap-2022-04-28-16h20m49s540.png
[3.209s] -- Up-to-date: /root/ws/origami/src/fiducials/install/fiducials/local/lib/python3.10/dist-packages/scripts/camera_calibration/TobiiCalibration/vlcsnap-2022-04-28-16h14m26s085.png
[3.209s] -- Up-to-date: /root/ws/origami/src/fiducials/install/fiducials/local/lib/python3.10/dist-packages/scripts/camera_calibration/old_webcam.pckl
[3.209s] -- Up-to-date: /root/ws/origami/src/fiducials/install/fiducials/local/lib/python3.10/dist-packages/scripts/camera_calibration/pupil_glasses_calibration_images
[3.209s] -- Up-to-date: /root/ws/origami/src/fiducials/install/fiducials/local/lib/python3.10/dist-packages/scripts/camera_calibration/pupil_glasses_calibration_images/PupilCalibrationImage02.png
[3.210s] -- Up-to-date: /root/ws/origami/src/fiducials/install/fiducials/local/lib/python3.10/dist-packages/scripts/camera_calibration/pupil_glasses_calibration_images/PupilCalibrationImage07.png
[3.210s] -- Up-to-date: /root/ws/origami/src/fiducials/install/fiducials/local/lib/python3.10/dist-packages/scripts/camera_calibration/pupil_glasses_calibration_images/PupilCalibrationImage09.png
[3.210s] -- Up-to-date: /root/ws/origami/src/fiducials/install/fiducials/local/lib/python3.10/dist-packages/scripts/camera_calibration/pupil_glasses_calibration_images/PupilCalibrationImage13.png
[3.210s] -- Up-to-date: /root/ws/origami/src/fiducials/install/fiducials/local/lib/python3.10/dist-packages/scripts/camera_calibration/pupil_glasses_calibration_images/PupilCalibrationImage05.png
[3.210s] -- Up-to-date: /root/ws/origami/src/fiducials/install/fiducials/local/lib/python3.10/dist-packages/scripts/camera_calibration/pupil_glasses_calibration_images/PupilCalibrationImage12.png
[3.210s] -- Up-to-date: /root/ws/origami/src/fiducials/install/fiducials/local/lib/python3.10/dist-packages/scripts/camera_calibration/pupil_glasses_calibration_images/PupilCalibrationImage06.png
[3.210s] -- Up-to-date: /root/ws/origami/src/fiducials/install/fiducials/local/lib/python3.10/dist-packages/scripts/camera_calibration/pupil_glasses_calibration_images/PupilCalibrationImage04.png
[3.210s] -- Up-to-date: /root/ws/origami/src/fiducials/install/fiducials/local/lib/python3.10/dist-packages/scripts/camera_calibration/pupil_glasses_calibration_images/PupilCalibrationImage10.png
[3.210s] -- Up-to-date: /root/ws/origami/src/fiducials/install/fiducials/local/lib/python3.10/dist-packages/scripts/camera_calibration/pupil_glasses_calibration_images/PupilCalibrationImage11.png
[3.210s] -- Up-to-date: /root/ws/origami/src/fiducials/install/fiducials/local/lib/python3.10/dist-packages/scripts/camera_calibration/pupil_glasses_calibration_images/PupilCalibrationImage08.png
[3.210s] -- Up-to-date: /root/ws/origami/src/fiducials/install/fiducials/local/lib/python3.10/dist-packages/scripts/camera_calibration/pupil_glasses_calibration_images/PupilCalibrationImage01.png
[3.211s] -- Up-to-date: /root/ws/origami/src/fiducials/install/fiducials/local/lib/python3.10/dist-packages/scripts/camera_calibration/pupil_glasses_calibration_images/PupilCalibrationImage14.png
[3.211s] -- Up-to-date: /root/ws/origami/src/fiducials/install/fiducials/local/lib/python3.10/dist-packages/scripts/camera_calibration/pupil_glasses_calibration_images/PupilCalibrationImage03.png
[3.211s] -- Up-to-date: /root/ws/origami/src/fiducials/install/fiducials/local/lib/python3.10/dist-packages/scripts/camera_calibration/pupil_glasses_calibration_images/PupilCalibrationImage16.png
[3.211s] -- Up-to-date: /root/ws/origami/src/fiducials/install/fiducials/local/lib/python3.10/dist-packages/scripts/camera_calibration/pupil_glasses_calibration_images/PupilCalibrationImage15.png
[3.238s] Listing '/root/ws/origami/src/fiducials/install/fiducials/local/lib/python3.10/dist-packages/scripts'...
[3.238s] Compiling '/root/ws/origami/src/fiducials/install/fiducials/local/lib/python3.10/dist-packages/scripts/aruco_mapper.py'...
[3.238s] Listing '/root/ws/origami/src/fiducials/install/fiducials/local/lib/python3.10/dist-packages/scripts/camera_calibration'...
[3.239s] Listing '/root/ws/origami/src/fiducials/install/fiducials/local/lib/python3.10/dist-packages/scripts/camera_calibration/TobiiCalibration'...
[3.239s] Listing '/root/ws/origami/src/fiducials/install/fiducials/local/lib/python3.10/dist-packages/scripts/camera_calibration/old_webcam_calibration_images'...
[3.239s] Listing '/root/ws/origami/src/fiducials/install/fiducials/local/lib/python3.10/dist-packages/scripts/camera_calibration/pupil_glasses_calibration_images'...
[3.243s] -- Up-to-date: /root/ws/origami/src/fiducials/install/fiducials/lib/fiducials/aruco_detect.py
[3.244s] -- Installing: /root/ws/origami/src/fiducials/install/fiducials/lib/fiducials/aruco_mapper.py
[3.244s] -- Up-to-date: /root/ws/origami/src/fiducials/install/fiducials/share/ament_index/resource_index/package_run_dependencies/fiducials
[3.244s] -- Installing: /root/ws/origami/src/fiducials/install/fiducials/share/ament_index/resource_index/parent_prefix_path/fiducials
[3.244s] -- Up-to-date: /root/ws/origami/src/fiducials/install/fiducials/share/fiducials/environment/ament_prefix_path.sh
[3.244s] -- Installing: /root/ws/origami/src/fiducials/install/fiducials/share/fiducials/environment/ament_prefix_path.dsv
[3.244s] -- Up-to-date: /root/ws/origami/src/fiducials/install/fiducials/share/fiducials/environment/path.sh
[3.244s] -- Installing: /root/ws/origami/src/fiducials/install/fiducials/share/fiducials/environment/path.dsv
[3.244s] -- Up-to-date: /root/ws/origami/src/fiducials/install/fiducials/share/fiducials/local_setup.bash
[3.244s] -- Up-to-date: /root/ws/origami/src/fiducials/install/fiducials/share/fiducials/local_setup.sh
[3.245s] -- Up-to-date: /root/ws/origami/src/fiducials/install/fiducials/share/fiducials/local_setup.zsh
[3.245s] -- Installing: /root/ws/origami/src/fiducials/install/fiducials/share/fiducials/local_setup.dsv
[3.245s] -- Installing: /root/ws/origami/src/fiducials/install/fiducials/share/fiducials/package.dsv
[3.245s] -- Up-to-date: /root/ws/origami/src/fiducials/install/fiducials/share/ament_index/resource_index/packages/fiducials
[3.245s] -- Up-to-date: /root/ws/origami/src/fiducials/install/fiducials/share/fiducials/cmake/export_fiducials__rosidl_generator_cExport.cmake
[3.245s] -- Up-to-date: /root/ws/origami/src/fiducials/install/fiducials/share/fiducials/cmake/export_fiducials__rosidl_generator_cExport-noconfig.cmake
[3.245s] -- Up-to-date: /root/ws/origami/src/fiducials/install/fiducials/share/fiducials/cmake/export_fiducials__rosidl_typesupport_fastrtps_cExport.cmake
[3.245s] -- Up-to-date: /root/ws/origami/src/fiducials/install/fiducials/share/fiducials/cmake/export_fiducials__rosidl_typesupport_fastrtps_cExport-noconfig.cmake
[3.245s] -- Up-to-date: /root/ws/origami/src/fiducials/install/fiducials/share/fiducials/cmake/export_fiducials__rosidl_generator_cppExport.cmake
[3.246s] -- Up-to-date: /root/ws/origami/src/fiducials/install/fiducials/share/fiducials/cmake/export_fiducials__rosidl_typesupport_fastrtps_cppExport.cmake
[3.246s] -- Up-to-date: /root/ws/origami/src/fiducials/install/fiducials/share/fiducials/cmake/export_fiducials__rosidl_typesupport_fastrtps_cppExport-noconfig.cmake
[3.246s] -- Up-to-date: /root/ws/origami/src/fiducials/install/fiducials/share/fiducials/cmake/fiducials__rosidl_typesupport_introspection_cExport.cmake
[3.246s] -- Up-to-date: /root/ws/origami/src/fiducials/install/fiducials/share/fiducials/cmake/fiducials__rosidl_typesupport_introspection_cExport-noconfig.cmake
[3.246s] -- Up-to-date: /root/ws/origami/src/fiducials/install/fiducials/share/fiducials/cmake/fiducials__rosidl_typesupport_cExport.cmake
[3.246s] -- Up-to-date: /root/ws/origami/src/fiducials/install/fiducials/share/fiducials/cmake/fiducials__rosidl_typesupport_cExport-noconfig.cmake
[3.246s] -- Up-to-date: /root/ws/origami/src/fiducials/install/fiducials/share/fiducials/cmake/fiducials__rosidl_typesupport_introspection_cppExport.cmake
[3.246s] -- Up-to-date: /root/ws/origami/src/fiducials/install/fiducials/share/fiducials/cmake/fiducials__rosidl_typesupport_introspection_cppExport-noconfig.cmake
[3.246s] -- Up-to-date: /root/ws/origami/src/fiducials/install/fiducials/share/fiducials/cmake/fiducials__rosidl_typesupport_cppExport.cmake
[3.246s] -- Up-to-date: /root/ws/origami/src/fiducials/install/fiducials/share/fiducials/cmake/fiducials__rosidl_typesupport_cppExport-noconfig.cmake
[3.247s] -- Up-to-date: /root/ws/origami/src/fiducials/install/fiducials/share/fiducials/cmake/export_fiducials__rosidl_generator_pyExport.cmake
[3.247s] -- Up-to-date: /root/ws/origami/src/fiducials/install/fiducials/share/fiducials/cmake/export_fiducials__rosidl_generator_pyExport-noconfig.cmake
[3.247s] -- Up-to-date: /root/ws/origami/src/fiducials/install/fiducials/share/fiducials/cmake/rosidl_cmake-extras.cmake
[3.247s] -- Up-to-date: /root/ws/origami/src/fiducials/install/fiducials/share/fiducials/cmake/ament_cmake_export_dependencies-extras.cmake
[3.247s] -- Up-to-date: /root/ws/origami/src/fiducials/install/fiducials/share/fiducials/cmake/ament_cmake_export_include_directories-extras.cmake
[3.247s] -- Up-to-date: /root/ws/origami/src/fiducials/install/fiducials/share/fiducials/cmake/ament_cmake_export_libraries-extras.cmake
[3.247s] -- Up-to-date: /root/ws/origami/src/fiducials/install/fiducials/share/fiducials/cmake/ament_cmake_export_targets-extras.cmake
[3.247s] -- Up-to-date: /root/ws/origami/src/fiducials/install/fiducials/share/fiducials/cmake/rosidl_cmake_export_typesupport_targets-extras.cmake
[3.247s] -- Up-to-date: /root/ws/origami/src/fiducials/install/fiducials/share/fiducials/cmake/rosidl_cmake_export_typesupport_libraries-extras.cmake
[3.247s] -- Up-to-date: /root/ws/origami/src/fiducials/install/fiducials/share/fiducials/cmake/fiducialsConfig.cmake
[3.247s] -- Up-to-date: /root/ws/origami/src/fiducials/install/fiducials/share/fiducials/cmake/fiducialsConfig-version.cmake
[3.248s] -- Up-to-date: /root/ws/origami/src/fiducials/install/fiducials/share/fiducials/package.xml
[3.250s] Invoked command in '/root/ws/origami/src/fiducials/build/fiducials' returned '0': CMAKE_PREFIX_PATH=${CMAKE_PREFIX_PATH}:/opt/ros/humble /usr/bin/cmake --install /root/ws/origami/src/fiducials/build/fiducials
