[1.006s] DEBUG:colcon:Command line arguments: ['/usr/bin/colcon', 'build']
[1.006s] DEBUG:colcon:Parsed command line arguments: Namespace(log_base=None, log_level=None, verb_name='build', build_base='build', install_base='install', merge_install=False, symlink_install=False, test_result_base=None, continue_on_error=False, executor='parallel', parallel_workers=12, event_handlers=None, ignore_user_meta=False, metas=['./colcon.meta'], base_paths=['.'], packages_ignore=None, packages_ignore_regex=None, paths=None, packages_up_to=None, packages_up_to_regex=None, packages_above=None, packages_above_and_dependencies=None, packages_above_depth=None, packages_select_by_dep=None, packages_skip_by_dep=None, packages_skip_up_to=None, packages_select_build_failed=False, packages_skip_build_finished=False, packages_select_test_failures=False, packages_skip_test_passed=False, packages_select=None, packages_skip=None, packages_select_regex=None, packages_skip_regex=None, packages_start=None, packages_end=None, cmake_args=None, cmake_target=None, cmake_target_skip_unavailable=False, cmake_clean_cache=False, cmake_clean_first=False, cmake_force_configure=False, ament_cmake_args=None, catkin_cmake_args=None, catkin_skip_building_tests=False, mixin_files=None, mixin=None, verb_parser=<colcon_mixin.mixin.mixin_argument.MixinArgumentDecorator object at 0x7f54c341e080>, verb_extension=<colcon_core.verb.build.BuildVerb object at 0x7f54c341c6d0>, main=<bound method BuildVerb.main of <colcon_core.verb.build.BuildVerb object at 0x7f54c341c6d0>>, mixin_verb=('build',))
[1.046s] Level 1:colcon.colcon_core.package_discovery:discover_packages(colcon_meta) check parameters
[1.047s] INFO:colcon.colcon_metadata.package_discovery.colcon_meta:Using configuration from '/root/.colcon/metadata/default/Gazebo.meta'
[1.048s] INFO:colcon.colcon_metadata.package_discovery.colcon_meta:Using configuration from '/root/.colcon/metadata/default/fastrtps.meta'
[1.048s] Level 1:colcon.colcon_core.package_discovery:discover_packages(recursive) check parameters
[1.048s] Level 1:colcon.colcon_core.package_discovery:discover_packages(ignore) check parameters
[1.048s] Level 1:colcon.colcon_core.package_discovery:discover_packages(path) check parameters
[1.048s] Level 1:colcon.colcon_core.package_discovery:discover_packages(colcon_meta) discover
[1.048s] Level 1:colcon.colcon_core.package_discovery:discover_packages(recursive) discover
[1.049s] INFO:colcon.colcon_core.package_discovery:Crawling recursively for packages in '/root/ws/origami/src/fiducials'
[1.049s] Level 1:colcon.colcon_core.package_identification:_identify(.) by extensions ['ignore', 'ignore_ament_install']
[1.049s] Level 1:colcon.colcon_core.package_identification:_identify(.) by extension 'ignore'
[1.049s] Level 1:colcon.colcon_core.package_identification:_identify(.) by extension 'ignore_ament_install'
[1.049s] Level 1:colcon.colcon_core.package_identification:_identify(.) by extensions ['colcon_pkg']
[1.049s] Level 1:colcon.colcon_core.package_identification:_identify(.) by extension 'colcon_pkg'
[1.049s] Level 1:colcon.colcon_core.package_identification:_identify(.) by extensions ['colcon_meta']
[1.049s] Level 1:colcon.colcon_core.package_identification:_identify(.) by extension 'colcon_meta'
[1.049s] Level 1:colcon.colcon_core.package_identification:_identify(.) by extensions ['ros']
[1.049s] Level 1:colcon.colcon_core.package_identification:_identify(.) by extension 'ros'
[1.063s] DEBUG:colcon.colcon_core.package_identification:Package '.' with type 'ros.ament_cmake' and name 'fiducials'
[1.063s] Level 1:colcon.colcon_core.package_discovery:discover_packages(recursive) using defaults
[1.063s] Level 1:colcon.colcon_core.package_discovery:discover_packages(ignore) discover
[1.063s] Level 1:colcon.colcon_core.package_discovery:discover_packages(ignore) using defaults
[1.063s] Level 1:colcon.colcon_core.package_discovery:discover_packages(path) discover
[1.063s] Level 1:colcon.colcon_core.package_discovery:discover_packages(path) using defaults
[1.132s] Level 5:colcon.colcon_core.verb:set package 'fiducials' build argument 'cmake_args' from command line to 'None'
[1.132s] Level 5:colcon.colcon_core.verb:set package 'fiducials' build argument 'cmake_target' from command line to 'None'
[1.132s] Level 5:colcon.colcon_core.verb:set package 'fiducials' build argument 'cmake_target_skip_unavailable' from command line to 'False'
[1.133s] Level 5:colcon.colcon_core.verb:set package 'fiducials' build argument 'cmake_clean_cache' from command line to 'False'
[1.133s] Level 5:colcon.colcon_core.verb:set package 'fiducials' build argument 'cmake_clean_first' from command line to 'False'
[1.133s] Level 5:colcon.colcon_core.verb:set package 'fiducials' build argument 'cmake_force_configure' from command line to 'False'
[1.133s] Level 5:colcon.colcon_core.verb:set package 'fiducials' build argument 'ament_cmake_args' from command line to 'None'
[1.133s] Level 5:colcon.colcon_core.verb:set package 'fiducials' build argument 'catkin_cmake_args' from command line to 'None'
[1.133s] Level 5:colcon.colcon_core.verb:set package 'fiducials' build argument 'catkin_skip_building_tests' from command line to 'False'
[1.133s] DEBUG:colcon.colcon_core.verb:Building package 'fiducials' with the following arguments: {'ament_cmake_args': None, 'build_base': '/root/ws/origami/src/fiducials/build/fiducials', 'catkin_cmake_args': None, 'catkin_skip_building_tests': False, 'cmake_args': None, 'cmake_clean_cache': False, 'cmake_clean_first': False, 'cmake_force_configure': False, 'cmake_target': None, 'cmake_target_skip_unavailable': False, 'install_base': '/root/ws/origami/src/fiducials/install/fiducials', 'merge_install': False, 'path': '/root/ws/origami/src/fiducials', 'symlink_install': False, 'test_result_base': None}
[1.146s] INFO:colcon.colcon_core.executor:Executing jobs using 'parallel' executor
[1.161s] DEBUG:colcon.colcon_parallel_executor.executor.parallel:run_until_complete
[1.161s] INFO:colcon.colcon_ros.task.ament_cmake.build:Building ROS package in '/root/ws/origami/src/fiducials' with build type 'ament_cmake'
[1.161s] INFO:colcon.colcon_cmake.task.cmake.build:Building CMake package in '/root/ws/origami/src/fiducials'
[1.176s] INFO:colcon.colcon_core.plugin_system:Skipping extension 'colcon_core.shell.bat': Not used on non-Windows systems
[1.176s] INFO:colcon.colcon_core.shell:Skip shell extension 'powershell' for command environment: Not usable outside of PowerShell
[1.176s] DEBUG:colcon.colcon_core.shell:Skip shell extension 'dsv' for command environment
[1.234s] DEBUG:colcon.colcon_core.event_handler.log_command:Invoking command in '/root/ws/origami/src/fiducials/build/fiducials': CMAKE_PREFIX_PATH=${CMAKE_PREFIX_PATH}:/opt/ros/humble /usr/bin/cmake --build /root/ws/origami/src/fiducials/build/fiducials -- -j12 -l12
[2.272s] DEBUG:colcon.colcon_core.event_handler.log_command:Invoked command in '/root/ws/origami/src/fiducials/build/fiducials' returned '0': CMAKE_PREFIX_PATH=${CMAKE_PREFIX_PATH}:/opt/ros/humble /usr/bin/cmake --build /root/ws/origami/src/fiducials/build/fiducials -- -j12 -l12
[2.420s] DEBUG:colcon.colcon_core.event_handler.log_command:Invoking command in '/root/ws/origami/src/fiducials/build/fiducials': CMAKE_PREFIX_PATH=${CMAKE_PREFIX_PATH}:/opt/ros/humble /usr/bin/cmake --install /root/ws/origami/src/fiducials/build/fiducials
[2.531s] Level 1:colcon.colcon_core.environment:create_environment_scripts_only(fiducials)
[2.532s] DEBUG:colcon.colcon_core.event_handler.log_command:Invoked command in '/root/ws/origami/src/fiducials/build/fiducials' returned '0': CMAKE_PREFIX_PATH=${CMAKE_PREFIX_PATH}:/opt/ros/humble /usr/bin/cmake --install /root/ws/origami/src/fiducials/build/fiducials
[2.549s] Level 1:colcon.colcon_core.environment:checking '/root/ws/origami/src/fiducials/install/fiducials' for CMake module files
[2.549s] Level 1:colcon.colcon_core.environment:checking '/root/ws/origami/src/fiducials/install/fiducials' for CMake config files
[2.550s] Level 1:colcon.colcon_core.shell:create_environment_hook('fiducials', 'cmake_prefix_path')
[2.563s] INFO:colcon.colcon_core.shell:Creating environment hook '/root/ws/origami/src/fiducials/install/fiducials/share/fiducials/hook/cmake_prefix_path.ps1'
[2.564s] INFO:colcon.colcon_core.shell:Creating environment descriptor '/root/ws/origami/src/fiducials/install/fiducials/share/fiducials/hook/cmake_prefix_path.dsv'
[2.565s] INFO:colcon.colcon_core.shell:Creating environment hook '/root/ws/origami/src/fiducials/install/fiducials/share/fiducials/hook/cmake_prefix_path.sh'
[2.565s] Level 1:colcon.colcon_core.environment:checking '/root/ws/origami/src/fiducials/install/fiducials/lib'
[2.566s] Level 1:colcon.colcon_core.shell:create_environment_hook('fiducials', 'ld_library_path_lib')
[2.576s] INFO:colcon.colcon_core.shell:Creating environment hook '/root/ws/origami/src/fiducials/install/fiducials/share/fiducials/hook/ld_library_path_lib.ps1'
[2.576s] INFO:colcon.colcon_core.shell:Creating environment descriptor '/root/ws/origami/src/fiducials/install/fiducials/share/fiducials/hook/ld_library_path_lib.dsv'
[2.577s] INFO:colcon.colcon_core.shell:Creating environment hook '/root/ws/origami/src/fiducials/install/fiducials/share/fiducials/hook/ld_library_path_lib.sh'
[2.577s] Level 1:colcon.colcon_core.environment:checking '/root/ws/origami/src/fiducials/install/fiducials/bin'
[2.577s] Level 1:colcon.colcon_core.environment:checking '/root/ws/origami/src/fiducials/install/fiducials/lib/pkgconfig/fiducials.pc'
[2.579s] Level 1:colcon.colcon_core.environment:checking '/root/ws/origami/src/fiducials/install/fiducials/lib/python3.10/site-packages'
[2.579s] Level 1:colcon.colcon_core.environment:checking '/root/ws/origami/src/fiducials/install/fiducials/bin'
[2.591s] INFO:colcon.colcon_core.shell:Creating package script '/root/ws/origami/src/fiducials/install/fiducials/share/fiducials/package.ps1'
[2.593s] INFO:colcon.colcon_core.shell:Creating package descriptor '/root/ws/origami/src/fiducials/install/fiducials/share/fiducials/package.dsv'
[2.594s] INFO:colcon.colcon_core.shell:Creating package script '/root/ws/origami/src/fiducials/install/fiducials/share/fiducials/package.sh'
[2.595s] INFO:colcon.colcon_core.shell:Creating package script '/root/ws/origami/src/fiducials/install/fiducials/share/fiducials/package.bash'
[2.596s] INFO:colcon.colcon_core.shell:Creating package script '/root/ws/origami/src/fiducials/install/fiducials/share/fiducials/package.zsh'
[2.597s] Level 1:colcon.colcon_core.environment:create_file_with_runtime_dependencies(/root/ws/origami/src/fiducials/install/fiducials/share/colcon-core/packages/fiducials)
[2.748s] Level 1:colcon.colcon_core.environment:create_environment_scripts_only(fiducials)
[2.764s] Level 1:colcon.colcon_core.environment:checking '/root/ws/origami/src/fiducials/install/fiducials' for CMake module files
[2.765s] Level 1:colcon.colcon_core.environment:checking '/root/ws/origami/src/fiducials/install/fiducials' for CMake config files
[2.765s] Level 1:colcon.colcon_core.shell:create_environment_hook('fiducials', 'cmake_prefix_path')
[2.781s] INFO:colcon.colcon_core.shell:Creating environment hook '/root/ws/origami/src/fiducials/install/fiducials/share/fiducials/hook/cmake_prefix_path.ps1'
[2.782s] INFO:colcon.colcon_core.shell:Creating environment descriptor '/root/ws/origami/src/fiducials/install/fiducials/share/fiducials/hook/cmake_prefix_path.dsv'
[2.782s] INFO:colcon.colcon_core.shell:Creating environment hook '/root/ws/origami/src/fiducials/install/fiducials/share/fiducials/hook/cmake_prefix_path.sh'
[2.783s] Level 1:colcon.colcon_core.environment:checking '/root/ws/origami/src/fiducials/install/fiducials/lib'
[2.783s] Level 1:colcon.colcon_core.shell:create_environment_hook('fiducials', 'ld_library_path_lib')
[2.799s] INFO:colcon.colcon_core.shell:Creating environment hook '/root/ws/origami/src/fiducials/install/fiducials/share/fiducials/hook/ld_library_path_lib.ps1'
[2.800s] INFO:colcon.colcon_core.shell:Creating environment descriptor '/root/ws/origami/src/fiducials/install/fiducials/share/fiducials/hook/ld_library_path_lib.dsv'
[2.800s] INFO:colcon.colcon_core.shell:Creating environment hook '/root/ws/origami/src/fiducials/install/fiducials/share/fiducials/hook/ld_library_path_lib.sh'
[2.801s] Level 1:colcon.colcon_core.environment:checking '/root/ws/origami/src/fiducials/install/fiducials/bin'
[2.801s] Level 1:colcon.colcon_core.environment:checking '/root/ws/origami/src/fiducials/install/fiducials/lib/pkgconfig/fiducials.pc'
[2.801s] Level 1:colcon.colcon_core.environment:checking '/root/ws/origami/src/fiducials/install/fiducials/lib/python3.10/site-packages'
[2.801s] Level 1:colcon.colcon_core.environment:checking '/root/ws/origami/src/fiducials/install/fiducials/bin'
[2.818s] INFO:colcon.colcon_core.shell:Creating package script '/root/ws/origami/src/fiducials/install/fiducials/share/fiducials/package.ps1'
[2.819s] INFO:colcon.colcon_core.shell:Creating package descriptor '/root/ws/origami/src/fiducials/install/fiducials/share/fiducials/package.dsv'
[2.820s] INFO:colcon.colcon_core.shell:Creating package script '/root/ws/origami/src/fiducials/install/fiducials/share/fiducials/package.sh'
[2.820s] INFO:colcon.colcon_core.shell:Creating package script '/root/ws/origami/src/fiducials/install/fiducials/share/fiducials/package.bash'
[2.821s] INFO:colcon.colcon_core.shell:Creating package script '/root/ws/origami/src/fiducials/install/fiducials/share/fiducials/package.zsh'
[2.821s] Level 1:colcon.colcon_core.environment:create_file_with_runtime_dependencies(/root/ws/origami/src/fiducials/install/fiducials/share/colcon-core/packages/fiducials)
[2.821s] DEBUG:colcon.colcon_parallel_executor.executor.parallel:closing loop
[2.821s] DEBUG:colcon.colcon_parallel_executor.executor.parallel:loop closed
[2.822s] DEBUG:colcon.colcon_parallel_executor.executor.parallel:run_until_complete finished with '0'
[2.822s] DEBUG:colcon.colcon_core.event_reactor:joining thread
[2.838s] INFO:colcon.colcon_core.plugin_system:Skipping extension 'colcon_notification.desktop_notification.notify_send': Could not find 'notify-send'
[2.838s] INFO:colcon.colcon_core.plugin_system:Skipping extension 'colcon_notification.desktop_notification.terminal_notifier': Not used on non-Darwin systems
[2.838s] INFO:colcon.colcon_core.plugin_system:Skipping extension 'colcon_notification.desktop_notification.win32': Not used on non-Windows systems
[2.838s] INFO:colcon.colcon_notification.desktop_notification:Sending desktop notification using 'notify2'
[2.841s] DEBUG:colcon.colcon_notification.desktop_notification.notify2:Failed to initialize notify2: org.freedesktop.DBus.Error.Spawn.ExecFailed: /usr/bin/dbus-launch terminated abnormally without any error message
[2.842s] DEBUG:colcon.colcon_core.event_reactor:joined thread
[2.860s] INFO:colcon.colcon_core.shell:Creating prefix script '/root/ws/origami/src/fiducials/install/local_setup.ps1'
[2.861s] INFO:colcon.colcon_core.shell:Creating prefix util module '/root/ws/origami/src/fiducials/install/_local_setup_util_ps1.py'
[2.863s] INFO:colcon.colcon_core.shell:Creating prefix chain script '/root/ws/origami/src/fiducials/install/setup.ps1'
[2.880s] INFO:colcon.colcon_core.shell:Creating prefix script '/root/ws/origami/src/fiducials/install/local_setup.sh'
[2.881s] INFO:colcon.colcon_core.shell:Creating prefix util module '/root/ws/origami/src/fiducials/install/_local_setup_util_sh.py'
[2.882s] INFO:colcon.colcon_core.shell:Creating prefix chain script '/root/ws/origami/src/fiducials/install/setup.sh'
[2.899s] INFO:colcon.colcon_core.shell:Creating prefix script '/root/ws/origami/src/fiducials/install/local_setup.bash'
[2.899s] INFO:colcon.colcon_core.shell:Creating prefix chain script '/root/ws/origami/src/fiducials/install/setup.bash'
[2.916s] INFO:colcon.colcon_core.shell:Creating prefix script '/root/ws/origami/src/fiducials/install/local_setup.zsh'
[2.917s] INFO:colcon.colcon_core.shell:Creating prefix chain script '/root/ws/origami/src/fiducials/install/setup.zsh'
