[  1%] Built target diegetic_button_pkg__cpp
[  1%] Built target ament_cmake_python_copy_scripts
[ 12%] Built target diegetic_button_pkg__rosidl_generator_c
[ 12%] Built target ament_cmake_python_copy_diegetic_button_pkg
[ 23%] Built target diegetic_button_pkg__rosidl_typesupport_cpp
[ 34%] Built target diegetic_button_pkg__rosidl_typesupport_fastrtps_cpp
[ 45%] Built target diegetic_button_pkg__rosidl_typesupport_introspection_cpp
[ 56%] Built target diegetic_button_pkg__rosidl_typesupport_introspection_c
[ 67%] Built target diegetic_button_pkg__rosidl_typesupport_c
[ 78%] Built target diegetic_button_pkg__rosidl_typesupport_fastrtps_c
[ 78%] Built target diegetic_button_pkg
[ 80%] Built target diegetic_button_pkg__py
[ 89%] Built target diegetic_button_pkg__rosidl_generator_py
[ 92%] Built target diegetic_button_pkg__rosidl_typesupport_c__pyext
[ 96%] Built target diegetic_button_pkg__rosidl_typesupport_fastrtps_c__pyext
[100%] Built target diegetic_button_pkg__rosidl_typesupport_introspection_c__pyext
running egg_info
writing scripts.egg-info/PKG-INFO
writing dependency_links to scripts.egg-info/dependency_links.txt
writing top-level names to scripts.egg-info/top_level.txt
reading manifest file 'scripts.egg-info/SOURCES.txt'
writing manifest file 'scripts.egg-info/SOURCES.txt'
[100%] Built target ament_cmake_python_build_scripts_egg
running egg_info
writing diegetic_button_pkg.egg-info/PKG-INFO
writing dependency_links to diegetic_button_pkg.egg-info/dependency_links.txt
writing top-level names to diegetic_button_pkg.egg-info/top_level.txt
reading manifest file 'diegetic_button_pkg.egg-info/SOURCES.txt'
writing manifest file 'diegetic_button_pkg.egg-info/SOURCES.txt'
[100%] Built target ament_cmake_python_build_diegetic_button_pkg_egg
