[0.132s] Invoking command in '/root/ws/origami/build/diegetic_button_pkg': CMAKE_PREFIX_PATH=${CMAKE_PREFIX_PATH}:/opt/ros/humble /usr/bin/cmake --build /root/ws/origami/build/diegetic_button_pkg -- -j12 -l12
[0.186s] [  1%] Built target diegetic_button_pkg__cpp
[0.186s] [  1%] Built target ament_cmake_python_copy_scripts
[0.189s] [ 12%] Built target diegetic_button_pkg__rosidl_generator_c
[0.190s] [ 12%] Built target ament_cmake_python_copy_diegetic_button_pkg
[0.238s] [ 23%] Built target diegetic_button_pkg__rosidl_typesupport_cpp
[0.238s] [ 34%] Built target diegetic_button_pkg__rosidl_typesupport_fastrtps_cpp
[0.240s] [ 45%] Built target diegetic_button_pkg__rosidl_typesupport_introspection_cpp
[0.243s] [ 56%] Built target diegetic_button_pkg__rosidl_typesupport_introspection_c
[0.251s] [ 67%] Built target diegetic_button_pkg__rosidl_typesupport_c
[0.276s] [ 78%] Built target diegetic_button_pkg__rosidl_typesupport_fastrtps_c
[0.305s] [ 78%] Built target diegetic_button_pkg
[0.331s] [ 80%] Built target diegetic_button_pkg__py
[0.350s] [ 89%] Built target diegetic_button_pkg__rosidl_generator_py
[0.372s] [ 92%] Built target diegetic_button_pkg__rosidl_typesupport_c__pyext
[0.375s] [ 96%] Built target diegetic_button_pkg__rosidl_typesupport_fastrtps_c__pyext
[0.376s] [100%] Built target diegetic_button_pkg__rosidl_typesupport_introspection_c__pyext
[0.457s] running egg_info
[0.458s] writing scripts.egg-info/PKG-INFO
[0.458s] writing dependency_links to scripts.egg-info/dependency_links.txt
[0.458s] writing top-level names to scripts.egg-info/top_level.txt
[0.461s] reading manifest file 'scripts.egg-info/SOURCES.txt'
[0.461s] writing manifest file 'scripts.egg-info/SOURCES.txt'
[0.492s] [100%] Built target ament_cmake_python_build_scripts_egg
[0.500s] running egg_info
[0.501s] writing diegetic_button_pkg.egg-info/PKG-INFO
[0.501s] writing dependency_links to diegetic_button_pkg.egg-info/dependency_links.txt
[0.501s] writing top-level names to diegetic_button_pkg.egg-info/top_level.txt
[0.503s] reading manifest file 'diegetic_button_pkg.egg-info/SOURCES.txt'
[0.504s] writing manifest file 'diegetic_button_pkg.egg-info/SOURCES.txt'
[0.534s] [100%] Built target ament_cmake_python_build_diegetic_button_pkg_egg
