[0.110s] Invoking command in '/root/ws/origami/build/diegetic_button_pkg': CMAKE_PREFIX_PATH=/opt/ros/humble /usr/bin/cmake --build /root/ws/origami/build/diegetic_button_pkg -- -j12 -l12
[0.162s] [  1%] [34m[1mGenerating C code for ROS interfaces[0m
[0.167s] [  3%] [34m[1mGenerating C++ code for ROS interfaces[0m
[0.182s] [  3%] Built target ament_cmake_python_copy_scripts
[0.206s] [  3%] Built target ament_cmake_python_copy_diegetic_button_pkg
[0.500s] running egg_info
[0.502s] creating scripts.egg-info
[0.503s] writing scripts.egg-info/PKG-INFO
[0.503s] writing dependency_links to scripts.egg-info/dependency_links.txt
[0.503s] writing top-level names to scripts.egg-info/top_level.txt
[0.503s] writing manifest file 'scripts.egg-info/SOURCES.txt'
[0.504s] reading manifest file 'scripts.egg-info/SOURCES.txt'
[0.504s] writing manifest file 'scripts.egg-info/SOURCES.txt'
[0.558s] [  3%] Built target ament_cmake_python_build_scripts_egg
[0.612s] running egg_info
[0.613s] creating diegetic_button_pkg.egg-info
[0.613s] writing diegetic_button_pkg.egg-info/PKG-INFO
[0.613s] writing dependency_links to diegetic_button_pkg.egg-info/dependency_links.txt
[0.613s] writing top-level names to diegetic_button_pkg.egg-info/top_level.txt
[0.613s] writing manifest file 'diegetic_button_pkg.egg-info/SOURCES.txt'
[0.616s] reading manifest file 'diegetic_button_pkg.egg-info/SOURCES.txt'
[0.617s] writing manifest file 'diegetic_button_pkg.egg-info/SOURCES.txt'
[0.668s] [  3%] Built target ament_cmake_python_build_diegetic_button_pkg_egg
[0.914s] [  3%] Built target diegetic_button_pkg__cpp
[0.929s] [  5%] [34m[1mGenerating C++ type support for eProsima Fast-RTPS[0m
[0.930s] [  7%] [32mBuilding C object CMakeFiles/diegetic_button_pkg__rosidl_generator_c.dir/rosidl_generator_c/diegetic_button_pkg/msg/detail/diegetic_button__functions.c.o[0m
[0.933s] [  9%] [34m[1mGenerating C++ type support dispatch for ROS interfaces[0m
[0.935s] [ 10%] [32mBuilding C object CMakeFiles/diegetic_button_pkg__rosidl_generator_c.dir/rosidl_generator_c/diegetic_button_pkg/msg/detail/diegetic_button_array__functions.c.o[0m
[0.939s] [ 12%] [34m[1mGenerating C++ introspection for ROS interfaces[0m
[0.940s] [ 14%] [32mBuilding C object CMakeFiles/diegetic_button_pkg__rosidl_generator_c.dir/rosidl_generator_c/diegetic_button_pkg/msg/detail/input_status__functions.c.o[0m
[0.944s] [ 16%] [32mBuilding C object CMakeFiles/diegetic_button_pkg__rosidl_generator_c.dir/rosidl_generator_c/diegetic_button_pkg/msg/detail/input_status_array__functions.c.o[0m
[1.062s] [ 18%] [32m[1mLinking C shared library libdiegetic_button_pkg__rosidl_generator_c.so[0m
[1.217s] [ 18%] Built target diegetic_button_pkg__rosidl_generator_c
[1.251s] [ 20%] [34m[1mGenerating C type support for eProsima Fast-RTPS[0m
[1.267s] [ 21%] [34m[1mGenerating C type support dispatch for ROS interfaces[0m
[1.274s] [ 23%] [34m[1mGenerating C introspection for ROS interfaces[0m
[1.609s] [ 25%] [32mBuilding CXX object CMakeFiles/diegetic_button_pkg__rosidl_typesupport_cpp.dir/rosidl_typesupport_cpp/diegetic_button_pkg/msg/diegetic_button__type_support.cpp.o[0m
[1.624s] [ 27%] [32mBuilding CXX object CMakeFiles/diegetic_button_pkg__rosidl_typesupport_cpp.dir/rosidl_typesupport_cpp/diegetic_button_pkg/msg/input_status_array__type_support.cpp.o[0m
[1.629s] [ 29%] [32mBuilding CXX object CMakeFiles/diegetic_button_pkg__rosidl_typesupport_cpp.dir/rosidl_typesupport_cpp/diegetic_button_pkg/msg/input_status__type_support.cpp.o[0m
[1.637s] [ 30%] [32mBuilding CXX object CMakeFiles/diegetic_button_pkg__rosidl_typesupport_cpp.dir/rosidl_typesupport_cpp/diegetic_button_pkg/msg/diegetic_button_array__type_support.cpp.o[0m
[1.689s] [ 32%] [32mBuilding CXX object CMakeFiles/diegetic_button_pkg__rosidl_typesupport_introspection_cpp.dir/rosidl_typesupport_introspection_cpp/diegetic_button_pkg/msg/detail/diegetic_button_array__type_support.cpp.o[0m
[1.690s] [ 34%] [32mBuilding CXX object CMakeFiles/diegetic_button_pkg__rosidl_typesupport_introspection_cpp.dir/rosidl_typesupport_introspection_cpp/diegetic_button_pkg/msg/detail/input_status__type_support.cpp.o[0m
[1.703s] [ 36%] [32mBuilding CXX object CMakeFiles/diegetic_button_pkg__rosidl_typesupport_introspection_cpp.dir/rosidl_typesupport_introspection_cpp/diegetic_button_pkg/msg/detail/diegetic_button__type_support.cpp.o[0m
[1.709s] [ 38%] [32mBuilding CXX object CMakeFiles/diegetic_button_pkg__rosidl_typesupport_introspection_cpp.dir/rosidl_typesupport_introspection_cpp/diegetic_button_pkg/msg/detail/input_status_array__type_support.cpp.o[0m
[2.088s] [ 40%] [32mBuilding CXX object CMakeFiles/diegetic_button_pkg__rosidl_typesupport_fastrtps_cpp.dir/rosidl_typesupport_fastrtps_cpp/diegetic_button_pkg/msg/detail/dds_fastrtps/diegetic_button__type_support.cpp.o[0m
[2.362s] [ 41%] [32mBuilding CXX object CMakeFiles/diegetic_button_pkg__rosidl_typesupport_c.dir/rosidl_typesupport_c/diegetic_button_pkg/msg/diegetic_button__type_support.cpp.o[0m
[2.384s] [ 43%] [32mBuilding CXX object CMakeFiles/diegetic_button_pkg__rosidl_typesupport_c.dir/rosidl_typesupport_c/diegetic_button_pkg/msg/diegetic_button_array__type_support.cpp.o[0m
[2.537s] [ 45%] [32mBuilding CXX object CMakeFiles/diegetic_button_pkg__rosidl_typesupport_c.dir/rosidl_typesupport_c/diegetic_button_pkg/msg/input_status__type_support.cpp.o[0m
[2.581s] [ 47%] [32mBuilding CXX object CMakeFiles/diegetic_button_pkg__rosidl_typesupport_c.dir/rosidl_typesupport_c/diegetic_button_pkg/msg/input_status_array__type_support.cpp.o[0m
[2.698s] [ 49%] [32mBuilding CXX object CMakeFiles/diegetic_button_pkg__rosidl_typesupport_fastrtps_cpp.dir/rosidl_typesupport_fastrtps_cpp/diegetic_button_pkg/msg/detail/dds_fastrtps/diegetic_button_array__type_support.cpp.o[0m
[2.763s] [ 50%] [32mBuilding CXX object CMakeFiles/diegetic_button_pkg__rosidl_typesupport_fastrtps_cpp.dir/rosidl_typesupport_fastrtps_cpp/diegetic_button_pkg/msg/detail/dds_fastrtps/input_status__type_support.cpp.o[0m
[2.908s] [ 52%] [32mBuilding CXX object CMakeFiles/diegetic_button_pkg__rosidl_typesupport_fastrtps_cpp.dir/rosidl_typesupport_fastrtps_cpp/diegetic_button_pkg/msg/detail/dds_fastrtps/input_status_array__type_support.cpp.o[0m
[2.918s] [ 54%] [32m[1mLinking CXX shared library libdiegetic_button_pkg__rosidl_typesupport_c.so[0m
[2.932s] [ 56%] [32mBuilding C object CMakeFiles/diegetic_button_pkg__rosidl_typesupport_introspection_c.dir/rosidl_typesupport_introspection_c/diegetic_button_pkg/msg/detail/diegetic_button__type_support.c.o[0m
[2.983s] [ 58%] [32mBuilding C object CMakeFiles/diegetic_button_pkg__rosidl_typesupport_introspection_c.dir/rosidl_typesupport_introspection_c/diegetic_button_pkg/msg/detail/diegetic_button_array__type_support.c.o[0m
[3.222s] [ 58%] Built target diegetic_button_pkg__rosidl_typesupport_c
[3.224s] [ 60%] [32m[1mLinking CXX shared library libdiegetic_button_pkg__rosidl_typesupport_cpp.so[0m
[3.269s] [ 61%] [32mBuilding CXX object CMakeFiles/diegetic_button_pkg__rosidl_typesupport_fastrtps_c.dir/rosidl_typesupport_fastrtps_c/diegetic_button_pkg/msg/detail/diegetic_button__type_support_c.cpp.o[0m
[3.283s] [ 63%] [32mBuilding C object CMakeFiles/diegetic_button_pkg__rosidl_typesupport_introspection_c.dir/rosidl_typesupport_introspection_c/diegetic_button_pkg/msg/detail/input_status__type_support.c.o[0m
[3.407s] [ 63%] Built target diegetic_button_pkg__rosidl_typesupport_cpp
[3.436s] [ 65%] [32mBuilding CXX object CMakeFiles/diegetic_button_pkg__rosidl_typesupport_fastrtps_c.dir/rosidl_typesupport_fastrtps_c/diegetic_button_pkg/msg/detail/diegetic_button_array__type_support_c.cpp.o[0m
[3.439s] [ 67%] [32mBuilding C object CMakeFiles/diegetic_button_pkg__rosidl_typesupport_introspection_c.dir/rosidl_typesupport_introspection_c/diegetic_button_pkg/msg/detail/input_status_array__type_support.c.o[0m
[3.450s] [ 69%] [32mBuilding CXX object CMakeFiles/diegetic_button_pkg__rosidl_typesupport_fastrtps_c.dir/rosidl_typesupport_fastrtps_c/diegetic_button_pkg/msg/detail/input_status__type_support_c.cpp.o[0m
[3.469s] [ 70%] [32mBuilding CXX object CMakeFiles/diegetic_button_pkg__rosidl_typesupport_fastrtps_c.dir/rosidl_typesupport_fastrtps_c/diegetic_button_pkg/msg/detail/input_status_array__type_support_c.cpp.o[0m
[3.511s] [ 72%] [32m[1mLinking C shared library libdiegetic_button_pkg__rosidl_typesupport_introspection_c.so[0m
[3.665s] [ 72%] Built target diegetic_button_pkg__rosidl_typesupport_introspection_c
[4.539s] [ 74%] [32m[1mLinking CXX shared library libdiegetic_button_pkg__rosidl_typesupport_introspection_cpp.so[0m
[4.833s] [ 74%] Built target diegetic_button_pkg__rosidl_typesupport_introspection_cpp
[5.308s] [ 76%] [32m[1mLinking CXX shared library libdiegetic_button_pkg__rosidl_typesupport_fastrtps_c.so[0m
[5.486s] [ 78%] [32m[1mLinking CXX shared library libdiegetic_button_pkg__rosidl_typesupport_fastrtps_cpp.so[0m
[5.548s] [ 78%] Built target diegetic_button_pkg__rosidl_typesupport_fastrtps_c
[5.622s] [ 78%] Built target diegetic_button_pkg__rosidl_typesupport_fastrtps_cpp
[5.641s] [ 78%] Built target diegetic_button_pkg
[5.666s] [ 80%] [34m[1mGenerating Python code for ROS interfaces[0m
[6.477s] [ 80%] Built target diegetic_button_pkg__py
[6.508s] [ 81%] [32mBuilding C object CMakeFiles/diegetic_button_pkg__rosidl_generator_py.dir/rosidl_generator_py/diegetic_button_pkg/msg/_diegetic_button_s.c.o[0m
[6.681s] [ 83%] [32mBuilding C object CMakeFiles/diegetic_button_pkg__rosidl_generator_py.dir/rosidl_generator_py/diegetic_button_pkg/msg/_input_status_array_s.c.o[0m
[6.825s] [ 85%] [32mBuilding C object CMakeFiles/diegetic_button_pkg__rosidl_generator_py.dir/rosidl_generator_py/diegetic_button_pkg/msg/_input_status_s.c.o[0m
[6.962s] [ 87%] [32mBuilding C object CMakeFiles/diegetic_button_pkg__rosidl_generator_py.dir/rosidl_generator_py/diegetic_button_pkg/msg/_diegetic_button_array_s.c.o[0m
[7.132s] [ 89%] [32m[1mLinking C shared library rosidl_generator_py/diegetic_button_pkg/libdiegetic_button_pkg__rosidl_generator_py.so[0m
[7.201s] [ 89%] Built target diegetic_button_pkg__rosidl_generator_py
[7.225s] [ 90%] [32mBuilding C object CMakeFiles/diegetic_button_pkg__rosidl_typesupport_fastrtps_c__pyext.dir/rosidl_generator_py/diegetic_button_pkg/_diegetic_button_pkg_s.ep.rosidl_typesupport_fastrtps_c.c.o[0m
[7.390s] [ 92%] [32m[1mLinking C shared library rosidl_generator_py/diegetic_button_pkg/diegetic_button_pkg_s__rosidl_typesupport_fastrtps_c.cpython-310-x86_64-linux-gnu.so[0m
[7.452s] [ 92%] Built target diegetic_button_pkg__rosidl_typesupport_fastrtps_c__pyext
[7.489s] [ 94%] [32mBuilding C object CMakeFiles/diegetic_button_pkg__rosidl_typesupport_c__pyext.dir/rosidl_generator_py/diegetic_button_pkg/_diegetic_button_pkg_s.ep.rosidl_typesupport_c.c.o[0m
[7.623s] [ 96%] [32m[1mLinking C shared library rosidl_generator_py/diegetic_button_pkg/diegetic_button_pkg_s__rosidl_typesupport_c.cpython-310-x86_64-linux-gnu.so[0m
[7.671s] [ 96%] Built target diegetic_button_pkg__rosidl_typesupport_c__pyext
[7.697s] [ 98%] [32mBuilding C object CMakeFiles/diegetic_button_pkg__rosidl_typesupport_introspection_c__pyext.dir/rosidl_generator_py/diegetic_button_pkg/_diegetic_button_pkg_s.ep.rosidl_typesupport_introspection_c.c.o[0m
[7.839s] [100%] [32m[1mLinking C shared library rosidl_generator_py/diegetic_button_pkg/diegetic_button_pkg_s__rosidl_typesupport_introspection_c.cpython-310-x86_64-linux-gnu.so[0m
[7.886s] [100%] Built target diegetic_button_pkg__rosidl_typesupport_introspection_c__pyext
[7.899s] Invoked command in '/root/ws/origami/build/diegetic_button_pkg' returned '0': CMAKE_PREFIX_PATH=/opt/ros/humble /usr/bin/cmake --build /root/ws/origami/build/diegetic_button_pkg -- -j12 -l12
[8.022s] Invoking command in '/root/ws/origami/build/diegetic_button_pkg': CMAKE_PREFIX_PATH=/opt/ros/humble /usr/bin/cmake --install /root/ws/origami/build/diegetic_button_pkg
[8.030s] -- Install configuration: ""
[8.030s] -- Installing: /root/ws/origami/install/diegetic_button_pkg/share/diegetic_button_pkg//launch
[8.030s] -- Installing: /root/ws/origami/install/diegetic_button_pkg/share/diegetic_button_pkg//launch/joy_glasses_devel.launch.py
[8.030s] -- Installing: /root/ws/origami/install/diegetic_button_pkg/share/diegetic_button_pkg//launch/joy_glasses.launch.py
[8.031s] -- Installing: /root/ws/origami/install/diegetic_button_pkg/share/diegetic_button_pkg/environment/pythonpath.sh
[8.031s] -- Installing: /root/ws/origami/install/diegetic_button_pkg/share/diegetic_button_pkg/environment/pythonpath.dsv
[8.031s] -- Installing: /root/ws/origami/install/diegetic_button_pkg/local/lib/python3.10/dist-packages/scripts-0.0.0-py3.10.egg-info
[8.031s] -- Installing: /root/ws/origami/install/diegetic_button_pkg/local/lib/python3.10/dist-packages/scripts-0.0.0-py3.10.egg-info/top_level.txt
[8.031s] -- Installing: /root/ws/origami/install/diegetic_button_pkg/local/lib/python3.10/dist-packages/scripts-0.0.0-py3.10.egg-info/SOURCES.txt
[8.031s] -- Installing: /root/ws/origami/install/diegetic_button_pkg/local/lib/python3.10/dist-packages/scripts-0.0.0-py3.10.egg-info/dependency_links.txt
[8.031s] -- Installing: /root/ws/origami/install/diegetic_button_pkg/local/lib/python3.10/dist-packages/scripts-0.0.0-py3.10.egg-info/PKG-INFO
[8.031s] -- Installing: /root/ws/origami/install/diegetic_button_pkg/local/lib/python3.10/dist-packages/scripts
[8.032s] -- Installing: /root/ws/origami/install/diegetic_button_pkg/local/lib/python3.10/dist-packages/scripts/ros2bag.py
[8.032s] -- Installing: /root/ws/origami/install/diegetic_button_pkg/local/lib/python3.10/dist-packages/scripts/TestButtonMap.csv
[8.032s] -- Installing: /root/ws/origami/install/diegetic_button_pkg/local/lib/python3.10/dist-packages/scripts/bagToCSV.py
[8.032s] -- Installing: /root/ws/origami/install/diegetic_button_pkg/local/lib/python3.10/dist-packages/scripts/devices
[8.032s] -- Installing: /root/ws/origami/install/diegetic_button_pkg/local/lib/python3.10/dist-packages/scripts/devices/piano_demo.py
[8.032s] -- Installing: /root/ws/origami/install/diegetic_button_pkg/local/lib/python3.10/dist-packages/scripts/devices/joy.py
[8.032s] -- Installing: /root/ws/origami/install/diegetic_button_pkg/local/lib/python3.10/dist-packages/scripts/devices/sound.py
[8.032s] -- Installing: /root/ws/origami/install/diegetic_button_pkg/local/lib/python3.10/dist-packages/scripts/devices/sound2.py
[8.033s] -- Installing: /root/ws/origami/install/diegetic_button_pkg/local/lib/python3.10/dist-packages/scripts/diegetic_button.py
[8.033s] -- Installing: /root/ws/origami/install/diegetic_button_pkg/local/lib/python3.10/dist-packages/scripts/input_check.py
[8.033s] -- Installing: /root/ws/origami/install/diegetic_button_pkg/local/lib/python3.10/dist-packages/scripts/__init__.py
[8.071s] Listing '/root/ws/origami/install/diegetic_button_pkg/local/lib/python3.10/dist-packages/scripts'...
[8.072s] Compiling '/root/ws/origami/install/diegetic_button_pkg/local/lib/python3.10/dist-packages/scripts/__init__.py'...
[8.072s] Compiling '/root/ws/origami/install/diegetic_button_pkg/local/lib/python3.10/dist-packages/scripts/bagToCSV.py'...
[8.072s] Listing '/root/ws/origami/install/diegetic_button_pkg/local/lib/python3.10/dist-packages/scripts/devices'...
[8.072s] Compiling '/root/ws/origami/install/diegetic_button_pkg/local/lib/python3.10/dist-packages/scripts/devices/joy.py'...
[8.072s] Compiling '/root/ws/origami/install/diegetic_button_pkg/local/lib/python3.10/dist-packages/scripts/devices/piano_demo.py'...
[8.072s] Compiling '/root/ws/origami/install/diegetic_button_pkg/local/lib/python3.10/dist-packages/scripts/devices/sound.py'...
[8.072s] Compiling '/root/ws/origami/install/diegetic_button_pkg/local/lib/python3.10/dist-packages/scripts/devices/sound2.py'...
[8.072s] Compiling '/root/ws/origami/install/diegetic_button_pkg/local/lib/python3.10/dist-packages/scripts/diegetic_button.py'...
[8.072s] Compiling '/root/ws/origami/install/diegetic_button_pkg/local/lib/python3.10/dist-packages/scripts/input_check.py'...
[8.072s] Compiling '/root/ws/origami/install/diegetic_button_pkg/local/lib/python3.10/dist-packages/scripts/ros2bag.py'...
[8.083s] -- Installing: /root/ws/origami/install/diegetic_button_pkg/share/ament_index/resource_index/rosidl_interfaces/diegetic_button_pkg
[8.084s] -- Installing: /root/ws/origami/install/diegetic_button_pkg/include/diegetic_button_pkg/diegetic_button_pkg
[8.084s] -- Installing: /root/ws/origami/install/diegetic_button_pkg/include/diegetic_button_pkg/diegetic_button_pkg/msg
[8.084s] -- Installing: /root/ws/origami/install/diegetic_button_pkg/include/diegetic_button_pkg/diegetic_button_pkg/msg/input_status_array.h
[8.084s] -- Installing: /root/ws/origami/install/diegetic_button_pkg/include/diegetic_button_pkg/diegetic_button_pkg/msg/rosidl_generator_c__visibility_control.h
[8.084s] -- Installing: /root/ws/origami/install/diegetic_button_pkg/include/diegetic_button_pkg/diegetic_button_pkg/msg/detail
[8.084s] -- Installing: /root/ws/origami/install/diegetic_button_pkg/include/diegetic_button_pkg/diegetic_button_pkg/msg/detail/diegetic_button__functions.c
[8.084s] -- Installing: /root/ws/origami/install/diegetic_button_pkg/include/diegetic_button_pkg/diegetic_button_pkg/msg/detail/input_status__functions.h
[8.084s] -- Installing: /root/ws/origami/install/diegetic_button_pkg/include/diegetic_button_pkg/diegetic_button_pkg/msg/detail/diegetic_button_array__type_support.h
[8.084s] -- Installing: /root/ws/origami/install/diegetic_button_pkg/include/diegetic_button_pkg/diegetic_button_pkg/msg/detail/diegetic_button_array__functions.h
[8.084s] -- Installing: /root/ws/origami/install/diegetic_button_pkg/include/diegetic_button_pkg/diegetic_button_pkg/msg/detail/input_status_array__type_support.h
[8.084s] -- Installing: /root/ws/origami/install/diegetic_button_pkg/include/diegetic_button_pkg/diegetic_button_pkg/msg/detail/input_status_array__functions.h
[8.085s] -- Installing: /root/ws/origami/install/diegetic_button_pkg/include/diegetic_button_pkg/diegetic_button_pkg/msg/detail/diegetic_button_array__struct.h
[8.085s] -- Installing: /root/ws/origami/install/diegetic_button_pkg/include/diegetic_button_pkg/diegetic_button_pkg/msg/detail/diegetic_button__type_support.h
[8.085s] -- Installing: /root/ws/origami/install/diegetic_button_pkg/include/diegetic_button_pkg/diegetic_button_pkg/msg/detail/input_status__functions.c
[8.085s] -- Installing: /root/ws/origami/install/diegetic_button_pkg/include/diegetic_button_pkg/diegetic_button_pkg/msg/detail/input_status__type_support.h
[8.085s] -- Installing: /root/ws/origami/install/diegetic_button_pkg/include/diegetic_button_pkg/diegetic_button_pkg/msg/detail/diegetic_button__functions.h
[8.085s] -- Installing: /root/ws/origami/install/diegetic_button_pkg/include/diegetic_button_pkg/diegetic_button_pkg/msg/detail/input_status_array__struct.h
[8.085s] -- Installing: /root/ws/origami/install/diegetic_button_pkg/include/diegetic_button_pkg/diegetic_button_pkg/msg/detail/diegetic_button__struct.h
[8.085s] -- Installing: /root/ws/origami/install/diegetic_button_pkg/include/diegetic_button_pkg/diegetic_button_pkg/msg/detail/input_status_array__functions.c
[8.085s] -- Installing: /root/ws/origami/install/diegetic_button_pkg/include/diegetic_button_pkg/diegetic_button_pkg/msg/detail/input_status__struct.h
[8.085s] -- Installing: /root/ws/origami/install/diegetic_button_pkg/include/diegetic_button_pkg/diegetic_button_pkg/msg/detail/diegetic_button_array__functions.c
[8.085s] -- Installing: /root/ws/origami/install/diegetic_button_pkg/include/diegetic_button_pkg/diegetic_button_pkg/msg/diegetic_button_array.h
[8.086s] -- Installing: /root/ws/origami/install/diegetic_button_pkg/include/diegetic_button_pkg/diegetic_button_pkg/msg/input_status.h
[8.086s] -- Installing: /root/ws/origami/install/diegetic_button_pkg/include/diegetic_button_pkg/diegetic_button_pkg/msg/diegetic_button.h
[8.086s] -- Installing: /root/ws/origami/install/diegetic_button_pkg/share/diegetic_button_pkg/environment/library_path.sh
[8.086s] -- Installing: /root/ws/origami/install/diegetic_button_pkg/share/diegetic_button_pkg/environment/library_path.dsv
[8.086s] -- Installing: /root/ws/origami/install/diegetic_button_pkg/lib/libdiegetic_button_pkg__rosidl_generator_c.so
[8.086s] -- Set runtime path of "/root/ws/origami/install/diegetic_button_pkg/lib/libdiegetic_button_pkg__rosidl_generator_c.so" to ""
[8.086s] -- Up-to-date: /root/ws/origami/install/diegetic_button_pkg/include/diegetic_button_pkg/diegetic_button_pkg
[8.086s] -- Up-to-date: /root/ws/origami/install/diegetic_button_pkg/include/diegetic_button_pkg/diegetic_button_pkg/msg
[8.086s] -- Installing: /root/ws/origami/install/diegetic_button_pkg/include/diegetic_button_pkg/diegetic_button_pkg/msg/rosidl_typesupport_fastrtps_c__visibility_control.h
[8.087s] -- Up-to-date: /root/ws/origami/install/diegetic_button_pkg/include/diegetic_button_pkg/diegetic_button_pkg/msg/detail
[8.087s] -- Installing: /root/ws/origami/install/diegetic_button_pkg/include/diegetic_button_pkg/diegetic_button_pkg/msg/detail/diegetic_button__rosidl_typesupport_fastrtps_c.h
[8.087s] -- Installing: /root/ws/origami/install/diegetic_button_pkg/include/diegetic_button_pkg/diegetic_button_pkg/msg/detail/input_status_array__rosidl_typesupport_fastrtps_c.h
[8.087s] -- Installing: /root/ws/origami/install/diegetic_button_pkg/include/diegetic_button_pkg/diegetic_button_pkg/msg/detail/diegetic_button_array__rosidl_typesupport_fastrtps_c.h
[8.087s] -- Installing: /root/ws/origami/install/diegetic_button_pkg/include/diegetic_button_pkg/diegetic_button_pkg/msg/detail/input_status__rosidl_typesupport_fastrtps_c.h
[8.087s] -- Installing: /root/ws/origami/install/diegetic_button_pkg/lib/libdiegetic_button_pkg__rosidl_typesupport_fastrtps_c.so
[8.087s] -- Set runtime path of "/root/ws/origami/install/diegetic_button_pkg/lib/libdiegetic_button_pkg__rosidl_typesupport_fastrtps_c.so" to ""
[8.087s] -- Up-to-date: /root/ws/origami/install/diegetic_button_pkg/include/diegetic_button_pkg/diegetic_button_pkg
[8.087s] -- Up-to-date: /root/ws/origami/install/diegetic_button_pkg/include/diegetic_button_pkg/diegetic_button_pkg/msg
[8.088s] -- Installing: /root/ws/origami/install/diegetic_button_pkg/include/diegetic_button_pkg/diegetic_button_pkg/msg/diegetic_button.hpp
[8.088s] -- Installing: /root/ws/origami/install/diegetic_button_pkg/include/diegetic_button_pkg/diegetic_button_pkg/msg/input_status_array.hpp
[8.088s] -- Installing: /root/ws/origami/install/diegetic_button_pkg/include/diegetic_button_pkg/diegetic_button_pkg/msg/diegetic_button_array.hpp
[8.088s] -- Up-to-date: /root/ws/origami/install/diegetic_button_pkg/include/diegetic_button_pkg/diegetic_button_pkg/msg/detail
[8.088s] -- Installing: /root/ws/origami/install/diegetic_button_pkg/include/diegetic_button_pkg/diegetic_button_pkg/msg/detail/diegetic_button_array__traits.hpp
[8.088s] -- Installing: /root/ws/origami/install/diegetic_button_pkg/include/diegetic_button_pkg/diegetic_button_pkg/msg/detail/input_status__struct.hpp
[8.088s] -- Installing: /root/ws/origami/install/diegetic_button_pkg/include/diegetic_button_pkg/diegetic_button_pkg/msg/detail/input_status__builder.hpp
[8.089s] -- Installing: /root/ws/origami/install/diegetic_button_pkg/include/diegetic_button_pkg/diegetic_button_pkg/msg/detail/diegetic_button__traits.hpp
[8.089s] -- Installing: /root/ws/origami/install/diegetic_button_pkg/include/diegetic_button_pkg/diegetic_button_pkg/msg/detail/input_status_array__builder.hpp
[8.089s] -- Installing: /root/ws/origami/install/diegetic_button_pkg/include/diegetic_button_pkg/diegetic_button_pkg/msg/detail/input_status_array__traits.hpp
[8.089s] -- Installing: /root/ws/origami/install/diegetic_button_pkg/include/diegetic_button_pkg/diegetic_button_pkg/msg/detail/diegetic_button_array__builder.hpp
[8.089s] -- Installing: /root/ws/origami/install/diegetic_button_pkg/include/diegetic_button_pkg/diegetic_button_pkg/msg/detail/diegetic_button__struct.hpp
[8.089s] -- Installing: /root/ws/origami/install/diegetic_button_pkg/include/diegetic_button_pkg/diegetic_button_pkg/msg/detail/diegetic_button_array__struct.hpp
[8.089s] -- Installing: /root/ws/origami/install/diegetic_button_pkg/include/diegetic_button_pkg/diegetic_button_pkg/msg/detail/diegetic_button__builder.hpp
[8.089s] -- Installing: /root/ws/origami/install/diegetic_button_pkg/include/diegetic_button_pkg/diegetic_button_pkg/msg/detail/input_status_array__struct.hpp
[8.090s] -- Installing: /root/ws/origami/install/diegetic_button_pkg/include/diegetic_button_pkg/diegetic_button_pkg/msg/detail/input_status__traits.hpp
[8.090s] -- Installing: /root/ws/origami/install/diegetic_button_pkg/include/diegetic_button_pkg/diegetic_button_pkg/msg/input_status.hpp
[8.090s] -- Up-to-date: /root/ws/origami/install/diegetic_button_pkg/include/diegetic_button_pkg/diegetic_button_pkg
[8.091s] -- Up-to-date: /root/ws/origami/install/diegetic_button_pkg/include/diegetic_button_pkg/diegetic_button_pkg/msg
[8.091s] -- Installing: /root/ws/origami/install/diegetic_button_pkg/include/diegetic_button_pkg/diegetic_button_pkg/msg/rosidl_typesupport_fastrtps_cpp__visibility_control.h
[8.091s] -- Up-to-date: /root/ws/origami/install/diegetic_button_pkg/include/diegetic_button_pkg/diegetic_button_pkg/msg/detail
[8.091s] -- Installing: /root/ws/origami/install/diegetic_button_pkg/include/diegetic_button_pkg/diegetic_button_pkg/msg/detail/input_status_array__rosidl_typesupport_fastrtps_cpp.hpp
[8.091s] -- Installing: /root/ws/origami/install/diegetic_button_pkg/include/diegetic_button_pkg/diegetic_button_pkg/msg/detail/diegetic_button_array__rosidl_typesupport_fastrtps_cpp.hpp
[8.091s] -- Installing: /root/ws/origami/install/diegetic_button_pkg/include/diegetic_button_pkg/diegetic_button_pkg/msg/detail/input_status__rosidl_typesupport_fastrtps_cpp.hpp
[8.091s] -- Installing: /root/ws/origami/install/diegetic_button_pkg/include/diegetic_button_pkg/diegetic_button_pkg/msg/detail/diegetic_button__rosidl_typesupport_fastrtps_cpp.hpp
[8.091s] -- Installing: /root/ws/origami/install/diegetic_button_pkg/include/diegetic_button_pkg/diegetic_button_pkg/msg/detail/dds_fastrtps
[8.091s] -- Installing: /root/ws/origami/install/diegetic_button_pkg/lib/libdiegetic_button_pkg__rosidl_typesupport_fastrtps_cpp.so
[8.092s] -- Set runtime path of "/root/ws/origami/install/diegetic_button_pkg/lib/libdiegetic_button_pkg__rosidl_typesupport_fastrtps_cpp.so" to ""
[8.092s] -- Up-to-date: /root/ws/origami/install/diegetic_button_pkg/include/diegetic_button_pkg/diegetic_button_pkg
[8.092s] -- Up-to-date: /root/ws/origami/install/diegetic_button_pkg/include/diegetic_button_pkg/diegetic_button_pkg/msg
[8.092s] -- Installing: /root/ws/origami/install/diegetic_button_pkg/include/diegetic_button_pkg/diegetic_button_pkg/msg/rosidl_typesupport_introspection_c__visibility_control.h
[8.092s] -- Up-to-date: /root/ws/origami/install/diegetic_button_pkg/include/diegetic_button_pkg/diegetic_button_pkg/msg/detail
[8.092s] -- Installing: /root/ws/origami/install/diegetic_button_pkg/include/diegetic_button_pkg/diegetic_button_pkg/msg/detail/input_status__type_support.c
[8.093s] -- Installing: /root/ws/origami/install/diegetic_button_pkg/include/diegetic_button_pkg/diegetic_button_pkg/msg/detail/input_status__rosidl_typesupport_introspection_c.h
[8.093s] -- Installing: /root/ws/origami/install/diegetic_button_pkg/include/diegetic_button_pkg/diegetic_button_pkg/msg/detail/diegetic_button__rosidl_typesupport_introspection_c.h
[8.093s] -- Installing: /root/ws/origami/install/diegetic_button_pkg/include/diegetic_button_pkg/diegetic_button_pkg/msg/detail/input_status_array__type_support.c
[8.093s] -- Installing: /root/ws/origami/install/diegetic_button_pkg/include/diegetic_button_pkg/diegetic_button_pkg/msg/detail/diegetic_button__type_support.c
[8.093s] -- Installing: /root/ws/origami/install/diegetic_button_pkg/include/diegetic_button_pkg/diegetic_button_pkg/msg/detail/diegetic_button_array__rosidl_typesupport_introspection_c.h
[8.093s] -- Installing: /root/ws/origami/install/diegetic_button_pkg/include/diegetic_button_pkg/diegetic_button_pkg/msg/detail/input_status_array__rosidl_typesupport_introspection_c.h
[8.093s] -- Installing: /root/ws/origami/install/diegetic_button_pkg/include/diegetic_button_pkg/diegetic_button_pkg/msg/detail/diegetic_button_array__type_support.c
[8.094s] -- Installing: /root/ws/origami/install/diegetic_button_pkg/lib/libdiegetic_button_pkg__rosidl_typesupport_introspection_c.so
[8.094s] -- Set runtime path of "/root/ws/origami/install/diegetic_button_pkg/lib/libdiegetic_button_pkg__rosidl_typesupport_introspection_c.so" to ""
[8.094s] -- Installing: /root/ws/origami/install/diegetic_button_pkg/lib/libdiegetic_button_pkg__rosidl_typesupport_c.so
[8.094s] -- Set runtime path of "/root/ws/origami/install/diegetic_button_pkg/lib/libdiegetic_button_pkg__rosidl_typesupport_c.so" to ""
[8.094s] -- Up-to-date: /root/ws/origami/install/diegetic_button_pkg/include/diegetic_button_pkg/diegetic_button_pkg
[8.095s] -- Up-to-date: /root/ws/origami/install/diegetic_button_pkg/include/diegetic_button_pkg/diegetic_button_pkg/msg
[8.095s] -- Up-to-date: /root/ws/origami/install/diegetic_button_pkg/include/diegetic_button_pkg/diegetic_button_pkg/msg/detail
[8.095s] -- Installing: /root/ws/origami/install/diegetic_button_pkg/include/diegetic_button_pkg/diegetic_button_pkg/msg/detail/diegetic_button_array__rosidl_typesupport_introspection_cpp.hpp
[8.095s] -- Installing: /root/ws/origami/install/diegetic_button_pkg/include/diegetic_button_pkg/diegetic_button_pkg/msg/detail/input_status_array__type_support.cpp
[8.095s] -- Installing: /root/ws/origami/install/diegetic_button_pkg/include/diegetic_button_pkg/diegetic_button_pkg/msg/detail/input_status__rosidl_typesupport_introspection_cpp.hpp
[8.095s] -- Installing: /root/ws/origami/install/diegetic_button_pkg/include/diegetic_button_pkg/diegetic_button_pkg/msg/detail/diegetic_button_array__type_support.cpp
[8.095s] -- Installing: /root/ws/origami/install/diegetic_button_pkg/include/diegetic_button_pkg/diegetic_button_pkg/msg/detail/diegetic_button__rosidl_typesupport_introspection_cpp.hpp
[8.095s] -- Installing: /root/ws/origami/install/diegetic_button_pkg/include/diegetic_button_pkg/diegetic_button_pkg/msg/detail/input_status__type_support.cpp
[8.095s] -- Installing: /root/ws/origami/install/diegetic_button_pkg/include/diegetic_button_pkg/diegetic_button_pkg/msg/detail/input_status_array__rosidl_typesupport_introspection_cpp.hpp
[8.096s] -- Installing: /root/ws/origami/install/diegetic_button_pkg/include/diegetic_button_pkg/diegetic_button_pkg/msg/detail/diegetic_button__type_support.cpp
[8.096s] -- Installing: /root/ws/origami/install/diegetic_button_pkg/lib/libdiegetic_button_pkg__rosidl_typesupport_introspection_cpp.so
[8.096s] -- Set runtime path of "/root/ws/origami/install/diegetic_button_pkg/lib/libdiegetic_button_pkg__rosidl_typesupport_introspection_cpp.so" to ""
[8.096s] -- Installing: /root/ws/origami/install/diegetic_button_pkg/lib/libdiegetic_button_pkg__rosidl_typesupport_cpp.so
[8.097s] -- Set runtime path of "/root/ws/origami/install/diegetic_button_pkg/lib/libdiegetic_button_pkg__rosidl_typesupport_cpp.so" to ""
[8.097s] -- Installing: /root/ws/origami/install/diegetic_button_pkg/local/lib/python3.10/dist-packages/diegetic_button_pkg-0.0.0-py3.10.egg-info
[8.097s] -- Installing: /root/ws/origami/install/diegetic_button_pkg/local/lib/python3.10/dist-packages/diegetic_button_pkg-0.0.0-py3.10.egg-info/top_level.txt
[8.097s] -- Installing: /root/ws/origami/install/diegetic_button_pkg/local/lib/python3.10/dist-packages/diegetic_button_pkg-0.0.0-py3.10.egg-info/SOURCES.txt
[8.097s] -- Installing: /root/ws/origami/install/diegetic_button_pkg/local/lib/python3.10/dist-packages/diegetic_button_pkg-0.0.0-py3.10.egg-info/dependency_links.txt
[8.097s] -- Installing: /root/ws/origami/install/diegetic_button_pkg/local/lib/python3.10/dist-packages/diegetic_button_pkg-0.0.0-py3.10.egg-info/PKG-INFO
[8.097s] -- Installing: /root/ws/origami/install/diegetic_button_pkg/local/lib/python3.10/dist-packages/diegetic_button_pkg
[8.098s] -- Installing: /root/ws/origami/install/diegetic_button_pkg/local/lib/python3.10/dist-packages/diegetic_button_pkg/diegetic_button_pkg_s__rosidl_typesupport_introspection_c.cpython-310-x86_64-linux-gnu.so
[8.098s] -- Installing: /root/ws/origami/install/diegetic_button_pkg/local/lib/python3.10/dist-packages/diegetic_button_pkg/_diegetic_button_pkg_s.ep.rosidl_typesupport_c.c
[8.098s] -- Installing: /root/ws/origami/install/diegetic_button_pkg/local/lib/python3.10/dist-packages/diegetic_button_pkg/diegetic_button_pkg_s__rosidl_typesupport_fastrtps_c.cpython-310-x86_64-linux-gnu.so
[8.098s] -- Installing: /root/ws/origami/install/diegetic_button_pkg/local/lib/python3.10/dist-packages/diegetic_button_pkg/_diegetic_button_pkg_s.ep.rosidl_typesupport_introspection_c.c
[8.098s] -- Installing: /root/ws/origami/install/diegetic_button_pkg/local/lib/python3.10/dist-packages/diegetic_button_pkg/diegetic_button_pkg_s__rosidl_typesupport_c.cpython-310-x86_64-linux-gnu.so
[8.098s] -- Installing: /root/ws/origami/install/diegetic_button_pkg/local/lib/python3.10/dist-packages/diegetic_button_pkg/__init__.py
[8.098s] -- Installing: /root/ws/origami/install/diegetic_button_pkg/local/lib/python3.10/dist-packages/diegetic_button_pkg/_diegetic_button_pkg_s.ep.rosidl_typesupport_fastrtps_c.c
[8.099s] -- Installing: /root/ws/origami/install/diegetic_button_pkg/local/lib/python3.10/dist-packages/diegetic_button_pkg/msg
[8.099s] -- Installing: /root/ws/origami/install/diegetic_button_pkg/local/lib/python3.10/dist-packages/diegetic_button_pkg/msg/_diegetic_button.py
[8.099s] -- Installing: /root/ws/origami/install/diegetic_button_pkg/local/lib/python3.10/dist-packages/diegetic_button_pkg/msg/_input_status_array_s.c
[8.099s] -- Installing: /root/ws/origami/install/diegetic_button_pkg/local/lib/python3.10/dist-packages/diegetic_button_pkg/msg/_diegetic_button_array_s.c
[8.099s] -- Installing: /root/ws/origami/install/diegetic_button_pkg/local/lib/python3.10/dist-packages/diegetic_button_pkg/msg/_input_status_s.c
[8.099s] -- Installing: /root/ws/origami/install/diegetic_button_pkg/local/lib/python3.10/dist-packages/diegetic_button_pkg/msg/_diegetic_button_array.py
[8.100s] -- Installing: /root/ws/origami/install/diegetic_button_pkg/local/lib/python3.10/dist-packages/diegetic_button_pkg/msg/__init__.py
[8.100s] -- Installing: /root/ws/origami/install/diegetic_button_pkg/local/lib/python3.10/dist-packages/diegetic_button_pkg/msg/_input_status.py
[8.100s] -- Installing: /root/ws/origami/install/diegetic_button_pkg/local/lib/python3.10/dist-packages/diegetic_button_pkg/msg/_input_status_array.py
[8.100s] -- Installing: /root/ws/origami/install/diegetic_button_pkg/local/lib/python3.10/dist-packages/diegetic_button_pkg/msg/_diegetic_button_s.c
[8.100s] -- Installing: /root/ws/origami/install/diegetic_button_pkg/local/lib/python3.10/dist-packages/diegetic_button_pkg/libdiegetic_button_pkg__rosidl_generator_py.so
[8.157s] Listing '/root/ws/origami/install/diegetic_button_pkg/local/lib/python3.10/dist-packages/diegetic_button_pkg'...
[8.157s] Compiling '/root/ws/origami/install/diegetic_button_pkg/local/lib/python3.10/dist-packages/diegetic_button_pkg/__init__.py'...
[8.157s] Listing '/root/ws/origami/install/diegetic_button_pkg/local/lib/python3.10/dist-packages/diegetic_button_pkg/msg'...
[8.157s] Compiling '/root/ws/origami/install/diegetic_button_pkg/local/lib/python3.10/dist-packages/diegetic_button_pkg/msg/__init__.py'...
[8.157s] Compiling '/root/ws/origami/install/diegetic_button_pkg/local/lib/python3.10/dist-packages/diegetic_button_pkg/msg/_diegetic_button.py'...
[8.157s] Compiling '/root/ws/origami/install/diegetic_button_pkg/local/lib/python3.10/dist-packages/diegetic_button_pkg/msg/_diegetic_button_array.py'...
[8.157s] Compiling '/root/ws/origami/install/diegetic_button_pkg/local/lib/python3.10/dist-packages/diegetic_button_pkg/msg/_input_status.py'...
[8.157s] Compiling '/root/ws/origami/install/diegetic_button_pkg/local/lib/python3.10/dist-packages/diegetic_button_pkg/msg/_input_status_array.py'...
[8.164s] -- Installing: /root/ws/origami/install/diegetic_button_pkg/local/lib/python3.10/dist-packages/diegetic_button_pkg/diegetic_button_pkg_s__rosidl_typesupport_fastrtps_c.cpython-310-x86_64-linux-gnu.so
[8.165s] -- Set runtime path of "/root/ws/origami/install/diegetic_button_pkg/local/lib/python3.10/dist-packages/diegetic_button_pkg/diegetic_button_pkg_s__rosidl_typesupport_fastrtps_c.cpython-310-x86_64-linux-gnu.so" to ""
[8.165s] -- Installing: /root/ws/origami/install/diegetic_button_pkg/local/lib/python3.10/dist-packages/diegetic_button_pkg/diegetic_button_pkg_s__rosidl_typesupport_introspection_c.cpython-310-x86_64-linux-gnu.so
[8.165s] -- Set runtime path of "/root/ws/origami/install/diegetic_button_pkg/local/lib/python3.10/dist-packages/diegetic_button_pkg/diegetic_button_pkg_s__rosidl_typesupport_introspection_c.cpython-310-x86_64-linux-gnu.so" to ""
[8.165s] -- Installing: /root/ws/origami/install/diegetic_button_pkg/local/lib/python3.10/dist-packages/diegetic_button_pkg/diegetic_button_pkg_s__rosidl_typesupport_c.cpython-310-x86_64-linux-gnu.so
[8.166s] -- Set runtime path of "/root/ws/origami/install/diegetic_button_pkg/local/lib/python3.10/dist-packages/diegetic_button_pkg/diegetic_button_pkg_s__rosidl_typesupport_c.cpython-310-x86_64-linux-gnu.so" to ""
[8.166s] -- Installing: /root/ws/origami/install/diegetic_button_pkg/lib/libdiegetic_button_pkg__rosidl_generator_py.so
[8.166s] -- Set runtime path of "/root/ws/origami/install/diegetic_button_pkg/lib/libdiegetic_button_pkg__rosidl_generator_py.so" to ""
[8.166s] -- Installing: /root/ws/origami/install/diegetic_button_pkg/share/diegetic_button_pkg/msg/DiegeticButton.idl
[8.166s] -- Installing: /root/ws/origami/install/diegetic_button_pkg/share/diegetic_button_pkg/msg/DiegeticButtonArray.idl
[8.167s] -- Installing: /root/ws/origami/install/diegetic_button_pkg/share/diegetic_button_pkg/msg/InputStatus.idl
[8.167s] -- Installing: /root/ws/origami/install/diegetic_button_pkg/share/diegetic_button_pkg/msg/InputStatusArray.idl
[8.167s] -- Installing: /root/ws/origami/install/diegetic_button_pkg/share/diegetic_button_pkg/msg/DiegeticButton.msg
[8.167s] -- Installing: /root/ws/origami/install/diegetic_button_pkg/share/diegetic_button_pkg/msg/DiegeticButtonArray.msg
[8.167s] -- Installing: /root/ws/origami/install/diegetic_button_pkg/share/diegetic_button_pkg/msg/InputStatus.msg
[8.167s] -- Installing: /root/ws/origami/install/diegetic_button_pkg/share/diegetic_button_pkg/msg/InputStatusArray.msg
[8.184s] -- Installing: /root/ws/origami/install/diegetic_button_pkg/lib/diegetic_button_pkg/diegetic_button.py
[8.187s] -- Installing: /root/ws/origami/install/diegetic_button_pkg/lib/diegetic_button_pkg/input_check.py
[8.187s] -- Installing: /root/ws/origami/install/diegetic_button_pkg/lib/diegetic_button_pkg/bagToCSV.py
[8.187s] -- Installing: /root/ws/origami/install/diegetic_button_pkg/lib/diegetic_button_pkg/joy.py
[8.187s] -- Installing: /root/ws/origami/install/diegetic_button_pkg/lib/diegetic_button_pkg/piano_demo.py
[8.188s] -- Installing: /root/ws/origami/install/diegetic_button_pkg/share/ament_index/resource_index/package_run_dependencies/diegetic_button_pkg
[8.188s] -- Installing: /root/ws/origami/install/diegetic_button_pkg/share/ament_index/resource_index/parent_prefix_path/diegetic_button_pkg
[8.188s] -- Installing: /root/ws/origami/install/diegetic_button_pkg/share/diegetic_button_pkg/environment/ament_prefix_path.sh
[8.188s] -- Installing: /root/ws/origami/install/diegetic_button_pkg/share/diegetic_button_pkg/environment/ament_prefix_path.dsv
[8.188s] -- Installing: /root/ws/origami/install/diegetic_button_pkg/share/diegetic_button_pkg/environment/path.sh
[8.188s] -- Installing: /root/ws/origami/install/diegetic_button_pkg/share/diegetic_button_pkg/environment/path.dsv
[8.189s] -- Installing: /root/ws/origami/install/diegetic_button_pkg/share/diegetic_button_pkg/local_setup.bash
[8.189s] -- Installing: /root/ws/origami/install/diegetic_button_pkg/share/diegetic_button_pkg/local_setup.sh
[8.189s] -- Installing: /root/ws/origami/install/diegetic_button_pkg/share/diegetic_button_pkg/local_setup.zsh
[8.189s] -- Installing: /root/ws/origami/install/diegetic_button_pkg/share/diegetic_button_pkg/local_setup.dsv
[8.189s] -- Installing: /root/ws/origami/install/diegetic_button_pkg/share/diegetic_button_pkg/package.dsv
[8.189s] -- Installing: /root/ws/origami/install/diegetic_button_pkg/share/ament_index/resource_index/packages/diegetic_button_pkg
[8.189s] -- Installing: /root/ws/origami/install/diegetic_button_pkg/share/diegetic_button_pkg/cmake/export_diegetic_button_pkg__rosidl_generator_cExport.cmake
[8.190s] -- Installing: /root/ws/origami/install/diegetic_button_pkg/share/diegetic_button_pkg/cmake/export_diegetic_button_pkg__rosidl_generator_cExport-noconfig.cmake
[8.190s] -- Installing: /root/ws/origami/install/diegetic_button_pkg/share/diegetic_button_pkg/cmake/export_diegetic_button_pkg__rosidl_typesupport_fastrtps_cExport.cmake
[8.190s] -- Installing: /root/ws/origami/install/diegetic_button_pkg/share/diegetic_button_pkg/cmake/export_diegetic_button_pkg__rosidl_typesupport_fastrtps_cExport-noconfig.cmake
[8.190s] -- Installing: /root/ws/origami/install/diegetic_button_pkg/share/diegetic_button_pkg/cmake/export_diegetic_button_pkg__rosidl_generator_cppExport.cmake
[8.190s] -- Installing: /root/ws/origami/install/diegetic_button_pkg/share/diegetic_button_pkg/cmake/export_diegetic_button_pkg__rosidl_typesupport_fastrtps_cppExport.cmake
[8.190s] -- Installing: /root/ws/origami/install/diegetic_button_pkg/share/diegetic_button_pkg/cmake/export_diegetic_button_pkg__rosidl_typesupport_fastrtps_cppExport-noconfig.cmake
[8.190s] -- Installing: /root/ws/origami/install/diegetic_button_pkg/share/diegetic_button_pkg/cmake/diegetic_button_pkg__rosidl_typesupport_introspection_cExport.cmake
[8.191s] -- Installing: /root/ws/origami/install/diegetic_button_pkg/share/diegetic_button_pkg/cmake/diegetic_button_pkg__rosidl_typesupport_introspection_cExport-noconfig.cmake
[8.191s] -- Installing: /root/ws/origami/install/diegetic_button_pkg/share/diegetic_button_pkg/cmake/diegetic_button_pkg__rosidl_typesupport_cExport.cmake
[8.191s] -- Installing: /root/ws/origami/install/diegetic_button_pkg/share/diegetic_button_pkg/cmake/diegetic_button_pkg__rosidl_typesupport_cExport-noconfig.cmake
[8.191s] -- Installing: /root/ws/origami/install/diegetic_button_pkg/share/diegetic_button_pkg/cmake/diegetic_button_pkg__rosidl_typesupport_introspection_cppExport.cmake
[8.191s] -- Installing: /root/ws/origami/install/diegetic_button_pkg/share/diegetic_button_pkg/cmake/diegetic_button_pkg__rosidl_typesupport_introspection_cppExport-noconfig.cmake
[8.191s] -- Installing: /root/ws/origami/install/diegetic_button_pkg/share/diegetic_button_pkg/cmake/diegetic_button_pkg__rosidl_typesupport_cppExport.cmake
[8.191s] -- Installing: /root/ws/origami/install/diegetic_button_pkg/share/diegetic_button_pkg/cmake/diegetic_button_pkg__rosidl_typesupport_cppExport-noconfig.cmake
[8.191s] -- Installing: /root/ws/origami/install/diegetic_button_pkg/share/diegetic_button_pkg/cmake/export_diegetic_button_pkg__rosidl_generator_pyExport.cmake
[8.191s] -- Installing: /root/ws/origami/install/diegetic_button_pkg/share/diegetic_button_pkg/cmake/export_diegetic_button_pkg__rosidl_generator_pyExport-noconfig.cmake
[8.192s] -- Installing: /root/ws/origami/install/diegetic_button_pkg/share/diegetic_button_pkg/cmake/rosidl_cmake-extras.cmake
[8.192s] -- Installing: /root/ws/origami/install/diegetic_button_pkg/share/diegetic_button_pkg/cmake/ament_cmake_export_dependencies-extras.cmake
[8.192s] -- Installing: /root/ws/origami/install/diegetic_button_pkg/share/diegetic_button_pkg/cmake/ament_cmake_export_include_directories-extras.cmake
[8.192s] -- Installing: /root/ws/origami/install/diegetic_button_pkg/share/diegetic_button_pkg/cmake/ament_cmake_export_libraries-extras.cmake
[8.192s] -- Installing: /root/ws/origami/install/diegetic_button_pkg/share/diegetic_button_pkg/cmake/ament_cmake_export_targets-extras.cmake
[8.192s] -- Installing: /root/ws/origami/install/diegetic_button_pkg/share/diegetic_button_pkg/cmake/rosidl_cmake_export_typesupport_targets-extras.cmake
[8.193s] -- Installing: /root/ws/origami/install/diegetic_button_pkg/share/diegetic_button_pkg/cmake/rosidl_cmake_export_typesupport_libraries-extras.cmake
[8.193s] -- Installing: /root/ws/origami/install/diegetic_button_pkg/share/diegetic_button_pkg/cmake/diegetic_button_pkgConfig.cmake
[8.193s] -- Installing: /root/ws/origami/install/diegetic_button_pkg/share/diegetic_button_pkg/cmake/diegetic_button_pkgConfig-version.cmake
[8.193s] -- Installing: /root/ws/origami/install/diegetic_button_pkg/share/diegetic_button_pkg/package.xml
[8.193s] Invoked command in '/root/ws/origami/build/diegetic_button_pkg' returned '0': CMAKE_PREFIX_PATH=/opt/ros/humble /usr/bin/cmake --install /root/ws/origami/build/diegetic_button_pkg
