[0.292s] Invoking command in '/root/ws/origami/build/apriltag_ros': CMAKE_PREFIX_PATH=${CMAKE_PREFIX_PATH}:/opt/ros/humble /usr/bin/cmake /root/ws/origami/src/apriltag_ros -DCMAKE_INSTALL_PREFIX=/root/ws/origami/install/apriltag_ros
[0.569s] -- The C compiler identification is GNU 11.4.0
[0.569s] -- The CXX compiler identification is GNU 11.4.0
[0.569s] -- Detecting C compiler ABI info
[0.569s] -- Detecting C compiler ABI info - done
[0.570s] -- Check for working C compiler: /usr/bin/cc - skipped
[0.570s] -- Detecting C compile features
[0.571s] -- Detecting C compile features - done
[0.572s] -- Detecting CXX compiler ABI info
[0.572s] -- Detecting CXX compiler ABI info - done
[0.572s] -- Check for working CXX compiler: /usr/bin/c++ - skipped
[0.573s] -- Detecting CXX compile features
[0.579s] -- Detecting CXX compile features - done
[0.581s] -- Found rclcpp: 16.0.6 (/opt/ros/humble/share/rclcpp/cmake)
[0.768s] -- Found Python3: /usr/bin/python3.10 (found version "3.10.12") found components: Interpreter 
[0.927s] -- Found rosidl_generator_c: 3.1.5 (/opt/ros/humble/share/rosidl_generator_c/cmake)
[0.933s] -- Found rosidl_adapter: 3.1.5 (/opt/ros/humble/share/rosidl_adapter/cmake)
[0.945s] -- Found rosidl_generator_cpp: 3.1.5 (/opt/ros/humble/share/rosidl_generator_cpp/cmake)
[0.964s] -- Using all available rosidl_typesupport_c: rosidl_typesupport_fastrtps_c;rosidl_typesupport_introspection_c
[0.986s] -- Using all available rosidl_typesupport_cpp: rosidl_typesupport_fastrtps_cpp;rosidl_typesupport_introspection_cpp
[1.056s] -- Found rmw_implementation_cmake: 6.1.1 (/opt/ros/humble/share/rmw_implementation_cmake/cmake)
[1.058s] -- Found rmw_fastrtps_cpp: 6.2.4 (/opt/ros/humble/share/rmw_fastrtps_cpp/cmake)
[1.161s] -- Found OpenSSL: /usr/lib/x86_64-linux-gnu/libcrypto.so (found version "3.0.2")  
[1.189s] -- Found FastRTPS: /opt/ros/humble/include  
[1.246s] -- Using RMW implementation 'rmw_fastrtps_cpp' as default
[1.259s] -- Looking for pthread.h
[1.321s] -- Looking for pthread.h - found
[1.322s] -- Performing Test CMAKE_HAVE_LIBC_PTHREAD
[1.387s] -- Performing Test CMAKE_HAVE_LIBC_PTHREAD - Success
[1.388s] -- Found Threads: TRUE  
[1.607s] -- Found rclcpp_components: 16.0.6 (/opt/ros/humble/share/rclcpp_components/cmake)
[1.688s] -- Found sensor_msgs: 4.2.3 (/opt/ros/humble/share/sensor_msgs/cmake)
[1.907s] [31mCMake Error at CMakeLists.txt:38 (find_package):
[1.907s]   By not providing "Findapriltag_msgs.cmake" in CMAKE_MODULE_PATH this
[1.907s]   project has asked CMake to find a package configuration file provided by
[1.907s]   "apriltag_msgs", but CMake did not find one.
[1.907s] 
[1.907s]   Could not find a package configuration file provided by "apriltag_msgs"
[1.907s]   with any of the following names:
[1.907s] 
[1.907s]     apriltag_msgsConfig.cmake
[1.907s]     apriltag_msgs-config.cmake
[1.907s] 
[1.907s]   Add the installation prefix of "apriltag_msgs" to CMAKE_PREFIX_PATH or set
[1.907s]   "apriltag_msgs_DIR" to a directory containing one of the above files.  If
[1.907s]   "apriltag_msgs" provides a separate development package or SDK, be sure it
[1.907s]   has been installed.
[1.908s] 
[1.908s] [0m
[1.908s] -- Configuring incomplete, errors occurred!
[1.908s] See also "/root/ws/origami/build/apriltag_ros/CMakeFiles/CMakeOutput.log".
