[0.086s] Invoking command in '/root/ws/origami/build/fiducials': CMAKE_PREFIX_PATH=${CMAKE_PREFIX_PATH}:/opt/ros/humble /usr/bin/cmake /root/ws/origami/src/fiducials -DCMAKE_INSTALL_PREFIX=/root/ws/origami/install/fiducials
[0.135s] -- The C compiler identification is GNU 11.4.0
[0.184s] -- The CXX compiler identification is GNU 11.4.0
[0.191s] -- Detecting C compiler ABI info
[0.248s] -- Detecting C compiler ABI info - done
[0.256s] -- Check for working C compiler: /usr/bin/cc - skipped
[0.256s] -- Detecting C compile features
[0.257s] -- Detecting C compile features - done
[0.261s] -- Detecting CXX compiler ABI info
[0.330s] -- Detecting CXX compiler ABI info - done
[0.337s] -- Check for working CXX compiler: /usr/bin/c++ - skipped
[0.338s] -- Detecting CXX compile features
[0.338s] -- Detecting CXX compile features - done
[0.340s] -- Found ament_cmake: 1.3.5 (/opt/ros/humble/share/ament_cmake/cmake)
[0.497s] -- Found Python3: /usr/bin/python3.10 (found version "3.10.12") found components: Interpreter 
[0.582s] -- Found rclpy: 3.3.10 (/opt/ros/humble/share/rclpy/cmake)
[0.584s] -- Found builtin_interfaces: 1.2.1 (/opt/ros/humble/share/builtin_interfaces/cmake)
[0.611s] -- Found rosidl_generator_c: 3.1.5 (/opt/ros/humble/share/rosidl_generator_c/cmake)
[0.616s] -- Found rosidl_adapter: 3.1.5 (/opt/ros/humble/share/rosidl_adapter/cmake)
[0.624s] -- Found rosidl_generator_cpp: 3.1.5 (/opt/ros/humble/share/rosidl_generator_cpp/cmake)
[0.636s] -- Using all available rosidl_typesupport_c: rosidl_typesupport_fastrtps_c;rosidl_typesupport_introspection_c
[0.654s] -- Using all available rosidl_typesupport_cpp: rosidl_typesupport_fastrtps_cpp;rosidl_typesupport_introspection_cpp
[0.670s] -- Found geometry_msgs: 4.2.3 (/opt/ros/humble/share/geometry_msgs/cmake)
[0.766s] -- Found sensor_msgs: 4.2.3 (/opt/ros/humble/share/sensor_msgs/cmake)
[0.848s] -- Found rosidl_default_generators: 1.2.0 (/opt/ros/humble/share/rosidl_default_generators/cmake)
[0.857s] -- Found tf2_ros: 0.25.4 (/opt/ros/humble/share/tf2_ros/cmake)
[0.998s] -- Found rmw_implementation_cmake: 6.1.1 (/opt/ros/humble/share/rmw_implementation_cmake/cmake)
[1.001s] -- Found rmw_fastrtps_cpp: 6.2.4 (/opt/ros/humble/share/rmw_fastrtps_cpp/cmake)
[1.089s] -- Found OpenSSL: /usr/lib/x86_64-linux-gnu/libcrypto.so (found version "3.0.2")  
[1.112s] -- Found FastRTPS: /opt/ros/humble/include  
[1.159s] -- Using RMW implementation 'rmw_fastrtps_cpp' as default
[1.169s] -- Looking for pthread.h
[1.231s] -- Looking for pthread.h - found
[1.232s] -- Performing Test CMAKE_HAVE_LIBC_PTHREAD
[1.296s] -- Performing Test CMAKE_HAVE_LIBC_PTHREAD - Success
[1.297s] -- Found Threads: TRUE  
[2.047s] -- Found ament_cmake_ros: 0.10.0 (/opt/ros/humble/share/ament_cmake_ros/cmake)
[2.484s] -- Using all available rosidl_typesupport_c: rosidl_typesupport_fastrtps_c;rosidl_typesupport_introspection_c
[2.664s] -- Using all available rosidl_typesupport_cpp: rosidl_typesupport_fastrtps_cpp;rosidl_typesupport_introspection_cpp
[2.685s] -- Found PythonInterp: /usr/bin/python3 (found suitable version "3.10.12", minimum required is "3.6") 
[2.687s] -- Found python_cmake_module: 0.10.0 (/opt/ros/humble/share/python_cmake_module/cmake)
[2.710s] -- Found PythonLibs: /usr/lib/x86_64-linux-gnu/libpython3.10.so (found suitable version "3.10.12", minimum required is "3.5") 
[2.710s] -- Using PYTHON_EXECUTABLE: /usr/bin/python3
[2.710s] -- Using PYTHON_INCLUDE_DIRS: /usr/include/python3.10
[2.710s] -- Using PYTHON_LIBRARIES: /usr/lib/x86_64-linux-gnu/libpython3.10.so
[2.730s] -- Found PythonExtra: .so  
[2.953s] -- Using numpy include directory: /usr/local/lib/python3.10/dist-packages/numpy/core/include
[2.973s] -- Found ament_lint_auto: 0.12.8 (/opt/ros/humble/share/ament_lint_auto/cmake)
[2.999s] -- Added test 'copyright' to check source files copyright and LICENSE
[3.105s] -- Added test 'cppcheck' to perform static code analysis on C / C++ code
[3.107s] -- Configured cppcheck include dirs: 
[3.107s] -- Configured cppcheck exclude dirs and/or files: 
[3.225s] -- Added test 'cpplint' to check C / C++ code against the Google style
[3.225s] -- Configured cpplint exclude dirs and/or files: 
[3.241s] -- Added test 'flake8' to check Python code syntax and style conventions
[3.273s] -- Added test 'lint_cmake' to check CMake code style
[3.288s] -- Added test 'pep257' to check Python code against some of the docstring style conventions in PEP 257
[3.399s] -- Added test 'uncrustify' to check C / C++ code style
[3.400s] -- Configured uncrustify additional arguments: 
[3.414s] -- Added test 'xmllint' to check XML markup files
[3.420s] -- Configuring done
[3.537s] -- Generating done
[3.555s] -- Build files have been written to: /root/ws/origami/build/fiducials
[3.587s] Invoked command in '/root/ws/origami/build/fiducials' returned '0': CMAKE_PREFIX_PATH=${CMAKE_PREFIX_PATH}:/opt/ros/humble /usr/bin/cmake /root/ws/origami/src/fiducials -DCMAKE_INSTALL_PREFIX=/root/ws/origami/install/fiducials
[3.589s] Invoking command in '/root/ws/origami/build/fiducials': CMAKE_PREFIX_PATH=${CMAKE_PREFIX_PATH}:/opt/ros/humble /usr/bin/cmake --build /root/ws/origami/build/fiducials -- -j12 -l12
[3.720s] [  1%] [34m[1mGenerating C code for ROS interfaces[0m
[3.738s] [  2%] [34m[1mGenerating C++ code for ROS interfaces[0m
[3.772s] [  2%] Built target ament_cmake_python_copy_fiducials
[4.023s] [  2%] Built target ament_cmake_python_copy_scripts
[4.104s] running egg_info
[4.105s] creating fiducials.egg-info
[4.105s] writing fiducials.egg-info/PKG-INFO
[4.105s] writing dependency_links to fiducials.egg-info/dependency_links.txt
[4.106s] writing top-level names to fiducials.egg-info/top_level.txt
[4.106s] writing manifest file 'fiducials.egg-info/SOURCES.txt'
[4.109s] reading manifest file 'fiducials.egg-info/SOURCES.txt'
[4.109s] writing manifest file 'fiducials.egg-info/SOURCES.txt'
[4.151s] [  2%] Built target ament_cmake_python_build_fiducials_egg
[4.286s] running egg_info
[4.287s] creating scripts.egg-info
[4.287s] writing scripts.egg-info/PKG-INFO
[4.287s] writing dependency_links to scripts.egg-info/dependency_links.txt
[4.287s] writing top-level names to scripts.egg-info/top_level.txt
[4.287s] writing manifest file 'scripts.egg-info/SOURCES.txt'
[4.289s] reading manifest file 'scripts.egg-info/SOURCES.txt'
[4.289s] writing manifest file 'scripts.egg-info/SOURCES.txt'
[4.313s] [  2%] Built target ament_cmake_python_build_scripts_egg
[4.460s] [  2%] Built target fiducials__cpp
[4.468s] [  4%] [34m[1mGenerating C++ type support dispatch for ROS interfaces[0m
[4.469s] [  5%] [34m[1mGenerating C++ type support for eProsima Fast-RTPS[0m
[4.475s] [  9%] [32mBuilding C object CMakeFiles/fiducials__rosidl_generator_c.dir/rosidl_generator_c/fiducials/msg/detail/fiducial_transform__functions.c.o[0m
[4.475s] [  9%] [32mBuilding C object CMakeFiles/fiducials__rosidl_generator_c.dir/rosidl_generator_c/fiducials/msg/detail/fiducial_transform_array__functions.c.o[0m
[4.475s] [  9%] [32mBuilding C object CMakeFiles/fiducials__rosidl_generator_c.dir/rosidl_generator_c/fiducials/msg/detail/fiducial_array__functions.c.o[0m
[4.476s] [ 11%] [32mBuilding C object CMakeFiles/fiducials__rosidl_generator_c.dir/rosidl_generator_c/fiducials/msg/detail/fiducial__functions.c.o[0m
[4.522s] [ 12%] [32mBuilding C object CMakeFiles/fiducials__rosidl_generator_c.dir/rosidl_generator_c/fiducials/msg/detail/fiducial_map_entry_array__functions.c.o[0m
[4.522s] [ 14%] [32mBuilding C object CMakeFiles/fiducials__rosidl_generator_c.dir/rosidl_generator_c/fiducials/msg/detail/fiducial_map_entry__functions.c.o[0m
[4.564s] [ 15%] [32m[1mLinking C shared library libfiducials__rosidl_generator_c.so[0m
[4.598s] [ 15%] Built target fiducials__rosidl_generator_c
[4.607s] [ 16%] [34m[1mGenerating C++ introspection for ROS interfaces[0m
[4.830s] [ 19%] [32mBuilding CXX object CMakeFiles/fiducials__rosidl_typesupport_cpp.dir/rosidl_typesupport_cpp/fiducials/msg/fiducial__type_support.cpp.o[0m
[4.830s] [ 19%] [32mBuilding CXX object CMakeFiles/fiducials__rosidl_typesupport_cpp.dir/rosidl_typesupport_cpp/fiducials/msg/fiducial_transform__type_support.cpp.o[0m
[4.830s] [ 21%] [32mBuilding CXX object CMakeFiles/fiducials__rosidl_typesupport_cpp.dir/rosidl_typesupport_cpp/fiducials/msg/fiducial_array__type_support.cpp.o[0m
[4.836s] [ 22%] [32mBuilding CXX object CMakeFiles/fiducials__rosidl_typesupport_cpp.dir/rosidl_typesupport_cpp/fiducials/msg/fiducial_transform_array__type_support.cpp.o[0m
[5.045s] [ 23%] [32mBuilding CXX object CMakeFiles/fiducials__rosidl_typesupport_fastrtps_cpp.dir/rosidl_typesupport_fastrtps_cpp/fiducials/msg/detail/dds_fastrtps/fiducial__type_support.cpp.o[0m
[5.050s] [ 25%] [32mBuilding CXX object CMakeFiles/fiducials__rosidl_typesupport_fastrtps_cpp.dir/rosidl_typesupport_fastrtps_cpp/fiducials/msg/detail/dds_fastrtps/fiducial_array__type_support.cpp.o[0m
[5.131s] [ 26%] [32mBuilding CXX object CMakeFiles/fiducials__rosidl_typesupport_introspection_cpp.dir/rosidl_typesupport_introspection_cpp/fiducials/msg/detail/fiducial__type_support.cpp.o[0m
[5.207s] [ 28%] [32mBuilding CXX object CMakeFiles/fiducials__rosidl_typesupport_cpp.dir/rosidl_typesupport_cpp/fiducials/msg/fiducial_map_entry_array__type_support.cpp.o[0m
[5.208s] [ 29%] [32mBuilding CXX object CMakeFiles/fiducials__rosidl_typesupport_introspection_cpp.dir/rosidl_typesupport_introspection_cpp/fiducials/msg/detail/fiducial_array__type_support.cpp.o[0m
[5.460s] [ 30%] [32mBuilding CXX object CMakeFiles/fiducials__rosidl_typesupport_cpp.dir/rosidl_typesupport_cpp/fiducials/msg/fiducial_map_entry__type_support.cpp.o[0m
[5.486s] [ 32%] [32mBuilding CXX object CMakeFiles/fiducials__rosidl_typesupport_fastrtps_cpp.dir/rosidl_typesupport_fastrtps_cpp/fiducials/msg/detail/dds_fastrtps/fiducial_map_entry__type_support.cpp.o[0m
[5.559s] [ 33%] [32mBuilding CXX object CMakeFiles/fiducials__rosidl_typesupport_fastrtps_cpp.dir/rosidl_typesupport_fastrtps_cpp/fiducials/msg/detail/dds_fastrtps/fiducial_transform_array__type_support.cpp.o[0m
[5.631s] [ 35%] [32mBuilding CXX object CMakeFiles/fiducials__rosidl_typesupport_introspection_cpp.dir/rosidl_typesupport_introspection_cpp/fiducials/msg/detail/fiducial_map_entry__type_support.cpp.o[0m
[5.637s] [ 36%] [32mBuilding CXX object CMakeFiles/fiducials__rosidl_typesupport_introspection_cpp.dir/rosidl_typesupport_introspection_cpp/fiducials/msg/detail/fiducial_transform_array__type_support.cpp.o[0m
[5.724s] [ 38%] [32m[1mLinking CXX shared library libfiducials__rosidl_typesupport_cpp.so[0m
[5.768s] [ 38%] Built target fiducials__rosidl_typesupport_cpp
[5.777s] [ 39%] [34m[1mGenerating C type support dispatch for ROS interfaces[0m
[5.878s] [ 40%] [32mBuilding CXX object CMakeFiles/fiducials__rosidl_typesupport_fastrtps_cpp.dir/rosidl_typesupport_fastrtps_cpp/fiducials/msg/detail/dds_fastrtps/fiducial_map_entry_array__type_support.cpp.o[0m
[6.002s] [ 42%] [32mBuilding CXX object CMakeFiles/fiducials__rosidl_typesupport_introspection_cpp.dir/rosidl_typesupport_introspection_cpp/fiducials/msg/detail/fiducial_map_entry_array__type_support.cpp.o[0m
[6.007s] [ 43%] [32mBuilding CXX object CMakeFiles/fiducials__rosidl_typesupport_fastrtps_cpp.dir/rosidl_typesupport_fastrtps_cpp/fiducials/msg/detail/dds_fastrtps/fiducial_transform__type_support.cpp.o[0m
[6.085s] [ 45%] [32mBuilding CXX object CMakeFiles/fiducials__rosidl_typesupport_introspection_cpp.dir/rosidl_typesupport_introspection_cpp/fiducials/msg/detail/fiducial_transform__type_support.cpp.o[0m
[6.212s] [ 47%] [32mBuilding CXX object CMakeFiles/fiducials__rosidl_typesupport_c.dir/rosidl_typesupport_c/fiducials/msg/fiducial__type_support.cpp.o[0m
[6.212s] [ 47%] [32mBuilding CXX object CMakeFiles/fiducials__rosidl_typesupport_c.dir/rosidl_typesupport_c/fiducials/msg/fiducial_array__type_support.cpp.o[0m
[6.240s] [ 49%] [32mBuilding CXX object CMakeFiles/fiducials__rosidl_typesupport_c.dir/rosidl_typesupport_c/fiducials/msg/fiducial_map_entry_array__type_support.cpp.o[0m
[6.245s] [ 50%] [32mBuilding CXX object CMakeFiles/fiducials__rosidl_typesupport_c.dir/rosidl_typesupport_c/fiducials/msg/fiducial_map_entry__type_support.cpp.o[0m
[6.268s] [ 52%] [32mBuilding CXX object CMakeFiles/fiducials__rosidl_typesupport_c.dir/rosidl_typesupport_c/fiducials/msg/fiducial_transform_array__type_support.cpp.o[0m
[6.272s] [ 53%] [32mBuilding CXX object CMakeFiles/fiducials__rosidl_typesupport_c.dir/rosidl_typesupport_c/fiducials/msg/fiducial_transform__type_support.cpp.o[0m
[6.298s] [ 54%] [32m[1mLinking CXX shared library libfiducials__rosidl_typesupport_c.so[0m
[6.337s] [ 54%] Built target fiducials__rosidl_typesupport_c
[6.347s] [ 56%] [34m[1mGenerating C introspection for ROS interfaces[0m
[6.383s] [ 57%] [32m[1mLinking CXX shared library libfiducials__rosidl_typesupport_fastrtps_cpp.so[0m
[6.443s] [ 59%] [32m[1mLinking CXX shared library libfiducials__rosidl_typesupport_introspection_cpp.so[0m
[6.457s] [ 59%] Built target fiducials__rosidl_typesupport_fastrtps_cpp
[6.466s] [ 60%] [34m[1mGenerating C type support for eProsima Fast-RTPS[0m
[6.518s] [ 60%] Built target fiducials__rosidl_typesupport_introspection_cpp
[6.808s] [ 63%] [32mBuilding C object CMakeFiles/fiducials__rosidl_typesupport_introspection_c.dir/rosidl_typesupport_introspection_c/fiducials/msg/detail/fiducial__type_support.c.o[0m
[6.808s] [ 63%] [32mBuilding C object CMakeFiles/fiducials__rosidl_typesupport_introspection_c.dir/rosidl_typesupport_introspection_c/fiducials/msg/detail/fiducial_array__type_support.c.o[0m
[6.836s] [ 64%] [32mBuilding C object CMakeFiles/fiducials__rosidl_typesupport_introspection_c.dir/rosidl_typesupport_introspection_c/fiducials/msg/detail/fiducial_map_entry_array__type_support.c.o[0m
[6.839s] [ 66%] [32mBuilding C object CMakeFiles/fiducials__rosidl_typesupport_introspection_c.dir/rosidl_typesupport_introspection_c/fiducials/msg/detail/fiducial_map_entry__type_support.c.o[0m
[6.867s] [ 67%] [32mBuilding C object CMakeFiles/fiducials__rosidl_typesupport_introspection_c.dir/rosidl_typesupport_introspection_c/fiducials/msg/detail/fiducial_transform_array__type_support.c.o[0m
[6.901s] [ 69%] [32mBuilding C object CMakeFiles/fiducials__rosidl_typesupport_introspection_c.dir/rosidl_typesupport_introspection_c/fiducials/msg/detail/fiducial_transform__type_support.c.o[0m
[6.929s] [ 70%] [32m[1mLinking C shared library libfiducials__rosidl_typesupport_introspection_c.so[0m
[6.944s] [ 71%] [32mBuilding CXX object CMakeFiles/fiducials__rosidl_typesupport_fastrtps_c.dir/rosidl_typesupport_fastrtps_c/fiducials/msg/detail/fiducial_array__type_support_c.cpp.o[0m
[6.944s] [ 73%] [32mBuilding CXX object CMakeFiles/fiducials__rosidl_typesupport_fastrtps_c.dir/rosidl_typesupport_fastrtps_c/fiducials/msg/detail/fiducial__type_support_c.cpp.o[0m
[6.957s] [ 73%] Built target fiducials__rosidl_typesupport_introspection_c
[7.222s] [ 74%] [32mBuilding CXX object CMakeFiles/fiducials__rosidl_typesupport_fastrtps_c.dir/rosidl_typesupport_fastrtps_c/fiducials/msg/detail/fiducial_map_entry_array__type_support_c.cpp.o[0m
[7.223s] [ 76%] [32mBuilding CXX object CMakeFiles/fiducials__rosidl_typesupport_fastrtps_c.dir/rosidl_typesupport_fastrtps_c/fiducials/msg/detail/fiducial_map_entry__type_support_c.cpp.o[0m
[7.500s] [ 77%] [32mBuilding CXX object CMakeFiles/fiducials__rosidl_typesupport_fastrtps_c.dir/rosidl_typesupport_fastrtps_c/fiducials/msg/detail/fiducial_transform_array__type_support_c.cpp.o[0m
[7.503s] [ 78%] [32mBuilding CXX object CMakeFiles/fiducials__rosidl_typesupport_fastrtps_c.dir/rosidl_typesupport_fastrtps_c/fiducials/msg/detail/fiducial_transform__type_support_c.cpp.o[0m
[7.781s] [ 80%] [32m[1mLinking CXX shared library libfiducials__rosidl_typesupport_fastrtps_c.so[0m
[7.849s] [ 80%] Built target fiducials__rosidl_typesupport_fastrtps_c
[7.864s] [ 80%] Built target fiducials
[7.879s] [ 81%] [34m[1mGenerating Python code for ROS interfaces[0m
[8.736s] [ 81%] Built target fiducials__py
[8.752s] [ 84%] [32mBuilding C object CMakeFiles/fiducials__rosidl_generator_py.dir/rosidl_generator_py/fiducials/msg/_fiducial_s.c.o[0m
[8.752s] [ 84%] [32mBuilding C object CMakeFiles/fiducials__rosidl_generator_py.dir/rosidl_generator_py/fiducials/msg/_fiducial_array_s.c.o[0m
[8.842s] [ 85%] [32mBuilding C object CMakeFiles/fiducials__rosidl_generator_py.dir/rosidl_generator_py/fiducials/msg/_fiducial_map_entry_array_s.c.o[0m
[8.843s] [ 87%] [32mBuilding C object CMakeFiles/fiducials__rosidl_generator_py.dir/rosidl_generator_py/fiducials/msg/_fiducial_map_entry_s.c.o[0m
[8.931s] [ 90%] [32mBuilding C object CMakeFiles/fiducials__rosidl_generator_py.dir/rosidl_generator_py/fiducials/msg/_fiducial_transform_array_s.c.o[0m
[8.931s] [ 90%] [32mBuilding C object CMakeFiles/fiducials__rosidl_generator_py.dir/rosidl_generator_py/fiducials/msg/_fiducial_transform_s.c.o[0m
[9.021s] [ 91%] [32m[1mLinking C shared library rosidl_generator_py/fiducials/libfiducials__rosidl_generator_py.so[0m
[9.059s] [ 91%] Built target fiducials__rosidl_generator_py
[9.075s] [ 92%] [32mBuilding C object CMakeFiles/fiducials__rosidl_typesupport_introspection_c__pyext.dir/rosidl_generator_py/fiducials/_fiducials_s.ep.rosidl_typesupport_introspection_c.c.o[0m
[9.075s] [ 94%] [32mBuilding C object CMakeFiles/fiducials__rosidl_typesupport_fastrtps_c__pyext.dir/rosidl_generator_py/fiducials/_fiducials_s.ep.rosidl_typesupport_fastrtps_c.c.o[0m
[9.175s] [ 97%] [32m[1mLinking C shared library rosidl_generator_py/fiducials/fiducials_s__rosidl_typesupport_fastrtps_c.cpython-310-x86_64-linux-gnu.so[0m
[9.175s] [ 97%] [32m[1mLinking C shared library rosidl_generator_py/fiducials/fiducials_s__rosidl_typesupport_introspection_c.cpython-310-x86_64-linux-gnu.so[0m
[9.211s] [ 97%] Built target fiducials__rosidl_typesupport_fastrtps_c__pyext
[9.211s] [ 97%] Built target fiducials__rosidl_typesupport_introspection_c__pyext
[9.227s] [ 98%] [32mBuilding C object CMakeFiles/fiducials__rosidl_typesupport_c__pyext.dir/rosidl_generator_py/fiducials/_fiducials_s.ep.rosidl_typesupport_c.c.o[0m
[9.336s] [100%] [32m[1mLinking C shared library rosidl_generator_py/fiducials/fiducials_s__rosidl_typesupport_c.cpython-310-x86_64-linux-gnu.so[0m
[9.369s] [100%] Built target fiducials__rosidl_typesupport_c__pyext
[9.379s] Invoked command in '/root/ws/origami/build/fiducials' returned '0': CMAKE_PREFIX_PATH=${CMAKE_PREFIX_PATH}:/opt/ros/humble /usr/bin/cmake --build /root/ws/origami/build/fiducials -- -j12 -l12
[9.496s] Invoking command in '/root/ws/origami/build/fiducials': CMAKE_PREFIX_PATH=${CMAKE_PREFIX_PATH}:/opt/ros/humble /usr/bin/cmake --install /root/ws/origami/build/fiducials
[9.503s] -- Install configuration: ""
[9.503s] -- Installing: /root/ws/origami/install/fiducials/share/ament_index/resource_index/rosidl_interfaces/fiducials
[9.503s] -- Up-to-date: /root/ws/origami/install/fiducials/include/fiducials/fiducials
[9.503s] -- Up-to-date: /root/ws/origami/install/fiducials/include/fiducials/fiducials/msg
[9.503s] -- Installing: /root/ws/origami/install/fiducials/include/fiducials/fiducials/msg/fiducial_transform_array.h
[9.503s] -- Installing: /root/ws/origami/install/fiducials/include/fiducials/fiducials/msg/fiducial_transform.h
[9.503s] -- Installing: /root/ws/origami/install/fiducials/include/fiducials/fiducials/msg/fiducial_map_entry.h
[9.503s] -- Installing: /root/ws/origami/install/fiducials/include/fiducials/fiducials/msg/rosidl_generator_c__visibility_control.h
[9.504s] -- Installing: /root/ws/origami/install/fiducials/include/fiducials/fiducials/msg/fiducial_map_entry_array.h
[9.504s] -- Installing: /root/ws/origami/install/fiducials/include/fiducials/fiducials/msg/fiducial_array.h
[9.504s] -- Up-to-date: /root/ws/origami/install/fiducials/include/fiducials/fiducials/msg/detail
[9.504s] -- Installing: /root/ws/origami/install/fiducials/include/fiducials/fiducials/msg/detail/fiducial_map_entry_array__functions.c
[9.504s] -- Installing: /root/ws/origami/install/fiducials/include/fiducials/fiducials/msg/detail/fiducial_transform__functions.h
[9.504s] -- Installing: /root/ws/origami/install/fiducials/include/fiducials/fiducials/msg/detail/fiducial_array__functions.c
[9.504s] -- Installing: /root/ws/origami/install/fiducials/include/fiducials/fiducials/msg/detail/fiducial_transform__type_support.h
[9.504s] -- Installing: /root/ws/origami/install/fiducials/include/fiducials/fiducials/msg/detail/fiducial_array__type_support.h
[9.505s] -- Installing: /root/ws/origami/install/fiducials/include/fiducials/fiducials/msg/detail/fiducial_map_entry__functions.c
[9.505s] -- Installing: /root/ws/origami/install/fiducials/include/fiducials/fiducials/msg/detail/fiducial__type_support.h
[9.505s] -- Installing: /root/ws/origami/install/fiducials/include/fiducials/fiducials/msg/detail/fiducial_map_entry__struct.h
[9.505s] -- Installing: /root/ws/origami/install/fiducials/include/fiducials/fiducials/msg/detail/fiducial_transform__functions.c
[9.505s] -- Installing: /root/ws/origami/install/fiducials/include/fiducials/fiducials/msg/detail/fiducial_transform_array__struct.h
[9.505s] -- Installing: /root/ws/origami/install/fiducials/include/fiducials/fiducials/msg/detail/fiducial__functions.h
[9.505s] -- Installing: /root/ws/origami/install/fiducials/include/fiducials/fiducials/msg/detail/fiducial_transform__struct.h
[9.506s] -- Installing: /root/ws/origami/install/fiducials/include/fiducials/fiducials/msg/detail/fiducial__struct.h
[9.506s] -- Installing: /root/ws/origami/install/fiducials/include/fiducials/fiducials/msg/detail/fiducial_array__functions.h
[9.506s] -- Installing: /root/ws/origami/install/fiducials/include/fiducials/fiducials/msg/detail/fiducial__functions.c
[9.506s] -- Installing: /root/ws/origami/install/fiducials/include/fiducials/fiducials/msg/detail/fiducial_array__struct.h
[9.506s] -- Installing: /root/ws/origami/install/fiducials/include/fiducials/fiducials/msg/detail/fiducial_map_entry__type_support.h
[9.506s] -- Installing: /root/ws/origami/install/fiducials/include/fiducials/fiducials/msg/detail/fiducial_map_entry__functions.h
[9.507s] -- Installing: /root/ws/origami/install/fiducials/include/fiducials/fiducials/msg/detail/fiducial_map_entry_array__type_support.h
[9.507s] -- Installing: /root/ws/origami/install/fiducials/include/fiducials/fiducials/msg/detail/fiducial_map_entry_array__struct.h
[9.507s] -- Installing: /root/ws/origami/install/fiducials/include/fiducials/fiducials/msg/detail/fiducial_transform_array__type_support.h
[9.507s] -- Installing: /root/ws/origami/install/fiducials/include/fiducials/fiducials/msg/detail/fiducial_map_entry_array__functions.h
[9.507s] -- Installing: /root/ws/origami/install/fiducials/include/fiducials/fiducials/msg/detail/fiducial_transform_array__functions.h
[9.507s] -- Installing: /root/ws/origami/install/fiducials/include/fiducials/fiducials/msg/detail/fiducial_transform_array__functions.c
[9.507s] -- Installing: /root/ws/origami/install/fiducials/include/fiducials/fiducials/msg/fiducial.h
[9.508s] -- Up-to-date: /root/ws/origami/install/fiducials/share/fiducials/environment/library_path.sh
[9.508s] -- Installing: /root/ws/origami/install/fiducials/share/fiducials/environment/library_path.dsv
[9.508s] -- Installing: /root/ws/origami/install/fiducials/lib/libfiducials__rosidl_generator_c.so
[9.509s] -- Set runtime path of "/root/ws/origami/install/fiducials/lib/libfiducials__rosidl_generator_c.so" to ""
[9.509s] -- Up-to-date: /root/ws/origami/install/fiducials/include/fiducials/fiducials
[9.509s] -- Up-to-date: /root/ws/origami/install/fiducials/include/fiducials/fiducials/msg
[9.509s] -- Installing: /root/ws/origami/install/fiducials/include/fiducials/fiducials/msg/rosidl_typesupport_fastrtps_c__visibility_control.h
[9.509s] -- Up-to-date: /root/ws/origami/install/fiducials/include/fiducials/fiducials/msg/detail
[9.509s] -- Installing: /root/ws/origami/install/fiducials/include/fiducials/fiducials/msg/detail/fiducial_map_entry_array__rosidl_typesupport_fastrtps_c.h
[9.509s] -- Installing: /root/ws/origami/install/fiducials/include/fiducials/fiducials/msg/detail/fiducial_map_entry__rosidl_typesupport_fastrtps_c.h
[9.509s] -- Installing: /root/ws/origami/install/fiducials/include/fiducials/fiducials/msg/detail/fiducial_transform_array__rosidl_typesupport_fastrtps_c.h
[9.509s] -- Installing: /root/ws/origami/install/fiducials/include/fiducials/fiducials/msg/detail/fiducial_transform__rosidl_typesupport_fastrtps_c.h
[9.509s] -- Installing: /root/ws/origami/install/fiducials/include/fiducials/fiducials/msg/detail/fiducial__rosidl_typesupport_fastrtps_c.h
[9.509s] -- Installing: /root/ws/origami/install/fiducials/include/fiducials/fiducials/msg/detail/fiducial_array__rosidl_typesupport_fastrtps_c.h
[9.509s] -- Installing: /root/ws/origami/install/fiducials/lib/libfiducials__rosidl_typesupport_fastrtps_c.so
[9.510s] -- Set runtime path of "/root/ws/origami/install/fiducials/lib/libfiducials__rosidl_typesupport_fastrtps_c.so" to ""
[9.510s] -- Up-to-date: /root/ws/origami/install/fiducials/include/fiducials/fiducials
[9.510s] -- Up-to-date: /root/ws/origami/install/fiducials/include/fiducials/fiducials/msg
[9.510s] -- Installing: /root/ws/origami/install/fiducials/include/fiducials/fiducials/msg/fiducial_transform_array.hpp
[9.510s] -- Installing: /root/ws/origami/install/fiducials/include/fiducials/fiducials/msg/fiducial_array.hpp
[9.510s] -- Installing: /root/ws/origami/install/fiducials/include/fiducials/fiducials/msg/fiducial.hpp
[9.510s] -- Installing: /root/ws/origami/install/fiducials/include/fiducials/fiducials/msg/fiducial_map_entry_array.hpp
[9.510s] -- Up-to-date: /root/ws/origami/install/fiducials/include/fiducials/fiducials/msg/detail
[9.510s] -- Installing: /root/ws/origami/install/fiducials/include/fiducials/fiducials/msg/detail/fiducial_map_entry__builder.hpp
[9.511s] -- Installing: /root/ws/origami/install/fiducials/include/fiducials/fiducials/msg/detail/fiducial_transform__struct.hpp
[9.511s] -- Installing: /root/ws/origami/install/fiducials/include/fiducials/fiducials/msg/detail/fiducial_map_entry_array__struct.hpp
[9.511s] -- Installing: /root/ws/origami/install/fiducials/include/fiducials/fiducials/msg/detail/fiducial_transform__builder.hpp
[9.511s] -- Installing: /root/ws/origami/install/fiducials/include/fiducials/fiducials/msg/detail/fiducial_transform_array__builder.hpp
[9.511s] -- Installing: /root/ws/origami/install/fiducials/include/fiducials/fiducials/msg/detail/fiducial_array__builder.hpp
[9.511s] -- Installing: /root/ws/origami/install/fiducials/include/fiducials/fiducials/msg/detail/fiducial_map_entry_array__traits.hpp
[9.511s] -- Installing: /root/ws/origami/install/fiducials/include/fiducials/fiducials/msg/detail/fiducial_map_entry__struct.hpp
[9.511s] -- Installing: /root/ws/origami/install/fiducials/include/fiducials/fiducials/msg/detail/fiducial_map_entry_array__builder.hpp
[9.511s] -- Installing: /root/ws/origami/install/fiducials/include/fiducials/fiducials/msg/detail/fiducial_transform__traits.hpp
[9.511s] -- Installing: /root/ws/origami/install/fiducials/include/fiducials/fiducials/msg/detail/fiducial_map_entry__traits.hpp
[9.511s] -- Installing: /root/ws/origami/install/fiducials/include/fiducials/fiducials/msg/detail/fiducial_transform_array__traits.hpp
[9.512s] -- Installing: /root/ws/origami/install/fiducials/include/fiducials/fiducials/msg/detail/fiducial_transform_array__struct.hpp
[9.512s] -- Installing: /root/ws/origami/install/fiducials/include/fiducials/fiducials/msg/detail/fiducial__builder.hpp
[9.512s] -- Installing: /root/ws/origami/install/fiducials/include/fiducials/fiducials/msg/detail/fiducial_array__traits.hpp
[9.512s] -- Installing: /root/ws/origami/install/fiducials/include/fiducials/fiducials/msg/detail/fiducial__struct.hpp
[9.512s] -- Installing: /root/ws/origami/install/fiducials/include/fiducials/fiducials/msg/detail/fiducial__traits.hpp
[9.512s] -- Installing: /root/ws/origami/install/fiducials/include/fiducials/fiducials/msg/detail/fiducial_array__struct.hpp
[9.512s] -- Installing: /root/ws/origami/install/fiducials/include/fiducials/fiducials/msg/fiducial_map_entry.hpp
[9.512s] -- Installing: /root/ws/origami/install/fiducials/include/fiducials/fiducials/msg/fiducial_transform.hpp
[9.512s] -- Up-to-date: /root/ws/origami/install/fiducials/include/fiducials/fiducials
[9.512s] -- Up-to-date: /root/ws/origami/install/fiducials/include/fiducials/fiducials/msg
[9.512s] -- Installing: /root/ws/origami/install/fiducials/include/fiducials/fiducials/msg/rosidl_typesupport_fastrtps_cpp__visibility_control.h
[9.513s] -- Up-to-date: /root/ws/origami/install/fiducials/include/fiducials/fiducials/msg/detail
[9.513s] -- Installing: /root/ws/origami/install/fiducials/include/fiducials/fiducials/msg/detail/fiducial_array__rosidl_typesupport_fastrtps_cpp.hpp
[9.513s] -- Installing: /root/ws/origami/install/fiducials/include/fiducials/fiducials/msg/detail/fiducial__rosidl_typesupport_fastrtps_cpp.hpp
[9.513s] -- Installing: /root/ws/origami/install/fiducials/include/fiducials/fiducials/msg/detail/fiducial_transform_array__rosidl_typesupport_fastrtps_cpp.hpp
[9.513s] -- Installing: /root/ws/origami/install/fiducials/include/fiducials/fiducials/msg/detail/fiducial_map_entry_array__rosidl_typesupport_fastrtps_cpp.hpp
[9.513s] -- Installing: /root/ws/origami/install/fiducials/include/fiducials/fiducials/msg/detail/fiducial_map_entry__rosidl_typesupport_fastrtps_cpp.hpp
[9.513s] -- Up-to-date: /root/ws/origami/install/fiducials/include/fiducials/fiducials/msg/detail/dds_fastrtps
[9.513s] -- Installing: /root/ws/origami/install/fiducials/include/fiducials/fiducials/msg/detail/fiducial_transform__rosidl_typesupport_fastrtps_cpp.hpp
[9.513s] -- Installing: /root/ws/origami/install/fiducials/lib/libfiducials__rosidl_typesupport_fastrtps_cpp.so
[9.514s] -- Set runtime path of "/root/ws/origami/install/fiducials/lib/libfiducials__rosidl_typesupport_fastrtps_cpp.so" to ""
[9.514s] -- Up-to-date: /root/ws/origami/install/fiducials/include/fiducials/fiducials
[9.514s] -- Up-to-date: /root/ws/origami/install/fiducials/include/fiducials/fiducials/msg
[9.514s] -- Installing: /root/ws/origami/install/fiducials/include/fiducials/fiducials/msg/rosidl_typesupport_introspection_c__visibility_control.h
[9.514s] -- Up-to-date: /root/ws/origami/install/fiducials/include/fiducials/fiducials/msg/detail
[9.514s] -- Installing: /root/ws/origami/install/fiducials/include/fiducials/fiducials/msg/detail/fiducial_transform_array__rosidl_typesupport_introspection_c.h
[9.514s] -- Installing: /root/ws/origami/install/fiducials/include/fiducials/fiducials/msg/detail/fiducial_array__rosidl_typesupport_introspection_c.h
[9.514s] -- Installing: /root/ws/origami/install/fiducials/include/fiducials/fiducials/msg/detail/fiducial__rosidl_typesupport_introspection_c.h
[9.514s] -- Installing: /root/ws/origami/install/fiducials/include/fiducials/fiducials/msg/detail/fiducial_map_entry__type_support.c
[9.514s] -- Installing: /root/ws/origami/install/fiducials/include/fiducials/fiducials/msg/detail/fiducial_transform_array__type_support.c
[9.515s] -- Installing: /root/ws/origami/install/fiducials/include/fiducials/fiducials/msg/detail/fiducial_map_entry__rosidl_typesupport_introspection_c.h
[9.515s] -- Installing: /root/ws/origami/install/fiducials/include/fiducials/fiducials/msg/detail/fiducial_transform__rosidl_typesupport_introspection_c.h
[9.515s] -- Installing: /root/ws/origami/install/fiducials/include/fiducials/fiducials/msg/detail/fiducial_map_entry_array__rosidl_typesupport_introspection_c.h
[9.515s] -- Installing: /root/ws/origami/install/fiducials/include/fiducials/fiducials/msg/detail/fiducial_array__type_support.c
[9.515s] -- Installing: /root/ws/origami/install/fiducials/include/fiducials/fiducials/msg/detail/fiducial_transform__type_support.c
[9.515s] -- Installing: /root/ws/origami/install/fiducials/include/fiducials/fiducials/msg/detail/fiducial__type_support.c
[9.515s] -- Installing: /root/ws/origami/install/fiducials/include/fiducials/fiducials/msg/detail/fiducial_map_entry_array__type_support.c
[9.516s] -- Installing: /root/ws/origami/install/fiducials/lib/libfiducials__rosidl_typesupport_introspection_c.so
[9.516s] -- Set runtime path of "/root/ws/origami/install/fiducials/lib/libfiducials__rosidl_typesupport_introspection_c.so" to ""
[9.516s] -- Installing: /root/ws/origami/install/fiducials/lib/libfiducials__rosidl_typesupport_c.so
[9.517s] -- Set runtime path of "/root/ws/origami/install/fiducials/lib/libfiducials__rosidl_typesupport_c.so" to ""
[9.517s] -- Up-to-date: /root/ws/origami/install/fiducials/include/fiducials/fiducials
[9.517s] -- Up-to-date: /root/ws/origami/install/fiducials/include/fiducials/fiducials/msg
[9.517s] -- Up-to-date: /root/ws/origami/install/fiducials/include/fiducials/fiducials/msg/detail
[9.517s] -- Installing: /root/ws/origami/install/fiducials/include/fiducials/fiducials/msg/detail/fiducial_transform__type_support.cpp
[9.517s] -- Installing: /root/ws/origami/install/fiducials/include/fiducials/fiducials/msg/detail/fiducial_map_entry__rosidl_typesupport_introspection_cpp.hpp
[9.517s] -- Installing: /root/ws/origami/install/fiducials/include/fiducials/fiducials/msg/detail/fiducial_transform_array__type_support.cpp
[9.517s] -- Installing: /root/ws/origami/install/fiducials/include/fiducials/fiducials/msg/detail/fiducial_array__rosidl_typesupport_introspection_cpp.hpp
[9.517s] -- Installing: /root/ws/origami/install/fiducials/include/fiducials/fiducials/msg/detail/fiducial_map_entry__type_support.cpp
[9.517s] -- Installing: /root/ws/origami/install/fiducials/include/fiducials/fiducials/msg/detail/fiducial__rosidl_typesupport_introspection_cpp.hpp
[9.517s] -- Installing: /root/ws/origami/install/fiducials/include/fiducials/fiducials/msg/detail/fiducial__type_support.cpp
[9.518s] -- Installing: /root/ws/origami/install/fiducials/include/fiducials/fiducials/msg/detail/fiducial_map_entry_array__rosidl_typesupport_introspection_cpp.hpp
[9.518s] -- Installing: /root/ws/origami/install/fiducials/include/fiducials/fiducials/msg/detail/fiducial_array__type_support.cpp
[9.518s] -- Installing: /root/ws/origami/install/fiducials/include/fiducials/fiducials/msg/detail/fiducial_map_entry_array__type_support.cpp
[9.518s] -- Installing: /root/ws/origami/install/fiducials/include/fiducials/fiducials/msg/detail/fiducial_transform__rosidl_typesupport_introspection_cpp.hpp
[9.518s] -- Installing: /root/ws/origami/install/fiducials/include/fiducials/fiducials/msg/detail/fiducial_transform_array__rosidl_typesupport_introspection_cpp.hpp
[9.518s] -- Installing: /root/ws/origami/install/fiducials/lib/libfiducials__rosidl_typesupport_introspection_cpp.so
[9.519s] -- Set runtime path of "/root/ws/origami/install/fiducials/lib/libfiducials__rosidl_typesupport_introspection_cpp.so" to ""
[9.519s] -- Installing: /root/ws/origami/install/fiducials/lib/libfiducials__rosidl_typesupport_cpp.so
[9.519s] -- Set runtime path of "/root/ws/origami/install/fiducials/lib/libfiducials__rosidl_typesupport_cpp.so" to ""
[9.519s] -- Installing: /root/ws/origami/install/fiducials/share/fiducials/environment/pythonpath.sh
[9.519s] -- Installing: /root/ws/origami/install/fiducials/share/fiducials/environment/pythonpath.dsv
[9.520s] -- Up-to-date: /root/ws/origami/install/fiducials/local/lib/python3.10/dist-packages/fiducials-0.0.0-py3.10.egg-info
[9.520s] -- Installing: /root/ws/origami/install/fiducials/local/lib/python3.10/dist-packages/fiducials-0.0.0-py3.10.egg-info/top_level.txt
[9.520s] -- Installing: /root/ws/origami/install/fiducials/local/lib/python3.10/dist-packages/fiducials-0.0.0-py3.10.egg-info/SOURCES.txt
[9.520s] -- Installing: /root/ws/origami/install/fiducials/local/lib/python3.10/dist-packages/fiducials-0.0.0-py3.10.egg-info/dependency_links.txt
[9.520s] -- Installing: /root/ws/origami/install/fiducials/local/lib/python3.10/dist-packages/fiducials-0.0.0-py3.10.egg-info/PKG-INFO
[9.520s] -- Up-to-date: /root/ws/origami/install/fiducials/local/lib/python3.10/dist-packages/fiducials
[9.520s] -- Installing: /root/ws/origami/install/fiducials/local/lib/python3.10/dist-packages/fiducials/_fiducials_s.ep.rosidl_typesupport_introspection_c.c
[9.520s] -- Installing: /root/ws/origami/install/fiducials/local/lib/python3.10/dist-packages/fiducials/fiducials_s__rosidl_typesupport_fastrtps_c.cpython-310-x86_64-linux-gnu.so
[9.520s] -- Installing: /root/ws/origami/install/fiducials/local/lib/python3.10/dist-packages/fiducials/_fiducials_s.ep.rosidl_typesupport_fastrtps_c.c
[9.520s] -- Installing: /root/ws/origami/install/fiducials/local/lib/python3.10/dist-packages/fiducials/fiducials_s__rosidl_typesupport_c.cpython-310-x86_64-linux-gnu.so
[9.520s] -- Installing: /root/ws/origami/install/fiducials/local/lib/python3.10/dist-packages/fiducials/libfiducials__rosidl_generator_py.so
[9.520s] -- Installing: /root/ws/origami/install/fiducials/local/lib/python3.10/dist-packages/fiducials/_fiducials_s.ep.rosidl_typesupport_c.c
[9.521s] -- Installing: /root/ws/origami/install/fiducials/local/lib/python3.10/dist-packages/fiducials/__init__.py
[9.521s] -- Installing: /root/ws/origami/install/fiducials/local/lib/python3.10/dist-packages/fiducials/fiducials_s__rosidl_typesupport_introspection_c.cpython-310-x86_64-linux-gnu.so
[9.521s] -- Up-to-date: /root/ws/origami/install/fiducials/local/lib/python3.10/dist-packages/fiducials/msg
[9.521s] -- Installing: /root/ws/origami/install/fiducials/local/lib/python3.10/dist-packages/fiducials/msg/_fiducial.py
[9.521s] -- Installing: /root/ws/origami/install/fiducials/local/lib/python3.10/dist-packages/fiducials/msg/_fiducial_array_s.c
[9.521s] -- Installing: /root/ws/origami/install/fiducials/local/lib/python3.10/dist-packages/fiducials/msg/_fiducial_transform.py
[9.521s] -- Installing: /root/ws/origami/install/fiducials/local/lib/python3.10/dist-packages/fiducials/msg/_fiducial_map_entry_s.c
[9.521s] -- Installing: /root/ws/origami/install/fiducials/local/lib/python3.10/dist-packages/fiducials/msg/_fiducial_transform_array_s.c
[9.521s] -- Installing: /root/ws/origami/install/fiducials/local/lib/python3.10/dist-packages/fiducials/msg/_fiducial_array.py
[9.521s] -- Installing: /root/ws/origami/install/fiducials/local/lib/python3.10/dist-packages/fiducials/msg/__init__.py
[9.522s] -- Installing: /root/ws/origami/install/fiducials/local/lib/python3.10/dist-packages/fiducials/msg/_fiducial_map_entry_array.py
[9.522s] -- Installing: /root/ws/origami/install/fiducials/local/lib/python3.10/dist-packages/fiducials/msg/_fiducial_transform_s.c
[9.522s] -- Installing: /root/ws/origami/install/fiducials/local/lib/python3.10/dist-packages/fiducials/msg/_fiducial_s.c
[9.522s] -- Installing: /root/ws/origami/install/fiducials/local/lib/python3.10/dist-packages/fiducials/msg/_fiducial_transform_array.py
[9.522s] -- Installing: /root/ws/origami/install/fiducials/local/lib/python3.10/dist-packages/fiducials/msg/_fiducial_map_entry.py
[9.522s] -- Installing: /root/ws/origami/install/fiducials/local/lib/python3.10/dist-packages/fiducials/msg/_fiducial_map_entry_array_s.c
[9.555s] Listing '/root/ws/origami/install/fiducials/local/lib/python3.10/dist-packages/fiducials'...
[9.555s] Compiling '/root/ws/origami/install/fiducials/local/lib/python3.10/dist-packages/fiducials/__init__.py'...
[9.555s] Listing '/root/ws/origami/install/fiducials/local/lib/python3.10/dist-packages/fiducials/msg'...
[9.555s] Compiling '/root/ws/origami/install/fiducials/local/lib/python3.10/dist-packages/fiducials/msg/__init__.py'...
[9.555s] Compiling '/root/ws/origami/install/fiducials/local/lib/python3.10/dist-packages/fiducials/msg/_fiducial.py'...
[9.555s] Compiling '/root/ws/origami/install/fiducials/local/lib/python3.10/dist-packages/fiducials/msg/_fiducial_array.py'...
[9.556s] Compiling '/root/ws/origami/install/fiducials/local/lib/python3.10/dist-packages/fiducials/msg/_fiducial_map_entry.py'...
[9.556s] Compiling '/root/ws/origami/install/fiducials/local/lib/python3.10/dist-packages/fiducials/msg/_fiducial_map_entry_array.py'...
[9.556s] Compiling '/root/ws/origami/install/fiducials/local/lib/python3.10/dist-packages/fiducials/msg/_fiducial_transform.py'...
[9.556s] Compiling '/root/ws/origami/install/fiducials/local/lib/python3.10/dist-packages/fiducials/msg/_fiducial_transform_array.py'...
[9.559s] -- Installing: /root/ws/origami/install/fiducials/local/lib/python3.10/dist-packages/fiducials/fiducials_s__rosidl_typesupport_fastrtps_c.cpython-310-x86_64-linux-gnu.so
[9.559s] -- Set runtime path of "/root/ws/origami/install/fiducials/local/lib/python3.10/dist-packages/fiducials/fiducials_s__rosidl_typesupport_fastrtps_c.cpython-310-x86_64-linux-gnu.so" to ""
[9.559s] -- Installing: /root/ws/origami/install/fiducials/local/lib/python3.10/dist-packages/fiducials/fiducials_s__rosidl_typesupport_introspection_c.cpython-310-x86_64-linux-gnu.so
[9.560s] -- Set runtime path of "/root/ws/origami/install/fiducials/local/lib/python3.10/dist-packages/fiducials/fiducials_s__rosidl_typesupport_introspection_c.cpython-310-x86_64-linux-gnu.so" to ""
[9.560s] -- Installing: /root/ws/origami/install/fiducials/local/lib/python3.10/dist-packages/fiducials/fiducials_s__rosidl_typesupport_c.cpython-310-x86_64-linux-gnu.so
[9.560s] -- Set runtime path of "/root/ws/origami/install/fiducials/local/lib/python3.10/dist-packages/fiducials/fiducials_s__rosidl_typesupport_c.cpython-310-x86_64-linux-gnu.so" to ""
[9.560s] -- Installing: /root/ws/origami/install/fiducials/lib/libfiducials__rosidl_generator_py.so
[9.561s] -- Set runtime path of "/root/ws/origami/install/fiducials/lib/libfiducials__rosidl_generator_py.so" to ""
[9.561s] -- Installing: /root/ws/origami/install/fiducials/share/fiducials/msg/Fiducial.idl
[9.561s] -- Installing: /root/ws/origami/install/fiducials/share/fiducials/msg/FiducialArray.idl
[9.561s] -- Installing: /root/ws/origami/install/fiducials/share/fiducials/msg/FiducialTransform.idl
[9.561s] -- Installing: /root/ws/origami/install/fiducials/share/fiducials/msg/FiducialTransformArray.idl
[9.561s] -- Installing: /root/ws/origami/install/fiducials/share/fiducials/msg/FiducialMapEntry.idl
[9.561s] -- Installing: /root/ws/origami/install/fiducials/share/fiducials/msg/FiducialMapEntryArray.idl
[9.562s] -- Up-to-date: /root/ws/origami/install/fiducials/share/fiducials/msg/Fiducial.msg
[9.562s] -- Up-to-date: /root/ws/origami/install/fiducials/share/fiducials/msg/FiducialArray.msg
[9.562s] -- Up-to-date: /root/ws/origami/install/fiducials/share/fiducials/msg/FiducialTransform.msg
[9.562s] -- Up-to-date: /root/ws/origami/install/fiducials/share/fiducials/msg/FiducialTransformArray.msg
[9.562s] -- Up-to-date: /root/ws/origami/install/fiducials/share/fiducials/msg/FiducialMapEntry.msg
[9.562s] -- Up-to-date: /root/ws/origami/install/fiducials/share/fiducials/msg/FiducialMapEntryArray.msg
[9.563s] -- Up-to-date: /root/ws/origami/install/fiducials/local/lib/python3.10/dist-packages/scripts-0.0.0-py3.10.egg-info
[9.563s] -- Installing: /root/ws/origami/install/fiducials/local/lib/python3.10/dist-packages/scripts-0.0.0-py3.10.egg-info/top_level.txt
[9.563s] -- Installing: /root/ws/origami/install/fiducials/local/lib/python3.10/dist-packages/scripts-0.0.0-py3.10.egg-info/SOURCES.txt
[9.563s] -- Installing: /root/ws/origami/install/fiducials/local/lib/python3.10/dist-packages/scripts-0.0.0-py3.10.egg-info/dependency_links.txt
[9.563s] -- Installing: /root/ws/origami/install/fiducials/local/lib/python3.10/dist-packages/scripts-0.0.0-py3.10.egg-info/PKG-INFO
[9.563s] -- Up-to-date: /root/ws/origami/install/fiducials/local/lib/python3.10/dist-packages/scripts
[9.564s] -- Up-to-date: /root/ws/origami/install/fiducials/local/lib/python3.10/dist-packages/scripts/create_markers.py
[9.564s] -- Up-to-date: /root/ws/origami/install/fiducials/local/lib/python3.10/dist-packages/scripts/camera_calibrate.py
[9.564s] -- Up-to-date: /root/ws/origami/install/fiducials/local/lib/python3.10/dist-packages/scripts/aruco_detect.py
[9.564s] -- Up-to-date: /root/ws/origami/install/fiducials/local/lib/python3.10/dist-packages/scripts/PupilGlassesCalibration.pckl
[9.564s] -- Up-to-date: /root/ws/origami/install/fiducials/local/lib/python3.10/dist-packages/scripts/calibration.yaml
[9.564s] -- Up-to-date: /root/ws/origami/install/fiducials/local/lib/python3.10/dist-packages/scripts/__init__.py
[9.564s] -- Installing: /root/ws/origami/install/fiducials/local/lib/python3.10/dist-packages/scripts/aruco_mapper.py
[9.564s] -- Up-to-date: /root/ws/origami/install/fiducials/local/lib/python3.10/dist-packages/scripts/pupil_glasses_calibration_images
[9.565s] -- Up-to-date: /root/ws/origami/install/fiducials/local/lib/python3.10/dist-packages/scripts/pupil_glasses_calibration_images/PupilNeonCalib_04.png
[9.565s] -- Up-to-date: /root/ws/origami/install/fiducials/local/lib/python3.10/dist-packages/scripts/pupil_glasses_calibration_images/PupilNeonCalib_20.png
[9.565s] -- Up-to-date: /root/ws/origami/install/fiducials/local/lib/python3.10/dist-packages/scripts/pupil_glasses_calibration_images/PupilNeonCalib_25.png
[9.565s] -- Up-to-date: /root/ws/origami/install/fiducials/local/lib/python3.10/dist-packages/scripts/pupil_glasses_calibration_images/PupilNeonCalib_05.png
[9.565s] -- Up-to-date: /root/ws/origami/install/fiducials/local/lib/python3.10/dist-packages/scripts/pupil_glasses_calibration_images/PupilNeonCalib_01.png
[9.565s] -- Up-to-date: /root/ws/origami/install/fiducials/local/lib/python3.10/dist-packages/scripts/pupil_glasses_calibration_images/PupilNeonCalib_06.png
[9.565s] -- Up-to-date: /root/ws/origami/install/fiducials/local/lib/python3.10/dist-packages/scripts/pupil_glasses_calibration_images/PupilNeonCalib_15.png
[9.565s] -- Up-to-date: /root/ws/origami/install/fiducials/local/lib/python3.10/dist-packages/scripts/pupil_glasses_calibration_images/PupilNeonCalib_22.png
[9.565s] -- Up-to-date: /root/ws/origami/install/fiducials/local/lib/python3.10/dist-packages/scripts/pupil_glasses_calibration_images/PupilNeonCalib_07.png
[9.565s] -- Up-to-date: /root/ws/origami/install/fiducials/local/lib/python3.10/dist-packages/scripts/pupil_glasses_calibration_images/PupilNeonCalib_14.png
[9.565s] -- Up-to-date: /root/ws/origami/install/fiducials/local/lib/python3.10/dist-packages/scripts/pupil_glasses_calibration_images/PupilNeonCalib_17.png
[9.565s] -- Up-to-date: /root/ws/origami/install/fiducials/local/lib/python3.10/dist-packages/scripts/pupil_glasses_calibration_images/PupilNeonCalib_26.png
[9.566s] -- Up-to-date: /root/ws/origami/install/fiducials/local/lib/python3.10/dist-packages/scripts/pupil_glasses_calibration_images/PupilNeonCalib_11.png
[9.566s] -- Up-to-date: /root/ws/origami/install/fiducials/local/lib/python3.10/dist-packages/scripts/pupil_glasses_calibration_images/PupilNeonCalib_02.png
[9.566s] -- Up-to-date: /root/ws/origami/install/fiducials/local/lib/python3.10/dist-packages/scripts/pupil_glasses_calibration_images/PupilNeonCalib_13.png
[9.566s] -- Up-to-date: /root/ws/origami/install/fiducials/local/lib/python3.10/dist-packages/scripts/pupil_glasses_calibration_images/PupilNeonCalib_16.png
[9.566s] -- Up-to-date: /root/ws/origami/install/fiducials/local/lib/python3.10/dist-packages/scripts/pupil_glasses_calibration_images/PupilNeonCalib_24.png
[9.566s] -- Up-to-date: /root/ws/origami/install/fiducials/local/lib/python3.10/dist-packages/scripts/pupil_glasses_calibration_images/PupilNeonCalib_12.png
[9.566s] -- Up-to-date: /root/ws/origami/install/fiducials/local/lib/python3.10/dist-packages/scripts/pupil_glasses_calibration_images/PupilNeonCalib_19.png
[9.566s] -- Up-to-date: /root/ws/origami/install/fiducials/local/lib/python3.10/dist-packages/scripts/pupil_glasses_calibration_images/PupilNeonCalib_10.png
[9.566s] -- Up-to-date: /root/ws/origami/install/fiducials/local/lib/python3.10/dist-packages/scripts/pupil_glasses_calibration_images/PupilNeonCalib_09.png
[9.566s] -- Up-to-date: /root/ws/origami/install/fiducials/local/lib/python3.10/dist-packages/scripts/pupil_glasses_calibration_images/PupilNeonCalib_23.png
[9.566s] -- Up-to-date: /root/ws/origami/install/fiducials/local/lib/python3.10/dist-packages/scripts/pupil_glasses_calibration_images/PupilNeonCalib_27.png
[9.566s] -- Up-to-date: /root/ws/origami/install/fiducials/local/lib/python3.10/dist-packages/scripts/pupil_glasses_calibration_images/PupilNeonCalib_08.png
[9.566s] -- Up-to-date: /root/ws/origami/install/fiducials/local/lib/python3.10/dist-packages/scripts/pupil_glasses_calibration_images/PupilNeonCalib_21.png
[9.566s] -- Up-to-date: /root/ws/origami/install/fiducials/local/lib/python3.10/dist-packages/scripts/pupil_glasses_calibration_images/PupilNeonCalib_03.png
[9.566s] -- Up-to-date: /root/ws/origami/install/fiducials/local/lib/python3.10/dist-packages/scripts/pupil_glasses_calibration_images/PupilNeonCalib_18.png
[9.566s] -- Up-to-date: /root/ws/origami/install/fiducials/local/lib/python3.10/dist-packages/scripts/camera_calibration
[9.566s] -- Up-to-date: /root/ws/origami/install/fiducials/local/lib/python3.10/dist-packages/scripts/camera_calibration/old_webcam_calibration_images
[9.566s] -- Up-to-date: /root/ws/origami/install/fiducials/local/lib/python3.10/dist-packages/scripts/camera_calibration/old_webcam_calibration_images/2022-04-25-100708.jpg
[9.567s] -- Up-to-date: /root/ws/origami/install/fiducials/local/lib/python3.10/dist-packages/scripts/camera_calibration/old_webcam_calibration_images/2022-04-25-100736.jpg
[9.567s] -- Up-to-date: /root/ws/origami/install/fiducials/local/lib/python3.10/dist-packages/scripts/camera_calibration/old_webcam_calibration_images/2022-04-25-100504.jpg
[9.567s] -- Up-to-date: /root/ws/origami/install/fiducials/local/lib/python3.10/dist-packages/scripts/camera_calibration/old_webcam_calibration_images/2022-04-25-100601.jpg
[9.567s] -- Up-to-date: /root/ws/origami/install/fiducials/local/lib/python3.10/dist-packages/scripts/camera_calibration/old_webcam_calibration_images/2022-04-25-100614.jpg
[9.567s] -- Up-to-date: /root/ws/origami/install/fiducials/local/lib/python3.10/dist-packages/scripts/camera_calibration/old_webcam_calibration_images/2022-04-25-100643.jpg
[9.567s] -- Up-to-date: /root/ws/origami/install/fiducials/local/lib/python3.10/dist-packages/scripts/camera_calibration/old_webcam_calibration_images/2022-04-25-100453.jpg
[9.567s] -- Up-to-date: /root/ws/origami/install/fiducials/local/lib/python3.10/dist-packages/scripts/camera_calibration/old_webcam_calibration_images/2022-04-25-100626.jpg
[9.567s] -- Up-to-date: /root/ws/origami/install/fiducials/local/lib/python3.10/dist-packages/scripts/camera_calibration/old_webcam_calibration_images/2022-04-25-100719.jpg
[9.567s] -- Up-to-date: /root/ws/origami/install/fiducials/local/lib/python3.10/dist-packages/scripts/camera_calibration/old_webcam_calibration_images/2022-04-25-100654.jpg
[9.567s] -- Up-to-date: /root/ws/origami/install/fiducials/local/lib/python3.10/dist-packages/scripts/camera_calibration/old_webcam_calibration_images/2022-04-25-100514.jpg
[9.567s] -- Up-to-date: /root/ws/origami/install/fiducials/local/lib/python3.10/dist-packages/scripts/camera_calibration/old_webcam_calibration_images/2022-04-25-100635.jpg
[9.567s] -- Up-to-date: /root/ws/origami/install/fiducials/local/lib/python3.10/dist-packages/scripts/camera_calibration/old_webcam_calibration_images/2022-04-25-100550.jpg
[9.567s] -- Up-to-date: /root/ws/origami/install/fiducials/local/lib/python3.10/dist-packages/scripts/camera_calibration/old_webcam_calibration_images/2022-04-25-100447.jpg
[9.567s] -- Up-to-date: /root/ws/origami/install/fiducials/local/lib/python3.10/dist-packages/scripts/camera_calibration/old_webcam_calibration_images/2022-04-25-100542.jpg
[9.567s] -- Up-to-date: /root/ws/origami/install/fiducials/local/lib/python3.10/dist-packages/scripts/camera_calibration/calibration.pckl
[9.567s] -- Up-to-date: /root/ws/origami/install/fiducials/local/lib/python3.10/dist-packages/scripts/camera_calibration/TobiiCalibration
[9.567s] -- Up-to-date: /root/ws/origami/install/fiducials/local/lib/python3.10/dist-packages/scripts/camera_calibration/TobiiCalibration/vlcsnap-2022-04-28-16h18m42s700.png
[9.567s] -- Up-to-date: /root/ws/origami/install/fiducials/local/lib/python3.10/dist-packages/scripts/camera_calibration/TobiiCalibration/vlcsnap-2022-04-28-16h21m21s263.png
[9.567s] -- Up-to-date: /root/ws/origami/install/fiducials/local/lib/python3.10/dist-packages/scripts/camera_calibration/TobiiCalibration/vlcsnap-2022-04-28-16h18m59s845.png
[9.568s] -- Up-to-date: /root/ws/origami/install/fiducials/local/lib/python3.10/dist-packages/scripts/camera_calibration/TobiiCalibration/vlcsnap-2022-04-28-16h14m37s506.png
[9.568s] -- Up-to-date: /root/ws/origami/install/fiducials/local/lib/python3.10/dist-packages/scripts/camera_calibration/TobiiCalibration/vlcsnap-2022-04-28-16h13m51s644.png
[9.568s] -- Up-to-date: /root/ws/origami/install/fiducials/local/lib/python3.10/dist-packages/scripts/camera_calibration/TobiiCalibration/vlcsnap-2022-04-28-16h18m33s305.png
[9.568s] -- Up-to-date: /root/ws/origami/install/fiducials/local/lib/python3.10/dist-packages/scripts/camera_calibration/TobiiCalibration/vlcsnap-2022-04-28-16h21m16s913.png
[9.568s] -- Up-to-date: /root/ws/origami/install/fiducials/local/lib/python3.10/dist-packages/scripts/camera_calibration/TobiiCalibration/calibration.pckl
[9.568s] -- Up-to-date: /root/ws/origami/install/fiducials/local/lib/python3.10/dist-packages/scripts/camera_calibration/TobiiCalibration/vlcsnap-2022-04-28-16h19m21s435.png
[9.568s] -- Up-to-date: /root/ws/origami/install/fiducials/local/lib/python3.10/dist-packages/scripts/camera_calibration/TobiiCalibration/vlcsnap-2022-04-28-16h21m12s225.png
[9.568s] -- Up-to-date: /root/ws/origami/install/fiducials/local/lib/python3.10/dist-packages/scripts/camera_calibration/TobiiCalibration/vlcsnap-2022-04-28-16h19m51s539.png
[9.568s] -- Up-to-date: /root/ws/origami/install/fiducials/local/lib/python3.10/dist-packages/scripts/camera_calibration/TobiiCalibration/vlcsnap-2022-04-28-16h20m56s584.png
[9.568s] -- Up-to-date: /root/ws/origami/install/fiducials/local/lib/python3.10/dist-packages/scripts/camera_calibration/TobiiCalibration/vlcsnap-2022-04-28-16h15m08s507.png
[9.568s] -- Up-to-date: /root/ws/origami/install/fiducials/local/lib/python3.10/dist-packages/scripts/camera_calibration/TobiiCalibration/vlcsnap-2022-04-28-16h18m53s558.png
[9.568s] -- Up-to-date: /root/ws/origami/install/fiducials/local/lib/python3.10/dist-packages/scripts/camera_calibration/TobiiCalibration/vlcsnap-2022-04-28-16h21m39s908.png
[9.568s] -- Up-to-date: /root/ws/origami/install/fiducials/local/lib/python3.10/dist-packages/scripts/camera_calibration/TobiiCalibration/vlcsnap-2022-04-28-16h21m03s920.png
[9.568s] -- Up-to-date: /root/ws/origami/install/fiducials/local/lib/python3.10/dist-packages/scripts/camera_calibration/TobiiCalibration/vlcsnap-2022-04-28-16h21m45s787.png
[9.568s] -- Up-to-date: /root/ws/origami/install/fiducials/local/lib/python3.10/dist-packages/scripts/camera_calibration/TobiiCalibration/vlcsnap-2022-04-28-16h20m01s390.png
[9.568s] -- Up-to-date: /root/ws/origami/install/fiducials/local/lib/python3.10/dist-packages/scripts/camera_calibration/TobiiCalibration/vlcsnap-2022-04-28-16h22m00s263.png
[9.568s] -- Up-to-date: /root/ws/origami/install/fiducials/local/lib/python3.10/dist-packages/scripts/camera_calibration/TobiiCalibration/vlcsnap-2022-04-28-16h19m04s522.png
[9.568s] -- Up-to-date: /root/ws/origami/install/fiducials/local/lib/python3.10/dist-packages/scripts/camera_calibration/TobiiCalibration/vlcsnap-2022-04-28-16h21m56s920.png
[9.568s] -- Up-to-date: /root/ws/origami/install/fiducials/local/lib/python3.10/dist-packages/scripts/camera_calibration/TobiiCalibration/vlcsnap-2022-04-28-16h18m24s207.png
[9.569s] -- Up-to-date: /root/ws/origami/install/fiducials/local/lib/python3.10/dist-packages/scripts/camera_calibration/TobiiCalibration/vlcsnap-2022-04-28-16h19m12s268.png
[9.569s] -- Up-to-date: /root/ws/origami/install/fiducials/local/lib/python3.10/dist-packages/scripts/camera_calibration/TobiiCalibration/vlcsnap-2022-04-28-16h19m57s011.png
[9.569s] -- Up-to-date: /root/ws/origami/install/fiducials/local/lib/python3.10/dist-packages/scripts/camera_calibration/TobiiCalibration/vlcsnap-2022-04-28-16h21m08s214.png
[9.569s] -- Up-to-date: /root/ws/origami/install/fiducials/local/lib/python3.10/dist-packages/scripts/camera_calibration/TobiiCalibration/vlcsnap-2022-04-28-16h20m10s240.png
[9.569s] -- Up-to-date: /root/ws/origami/install/fiducials/local/lib/python3.10/dist-packages/scripts/camera_calibration/TobiiCalibration/vlcsnap-2022-04-28-16h19m25s886.png
[9.569s] -- Up-to-date: /root/ws/origami/install/fiducials/local/lib/python3.10/dist-packages/scripts/camera_calibration/TobiiCalibration/vlcsnap-2022-04-28-16h20m49s540.png
[9.569s] -- Up-to-date: /root/ws/origami/install/fiducials/local/lib/python3.10/dist-packages/scripts/camera_calibration/TobiiCalibration/vlcsnap-2022-04-28-16h14m26s085.png
[9.569s] -- Up-to-date: /root/ws/origami/install/fiducials/local/lib/python3.10/dist-packages/scripts/camera_calibration/old_webcam.pckl
[9.569s] -- Up-to-date: /root/ws/origami/install/fiducials/local/lib/python3.10/dist-packages/scripts/camera_calibration/pupil_glasses_calibration_images
[9.569s] -- Up-to-date: /root/ws/origami/install/fiducials/local/lib/python3.10/dist-packages/scripts/camera_calibration/pupil_glasses_calibration_images/Priority10.png
[9.569s] -- Up-to-date: /root/ws/origami/install/fiducials/local/lib/python3.10/dist-packages/scripts/camera_calibration/pupil_glasses_calibration_images/Priority09.png
[9.569s] -- Up-to-date: /root/ws/origami/install/fiducials/local/lib/python3.10/dist-packages/scripts/camera_calibration/pupil_glasses_calibration_images/PupilCalibrationImage02.png
[9.569s] -- Up-to-date: /root/ws/origami/install/fiducials/local/lib/python3.10/dist-packages/scripts/camera_calibration/pupil_glasses_calibration_images/Priority04.png
[9.569s] -- Up-to-date: /root/ws/origami/install/fiducials/local/lib/python3.10/dist-packages/scripts/camera_calibration/pupil_glasses_calibration_images/Priority08.png
[9.569s] -- Up-to-date: /root/ws/origami/install/fiducials/local/lib/python3.10/dist-packages/scripts/camera_calibration/pupil_glasses_calibration_images/Priority03.png
[9.569s] -- Up-to-date: /root/ws/origami/install/fiducials/local/lib/python3.10/dist-packages/scripts/camera_calibration/pupil_glasses_calibration_images/PupilCalibrationImage07.png
[9.569s] -- Up-to-date: /root/ws/origami/install/fiducials/local/lib/python3.10/dist-packages/scripts/camera_calibration/pupil_glasses_calibration_images/Priority02.png
[9.569s] -- Up-to-date: /root/ws/origami/install/fiducials/local/lib/python3.10/dist-packages/scripts/camera_calibration/pupil_glasses_calibration_images/Priority07.png
[9.570s] -- Up-to-date: /root/ws/origami/install/fiducials/local/lib/python3.10/dist-packages/scripts/camera_calibration/pupil_glasses_calibration_images/PupilCalibrationImage09.png
[9.570s] -- Up-to-date: /root/ws/origami/install/fiducials/local/lib/python3.10/dist-packages/scripts/camera_calibration/pupil_glasses_calibration_images/PupilCalibrationImage13.png
[9.570s] -- Up-to-date: /root/ws/origami/install/fiducials/local/lib/python3.10/dist-packages/scripts/camera_calibration/pupil_glasses_calibration_images/Priority12.png
[9.570s] -- Up-to-date: /root/ws/origami/install/fiducials/local/lib/python3.10/dist-packages/scripts/camera_calibration/pupil_glasses_calibration_images/PupilCalibrationImage05.png
[9.570s] -- Up-to-date: /root/ws/origami/install/fiducials/local/lib/python3.10/dist-packages/scripts/camera_calibration/pupil_glasses_calibration_images/PupilCalibrationImage12.png
[9.570s] -- Up-to-date: /root/ws/origami/install/fiducials/local/lib/python3.10/dist-packages/scripts/camera_calibration/pupil_glasses_calibration_images/PupilCalibrationImage06.png
[9.570s] -- Up-to-date: /root/ws/origami/install/fiducials/local/lib/python3.10/dist-packages/scripts/camera_calibration/pupil_glasses_calibration_images/PupilCalibrationImage04.png
[9.570s] -- Up-to-date: /root/ws/origami/install/fiducials/local/lib/python3.10/dist-packages/scripts/camera_calibration/pupil_glasses_calibration_images/PupilCalibrationImage10.png
[9.570s] -- Up-to-date: /root/ws/origami/install/fiducials/local/lib/python3.10/dist-packages/scripts/camera_calibration/pupil_glasses_calibration_images/Priority05.png
[9.570s] -- Up-to-date: /root/ws/origami/install/fiducials/local/lib/python3.10/dist-packages/scripts/camera_calibration/pupil_glasses_calibration_images/PupilCalibrationImage08.png
[9.570s] -- Up-to-date: /root/ws/origami/install/fiducials/local/lib/python3.10/dist-packages/scripts/camera_calibration/pupil_glasses_calibration_images/Priority06.png
[9.570s] -- Up-to-date: /root/ws/origami/install/fiducials/local/lib/python3.10/dist-packages/scripts/camera_calibration/pupil_glasses_calibration_images/PupilCalibrationImage01.png
[9.570s] -- Up-to-date: /root/ws/origami/install/fiducials/local/lib/python3.10/dist-packages/scripts/camera_calibration/pupil_glasses_calibration_images/PupilCalibrationImage14.png
[9.570s] -- Up-to-date: /root/ws/origami/install/fiducials/local/lib/python3.10/dist-packages/scripts/camera_calibration/pupil_glasses_calibration_images/PupilCalibrationImage03.png
[9.570s] -- Up-to-date: /root/ws/origami/install/fiducials/local/lib/python3.10/dist-packages/scripts/camera_calibration/pupil_glasses_calibration_images/Priority11.png
[9.570s] -- Up-to-date: /root/ws/origami/install/fiducials/local/lib/python3.10/dist-packages/scripts/camera_calibration/pupil_glasses_calibration_images/PupilCalibrationImage16.png
[9.570s] -- Up-to-date: /root/ws/origami/install/fiducials/local/lib/python3.10/dist-packages/scripts/camera_calibration/pupil_glasses_calibration_images/PupilCalibrationImage15.png
[9.570s] -- Up-to-date: /root/ws/origami/install/fiducials/local/lib/python3.10/dist-packages/scripts/camera_calibration/pupil_glasses_calibration_images/Priority01.png
[9.594s] Listing '/root/ws/origami/install/fiducials/local/lib/python3.10/dist-packages/scripts'...
[9.594s] Compiling '/root/ws/origami/install/fiducials/local/lib/python3.10/dist-packages/scripts/aruco_mapper.py'...
[9.594s] Listing '/root/ws/origami/install/fiducials/local/lib/python3.10/dist-packages/scripts/camera_calibration'...
[9.594s] Listing '/root/ws/origami/install/fiducials/local/lib/python3.10/dist-packages/scripts/camera_calibration/TobiiCalibration'...
[9.594s] Listing '/root/ws/origami/install/fiducials/local/lib/python3.10/dist-packages/scripts/camera_calibration/old_webcam_calibration_images'...
[9.595s] Listing '/root/ws/origami/install/fiducials/local/lib/python3.10/dist-packages/scripts/camera_calibration/pupil_glasses_calibration_images'...
[9.595s] Listing '/root/ws/origami/install/fiducials/local/lib/python3.10/dist-packages/scripts/pupil_glasses_calibration_images'...
[9.597s] -- Up-to-date: /root/ws/origami/install/fiducials/lib/fiducials/aruco_detect.py
[9.598s] -- Installing: /root/ws/origami/install/fiducials/lib/fiducials/aruco_mapper.py
[9.598s] -- Installing: /root/ws/origami/install/fiducials/share/ament_index/resource_index/package_run_dependencies/fiducials
[9.598s] -- Installing: /root/ws/origami/install/fiducials/share/ament_index/resource_index/parent_prefix_path/fiducials
[9.598s] -- Up-to-date: /root/ws/origami/install/fiducials/share/fiducials/environment/ament_prefix_path.sh
[9.598s] -- Installing: /root/ws/origami/install/fiducials/share/fiducials/environment/ament_prefix_path.dsv
[9.598s] -- Up-to-date: /root/ws/origami/install/fiducials/share/fiducials/environment/path.sh
[9.598s] -- Installing: /root/ws/origami/install/fiducials/share/fiducials/environment/path.dsv
[9.598s] -- Installing: /root/ws/origami/install/fiducials/share/fiducials/local_setup.bash
[9.598s] -- Installing: /root/ws/origami/install/fiducials/share/fiducials/local_setup.sh
[9.598s] -- Installing: /root/ws/origami/install/fiducials/share/fiducials/local_setup.zsh
[9.599s] -- Installing: /root/ws/origami/install/fiducials/share/fiducials/local_setup.dsv
[9.599s] -- Installing: /root/ws/origami/install/fiducials/share/fiducials/package.dsv
[9.599s] -- Installing: /root/ws/origami/install/fiducials/share/ament_index/resource_index/packages/fiducials
[9.599s] -- Installing: /root/ws/origami/install/fiducials/share/fiducials/cmake/export_fiducials__rosidl_generator_cExport.cmake
[9.599s] -- Installing: /root/ws/origami/install/fiducials/share/fiducials/cmake/export_fiducials__rosidl_generator_cExport-noconfig.cmake
[9.599s] -- Installing: /root/ws/origami/install/fiducials/share/fiducials/cmake/export_fiducials__rosidl_typesupport_fastrtps_cExport.cmake
[9.599s] -- Installing: /root/ws/origami/install/fiducials/share/fiducials/cmake/export_fiducials__rosidl_typesupport_fastrtps_cExport-noconfig.cmake
[9.600s] -- Installing: /root/ws/origami/install/fiducials/share/fiducials/cmake/export_fiducials__rosidl_generator_cppExport.cmake
[9.600s] -- Installing: /root/ws/origami/install/fiducials/share/fiducials/cmake/export_fiducials__rosidl_typesupport_fastrtps_cppExport.cmake
[9.600s] -- Installing: /root/ws/origami/install/fiducials/share/fiducials/cmake/export_fiducials__rosidl_typesupport_fastrtps_cppExport-noconfig.cmake
[9.600s] -- Installing: /root/ws/origami/install/fiducials/share/fiducials/cmake/fiducials__rosidl_typesupport_introspection_cExport.cmake
[9.600s] -- Installing: /root/ws/origami/install/fiducials/share/fiducials/cmake/fiducials__rosidl_typesupport_introspection_cExport-noconfig.cmake
[9.600s] -- Installing: /root/ws/origami/install/fiducials/share/fiducials/cmake/fiducials__rosidl_typesupport_cExport.cmake
[9.600s] -- Installing: /root/ws/origami/install/fiducials/share/fiducials/cmake/fiducials__rosidl_typesupport_cExport-noconfig.cmake
[9.601s] -- Installing: /root/ws/origami/install/fiducials/share/fiducials/cmake/fiducials__rosidl_typesupport_introspection_cppExport.cmake
[9.601s] -- Installing: /root/ws/origami/install/fiducials/share/fiducials/cmake/fiducials__rosidl_typesupport_introspection_cppExport-noconfig.cmake
[9.601s] -- Installing: /root/ws/origami/install/fiducials/share/fiducials/cmake/fiducials__rosidl_typesupport_cppExport.cmake
[9.601s] -- Installing: /root/ws/origami/install/fiducials/share/fiducials/cmake/fiducials__rosidl_typesupport_cppExport-noconfig.cmake
[9.601s] -- Old export file "/root/ws/origami/install/fiducials/share/fiducials/cmake/export_fiducials__rosidl_generator_pyExport.cmake" will be replaced.  Removing files [/root/ws/origami/install/fiducials/share/fiducials/cmake/export_fiducials__rosidl_generator_pyExport-noconfig.cmake].
[9.602s] -- Installing: /root/ws/origami/install/fiducials/share/fiducials/cmake/export_fiducials__rosidl_generator_pyExport.cmake
[9.602s] -- Installing: /root/ws/origami/install/fiducials/share/fiducials/cmake/export_fiducials__rosidl_generator_pyExport-noconfig.cmake
[9.602s] -- Installing: /root/ws/origami/install/fiducials/share/fiducials/cmake/rosidl_cmake-extras.cmake
[9.602s] -- Installing: /root/ws/origami/install/fiducials/share/fiducials/cmake/ament_cmake_export_dependencies-extras.cmake
[9.602s] -- Installing: /root/ws/origami/install/fiducials/share/fiducials/cmake/ament_cmake_export_include_directories-extras.cmake
[9.602s] -- Installing: /root/ws/origami/install/fiducials/share/fiducials/cmake/ament_cmake_export_libraries-extras.cmake
[9.602s] -- Installing: /root/ws/origami/install/fiducials/share/fiducials/cmake/ament_cmake_export_targets-extras.cmake
[9.603s] -- Installing: /root/ws/origami/install/fiducials/share/fiducials/cmake/rosidl_cmake_export_typesupport_targets-extras.cmake
[9.603s] -- Installing: /root/ws/origami/install/fiducials/share/fiducials/cmake/rosidl_cmake_export_typesupport_libraries-extras.cmake
[9.603s] -- Installing: /root/ws/origami/install/fiducials/share/fiducials/cmake/fiducialsConfig.cmake
[9.603s] -- Installing: /root/ws/origami/install/fiducials/share/fiducials/cmake/fiducialsConfig-version.cmake
[9.603s] -- Up-to-date: /root/ws/origami/install/fiducials/share/fiducials/package.xml
[9.605s] Invoked command in '/root/ws/origami/build/fiducials' returned '0': CMAKE_PREFIX_PATH=${CMAKE_PREFIX_PATH}:/opt/ros/humble /usr/bin/cmake --install /root/ws/origami/build/fiducials
