[0.044s] Invoking command in '/root/ws/origami/build/origami': CMAKE_PREFIX_PATH=${CMAKE_PREFIX_PATH}:/opt/ros/humble /usr/bin/cmake --build /root/ws/origami/build/origami -- -j12 -l12
[0.063s] -- Found ament_cmake: 1.3.5 (/opt/ros/humble/share/ament_cmake/cmake)
[0.181s] -- Found rclpy: 3.3.10 (/opt/ros/humble/share/rclpy/cmake)
[0.181s] -- Found builtin_interfaces: 1.2.1 (/opt/ros/humble/share/builtin_interfaces/cmake)
[0.200s] -- Found rosidl_generator_c: 3.1.5 (/opt/ros/humble/share/rosidl_generator_c/cmake)
[0.202s] -- Found rosidl_adapter: 3.1.5 (/opt/ros/humble/share/rosidl_adapter/cmake)
[0.207s] -- Found rosidl_generator_cpp: 3.1.5 (/opt/ros/humble/share/rosidl_generator_cpp/cmake)
[0.217s] -- Using all available rosidl_typesupport_c: rosidl_typesupport_fastrtps_c;rosidl_typesupport_introspection_c
[0.232s] -- Using all available rosidl_typesupport_cpp: rosidl_typesupport_fastrtps_cpp;rosidl_typesupport_introspection_cpp
[0.245s] -- Found geometry_msgs: 4.2.3 (/opt/ros/humble/share/geometry_msgs/cmake)
[0.334s] -- Found rosidl_default_generators: 1.2.0 (/opt/ros/humble/share/rosidl_default_generators/cmake)
[0.347s] [31mCMake Error at CMakeLists.txt:16 (find_package):
[0.347s]   By not providing "Findfiducials.cmake" in CMAKE_MODULE_PATH this project
[0.347s]   has asked CMake to find a package configuration file provided by
[0.347s]   "fiducials", but CMake did not find one.
[0.347s] 
[0.347s]   Could not find a package configuration file provided by "fiducials" with
[0.347s]   any of the following names:
[0.347s] 
[0.348s]     fiducialsConfig.cmake
[0.348s]     fiducials-config.cmake
[0.348s] 
[0.348s]   Add the installation prefix of "fiducials" to CMAKE_PREFIX_PATH or set
[0.348s]   "fiducials_DIR" to a directory containing one of the above files.  If
[0.348s]   "fiducials" provides a separate development package or SDK, be sure it has
[0.348s]   been installed.
[0.348s] 
[0.348s] [0m
[0.348s] -- Configuring incomplete, errors occurred!
[0.348s] See also "/root/ws/origami/build/origami/CMakeFiles/CMakeOutput.log".
[0.350s] gmake: *** [Makefile:226: cmake_check_build_system] Error 1
[0.352s] Invoked command in '/root/ws/origami/build/origami' returned '2': CMAKE_PREFIX_PATH=${CMAKE_PREFIX_PATH}:/opt/ros/humble /usr/bin/cmake --build /root/ws/origami/build/origami -- -j12 -l12
