[0.032s] Invoking command in '/root/ws/origami/build/origami': CMAKE_PREFIX_PATH=/opt/ros/humble /usr/bin/cmake --build /root/ws/origami/build/origami -- -j12 -l12
[0.050s] -- Found ament_cmake: 1.3.5 (/opt/ros/humble/share/ament_cmake/cmake)
[0.155s] -- Found rclpy: 3.3.10 (/opt/ros/humble/share/rclpy/cmake)
[0.155s] -- Found builtin_interfaces: 1.2.1 (/opt/ros/humble/share/builtin_interfaces/cmake)
[0.174s] -- Found rosidl_generator_c: 3.1.5 (/opt/ros/humble/share/rosidl_generator_c/cmake)
[0.176s] -- Found rosidl_adapter: 3.1.5 (/opt/ros/humble/share/rosidl_adapter/cmake)
[0.181s] -- Found rosidl_generator_cpp: 3.1.5 (/opt/ros/humble/share/rosidl_generator_cpp/cmake)
[0.191s] -- Using all available rosidl_typesupport_c: rosidl_typesupport_fastrtps_c;rosidl_typesupport_introspection_c
[0.205s] -- Using all available rosidl_typesupport_cpp: rosidl_typesupport_fastrtps_cpp;rosidl_typesupport_introspection_cpp
[0.218s] -- Found geometry_msgs: 4.2.3 (/opt/ros/humble/share/geometry_msgs/cmake)
[0.306s] -- Found rosidl_default_generators: 1.2.0 (/opt/ros/humble/share/rosidl_default_generators/cmake)
[0.322s] [31mCMake Error at CMakeLists.txt:16 (find_package):
[0.322s]   By not providing "Findros2_aruco_interfaces.cmake" in CMAKE_MODULE_PATH
[0.322s]   this project has asked CMake to find a package configuration file provided
[0.322s]   by "ros2_aruco_interfaces", but CMake did not find one.
[0.322s] 
[0.322s]   Could not find a package configuration file provided by
[0.322s]   "ros2_aruco_interfaces" with any of the following names:
[0.322s] 
[0.322s]     ros2_aruco_interfacesConfig.cmake
[0.322s]     ros2_aruco_interfaces-config.cmake
[0.322s] 
[0.322s]   Add the installation prefix of "ros2_aruco_interfaces" to CMAKE_PREFIX_PATH
[0.322s]   or set "ros2_aruco_interfaces_DIR" to a directory containing one of the
[0.322s]   above files.  If "ros2_aruco_interfaces" provides a separate development
[0.323s]   package or SDK, be sure it has been installed.
[0.323s] 
[0.323s] -- Configuring incomplete, errors occurred!
[0.323s] See also "/root/ws/origami/build/origami/CMakeFiles/CMakeOutput.log".
[0.323s] [0m
[0.326s] gmake: *** [Makefile:226: cmake_check_build_system] Error 1
[0.328s] Invoked command in '/root/ws/origami/build/origami' returned '2': CMAKE_PREFIX_PATH=/opt/ros/humble /usr/bin/cmake --build /root/ws/origami/build/origami -- -j12 -l12
