[0.091s] Invoking command in '/root/ws/origami/build/fiducials': CMAKE_PREFIX_PATH=${CMAKE_PREFIX_PATH}:/opt/ros/humble /usr/bin/cmake --build /root/ws/origami/build/fiducials -- -j12 -l12
[0.136s] [  1%] Built target fiducials__cpp
[0.279s] [  1%] Built target ament_cmake_python_copy_scripts
[0.305s] [ 12%] Built target fiducials__rosidl_typesupport_introspection_cpp
[0.550s] running egg_info
[0.551s] writing scripts.egg-info/PKG-INFO
[0.552s] writing dependency_links to scripts.egg-info/dependency_links.txt
[0.552s] writing top-level names to scripts.egg-info/top_level.txt
[0.568s] reading manifest file 'scripts.egg-info/SOURCES.txt'
[0.568s] writing manifest file 'scripts.egg-info/SOURCES.txt'
[0.625s] [ 12%] Built target ament_cmake_python_build_scripts_egg
[0.655s] [ 23%] Built target fiducials__rosidl_typesupport_fastrtps_cpp
[0.691s] [ 35%] Built target fiducials__rosidl_typesupport_cpp
[0.728s] [ 35%] Built target ament_cmake_python_copy_fiducials
[0.751s] [ 46%] Built target fiducials__rosidl_generator_c
[1.028s] running egg_info
[1.029s] writing fiducials.egg-info/PKG-INFO
[1.030s] writing dependency_links to fiducials.egg-info/dependency_links.txt
[1.030s] writing top-level names to fiducials.egg-info/top_level.txt
[1.032s] reading manifest file 'fiducials.egg-info/SOURCES.txt'
[1.034s] writing manifest file 'fiducials.egg-info/SOURCES.txt'
[1.074s] [ 46%] Built target ament_cmake_python_build_fiducials_egg
[1.103s] [ 57%] Built target fiducials__rosidl_typesupport_c
[1.130s] [ 69%] Built target fiducials__rosidl_typesupport_introspection_c
[1.170s] [ 80%] Built target fiducials__rosidl_typesupport_fastrtps_c
[1.195s] [ 80%] Built target fiducials
[1.222s] [ 81%] Built target fiducials__py
[1.248s] [ 91%] Built target fiducials__rosidl_generator_py
[1.278s] [ 94%] Built target fiducials__rosidl_typesupport_fastrtps_c__pyext
[1.304s] [ 97%] Built target fiducials__rosidl_typesupport_c__pyext
[1.341s] [100%] Built target fiducials__rosidl_typesupport_introspection_c__pyext
[1.352s] Invoked command in '/root/ws/origami/build/fiducials' returned '0': CMAKE_PREFIX_PATH=${CMAKE_PREFIX_PATH}:/opt/ros/humble /usr/bin/cmake --build /root/ws/origami/build/fiducials -- -j12 -l12
[1.553s] Invoking command in '/root/ws/origami/build/fiducials': CMAKE_PREFIX_PATH=${CMAKE_PREFIX_PATH}:/opt/ros/humble /usr/bin/cmake --install /root/ws/origami/build/fiducials
[1.562s] -- Install configuration: ""
[1.562s] -- Up-to-date: /root/ws/origami/install/fiducials/share/ament_index/resource_index/rosidl_interfaces/fiducials
[1.562s] -- Up-to-date: /root/ws/origami/install/fiducials/include/fiducials/fiducials
[1.563s] -- Up-to-date: /root/ws/origami/install/fiducials/include/fiducials/fiducials/msg
[1.563s] -- Up-to-date: /root/ws/origami/install/fiducials/include/fiducials/fiducials/msg/fiducial_transform_array.h
[1.563s] -- Up-to-date: /root/ws/origami/install/fiducials/include/fiducials/fiducials/msg/fiducial_transform.h
[1.563s] -- Up-to-date: /root/ws/origami/install/fiducials/include/fiducials/fiducials/msg/fiducial_map_entry.h
[1.563s] -- Up-to-date: /root/ws/origami/install/fiducials/include/fiducials/fiducials/msg/rosidl_generator_c__visibility_control.h
[1.563s] -- Up-to-date: /root/ws/origami/install/fiducials/include/fiducials/fiducials/msg/fiducial_map_entry_array.h
[1.563s] -- Up-to-date: /root/ws/origami/install/fiducials/include/fiducials/fiducials/msg/fiducial_array.h
[1.563s] -- Up-to-date: /root/ws/origami/install/fiducials/include/fiducials/fiducials/msg/detail
[1.563s] -- Up-to-date: /root/ws/origami/install/fiducials/include/fiducials/fiducials/msg/detail/fiducial_map_entry_array__functions.c
[1.563s] -- Up-to-date: /root/ws/origami/install/fiducials/include/fiducials/fiducials/msg/detail/fiducial_transform__functions.h
[1.563s] -- Up-to-date: /root/ws/origami/install/fiducials/include/fiducials/fiducials/msg/detail/fiducial_array__functions.c
[1.563s] -- Up-to-date: /root/ws/origami/install/fiducials/include/fiducials/fiducials/msg/detail/fiducial_transform__type_support.h
[1.563s] -- Up-to-date: /root/ws/origami/install/fiducials/include/fiducials/fiducials/msg/detail/fiducial_array__type_support.h
[1.564s] -- Up-to-date: /root/ws/origami/install/fiducials/include/fiducials/fiducials/msg/detail/fiducial_map_entry__functions.c
[1.564s] -- Up-to-date: /root/ws/origami/install/fiducials/include/fiducials/fiducials/msg/detail/fiducial__type_support.h
[1.564s] -- Up-to-date: /root/ws/origami/install/fiducials/include/fiducials/fiducials/msg/detail/fiducial_map_entry__struct.h
[1.564s] -- Up-to-date: /root/ws/origami/install/fiducials/include/fiducials/fiducials/msg/detail/fiducial_transform__functions.c
[1.564s] -- Up-to-date: /root/ws/origami/install/fiducials/include/fiducials/fiducials/msg/detail/fiducial_transform_array__struct.h
[1.564s] -- Up-to-date: /root/ws/origami/install/fiducials/include/fiducials/fiducials/msg/detail/fiducial__functions.h
[1.564s] -- Up-to-date: /root/ws/origami/install/fiducials/include/fiducials/fiducials/msg/detail/fiducial_transform__struct.h
[1.564s] -- Up-to-date: /root/ws/origami/install/fiducials/include/fiducials/fiducials/msg/detail/fiducial__struct.h
[1.564s] -- Up-to-date: /root/ws/origami/install/fiducials/include/fiducials/fiducials/msg/detail/fiducial_array__functions.h
[1.564s] -- Up-to-date: /root/ws/origami/install/fiducials/include/fiducials/fiducials/msg/detail/fiducial__functions.c
[1.564s] -- Up-to-date: /root/ws/origami/install/fiducials/include/fiducials/fiducials/msg/detail/fiducial_array__struct.h
[1.564s] -- Up-to-date: /root/ws/origami/install/fiducials/include/fiducials/fiducials/msg/detail/fiducial_map_entry__type_support.h
[1.564s] -- Up-to-date: /root/ws/origami/install/fiducials/include/fiducials/fiducials/msg/detail/fiducial_map_entry__functions.h
[1.565s] -- Up-to-date: /root/ws/origami/install/fiducials/include/fiducials/fiducials/msg/detail/fiducial_map_entry_array__type_support.h
[1.565s] -- Up-to-date: /root/ws/origami/install/fiducials/include/fiducials/fiducials/msg/detail/fiducial_map_entry_array__struct.h
[1.565s] -- Up-to-date: /root/ws/origami/install/fiducials/include/fiducials/fiducials/msg/detail/fiducial_transform_array__type_support.h
[1.565s] -- Up-to-date: /root/ws/origami/install/fiducials/include/fiducials/fiducials/msg/detail/fiducial_map_entry_array__functions.h
[1.565s] -- Up-to-date: /root/ws/origami/install/fiducials/include/fiducials/fiducials/msg/detail/fiducial_transform_array__functions.h
[1.565s] -- Up-to-date: /root/ws/origami/install/fiducials/include/fiducials/fiducials/msg/detail/fiducial_transform_array__functions.c
[1.565s] -- Up-to-date: /root/ws/origami/install/fiducials/include/fiducials/fiducials/msg/fiducial.h
[1.565s] -- Up-to-date: /root/ws/origami/install/fiducials/share/fiducials/environment/library_path.sh
[1.565s] -- Up-to-date: /root/ws/origami/install/fiducials/share/fiducials/environment/library_path.dsv
[1.565s] -- Up-to-date: /root/ws/origami/install/fiducials/lib/libfiducials__rosidl_generator_c.so
[1.565s] -- Up-to-date: /root/ws/origami/install/fiducials/include/fiducials/fiducials
[1.566s] -- Up-to-date: /root/ws/origami/install/fiducials/include/fiducials/fiducials/msg
[1.566s] -- Up-to-date: /root/ws/origami/install/fiducials/include/fiducials/fiducials/msg/rosidl_typesupport_fastrtps_c__visibility_control.h
[1.566s] -- Up-to-date: /root/ws/origami/install/fiducials/include/fiducials/fiducials/msg/detail
[1.566s] -- Up-to-date: /root/ws/origami/install/fiducials/include/fiducials/fiducials/msg/detail/fiducial_map_entry_array__rosidl_typesupport_fastrtps_c.h
[1.566s] -- Up-to-date: /root/ws/origami/install/fiducials/include/fiducials/fiducials/msg/detail/fiducial_map_entry__rosidl_typesupport_fastrtps_c.h
[1.566s] -- Up-to-date: /root/ws/origami/install/fiducials/include/fiducials/fiducials/msg/detail/fiducial_transform_array__rosidl_typesupport_fastrtps_c.h
[1.566s] -- Up-to-date: /root/ws/origami/install/fiducials/include/fiducials/fiducials/msg/detail/fiducial_transform__rosidl_typesupport_fastrtps_c.h
[1.567s] -- Up-to-date: /root/ws/origami/install/fiducials/include/fiducials/fiducials/msg/detail/fiducial__rosidl_typesupport_fastrtps_c.h
[1.567s] -- Up-to-date: /root/ws/origami/install/fiducials/include/fiducials/fiducials/msg/detail/fiducial_array__rosidl_typesupport_fastrtps_c.h
[1.567s] -- Up-to-date: /root/ws/origami/install/fiducials/lib/libfiducials__rosidl_typesupport_fastrtps_c.so
[1.567s] -- Up-to-date: /root/ws/origami/install/fiducials/include/fiducials/fiducials
[1.567s] -- Up-to-date: /root/ws/origami/install/fiducials/include/fiducials/fiducials/msg
[1.567s] -- Up-to-date: /root/ws/origami/install/fiducials/include/fiducials/fiducials/msg/fiducial_transform_array.hpp
[1.568s] -- Up-to-date: /root/ws/origami/install/fiducials/include/fiducials/fiducials/msg/fiducial_array.hpp
[1.568s] -- Up-to-date: /root/ws/origami/install/fiducials/include/fiducials/fiducials/msg/fiducial.hpp
[1.568s] -- Up-to-date: /root/ws/origami/install/fiducials/include/fiducials/fiducials/msg/fiducial_map_entry_array.hpp
[1.568s] -- Up-to-date: /root/ws/origami/install/fiducials/include/fiducials/fiducials/msg/detail
[1.568s] -- Up-to-date: /root/ws/origami/install/fiducials/include/fiducials/fiducials/msg/detail/fiducial_map_entry__builder.hpp
[1.568s] -- Up-to-date: /root/ws/origami/install/fiducials/include/fiducials/fiducials/msg/detail/fiducial_transform__struct.hpp
[1.569s] -- Up-to-date: /root/ws/origami/install/fiducials/include/fiducials/fiducials/msg/detail/fiducial_map_entry_array__struct.hpp
[1.569s] -- Up-to-date: /root/ws/origami/install/fiducials/include/fiducials/fiducials/msg/detail/fiducial_transform__builder.hpp
[1.569s] -- Up-to-date: /root/ws/origami/install/fiducials/include/fiducials/fiducials/msg/detail/fiducial_transform_array__builder.hpp
[1.569s] -- Up-to-date: /root/ws/origami/install/fiducials/include/fiducials/fiducials/msg/detail/fiducial_array__builder.hpp
[1.569s] -- Up-to-date: /root/ws/origami/install/fiducials/include/fiducials/fiducials/msg/detail/fiducial_map_entry_array__traits.hpp
[1.570s] -- Up-to-date: /root/ws/origami/install/fiducials/include/fiducials/fiducials/msg/detail/fiducial_map_entry__struct.hpp
[1.570s] -- Up-to-date: /root/ws/origami/install/fiducials/include/fiducials/fiducials/msg/detail/fiducial_map_entry_array__builder.hpp
[1.570s] -- Up-to-date: /root/ws/origami/install/fiducials/include/fiducials/fiducials/msg/detail/fiducial_transform__traits.hpp
[1.570s] -- Up-to-date: /root/ws/origami/install/fiducials/include/fiducials/fiducials/msg/detail/fiducial_map_entry__traits.hpp
[1.570s] -- Up-to-date: /root/ws/origami/install/fiducials/include/fiducials/fiducials/msg/detail/fiducial_transform_array__traits.hpp
[1.571s] -- Up-to-date: /root/ws/origami/install/fiducials/include/fiducials/fiducials/msg/detail/fiducial_transform_array__struct.hpp
[1.571s] -- Up-to-date: /root/ws/origami/install/fiducials/include/fiducials/fiducials/msg/detail/fiducial__builder.hpp
[1.571s] -- Up-to-date: /root/ws/origami/install/fiducials/include/fiducials/fiducials/msg/detail/fiducial_array__traits.hpp
[1.571s] -- Up-to-date: /root/ws/origami/install/fiducials/include/fiducials/fiducials/msg/detail/fiducial__struct.hpp
[1.571s] -- Up-to-date: /root/ws/origami/install/fiducials/include/fiducials/fiducials/msg/detail/fiducial__traits.hpp
[1.571s] -- Up-to-date: /root/ws/origami/install/fiducials/include/fiducials/fiducials/msg/detail/fiducial_array__struct.hpp
[1.571s] -- Up-to-date: /root/ws/origami/install/fiducials/include/fiducials/fiducials/msg/fiducial_map_entry.hpp
[1.571s] -- Up-to-date: /root/ws/origami/install/fiducials/include/fiducials/fiducials/msg/fiducial_transform.hpp
[1.572s] -- Up-to-date: /root/ws/origami/install/fiducials/include/fiducials/fiducials
[1.572s] -- Up-to-date: /root/ws/origami/install/fiducials/include/fiducials/fiducials/msg
[1.572s] -- Up-to-date: /root/ws/origami/install/fiducials/include/fiducials/fiducials/msg/rosidl_typesupport_fastrtps_cpp__visibility_control.h
[1.573s] -- Up-to-date: /root/ws/origami/install/fiducials/include/fiducials/fiducials/msg/detail
[1.573s] -- Up-to-date: /root/ws/origami/install/fiducials/include/fiducials/fiducials/msg/detail/fiducial_array__rosidl_typesupport_fastrtps_cpp.hpp
[1.573s] -- Up-to-date: /root/ws/origami/install/fiducials/include/fiducials/fiducials/msg/detail/fiducial__rosidl_typesupport_fastrtps_cpp.hpp
[1.573s] -- Up-to-date: /root/ws/origami/install/fiducials/include/fiducials/fiducials/msg/detail/fiducial_transform_array__rosidl_typesupport_fastrtps_cpp.hpp
[1.573s] -- Up-to-date: /root/ws/origami/install/fiducials/include/fiducials/fiducials/msg/detail/fiducial_map_entry_array__rosidl_typesupport_fastrtps_cpp.hpp
[1.573s] -- Up-to-date: /root/ws/origami/install/fiducials/include/fiducials/fiducials/msg/detail/fiducial_map_entry__rosidl_typesupport_fastrtps_cpp.hpp
[1.573s] -- Up-to-date: /root/ws/origami/install/fiducials/include/fiducials/fiducials/msg/detail/dds_fastrtps
[1.573s] -- Up-to-date: /root/ws/origami/install/fiducials/include/fiducials/fiducials/msg/detail/fiducial_transform__rosidl_typesupport_fastrtps_cpp.hpp
[1.574s] -- Up-to-date: /root/ws/origami/install/fiducials/lib/libfiducials__rosidl_typesupport_fastrtps_cpp.so
[1.574s] -- Up-to-date: /root/ws/origami/install/fiducials/include/fiducials/fiducials
[1.574s] -- Up-to-date: /root/ws/origami/install/fiducials/include/fiducials/fiducials/msg
[1.574s] -- Up-to-date: /root/ws/origami/install/fiducials/include/fiducials/fiducials/msg/rosidl_typesupport_introspection_c__visibility_control.h
[1.574s] -- Up-to-date: /root/ws/origami/install/fiducials/include/fiducials/fiducials/msg/detail
[1.574s] -- Up-to-date: /root/ws/origami/install/fiducials/include/fiducials/fiducials/msg/detail/fiducial_transform_array__rosidl_typesupport_introspection_c.h
[1.574s] -- Up-to-date: /root/ws/origami/install/fiducials/include/fiducials/fiducials/msg/detail/fiducial_array__rosidl_typesupport_introspection_c.h
[1.575s] -- Up-to-date: /root/ws/origami/install/fiducials/include/fiducials/fiducials/msg/detail/fiducial__rosidl_typesupport_introspection_c.h
[1.575s] -- Up-to-date: /root/ws/origami/install/fiducials/include/fiducials/fiducials/msg/detail/fiducial_map_entry__type_support.c
[1.575s] -- Up-to-date: /root/ws/origami/install/fiducials/include/fiducials/fiducials/msg/detail/fiducial_transform_array__type_support.c
[1.575s] -- Up-to-date: /root/ws/origami/install/fiducials/include/fiducials/fiducials/msg/detail/fiducial_map_entry__rosidl_typesupport_introspection_c.h
[1.575s] -- Up-to-date: /root/ws/origami/install/fiducials/include/fiducials/fiducials/msg/detail/fiducial_transform__rosidl_typesupport_introspection_c.h
[1.575s] -- Up-to-date: /root/ws/origami/install/fiducials/include/fiducials/fiducials/msg/detail/fiducial_map_entry_array__rosidl_typesupport_introspection_c.h
[1.575s] -- Up-to-date: /root/ws/origami/install/fiducials/include/fiducials/fiducials/msg/detail/fiducial_array__type_support.c
[1.575s] -- Up-to-date: /root/ws/origami/install/fiducials/include/fiducials/fiducials/msg/detail/fiducial_transform__type_support.c
[1.575s] -- Up-to-date: /root/ws/origami/install/fiducials/include/fiducials/fiducials/msg/detail/fiducial__type_support.c
[1.575s] -- Up-to-date: /root/ws/origami/install/fiducials/include/fiducials/fiducials/msg/detail/fiducial_map_entry_array__type_support.c
[1.575s] -- Up-to-date: /root/ws/origami/install/fiducials/lib/libfiducials__rosidl_typesupport_introspection_c.so
[1.575s] -- Up-to-date: /root/ws/origami/install/fiducials/lib/libfiducials__rosidl_typesupport_c.so
[1.575s] -- Up-to-date: /root/ws/origami/install/fiducials/include/fiducials/fiducials
[1.575s] -- Up-to-date: /root/ws/origami/install/fiducials/include/fiducials/fiducials/msg
[1.575s] -- Up-to-date: /root/ws/origami/install/fiducials/include/fiducials/fiducials/msg/detail
[1.575s] -- Up-to-date: /root/ws/origami/install/fiducials/include/fiducials/fiducials/msg/detail/fiducial_transform__type_support.cpp
[1.575s] -- Up-to-date: /root/ws/origami/install/fiducials/include/fiducials/fiducials/msg/detail/fiducial_map_entry__rosidl_typesupport_introspection_cpp.hpp
[1.576s] -- Up-to-date: /root/ws/origami/install/fiducials/include/fiducials/fiducials/msg/detail/fiducial_transform_array__type_support.cpp
[1.576s] -- Up-to-date: /root/ws/origami/install/fiducials/include/fiducials/fiducials/msg/detail/fiducial_array__rosidl_typesupport_introspection_cpp.hpp
[1.576s] -- Up-to-date: /root/ws/origami/install/fiducials/include/fiducials/fiducials/msg/detail/fiducial_map_entry__type_support.cpp
[1.576s] -- Up-to-date: /root/ws/origami/install/fiducials/include/fiducials/fiducials/msg/detail/fiducial__rosidl_typesupport_introspection_cpp.hpp
[1.576s] -- Up-to-date: /root/ws/origami/install/fiducials/include/fiducials/fiducials/msg/detail/fiducial__type_support.cpp
[1.576s] -- Up-to-date: /root/ws/origami/install/fiducials/include/fiducials/fiducials/msg/detail/fiducial_map_entry_array__rosidl_typesupport_introspection_cpp.hpp
[1.576s] -- Up-to-date: /root/ws/origami/install/fiducials/include/fiducials/fiducials/msg/detail/fiducial_array__type_support.cpp
[1.576s] -- Up-to-date: /root/ws/origami/install/fiducials/include/fiducials/fiducials/msg/detail/fiducial_map_entry_array__type_support.cpp
[1.576s] -- Up-to-date: /root/ws/origami/install/fiducials/include/fiducials/fiducials/msg/detail/fiducial_transform__rosidl_typesupport_introspection_cpp.hpp
[1.576s] -- Up-to-date: /root/ws/origami/install/fiducials/include/fiducials/fiducials/msg/detail/fiducial_transform_array__rosidl_typesupport_introspection_cpp.hpp
[1.576s] -- Up-to-date: /root/ws/origami/install/fiducials/lib/libfiducials__rosidl_typesupport_introspection_cpp.so
[1.576s] -- Up-to-date: /root/ws/origami/install/fiducials/lib/libfiducials__rosidl_typesupport_cpp.so
[1.576s] -- Up-to-date: /root/ws/origami/install/fiducials/share/fiducials/environment/pythonpath.sh
[1.576s] -- Up-to-date: /root/ws/origami/install/fiducials/share/fiducials/environment/pythonpath.dsv
[1.576s] -- Up-to-date: /root/ws/origami/install/fiducials/local/lib/python3.10/dist-packages/fiducials-0.0.0-py3.10.egg-info
[1.577s] -- Installing: /root/ws/origami/install/fiducials/local/lib/python3.10/dist-packages/fiducials-0.0.0-py3.10.egg-info/top_level.txt
[1.577s] -- Installing: /root/ws/origami/install/fiducials/local/lib/python3.10/dist-packages/fiducials-0.0.0-py3.10.egg-info/SOURCES.txt
[1.577s] -- Installing: /root/ws/origami/install/fiducials/local/lib/python3.10/dist-packages/fiducials-0.0.0-py3.10.egg-info/dependency_links.txt
[1.577s] -- Installing: /root/ws/origami/install/fiducials/local/lib/python3.10/dist-packages/fiducials-0.0.0-py3.10.egg-info/PKG-INFO
[1.577s] -- Up-to-date: /root/ws/origami/install/fiducials/local/lib/python3.10/dist-packages/fiducials
[1.577s] -- Up-to-date: /root/ws/origami/install/fiducials/local/lib/python3.10/dist-packages/fiducials/_fiducials_s.ep.rosidl_typesupport_introspection_c.c
[1.577s] -- Up-to-date: /root/ws/origami/install/fiducials/local/lib/python3.10/dist-packages/fiducials/fiducials_s__rosidl_typesupport_fastrtps_c.cpython-310-x86_64-linux-gnu.so
[1.577s] -- Up-to-date: /root/ws/origami/install/fiducials/local/lib/python3.10/dist-packages/fiducials/_fiducials_s.ep.rosidl_typesupport_fastrtps_c.c
[1.578s] -- Up-to-date: /root/ws/origami/install/fiducials/local/lib/python3.10/dist-packages/fiducials/fiducials_s__rosidl_typesupport_c.cpython-310-x86_64-linux-gnu.so
[1.578s] -- Up-to-date: /root/ws/origami/install/fiducials/local/lib/python3.10/dist-packages/fiducials/libfiducials__rosidl_generator_py.so
[1.578s] -- Up-to-date: /root/ws/origami/install/fiducials/local/lib/python3.10/dist-packages/fiducials/_fiducials_s.ep.rosidl_typesupport_c.c
[1.578s] -- Up-to-date: /root/ws/origami/install/fiducials/local/lib/python3.10/dist-packages/fiducials/__init__.py
[1.578s] -- Up-to-date: /root/ws/origami/install/fiducials/local/lib/python3.10/dist-packages/fiducials/fiducials_s__rosidl_typesupport_introspection_c.cpython-310-x86_64-linux-gnu.so
[1.578s] -- Up-to-date: /root/ws/origami/install/fiducials/local/lib/python3.10/dist-packages/fiducials/msg
[1.578s] -- Up-to-date: /root/ws/origami/install/fiducials/local/lib/python3.10/dist-packages/fiducials/msg/_fiducial.py
[1.578s] -- Up-to-date: /root/ws/origami/install/fiducials/local/lib/python3.10/dist-packages/fiducials/msg/_fiducial_array_s.c
[1.578s] -- Up-to-date: /root/ws/origami/install/fiducials/local/lib/python3.10/dist-packages/fiducials/msg/_fiducial_transform.py
[1.579s] -- Up-to-date: /root/ws/origami/install/fiducials/local/lib/python3.10/dist-packages/fiducials/msg/_fiducial_map_entry_s.c
[1.579s] -- Up-to-date: /root/ws/origami/install/fiducials/local/lib/python3.10/dist-packages/fiducials/msg/_fiducial_transform_array_s.c
[1.579s] -- Up-to-date: /root/ws/origami/install/fiducials/local/lib/python3.10/dist-packages/fiducials/msg/_fiducial_array.py
[1.579s] -- Up-to-date: /root/ws/origami/install/fiducials/local/lib/python3.10/dist-packages/fiducials/msg/__init__.py
[1.579s] -- Up-to-date: /root/ws/origami/install/fiducials/local/lib/python3.10/dist-packages/fiducials/msg/_fiducial_map_entry_array.py
[1.579s] -- Up-to-date: /root/ws/origami/install/fiducials/local/lib/python3.10/dist-packages/fiducials/msg/_fiducial_transform_s.c
[1.579s] -- Up-to-date: /root/ws/origami/install/fiducials/local/lib/python3.10/dist-packages/fiducials/msg/_fiducial_s.c
[1.579s] -- Up-to-date: /root/ws/origami/install/fiducials/local/lib/python3.10/dist-packages/fiducials/msg/_fiducial_transform_array.py
[1.579s] -- Up-to-date: /root/ws/origami/install/fiducials/local/lib/python3.10/dist-packages/fiducials/msg/_fiducial_map_entry.py
[1.579s] -- Up-to-date: /root/ws/origami/install/fiducials/local/lib/python3.10/dist-packages/fiducials/msg/_fiducial_map_entry_array_s.c
[1.649s] Listing '/root/ws/origami/install/fiducials/local/lib/python3.10/dist-packages/fiducials'...
[1.649s] Listing '/root/ws/origami/install/fiducials/local/lib/python3.10/dist-packages/fiducials/msg'...
[1.658s] -- Up-to-date: /root/ws/origami/install/fiducials/local/lib/python3.10/dist-packages/fiducials/fiducials_s__rosidl_typesupport_fastrtps_c.cpython-310-x86_64-linux-gnu.so
[1.658s] -- Up-to-date: /root/ws/origami/install/fiducials/local/lib/python3.10/dist-packages/fiducials/fiducials_s__rosidl_typesupport_introspection_c.cpython-310-x86_64-linux-gnu.so
[1.659s] -- Up-to-date: /root/ws/origami/install/fiducials/local/lib/python3.10/dist-packages/fiducials/fiducials_s__rosidl_typesupport_c.cpython-310-x86_64-linux-gnu.so
[1.660s] -- Up-to-date: /root/ws/origami/install/fiducials/lib/libfiducials__rosidl_generator_py.so
[1.660s] -- Up-to-date: /root/ws/origami/install/fiducials/share/fiducials/msg/Fiducial.idl
[1.660s] -- Up-to-date: /root/ws/origami/install/fiducials/share/fiducials/msg/FiducialArray.idl
[1.661s] -- Up-to-date: /root/ws/origami/install/fiducials/share/fiducials/msg/FiducialTransform.idl
[1.661s] -- Up-to-date: /root/ws/origami/install/fiducials/share/fiducials/msg/FiducialTransformArray.idl
[1.661s] -- Up-to-date: /root/ws/origami/install/fiducials/share/fiducials/msg/FiducialMapEntry.idl
[1.661s] -- Up-to-date: /root/ws/origami/install/fiducials/share/fiducials/msg/FiducialMapEntryArray.idl
[1.661s] -- Up-to-date: /root/ws/origami/install/fiducials/share/fiducials/msg/Fiducial.msg
[1.661s] -- Up-to-date: /root/ws/origami/install/fiducials/share/fiducials/msg/FiducialArray.msg
[1.662s] -- Up-to-date: /root/ws/origami/install/fiducials/share/fiducials/msg/FiducialTransform.msg
[1.678s] -- Up-to-date: /root/ws/origami/install/fiducials/share/fiducials/msg/FiducialTransformArray.msg
[1.679s] -- Up-to-date: /root/ws/origami/install/fiducials/share/fiducials/msg/FiducialMapEntry.msg
[1.679s] -- Up-to-date: /root/ws/origami/install/fiducials/share/fiducials/msg/FiducialMapEntryArray.msg
[1.679s] -- Up-to-date: /root/ws/origami/install/fiducials/local/lib/python3.10/dist-packages/scripts-0.0.0-py3.10.egg-info
[1.679s] -- Installing: /root/ws/origami/install/fiducials/local/lib/python3.10/dist-packages/scripts-0.0.0-py3.10.egg-info/top_level.txt
[1.679s] -- Installing: /root/ws/origami/install/fiducials/local/lib/python3.10/dist-packages/scripts-0.0.0-py3.10.egg-info/SOURCES.txt
[1.679s] -- Installing: /root/ws/origami/install/fiducials/local/lib/python3.10/dist-packages/scripts-0.0.0-py3.10.egg-info/dependency_links.txt
[1.679s] -- Installing: /root/ws/origami/install/fiducials/local/lib/python3.10/dist-packages/scripts-0.0.0-py3.10.egg-info/PKG-INFO
[1.680s] -- Up-to-date: /root/ws/origami/install/fiducials/local/lib/python3.10/dist-packages/scripts
[1.680s] -- Up-to-date: /root/ws/origami/install/fiducials/local/lib/python3.10/dist-packages/scripts/create_markers.py
[1.680s] -- Up-to-date: /root/ws/origami/install/fiducials/local/lib/python3.10/dist-packages/scripts/camera_calibrate.py
[1.680s] -- Up-to-date: /root/ws/origami/install/fiducials/local/lib/python3.10/dist-packages/scripts/aruco_detect.py
[1.680s] -- Up-to-date: /root/ws/origami/install/fiducials/local/lib/python3.10/dist-packages/scripts/PupilGlassesCalibration.pckl
[1.680s] -- Up-to-date: /root/ws/origami/install/fiducials/local/lib/python3.10/dist-packages/scripts/__init__.py
[1.680s] -- Up-to-date: /root/ws/origami/install/fiducials/local/lib/python3.10/dist-packages/scripts/aruco_mapper.py
[1.680s] -- Up-to-date: /root/ws/origami/install/fiducials/local/lib/python3.10/dist-packages/scripts/camera_calibration
[1.681s] -- Up-to-date: /root/ws/origami/install/fiducials/local/lib/python3.10/dist-packages/scripts/camera_calibration/old_webcam_calibration_images
[1.681s] -- Up-to-date: /root/ws/origami/install/fiducials/local/lib/python3.10/dist-packages/scripts/camera_calibration/old_webcam_calibration_images/2022-04-25-100708.jpg
[1.681s] -- Up-to-date: /root/ws/origami/install/fiducials/local/lib/python3.10/dist-packages/scripts/camera_calibration/old_webcam_calibration_images/2022-04-25-100736.jpg
[1.681s] -- Up-to-date: /root/ws/origami/install/fiducials/local/lib/python3.10/dist-packages/scripts/camera_calibration/old_webcam_calibration_images/2022-04-25-100504.jpg
[1.681s] -- Up-to-date: /root/ws/origami/install/fiducials/local/lib/python3.10/dist-packages/scripts/camera_calibration/old_webcam_calibration_images/2022-04-25-100601.jpg
[1.681s] -- Up-to-date: /root/ws/origami/install/fiducials/local/lib/python3.10/dist-packages/scripts/camera_calibration/old_webcam_calibration_images/2022-04-25-100614.jpg
[1.681s] -- Up-to-date: /root/ws/origami/install/fiducials/local/lib/python3.10/dist-packages/scripts/camera_calibration/old_webcam_calibration_images/2022-04-25-100643.jpg
[1.681s] -- Up-to-date: /root/ws/origami/install/fiducials/local/lib/python3.10/dist-packages/scripts/camera_calibration/old_webcam_calibration_images/2022-04-25-100453.jpg
[1.681s] -- Up-to-date: /root/ws/origami/install/fiducials/local/lib/python3.10/dist-packages/scripts/camera_calibration/old_webcam_calibration_images/2022-04-25-100626.jpg
[1.682s] -- Up-to-date: /root/ws/origami/install/fiducials/local/lib/python3.10/dist-packages/scripts/camera_calibration/old_webcam_calibration_images/2022-04-25-100719.jpg
[1.682s] -- Up-to-date: /root/ws/origami/install/fiducials/local/lib/python3.10/dist-packages/scripts/camera_calibration/old_webcam_calibration_images/2022-04-25-100654.jpg
[1.682s] -- Up-to-date: /root/ws/origami/install/fiducials/local/lib/python3.10/dist-packages/scripts/camera_calibration/old_webcam_calibration_images/2022-04-25-100514.jpg
[1.682s] -- Up-to-date: /root/ws/origami/install/fiducials/local/lib/python3.10/dist-packages/scripts/camera_calibration/old_webcam_calibration_images/2022-04-25-100635.jpg
[1.682s] -- Up-to-date: /root/ws/origami/install/fiducials/local/lib/python3.10/dist-packages/scripts/camera_calibration/old_webcam_calibration_images/2022-04-25-100550.jpg
[1.682s] -- Up-to-date: /root/ws/origami/install/fiducials/local/lib/python3.10/dist-packages/scripts/camera_calibration/old_webcam_calibration_images/2022-04-25-100447.jpg
[1.682s] -- Up-to-date: /root/ws/origami/install/fiducials/local/lib/python3.10/dist-packages/scripts/camera_calibration/old_webcam_calibration_images/2022-04-25-100542.jpg
[1.682s] -- Up-to-date: /root/ws/origami/install/fiducials/local/lib/python3.10/dist-packages/scripts/camera_calibration/calibration.pckl
[1.683s] -- Up-to-date: /root/ws/origami/install/fiducials/local/lib/python3.10/dist-packages/scripts/camera_calibration/TobiiCalibration
[1.683s] -- Up-to-date: /root/ws/origami/install/fiducials/local/lib/python3.10/dist-packages/scripts/camera_calibration/TobiiCalibration/vlcsnap-2022-04-28-16h18m42s700.png
[1.683s] -- Up-to-date: /root/ws/origami/install/fiducials/local/lib/python3.10/dist-packages/scripts/camera_calibration/TobiiCalibration/vlcsnap-2022-04-28-16h21m21s263.png
[1.683s] -- Up-to-date: /root/ws/origami/install/fiducials/local/lib/python3.10/dist-packages/scripts/camera_calibration/TobiiCalibration/vlcsnap-2022-04-28-16h18m59s845.png
[1.683s] -- Up-to-date: /root/ws/origami/install/fiducials/local/lib/python3.10/dist-packages/scripts/camera_calibration/TobiiCalibration/vlcsnap-2022-04-28-16h14m37s506.png
[1.683s] -- Up-to-date: /root/ws/origami/install/fiducials/local/lib/python3.10/dist-packages/scripts/camera_calibration/TobiiCalibration/vlcsnap-2022-04-28-16h13m51s644.png
[1.683s] -- Up-to-date: /root/ws/origami/install/fiducials/local/lib/python3.10/dist-packages/scripts/camera_calibration/TobiiCalibration/vlcsnap-2022-04-28-16h18m33s305.png
[1.683s] -- Up-to-date: /root/ws/origami/install/fiducials/local/lib/python3.10/dist-packages/scripts/camera_calibration/TobiiCalibration/vlcsnap-2022-04-28-16h21m16s913.png
[1.683s] -- Up-to-date: /root/ws/origami/install/fiducials/local/lib/python3.10/dist-packages/scripts/camera_calibration/TobiiCalibration/calibration.pckl
[1.683s] -- Up-to-date: /root/ws/origami/install/fiducials/local/lib/python3.10/dist-packages/scripts/camera_calibration/TobiiCalibration/vlcsnap-2022-04-28-16h19m21s435.png
[1.684s] -- Up-to-date: /root/ws/origami/install/fiducials/local/lib/python3.10/dist-packages/scripts/camera_calibration/TobiiCalibration/vlcsnap-2022-04-28-16h21m12s225.png
[1.684s] -- Up-to-date: /root/ws/origami/install/fiducials/local/lib/python3.10/dist-packages/scripts/camera_calibration/TobiiCalibration/vlcsnap-2022-04-28-16h19m51s539.png
[1.684s] -- Up-to-date: /root/ws/origami/install/fiducials/local/lib/python3.10/dist-packages/scripts/camera_calibration/TobiiCalibration/vlcsnap-2022-04-28-16h20m56s584.png
[1.684s] -- Up-to-date: /root/ws/origami/install/fiducials/local/lib/python3.10/dist-packages/scripts/camera_calibration/TobiiCalibration/vlcsnap-2022-04-28-16h15m08s507.png
[1.684s] -- Up-to-date: /root/ws/origami/install/fiducials/local/lib/python3.10/dist-packages/scripts/camera_calibration/TobiiCalibration/vlcsnap-2022-04-28-16h18m53s558.png
[1.684s] -- Up-to-date: /root/ws/origami/install/fiducials/local/lib/python3.10/dist-packages/scripts/camera_calibration/TobiiCalibration/vlcsnap-2022-04-28-16h21m39s908.png
[1.684s] -- Up-to-date: /root/ws/origami/install/fiducials/local/lib/python3.10/dist-packages/scripts/camera_calibration/TobiiCalibration/vlcsnap-2022-04-28-16h21m03s920.png
[1.684s] -- Up-to-date: /root/ws/origami/install/fiducials/local/lib/python3.10/dist-packages/scripts/camera_calibration/TobiiCalibration/vlcsnap-2022-04-28-16h21m45s787.png
[1.684s] -- Up-to-date: /root/ws/origami/install/fiducials/local/lib/python3.10/dist-packages/scripts/camera_calibration/TobiiCalibration/vlcsnap-2022-04-28-16h20m01s390.png
[1.685s] -- Up-to-date: /root/ws/origami/install/fiducials/local/lib/python3.10/dist-packages/scripts/camera_calibration/TobiiCalibration/vlcsnap-2022-04-28-16h22m00s263.png
[1.685s] -- Up-to-date: /root/ws/origami/install/fiducials/local/lib/python3.10/dist-packages/scripts/camera_calibration/TobiiCalibration/vlcsnap-2022-04-28-16h19m04s522.png
[1.685s] -- Up-to-date: /root/ws/origami/install/fiducials/local/lib/python3.10/dist-packages/scripts/camera_calibration/TobiiCalibration/vlcsnap-2022-04-28-16h21m56s920.png
[1.685s] -- Up-to-date: /root/ws/origami/install/fiducials/local/lib/python3.10/dist-packages/scripts/camera_calibration/TobiiCalibration/vlcsnap-2022-04-28-16h18m24s207.png
[1.685s] -- Up-to-date: /root/ws/origami/install/fiducials/local/lib/python3.10/dist-packages/scripts/camera_calibration/TobiiCalibration/vlcsnap-2022-04-28-16h19m12s268.png
[1.685s] -- Up-to-date: /root/ws/origami/install/fiducials/local/lib/python3.10/dist-packages/scripts/camera_calibration/TobiiCalibration/vlcsnap-2022-04-28-16h19m57s011.png
[1.685s] -- Up-to-date: /root/ws/origami/install/fiducials/local/lib/python3.10/dist-packages/scripts/camera_calibration/TobiiCalibration/vlcsnap-2022-04-28-16h21m08s214.png
[1.685s] -- Up-to-date: /root/ws/origami/install/fiducials/local/lib/python3.10/dist-packages/scripts/camera_calibration/TobiiCalibration/vlcsnap-2022-04-28-16h20m10s240.png
[1.685s] -- Up-to-date: /root/ws/origami/install/fiducials/local/lib/python3.10/dist-packages/scripts/camera_calibration/TobiiCalibration/vlcsnap-2022-04-28-16h19m25s886.png
[1.686s] -- Up-to-date: /root/ws/origami/install/fiducials/local/lib/python3.10/dist-packages/scripts/camera_calibration/TobiiCalibration/vlcsnap-2022-04-28-16h20m49s540.png
[1.686s] -- Up-to-date: /root/ws/origami/install/fiducials/local/lib/python3.10/dist-packages/scripts/camera_calibration/TobiiCalibration/vlcsnap-2022-04-28-16h14m26s085.png
[1.686s] -- Up-to-date: /root/ws/origami/install/fiducials/local/lib/python3.10/dist-packages/scripts/camera_calibration/old_webcam.pckl
[1.686s] -- Up-to-date: /root/ws/origami/install/fiducials/local/lib/python3.10/dist-packages/scripts/camera_calibration/pupil_glasses_calibration_images
[1.686s] -- Up-to-date: /root/ws/origami/install/fiducials/local/lib/python3.10/dist-packages/scripts/camera_calibration/pupil_glasses_calibration_images/PupilCalibrationImage02.png
[1.686s] -- Up-to-date: /root/ws/origami/install/fiducials/local/lib/python3.10/dist-packages/scripts/camera_calibration/pupil_glasses_calibration_images/PupilCalibrationImage07.png
[1.686s] -- Up-to-date: /root/ws/origami/install/fiducials/local/lib/python3.10/dist-packages/scripts/camera_calibration/pupil_glasses_calibration_images/PupilCalibrationImage09.png
[1.687s] -- Up-to-date: /root/ws/origami/install/fiducials/local/lib/python3.10/dist-packages/scripts/camera_calibration/pupil_glasses_calibration_images/PupilCalibrationImage13.png
[1.687s] -- Up-to-date: /root/ws/origami/install/fiducials/local/lib/python3.10/dist-packages/scripts/camera_calibration/pupil_glasses_calibration_images/PupilCalibrationImage05.png
[1.687s] -- Up-to-date: /root/ws/origami/install/fiducials/local/lib/python3.10/dist-packages/scripts/camera_calibration/pupil_glasses_calibration_images/PupilCalibrationImage12.png
[1.687s] -- Up-to-date: /root/ws/origami/install/fiducials/local/lib/python3.10/dist-packages/scripts/camera_calibration/pupil_glasses_calibration_images/PupilCalibrationImage06.png
[1.687s] -- Up-to-date: /root/ws/origami/install/fiducials/local/lib/python3.10/dist-packages/scripts/camera_calibration/pupil_glasses_calibration_images/PupilCalibrationImage04.png
[1.687s] -- Up-to-date: /root/ws/origami/install/fiducials/local/lib/python3.10/dist-packages/scripts/camera_calibration/pupil_glasses_calibration_images/PupilCalibrationImage10.png
[1.687s] -- Up-to-date: /root/ws/origami/install/fiducials/local/lib/python3.10/dist-packages/scripts/camera_calibration/pupil_glasses_calibration_images/PupilCalibrationImage11.png
[1.687s] -- Up-to-date: /root/ws/origami/install/fiducials/local/lib/python3.10/dist-packages/scripts/camera_calibration/pupil_glasses_calibration_images/PupilCalibrationImage08.png
[1.687s] -- Up-to-date: /root/ws/origami/install/fiducials/local/lib/python3.10/dist-packages/scripts/camera_calibration/pupil_glasses_calibration_images/PupilCalibrationImage01.png
[1.688s] -- Up-to-date: /root/ws/origami/install/fiducials/local/lib/python3.10/dist-packages/scripts/camera_calibration/pupil_glasses_calibration_images/PupilCalibrationImage14.png
[1.688s] -- Up-to-date: /root/ws/origami/install/fiducials/local/lib/python3.10/dist-packages/scripts/camera_calibration/pupil_glasses_calibration_images/PupilCalibrationImage03.png
[1.688s] -- Up-to-date: /root/ws/origami/install/fiducials/local/lib/python3.10/dist-packages/scripts/camera_calibration/pupil_glasses_calibration_images/PupilCalibrationImage16.png
[1.688s] -- Up-to-date: /root/ws/origami/install/fiducials/local/lib/python3.10/dist-packages/scripts/camera_calibration/pupil_glasses_calibration_images/PupilCalibrationImage15.png
[1.731s] Listing '/root/ws/origami/install/fiducials/local/lib/python3.10/dist-packages/scripts'...
[1.731s] Listing '/root/ws/origami/install/fiducials/local/lib/python3.10/dist-packages/scripts/camera_calibration'...
[1.731s] Listing '/root/ws/origami/install/fiducials/local/lib/python3.10/dist-packages/scripts/camera_calibration/TobiiCalibration'...
[1.731s] Listing '/root/ws/origami/install/fiducials/local/lib/python3.10/dist-packages/scripts/camera_calibration/old_webcam_calibration_images'...
[1.732s] Listing '/root/ws/origami/install/fiducials/local/lib/python3.10/dist-packages/scripts/camera_calibration/pupil_glasses_calibration_images'...
[1.738s] -- Up-to-date: /root/ws/origami/install/fiducials/lib/fiducials/aruco_detect.py
[1.738s] -- Up-to-date: /root/ws/origami/install/fiducials/lib/fiducials/aruco_mapper.py
[1.739s] -- Up-to-date: /root/ws/origami/install/fiducials/share/ament_index/resource_index/package_run_dependencies/fiducials
[1.739s] -- Up-to-date: /root/ws/origami/install/fiducials/share/ament_index/resource_index/parent_prefix_path/fiducials
[1.739s] -- Up-to-date: /root/ws/origami/install/fiducials/share/fiducials/environment/ament_prefix_path.sh
[1.739s] -- Up-to-date: /root/ws/origami/install/fiducials/share/fiducials/environment/ament_prefix_path.dsv
[1.740s] -- Up-to-date: /root/ws/origami/install/fiducials/share/fiducials/environment/path.sh
[1.741s] -- Up-to-date: /root/ws/origami/install/fiducials/share/fiducials/environment/path.dsv
[1.741s] -- Up-to-date: /root/ws/origami/install/fiducials/share/fiducials/local_setup.bash
[1.741s] -- Up-to-date: /root/ws/origami/install/fiducials/share/fiducials/local_setup.sh
[1.741s] -- Up-to-date: /root/ws/origami/install/fiducials/share/fiducials/local_setup.zsh
[1.741s] -- Up-to-date: /root/ws/origami/install/fiducials/share/fiducials/local_setup.dsv
[1.741s] -- Installing: /root/ws/origami/install/fiducials/share/fiducials/package.dsv
[1.745s] -- Up-to-date: /root/ws/origami/install/fiducials/share/ament_index/resource_index/packages/fiducials
[1.745s] -- Up-to-date: /root/ws/origami/install/fiducials/share/fiducials/cmake/export_fiducials__rosidl_generator_cExport.cmake
[1.745s] -- Up-to-date: /root/ws/origami/install/fiducials/share/fiducials/cmake/export_fiducials__rosidl_generator_cExport-noconfig.cmake
[1.746s] -- Up-to-date: /root/ws/origami/install/fiducials/share/fiducials/cmake/export_fiducials__rosidl_typesupport_fastrtps_cExport.cmake
[1.746s] -- Up-to-date: /root/ws/origami/install/fiducials/share/fiducials/cmake/export_fiducials__rosidl_typesupport_fastrtps_cExport-noconfig.cmake
[1.746s] -- Up-to-date: /root/ws/origami/install/fiducials/share/fiducials/cmake/export_fiducials__rosidl_generator_cppExport.cmake
[1.746s] -- Up-to-date: /root/ws/origami/install/fiducials/share/fiducials/cmake/export_fiducials__rosidl_typesupport_fastrtps_cppExport.cmake
[1.746s] -- Up-to-date: /root/ws/origami/install/fiducials/share/fiducials/cmake/export_fiducials__rosidl_typesupport_fastrtps_cppExport-noconfig.cmake
[1.747s] -- Up-to-date: /root/ws/origami/install/fiducials/share/fiducials/cmake/fiducials__rosidl_typesupport_introspection_cExport.cmake
[1.748s] -- Up-to-date: /root/ws/origami/install/fiducials/share/fiducials/cmake/fiducials__rosidl_typesupport_introspection_cExport-noconfig.cmake
[1.748s] -- Up-to-date: /root/ws/origami/install/fiducials/share/fiducials/cmake/fiducials__rosidl_typesupport_cExport.cmake
[1.748s] -- Up-to-date: /root/ws/origami/install/fiducials/share/fiducials/cmake/fiducials__rosidl_typesupport_cExport-noconfig.cmake
[1.749s] -- Up-to-date: /root/ws/origami/install/fiducials/share/fiducials/cmake/fiducials__rosidl_typesupport_introspection_cppExport.cmake
[1.749s] -- Up-to-date: /root/ws/origami/install/fiducials/share/fiducials/cmake/fiducials__rosidl_typesupport_introspection_cppExport-noconfig.cmake
[1.749s] -- Up-to-date: /root/ws/origami/install/fiducials/share/fiducials/cmake/fiducials__rosidl_typesupport_cppExport.cmake
[1.749s] -- Up-to-date: /root/ws/origami/install/fiducials/share/fiducials/cmake/fiducials__rosidl_typesupport_cppExport-noconfig.cmake
[1.750s] -- Up-to-date: /root/ws/origami/install/fiducials/share/fiducials/cmake/export_fiducials__rosidl_generator_pyExport.cmake
[1.750s] -- Up-to-date: /root/ws/origami/install/fiducials/share/fiducials/cmake/export_fiducials__rosidl_generator_pyExport-noconfig.cmake
[1.750s] -- Up-to-date: /root/ws/origami/install/fiducials/share/fiducials/cmake/rosidl_cmake-extras.cmake
[1.750s] -- Up-to-date: /root/ws/origami/install/fiducials/share/fiducials/cmake/ament_cmake_export_dependencies-extras.cmake
[1.750s] -- Up-to-date: /root/ws/origami/install/fiducials/share/fiducials/cmake/ament_cmake_export_include_directories-extras.cmake
[1.750s] -- Up-to-date: /root/ws/origami/install/fiducials/share/fiducials/cmake/ament_cmake_export_libraries-extras.cmake
[1.750s] -- Up-to-date: /root/ws/origami/install/fiducials/share/fiducials/cmake/ament_cmake_export_targets-extras.cmake
[1.751s] -- Up-to-date: /root/ws/origami/install/fiducials/share/fiducials/cmake/rosidl_cmake_export_typesupport_targets-extras.cmake
[1.751s] -- Up-to-date: /root/ws/origami/install/fiducials/share/fiducials/cmake/rosidl_cmake_export_typesupport_libraries-extras.cmake
[1.751s] -- Up-to-date: /root/ws/origami/install/fiducials/share/fiducials/cmake/fiducialsConfig.cmake
[1.751s] -- Up-to-date: /root/ws/origami/install/fiducials/share/fiducials/cmake/fiducialsConfig-version.cmake
[1.751s] -- Up-to-date: /root/ws/origami/install/fiducials/share/fiducials/package.xml
[1.800s] Invoked command in '/root/ws/origami/build/fiducials' returned '0': CMAKE_PREFIX_PATH=${CMAKE_PREFIX_PATH}:/opt/ros/humble /usr/bin/cmake --install /root/ws/origami/build/fiducials
