[0.934s] DEBUG:colcon:Command line arguments: ['/usr/bin/colcon', 'build']
[0.934s] DEBUG:colcon:Parsed command line arguments: Namespace(log_base=None, log_level=None, verb_name='build', build_base='build', install_base='install', merge_install=False, symlink_install=False, test_result_base=None, continue_on_error=False, executor='parallel', parallel_workers=12, event_handlers=None, ignore_user_meta=False, metas=['./colcon.meta'], base_paths=['.'], packages_ignore=None, packages_ignore_regex=None, paths=None, packages_up_to=None, packages_up_to_regex=None, packages_above=None, packages_above_and_dependencies=None, packages_above_depth=None, packages_select_by_dep=None, packages_skip_by_dep=None, packages_skip_up_to=None, packages_select_build_failed=False, packages_skip_build_finished=False, packages_select_test_failures=False, packages_skip_test_passed=False, packages_select=None, packages_skip=None, packages_select_regex=None, packages_skip_regex=None, packages_start=None, packages_end=None, cmake_args=None, cmake_target=None, cmake_target_skip_unavailable=False, cmake_clean_cache=False, cmake_clean_first=False, cmake_force_configure=False, ament_cmake_args=None, catkin_cmake_args=None, catkin_skip_building_tests=False, mixin_files=None, mixin=None, verb_parser=<colcon_mixin.mixin.mixin_argument.MixinArgumentDecorator object at 0x7f52779ac7c0>, verb_extension=<colcon_core.verb.build.BuildVerb object at 0x7f52779aea40>, main=<bound method BuildVerb.main of <colcon_core.verb.build.BuildVerb object at 0x7f52779aea40>>, mixin_verb=('build',))
[0.974s] Level 1:colcon.colcon_core.package_discovery:discover_packages(colcon_meta) check parameters
[0.975s] INFO:colcon.colcon_metadata.package_discovery.colcon_meta:Using configuration from '/root/.colcon/metadata/default/Gazebo.meta'
[0.976s] INFO:colcon.colcon_metadata.package_discovery.colcon_meta:Using configuration from '/root/.colcon/metadata/default/fastrtps.meta'
[0.976s] Level 1:colcon.colcon_core.package_discovery:discover_packages(recursive) check parameters
[0.976s] Level 1:colcon.colcon_core.package_discovery:discover_packages(ignore) check parameters
[0.976s] Level 1:colcon.colcon_core.package_discovery:discover_packages(path) check parameters
[0.976s] Level 1:colcon.colcon_core.package_discovery:discover_packages(colcon_meta) discover
[0.976s] Level 1:colcon.colcon_core.package_discovery:discover_packages(recursive) discover
[0.976s] INFO:colcon.colcon_core.package_discovery:Crawling recursively for packages in '/root/ws/origami'
[0.976s] Level 1:colcon.colcon_core.package_identification:_identify(.) by extensions ['ignore', 'ignore_ament_install']
[0.976s] Level 1:colcon.colcon_core.package_identification:_identify(.) by extension 'ignore'
[0.976s] Level 1:colcon.colcon_core.package_identification:_identify(.) by extension 'ignore_ament_install'
[0.976s] Level 1:colcon.colcon_core.package_identification:_identify(.) by extensions ['colcon_pkg']
[0.976s] Level 1:colcon.colcon_core.package_identification:_identify(.) by extension 'colcon_pkg'
[0.976s] Level 1:colcon.colcon_core.package_identification:_identify(.) by extensions ['colcon_meta']
[0.976s] Level 1:colcon.colcon_core.package_identification:_identify(.) by extension 'colcon_meta'
[0.976s] Level 1:colcon.colcon_core.package_identification:_identify(.) by extensions ['ros']
[0.976s] Level 1:colcon.colcon_core.package_identification:_identify(.) by extension 'ros'
[0.989s] Level 1:colcon.colcon_core.package_identification:_identify(.) by extensions ['cmake', 'python']
[0.989s] Level 1:colcon.colcon_core.package_identification:_identify(.) by extension 'cmake'
[0.989s] Level 1:colcon.colcon_core.package_identification:_identify(.) by extension 'python'
[0.989s] Level 1:colcon.colcon_core.package_identification:_identify(.) by extensions ['python_setup_py']
[0.989s] Level 1:colcon.colcon_core.package_identification:_identify(.) by extension 'python_setup_py'
[0.989s] Level 1:colcon.colcon_core.package_identification:_identify(build) by extensions ['ignore', 'ignore_ament_install']
[0.990s] Level 1:colcon.colcon_core.package_identification:_identify(build) by extension 'ignore'
[0.990s] Level 1:colcon.colcon_core.package_identification:_identify(build) ignored
[0.990s] Level 1:colcon.colcon_core.package_identification:_identify(include) by extensions ['ignore', 'ignore_ament_install']
[0.990s] Level 1:colcon.colcon_core.package_identification:_identify(include) by extension 'ignore'
[0.990s] Level 1:colcon.colcon_core.package_identification:_identify(include) by extension 'ignore_ament_install'
[0.990s] Level 1:colcon.colcon_core.package_identification:_identify(include) by extensions ['colcon_pkg']
[0.990s] Level 1:colcon.colcon_core.package_identification:_identify(include) by extension 'colcon_pkg'
[0.990s] Level 1:colcon.colcon_core.package_identification:_identify(include) by extensions ['colcon_meta']
[0.990s] Level 1:colcon.colcon_core.package_identification:_identify(include) by extension 'colcon_meta'
[0.990s] Level 1:colcon.colcon_core.package_identification:_identify(include) by extensions ['ros']
[0.990s] Level 1:colcon.colcon_core.package_identification:_identify(include) by extension 'ros'
[0.990s] Level 1:colcon.colcon_core.package_identification:_identify(include) by extensions ['cmake', 'python']
[0.990s] Level 1:colcon.colcon_core.package_identification:_identify(include) by extension 'cmake'
[0.990s] Level 1:colcon.colcon_core.package_identification:_identify(include) by extension 'python'
[0.990s] Level 1:colcon.colcon_core.package_identification:_identify(include) by extensions ['python_setup_py']
[0.990s] Level 1:colcon.colcon_core.package_identification:_identify(include) by extension 'python_setup_py'
[0.990s] Level 1:colcon.colcon_core.package_identification:_identify(include/origami) by extensions ['ignore', 'ignore_ament_install']
[0.990s] Level 1:colcon.colcon_core.package_identification:_identify(include/origami) by extension 'ignore'
[0.990s] Level 1:colcon.colcon_core.package_identification:_identify(include/origami) by extension 'ignore_ament_install'
[0.990s] Level 1:colcon.colcon_core.package_identification:_identify(include/origami) by extensions ['colcon_pkg']
[0.991s] Level 1:colcon.colcon_core.package_identification:_identify(include/origami) by extension 'colcon_pkg'
[0.991s] Level 1:colcon.colcon_core.package_identification:_identify(include/origami) by extensions ['colcon_meta']
[0.991s] Level 1:colcon.colcon_core.package_identification:_identify(include/origami) by extension 'colcon_meta'
[0.991s] Level 1:colcon.colcon_core.package_identification:_identify(include/origami) by extensions ['ros']
[0.991s] Level 1:colcon.colcon_core.package_identification:_identify(include/origami) by extension 'ros'
[0.991s] Level 1:colcon.colcon_core.package_identification:_identify(include/origami) by extensions ['cmake', 'python']
[0.991s] Level 1:colcon.colcon_core.package_identification:_identify(include/origami) by extension 'cmake'
[0.991s] Level 1:colcon.colcon_core.package_identification:_identify(include/origami) by extension 'python'
[0.991s] Level 1:colcon.colcon_core.package_identification:_identify(include/origami) by extensions ['python_setup_py']
[0.991s] Level 1:colcon.colcon_core.package_identification:_identify(include/origami) by extension 'python_setup_py'
[0.991s] Level 1:colcon.colcon_core.package_identification:_identify(install) by extensions ['ignore', 'ignore_ament_install']
[0.991s] Level 1:colcon.colcon_core.package_identification:_identify(install) by extension 'ignore'
[0.991s] Level 1:colcon.colcon_core.package_identification:_identify(install) ignored
[0.991s] Level 1:colcon.colcon_core.package_identification:_identify(log) by extensions ['ignore', 'ignore_ament_install']
[0.991s] Level 1:colcon.colcon_core.package_identification:_identify(log) by extension 'ignore'
[0.991s] Level 1:colcon.colcon_core.package_identification:_identify(log) ignored
[0.992s] Level 1:colcon.colcon_core.package_identification:_identify(src) by extensions ['ignore', 'ignore_ament_install']
[0.992s] Level 1:colcon.colcon_core.package_identification:_identify(src) by extension 'ignore'
[0.992s] Level 1:colcon.colcon_core.package_identification:_identify(src) by extension 'ignore_ament_install'
[0.992s] Level 1:colcon.colcon_core.package_identification:_identify(src) by extensions ['colcon_pkg']
[0.992s] Level 1:colcon.colcon_core.package_identification:_identify(src) by extension 'colcon_pkg'
[0.992s] Level 1:colcon.colcon_core.package_identification:_identify(src) by extensions ['colcon_meta']
[0.992s] Level 1:colcon.colcon_core.package_identification:_identify(src) by extension 'colcon_meta'
[0.992s] Level 1:colcon.colcon_core.package_identification:_identify(src) by extensions ['ros']
[0.992s] Level 1:colcon.colcon_core.package_identification:_identify(src) by extension 'ros'
[0.992s] Level 1:colcon.colcon_core.package_identification:_identify(src) by extensions ['cmake', 'python']
[0.992s] Level 1:colcon.colcon_core.package_identification:_identify(src) by extension 'cmake'
[0.992s] Level 1:colcon.colcon_core.package_identification:_identify(src) by extension 'python'
[0.992s] Level 1:colcon.colcon_core.package_identification:_identify(src) by extensions ['python_setup_py']
[0.992s] Level 1:colcon.colcon_core.package_identification:_identify(src) by extension 'python_setup_py'
[0.992s] Level 1:colcon.colcon_core.package_identification:_identify(src/diegetic_button_pkg) by extensions ['ignore', 'ignore_ament_install']
[0.992s] Level 1:colcon.colcon_core.package_identification:_identify(src/diegetic_button_pkg) by extension 'ignore'
[0.992s] Level 1:colcon.colcon_core.package_identification:_identify(src/diegetic_button_pkg) by extension 'ignore_ament_install'
[0.992s] Level 1:colcon.colcon_core.package_identification:_identify(src/diegetic_button_pkg) by extensions ['colcon_pkg']
[0.992s] Level 1:colcon.colcon_core.package_identification:_identify(src/diegetic_button_pkg) by extension 'colcon_pkg'
[0.992s] Level 1:colcon.colcon_core.package_identification:_identify(src/diegetic_button_pkg) by extensions ['colcon_meta']
[0.992s] Level 1:colcon.colcon_core.package_identification:_identify(src/diegetic_button_pkg) by extension 'colcon_meta'
[0.993s] Level 1:colcon.colcon_core.package_identification:_identify(src/diegetic_button_pkg) by extensions ['ros']
[0.993s] Level 1:colcon.colcon_core.package_identification:_identify(src/diegetic_button_pkg) by extension 'ros'
[0.996s] DEBUG:colcon.colcon_core.package_identification:Package 'src/diegetic_button_pkg' with type 'ros.ament_cmake' and name 'diegetic_button_pkg'
[0.996s] Level 1:colcon.colcon_core.package_identification:_identify(src/fiducials) by extensions ['ignore', 'ignore_ament_install']
[0.996s] Level 1:colcon.colcon_core.package_identification:_identify(src/fiducials) by extension 'ignore'
[0.996s] Level 1:colcon.colcon_core.package_identification:_identify(src/fiducials) by extension 'ignore_ament_install'
[0.996s] Level 1:colcon.colcon_core.package_identification:_identify(src/fiducials) by extensions ['colcon_pkg']
[0.996s] Level 1:colcon.colcon_core.package_identification:_identify(src/fiducials) by extension 'colcon_pkg'
[0.996s] Level 1:colcon.colcon_core.package_identification:_identify(src/fiducials) by extensions ['colcon_meta']
[0.996s] Level 1:colcon.colcon_core.package_identification:_identify(src/fiducials) by extension 'colcon_meta'
[0.996s] Level 1:colcon.colcon_core.package_identification:_identify(src/fiducials) by extensions ['ros']
[0.996s] Level 1:colcon.colcon_core.package_identification:_identify(src/fiducials) by extension 'ros'
[0.997s] DEBUG:colcon.colcon_core.package_identification:Package 'src/fiducials' with type 'ros.ament_cmake' and name 'fiducials'
[0.997s] Level 1:colcon.colcon_core.package_identification:_identify(src/pupil_neon_pkg) by extensions ['ignore', 'ignore_ament_install']
[0.997s] Level 1:colcon.colcon_core.package_identification:_identify(src/pupil_neon_pkg) by extension 'ignore'
[0.997s] Level 1:colcon.colcon_core.package_identification:_identify(src/pupil_neon_pkg) by extension 'ignore_ament_install'
[0.997s] Level 1:colcon.colcon_core.package_identification:_identify(src/pupil_neon_pkg) by extensions ['colcon_pkg']
[0.997s] Level 1:colcon.colcon_core.package_identification:_identify(src/pupil_neon_pkg) by extension 'colcon_pkg'
[0.997s] Level 1:colcon.colcon_core.package_identification:_identify(src/pupil_neon_pkg) by extensions ['colcon_meta']
[0.997s] Level 1:colcon.colcon_core.package_identification:_identify(src/pupil_neon_pkg) by extension 'colcon_meta'
[0.997s] Level 1:colcon.colcon_core.package_identification:_identify(src/pupil_neon_pkg) by extensions ['ros']
[0.997s] Level 1:colcon.colcon_core.package_identification:_identify(src/pupil_neon_pkg) by extension 'ros'
[0.998s] DEBUG:colcon.colcon_core.package_identification:Package 'src/pupil_neon_pkg' with type 'ros.ament_cmake' and name 'pupil_neon_pkg'
[0.998s] Level 1:colcon.colcon_core.package_discovery:discover_packages(recursive) using defaults
[0.998s] Level 1:colcon.colcon_core.package_discovery:discover_packages(ignore) discover
[0.998s] Level 1:colcon.colcon_core.package_discovery:discover_packages(ignore) using defaults
[0.998s] Level 1:colcon.colcon_core.package_discovery:discover_packages(path) discover
[0.998s] Level 1:colcon.colcon_core.package_discovery:discover_packages(path) using defaults
[1.054s] Level 5:colcon.colcon_core.verb:set package 'diegetic_button_pkg' build argument 'cmake_args' from command line to 'None'
[1.054s] Level 5:colcon.colcon_core.verb:set package 'diegetic_button_pkg' build argument 'cmake_target' from command line to 'None'
[1.054s] Level 5:colcon.colcon_core.verb:set package 'diegetic_button_pkg' build argument 'cmake_target_skip_unavailable' from command line to 'False'
[1.054s] Level 5:colcon.colcon_core.verb:set package 'diegetic_button_pkg' build argument 'cmake_clean_cache' from command line to 'False'
[1.054s] Level 5:colcon.colcon_core.verb:set package 'diegetic_button_pkg' build argument 'cmake_clean_first' from command line to 'False'
[1.054s] Level 5:colcon.colcon_core.verb:set package 'diegetic_button_pkg' build argument 'cmake_force_configure' from command line to 'False'
[1.054s] Level 5:colcon.colcon_core.verb:set package 'diegetic_button_pkg' build argument 'ament_cmake_args' from command line to 'None'
[1.054s] Level 5:colcon.colcon_core.verb:set package 'diegetic_button_pkg' build argument 'catkin_cmake_args' from command line to 'None'
[1.054s] Level 5:colcon.colcon_core.verb:set package 'diegetic_button_pkg' build argument 'catkin_skip_building_tests' from command line to 'False'
[1.054s] DEBUG:colcon.colcon_core.verb:Building package 'diegetic_button_pkg' with the following arguments: {'ament_cmake_args': None, 'build_base': '/root/ws/origami/build/diegetic_button_pkg', 'catkin_cmake_args': None, 'catkin_skip_building_tests': False, 'cmake_args': None, 'cmake_clean_cache': False, 'cmake_clean_first': False, 'cmake_force_configure': False, 'cmake_target': None, 'cmake_target_skip_unavailable': False, 'install_base': '/root/ws/origami/install/diegetic_button_pkg', 'merge_install': False, 'path': '/root/ws/origami/src/diegetic_button_pkg', 'symlink_install': False, 'test_result_base': None}
[1.063s] Level 5:colcon.colcon_core.verb:set package 'fiducials' build argument 'cmake_args' from command line to 'None'
[1.063s] Level 5:colcon.colcon_core.verb:set package 'fiducials' build argument 'cmake_target' from command line to 'None'
[1.063s] Level 5:colcon.colcon_core.verb:set package 'fiducials' build argument 'cmake_target_skip_unavailable' from command line to 'False'
[1.063s] Level 5:colcon.colcon_core.verb:set package 'fiducials' build argument 'cmake_clean_cache' from command line to 'False'
[1.063s] Level 5:colcon.colcon_core.verb:set package 'fiducials' build argument 'cmake_clean_first' from command line to 'False'
[1.063s] Level 5:colcon.colcon_core.verb:set package 'fiducials' build argument 'cmake_force_configure' from command line to 'False'
[1.063s] Level 5:colcon.colcon_core.verb:set package 'fiducials' build argument 'ament_cmake_args' from command line to 'None'
[1.063s] Level 5:colcon.colcon_core.verb:set package 'fiducials' build argument 'catkin_cmake_args' from command line to 'None'
[1.063s] Level 5:colcon.colcon_core.verb:set package 'fiducials' build argument 'catkin_skip_building_tests' from command line to 'False'
[1.063s] DEBUG:colcon.colcon_core.verb:Building package 'fiducials' with the following arguments: {'ament_cmake_args': None, 'build_base': '/root/ws/origami/build/fiducials', 'catkin_cmake_args': None, 'catkin_skip_building_tests': False, 'cmake_args': None, 'cmake_clean_cache': False, 'cmake_clean_first': False, 'cmake_force_configure': False, 'cmake_target': None, 'cmake_target_skip_unavailable': False, 'install_base': '/root/ws/origami/install/fiducials', 'merge_install': False, 'path': '/root/ws/origami/src/fiducials', 'symlink_install': False, 'test_result_base': None}
[1.072s] Level 5:colcon.colcon_core.verb:set package 'pupil_neon_pkg' build argument 'cmake_args' from command line to 'None'
[1.072s] Level 5:colcon.colcon_core.verb:set package 'pupil_neon_pkg' build argument 'cmake_target' from command line to 'None'
[1.072s] Level 5:colcon.colcon_core.verb:set package 'pupil_neon_pkg' build argument 'cmake_target_skip_unavailable' from command line to 'False'
[1.072s] Level 5:colcon.colcon_core.verb:set package 'pupil_neon_pkg' build argument 'cmake_clean_cache' from command line to 'False'
[1.072s] Level 5:colcon.colcon_core.verb:set package 'pupil_neon_pkg' build argument 'cmake_clean_first' from command line to 'False'
[1.072s] Level 5:colcon.colcon_core.verb:set package 'pupil_neon_pkg' build argument 'cmake_force_configure' from command line to 'False'
[1.072s] Level 5:colcon.colcon_core.verb:set package 'pupil_neon_pkg' build argument 'ament_cmake_args' from command line to 'None'
[1.072s] Level 5:colcon.colcon_core.verb:set package 'pupil_neon_pkg' build argument 'catkin_cmake_args' from command line to 'None'
[1.072s] Level 5:colcon.colcon_core.verb:set package 'pupil_neon_pkg' build argument 'catkin_skip_building_tests' from command line to 'False'
[1.072s] DEBUG:colcon.colcon_core.verb:Building package 'pupil_neon_pkg' with the following arguments: {'ament_cmake_args': None, 'build_base': '/root/ws/origami/build/pupil_neon_pkg', 'catkin_cmake_args': None, 'catkin_skip_building_tests': False, 'cmake_args': None, 'cmake_clean_cache': False, 'cmake_clean_first': False, 'cmake_force_configure': False, 'cmake_target': None, 'cmake_target_skip_unavailable': False, 'install_base': '/root/ws/origami/install/pupil_neon_pkg', 'merge_install': False, 'path': '/root/ws/origami/src/pupil_neon_pkg', 'symlink_install': False, 'test_result_base': None}
[1.081s] INFO:colcon.colcon_core.executor:Executing jobs using 'parallel' executor
[1.091s] DEBUG:colcon.colcon_parallel_executor.executor.parallel:run_until_complete
[1.091s] INFO:colcon.colcon_ros.task.ament_cmake.build:Building ROS package in '/root/ws/origami/src/diegetic_button_pkg' with build type 'ament_cmake'
[1.091s] INFO:colcon.colcon_cmake.task.cmake.build:Building CMake package in '/root/ws/origami/src/diegetic_button_pkg'
[1.105s] INFO:colcon.colcon_core.plugin_system:Skipping extension 'colcon_core.shell.bat': Not used on non-Windows systems
[1.105s] INFO:colcon.colcon_core.shell:Skip shell extension 'powershell' for command environment: Not usable outside of PowerShell
[1.105s] DEBUG:colcon.colcon_core.shell:Skip shell extension 'dsv' for command environment
[1.128s] INFO:colcon.colcon_ros.task.ament_cmake.build:Building ROS package in '/root/ws/origami/src/fiducials' with build type 'ament_cmake'
[1.128s] INFO:colcon.colcon_cmake.task.cmake.build:Building CMake package in '/root/ws/origami/src/fiducials'
[1.137s] INFO:colcon.colcon_core.shell:Skip shell extension 'powershell' for command environment: Not usable outside of PowerShell
[1.137s] DEBUG:colcon.colcon_core.shell:Skip shell extension 'dsv' for command environment
[1.157s] INFO:colcon.colcon_ros.task.ament_cmake.build:Building ROS package in '/root/ws/origami/src/pupil_neon_pkg' with build type 'ament_cmake'
[1.157s] INFO:colcon.colcon_cmake.task.cmake.build:Building CMake package in '/root/ws/origami/src/pupil_neon_pkg'
[1.166s] INFO:colcon.colcon_core.shell:Skip shell extension 'powershell' for command environment: Not usable outside of PowerShell
[1.166s] DEBUG:colcon.colcon_core.shell:Skip shell extension 'dsv' for command environment
[1.189s] DEBUG:colcon.colcon_core.event_handler.log_command:Invoking command in '/root/ws/origami/build/diegetic_button_pkg': CMAKE_PREFIX_PATH=/opt/ros/humble /usr/bin/cmake --build /root/ws/origami/build/diegetic_button_pkg -- -j12 -l12
[1.194s] DEBUG:colcon.colcon_core.event_handler.log_command:Invoking command in '/root/ws/origami/build/fiducials': CMAKE_PREFIX_PATH=/opt/ros/humble /usr/bin/cmake --build /root/ws/origami/build/fiducials -- -j12 -l12
[1.196s] DEBUG:colcon.colcon_core.event_handler.log_command:Invoking command in '/root/ws/origami/build/pupil_neon_pkg': CMAKE_PREFIX_PATH=/opt/ros/humble /usr/bin/cmake --build /root/ws/origami/build/pupil_neon_pkg -- -j12 -l12
[1.581s] DEBUG:colcon.colcon_core.event_handler.log_command:Invoked command in '/root/ws/origami/build/pupil_neon_pkg' returned '0': CMAKE_PREFIX_PATH=/opt/ros/humble /usr/bin/cmake --build /root/ws/origami/build/pupil_neon_pkg -- -j12 -l12
[1.641s] DEBUG:colcon.colcon_core.event_handler.log_command:Invoking command in '/root/ws/origami/build/pupil_neon_pkg': CMAKE_PREFIX_PATH=/opt/ros/humble /usr/bin/cmake --install /root/ws/origami/build/pupil_neon_pkg
[1.681s] Level 1:colcon.colcon_core.environment:create_environment_scripts_only(pupil_neon_pkg)
[1.681s] DEBUG:colcon.colcon_core.event_handler.log_command:Invoked command in '/root/ws/origami/build/pupil_neon_pkg' returned '0': CMAKE_PREFIX_PATH=/opt/ros/humble /usr/bin/cmake --install /root/ws/origami/build/pupil_neon_pkg
[1.703s] Level 1:colcon.colcon_core.environment:checking '/root/ws/origami/install/pupil_neon_pkg' for CMake module files
[1.704s] Level 1:colcon.colcon_core.environment:checking '/root/ws/origami/install/pupil_neon_pkg' for CMake config files
[1.704s] Level 1:colcon.colcon_core.shell:create_environment_hook('pupil_neon_pkg', 'cmake_prefix_path')
[1.716s] INFO:colcon.colcon_core.shell:Creating environment hook '/root/ws/origami/install/pupil_neon_pkg/share/pupil_neon_pkg/hook/cmake_prefix_path.ps1'
[1.717s] INFO:colcon.colcon_core.shell:Creating environment descriptor '/root/ws/origami/install/pupil_neon_pkg/share/pupil_neon_pkg/hook/cmake_prefix_path.dsv'
[1.718s] INFO:colcon.colcon_core.shell:Creating environment hook '/root/ws/origami/install/pupil_neon_pkg/share/pupil_neon_pkg/hook/cmake_prefix_path.sh'
[1.720s] Level 1:colcon.colcon_core.environment:checking '/root/ws/origami/install/pupil_neon_pkg/lib'
[1.721s] Level 1:colcon.colcon_core.environment:checking '/root/ws/origami/install/pupil_neon_pkg/bin'
[1.721s] Level 1:colcon.colcon_core.environment:checking '/root/ws/origami/install/pupil_neon_pkg/lib/pkgconfig/pupil_neon_pkg.pc'
[1.723s] Level 1:colcon.colcon_core.environment:checking '/root/ws/origami/install/pupil_neon_pkg/lib/python3.10/site-packages'
[1.724s] Level 1:colcon.colcon_core.environment:checking '/root/ws/origami/install/pupil_neon_pkg/bin'
[1.739s] INFO:colcon.colcon_core.shell:Creating package script '/root/ws/origami/install/pupil_neon_pkg/share/pupil_neon_pkg/package.ps1'
[1.740s] INFO:colcon.colcon_core.shell:Creating package descriptor '/root/ws/origami/install/pupil_neon_pkg/share/pupil_neon_pkg/package.dsv'
[1.741s] INFO:colcon.colcon_core.shell:Creating package script '/root/ws/origami/install/pupil_neon_pkg/share/pupil_neon_pkg/package.sh'
[1.742s] INFO:colcon.colcon_core.shell:Creating package script '/root/ws/origami/install/pupil_neon_pkg/share/pupil_neon_pkg/package.bash'
[1.743s] INFO:colcon.colcon_core.shell:Creating package script '/root/ws/origami/install/pupil_neon_pkg/share/pupil_neon_pkg/package.zsh'
[1.744s] Level 1:colcon.colcon_core.environment:create_file_with_runtime_dependencies(/root/ws/origami/install/pupil_neon_pkg/share/colcon-core/packages/pupil_neon_pkg)
[1.780s] Level 1:colcon.colcon_core.environment:create_environment_scripts_only(pupil_neon_pkg)
[1.792s] Level 1:colcon.colcon_core.environment:checking '/root/ws/origami/install/pupil_neon_pkg' for CMake module files
[1.793s] Level 1:colcon.colcon_core.environment:checking '/root/ws/origami/install/pupil_neon_pkg' for CMake config files
[1.793s] Level 1:colcon.colcon_core.shell:create_environment_hook('pupil_neon_pkg', 'cmake_prefix_path')
[1.807s] INFO:colcon.colcon_core.shell:Creating environment hook '/root/ws/origami/install/pupil_neon_pkg/share/pupil_neon_pkg/hook/cmake_prefix_path.ps1'
[1.807s] INFO:colcon.colcon_core.shell:Creating environment descriptor '/root/ws/origami/install/pupil_neon_pkg/share/pupil_neon_pkg/hook/cmake_prefix_path.dsv'
[1.808s] INFO:colcon.colcon_core.shell:Creating environment hook '/root/ws/origami/install/pupil_neon_pkg/share/pupil_neon_pkg/hook/cmake_prefix_path.sh'
[1.808s] Level 1:colcon.colcon_core.environment:checking '/root/ws/origami/install/pupil_neon_pkg/lib'
[1.808s] Level 1:colcon.colcon_core.environment:checking '/root/ws/origami/install/pupil_neon_pkg/bin'
[1.808s] Level 1:colcon.colcon_core.environment:checking '/root/ws/origami/install/pupil_neon_pkg/lib/pkgconfig/pupil_neon_pkg.pc'
[1.809s] Level 1:colcon.colcon_core.environment:checking '/root/ws/origami/install/pupil_neon_pkg/lib/python3.10/site-packages'
[1.809s] Level 1:colcon.colcon_core.environment:checking '/root/ws/origami/install/pupil_neon_pkg/bin'
[1.819s] INFO:colcon.colcon_core.shell:Creating package script '/root/ws/origami/install/pupil_neon_pkg/share/pupil_neon_pkg/package.ps1'
[1.820s] INFO:colcon.colcon_core.shell:Creating package descriptor '/root/ws/origami/install/pupil_neon_pkg/share/pupil_neon_pkg/package.dsv'
[1.820s] INFO:colcon.colcon_core.shell:Creating package script '/root/ws/origami/install/pupil_neon_pkg/share/pupil_neon_pkg/package.sh'
[1.821s] INFO:colcon.colcon_core.shell:Creating package script '/root/ws/origami/install/pupil_neon_pkg/share/pupil_neon_pkg/package.bash'
[1.821s] INFO:colcon.colcon_core.shell:Creating package script '/root/ws/origami/install/pupil_neon_pkg/share/pupil_neon_pkg/package.zsh'
[1.822s] Level 1:colcon.colcon_core.environment:create_file_with_runtime_dependencies(/root/ws/origami/install/pupil_neon_pkg/share/colcon-core/packages/pupil_neon_pkg)
[1.823s] DEBUG:colcon.colcon_core.event_handler.log_command:Invoked command in '/root/ws/origami/build/diegetic_button_pkg' returned '0': CMAKE_PREFIX_PATH=/opt/ros/humble /usr/bin/cmake --build /root/ws/origami/build/diegetic_button_pkg -- -j12 -l12
[1.900s] DEBUG:colcon.colcon_core.event_handler.log_command:Invoking command in '/root/ws/origami/build/diegetic_button_pkg': CMAKE_PREFIX_PATH=/opt/ros/humble /usr/bin/cmake --install /root/ws/origami/build/diegetic_button_pkg
[1.952s] DEBUG:colcon.colcon_core.event_handler.log_command:Invoked command in '/root/ws/origami/build/fiducials' returned '0': CMAKE_PREFIX_PATH=/opt/ros/humble /usr/bin/cmake --build /root/ws/origami/build/fiducials -- -j12 -l12
[1.987s] Level 1:colcon.colcon_core.environment:create_environment_scripts_only(diegetic_button_pkg)
[1.988s] DEBUG:colcon.colcon_core.event_handler.log_command:Invoked command in '/root/ws/origami/build/diegetic_button_pkg' returned '0': CMAKE_PREFIX_PATH=/opt/ros/humble /usr/bin/cmake --install /root/ws/origami/build/diegetic_button_pkg
[1.997s] Level 1:colcon.colcon_core.environment:checking '/root/ws/origami/install/diegetic_button_pkg' for CMake module files
[1.998s] Level 1:colcon.colcon_core.environment:checking '/root/ws/origami/install/diegetic_button_pkg' for CMake config files
[1.998s] Level 1:colcon.colcon_core.shell:create_environment_hook('diegetic_button_pkg', 'cmake_prefix_path')
[2.008s] INFO:colcon.colcon_core.shell:Creating environment hook '/root/ws/origami/install/diegetic_button_pkg/share/diegetic_button_pkg/hook/cmake_prefix_path.ps1'
[2.008s] INFO:colcon.colcon_core.shell:Creating environment descriptor '/root/ws/origami/install/diegetic_button_pkg/share/diegetic_button_pkg/hook/cmake_prefix_path.dsv'
[2.008s] INFO:colcon.colcon_core.shell:Creating environment hook '/root/ws/origami/install/diegetic_button_pkg/share/diegetic_button_pkg/hook/cmake_prefix_path.sh'
[2.009s] Level 1:colcon.colcon_core.environment:checking '/root/ws/origami/install/diegetic_button_pkg/lib'
[2.009s] Level 1:colcon.colcon_core.shell:create_environment_hook('diegetic_button_pkg', 'ld_library_path_lib')
[2.017s] INFO:colcon.colcon_core.shell:Creating environment hook '/root/ws/origami/install/diegetic_button_pkg/share/diegetic_button_pkg/hook/ld_library_path_lib.ps1'
[2.018s] INFO:colcon.colcon_core.shell:Creating environment descriptor '/root/ws/origami/install/diegetic_button_pkg/share/diegetic_button_pkg/hook/ld_library_path_lib.dsv'
[2.018s] INFO:colcon.colcon_core.shell:Creating environment hook '/root/ws/origami/install/diegetic_button_pkg/share/diegetic_button_pkg/hook/ld_library_path_lib.sh'
[2.018s] Level 1:colcon.colcon_core.environment:checking '/root/ws/origami/install/diegetic_button_pkg/bin'
[2.018s] Level 1:colcon.colcon_core.environment:checking '/root/ws/origami/install/diegetic_button_pkg/lib/pkgconfig/diegetic_button_pkg.pc'
[2.018s] Level 1:colcon.colcon_core.environment:checking '/root/ws/origami/install/diegetic_button_pkg/lib/python3.10/site-packages'
[2.018s] Level 1:colcon.colcon_core.environment:checking '/root/ws/origami/install/diegetic_button_pkg/bin'
[2.028s] INFO:colcon.colcon_core.shell:Creating package script '/root/ws/origami/install/diegetic_button_pkg/share/diegetic_button_pkg/package.ps1'
[2.029s] INFO:colcon.colcon_core.shell:Creating package descriptor '/root/ws/origami/install/diegetic_button_pkg/share/diegetic_button_pkg/package.dsv'
[2.029s] INFO:colcon.colcon_core.shell:Creating package script '/root/ws/origami/install/diegetic_button_pkg/share/diegetic_button_pkg/package.sh'
[2.029s] INFO:colcon.colcon_core.shell:Creating package script '/root/ws/origami/install/diegetic_button_pkg/share/diegetic_button_pkg/package.bash'
[2.030s] INFO:colcon.colcon_core.shell:Creating package script '/root/ws/origami/install/diegetic_button_pkg/share/diegetic_button_pkg/package.zsh'
[2.030s] Level 1:colcon.colcon_core.environment:create_file_with_runtime_dependencies(/root/ws/origami/install/diegetic_button_pkg/share/colcon-core/packages/diegetic_button_pkg)
[2.056s] DEBUG:colcon.colcon_core.event_handler.log_command:Invoking command in '/root/ws/origami/build/fiducials': CMAKE_PREFIX_PATH=/opt/ros/humble /usr/bin/cmake --install /root/ws/origami/build/fiducials
[2.127s] Level 1:colcon.colcon_core.environment:create_environment_scripts_only(diegetic_button_pkg)
[2.143s] Level 1:colcon.colcon_core.environment:checking '/root/ws/origami/install/diegetic_button_pkg' for CMake module files
[2.143s] Level 1:colcon.colcon_core.environment:checking '/root/ws/origami/install/diegetic_button_pkg' for CMake config files
[2.144s] Level 1:colcon.colcon_core.shell:create_environment_hook('diegetic_button_pkg', 'cmake_prefix_path')
[2.159s] INFO:colcon.colcon_core.shell:Creating environment hook '/root/ws/origami/install/diegetic_button_pkg/share/diegetic_button_pkg/hook/cmake_prefix_path.ps1'
[2.160s] INFO:colcon.colcon_core.shell:Creating environment descriptor '/root/ws/origami/install/diegetic_button_pkg/share/diegetic_button_pkg/hook/cmake_prefix_path.dsv'
[2.161s] INFO:colcon.colcon_core.shell:Creating environment hook '/root/ws/origami/install/diegetic_button_pkg/share/diegetic_button_pkg/hook/cmake_prefix_path.sh'
[2.161s] Level 1:colcon.colcon_core.environment:checking '/root/ws/origami/install/diegetic_button_pkg/lib'
[2.161s] Level 1:colcon.colcon_core.shell:create_environment_hook('diegetic_button_pkg', 'ld_library_path_lib')
[2.170s] INFO:colcon.colcon_core.shell:Creating environment hook '/root/ws/origami/install/diegetic_button_pkg/share/diegetic_button_pkg/hook/ld_library_path_lib.ps1'
[2.171s] INFO:colcon.colcon_core.shell:Creating environment descriptor '/root/ws/origami/install/diegetic_button_pkg/share/diegetic_button_pkg/hook/ld_library_path_lib.dsv'
[2.171s] INFO:colcon.colcon_core.shell:Creating environment hook '/root/ws/origami/install/diegetic_button_pkg/share/diegetic_button_pkg/hook/ld_library_path_lib.sh'
[2.171s] Level 1:colcon.colcon_core.environment:checking '/root/ws/origami/install/diegetic_button_pkg/bin'
[2.171s] Level 1:colcon.colcon_core.environment:checking '/root/ws/origami/install/diegetic_button_pkg/lib/pkgconfig/diegetic_button_pkg.pc'
[2.172s] Level 1:colcon.colcon_core.environment:checking '/root/ws/origami/install/diegetic_button_pkg/lib/python3.10/site-packages'
[2.172s] Level 1:colcon.colcon_core.environment:checking '/root/ws/origami/install/diegetic_button_pkg/bin'
[2.181s] INFO:colcon.colcon_core.shell:Creating package script '/root/ws/origami/install/diegetic_button_pkg/share/diegetic_button_pkg/package.ps1'
[2.181s] INFO:colcon.colcon_core.shell:Creating package descriptor '/root/ws/origami/install/diegetic_button_pkg/share/diegetic_button_pkg/package.dsv'
[2.182s] INFO:colcon.colcon_core.shell:Creating package script '/root/ws/origami/install/diegetic_button_pkg/share/diegetic_button_pkg/package.sh'
[2.182s] INFO:colcon.colcon_core.shell:Creating package script '/root/ws/origami/install/diegetic_button_pkg/share/diegetic_button_pkg/package.bash'
[2.182s] INFO:colcon.colcon_core.shell:Creating package script '/root/ws/origami/install/diegetic_button_pkg/share/diegetic_button_pkg/package.zsh'
[2.183s] Level 1:colcon.colcon_core.environment:create_file_with_runtime_dependencies(/root/ws/origami/install/diegetic_button_pkg/share/colcon-core/packages/diegetic_button_pkg)
[2.183s] Level 1:colcon.colcon_core.environment:create_environment_scripts_only(fiducials)
[2.184s] DEBUG:colcon.colcon_core.event_handler.log_command:Invoked command in '/root/ws/origami/build/fiducials' returned '0': CMAKE_PREFIX_PATH=/opt/ros/humble /usr/bin/cmake --install /root/ws/origami/build/fiducials
[2.198s] Level 1:colcon.colcon_core.environment:checking '/root/ws/origami/install/fiducials' for CMake module files
[2.199s] Level 1:colcon.colcon_core.environment:checking '/root/ws/origami/install/fiducials' for CMake config files
[2.199s] Level 1:colcon.colcon_core.shell:create_environment_hook('fiducials', 'cmake_prefix_path')
[2.209s] INFO:colcon.colcon_core.shell:Creating environment hook '/root/ws/origami/install/fiducials/share/fiducials/hook/cmake_prefix_path.ps1'
[2.210s] INFO:colcon.colcon_core.shell:Creating environment descriptor '/root/ws/origami/install/fiducials/share/fiducials/hook/cmake_prefix_path.dsv'
[2.210s] INFO:colcon.colcon_core.shell:Creating environment hook '/root/ws/origami/install/fiducials/share/fiducials/hook/cmake_prefix_path.sh'
[2.211s] Level 1:colcon.colcon_core.environment:checking '/root/ws/origami/install/fiducials/lib'
[2.211s] Level 1:colcon.colcon_core.shell:create_environment_hook('fiducials', 'ld_library_path_lib')
[2.220s] INFO:colcon.colcon_core.shell:Creating environment hook '/root/ws/origami/install/fiducials/share/fiducials/hook/ld_library_path_lib.ps1'
[2.220s] INFO:colcon.colcon_core.shell:Creating environment descriptor '/root/ws/origami/install/fiducials/share/fiducials/hook/ld_library_path_lib.dsv'
[2.220s] INFO:colcon.colcon_core.shell:Creating environment hook '/root/ws/origami/install/fiducials/share/fiducials/hook/ld_library_path_lib.sh'
[2.221s] Level 1:colcon.colcon_core.environment:checking '/root/ws/origami/install/fiducials/bin'
[2.221s] Level 1:colcon.colcon_core.environment:checking '/root/ws/origami/install/fiducials/lib/pkgconfig/fiducials.pc'
[2.221s] Level 1:colcon.colcon_core.environment:checking '/root/ws/origami/install/fiducials/lib/python3.10/site-packages'
[2.221s] Level 1:colcon.colcon_core.environment:checking '/root/ws/origami/install/fiducials/bin'
[2.230s] INFO:colcon.colcon_core.shell:Creating package script '/root/ws/origami/install/fiducials/share/fiducials/package.ps1'
[2.230s] INFO:colcon.colcon_core.shell:Creating package descriptor '/root/ws/origami/install/fiducials/share/fiducials/package.dsv'
[2.231s] INFO:colcon.colcon_core.shell:Creating package script '/root/ws/origami/install/fiducials/share/fiducials/package.sh'
[2.231s] INFO:colcon.colcon_core.shell:Creating package script '/root/ws/origami/install/fiducials/share/fiducials/package.bash'
[2.231s] INFO:colcon.colcon_core.shell:Creating package script '/root/ws/origami/install/fiducials/share/fiducials/package.zsh'
[2.232s] Level 1:colcon.colcon_core.environment:create_file_with_runtime_dependencies(/root/ws/origami/install/fiducials/share/colcon-core/packages/fiducials)
[2.376s] Level 1:colcon.colcon_core.environment:create_environment_scripts_only(fiducials)
[2.392s] Level 1:colcon.colcon_core.environment:checking '/root/ws/origami/install/fiducials' for CMake module files
[2.392s] Level 1:colcon.colcon_core.environment:checking '/root/ws/origami/install/fiducials' for CMake config files
[2.393s] Level 1:colcon.colcon_core.shell:create_environment_hook('fiducials', 'cmake_prefix_path')
[2.403s] INFO:colcon.colcon_core.shell:Creating environment hook '/root/ws/origami/install/fiducials/share/fiducials/hook/cmake_prefix_path.ps1'
[2.404s] INFO:colcon.colcon_core.shell:Creating environment descriptor '/root/ws/origami/install/fiducials/share/fiducials/hook/cmake_prefix_path.dsv'
[2.404s] INFO:colcon.colcon_core.shell:Creating environment hook '/root/ws/origami/install/fiducials/share/fiducials/hook/cmake_prefix_path.sh'
[2.405s] Level 1:colcon.colcon_core.environment:checking '/root/ws/origami/install/fiducials/lib'
[2.405s] Level 1:colcon.colcon_core.shell:create_environment_hook('fiducials', 'ld_library_path_lib')
[2.413s] INFO:colcon.colcon_core.shell:Creating environment hook '/root/ws/origami/install/fiducials/share/fiducials/hook/ld_library_path_lib.ps1'
[2.414s] INFO:colcon.colcon_core.shell:Creating environment descriptor '/root/ws/origami/install/fiducials/share/fiducials/hook/ld_library_path_lib.dsv'
[2.414s] INFO:colcon.colcon_core.shell:Creating environment hook '/root/ws/origami/install/fiducials/share/fiducials/hook/ld_library_path_lib.sh'
[2.414s] Level 1:colcon.colcon_core.environment:checking '/root/ws/origami/install/fiducials/bin'
[2.414s] Level 1:colcon.colcon_core.environment:checking '/root/ws/origami/install/fiducials/lib/pkgconfig/fiducials.pc'
[2.415s] Level 1:colcon.colcon_core.environment:checking '/root/ws/origami/install/fiducials/lib/python3.10/site-packages'
[2.415s] Level 1:colcon.colcon_core.environment:checking '/root/ws/origami/install/fiducials/bin'
[2.424s] INFO:colcon.colcon_core.shell:Creating package script '/root/ws/origami/install/fiducials/share/fiducials/package.ps1'
[2.424s] INFO:colcon.colcon_core.shell:Creating package descriptor '/root/ws/origami/install/fiducials/share/fiducials/package.dsv'
[2.425s] INFO:colcon.colcon_core.shell:Creating package script '/root/ws/origami/install/fiducials/share/fiducials/package.sh'
[2.425s] INFO:colcon.colcon_core.shell:Creating package script '/root/ws/origami/install/fiducials/share/fiducials/package.bash'
[2.425s] INFO:colcon.colcon_core.shell:Creating package script '/root/ws/origami/install/fiducials/share/fiducials/package.zsh'
[2.426s] Level 1:colcon.colcon_core.environment:create_file_with_runtime_dependencies(/root/ws/origami/install/fiducials/share/colcon-core/packages/fiducials)
[2.426s] DEBUG:colcon.colcon_parallel_executor.executor.parallel:closing loop
[2.426s] DEBUG:colcon.colcon_parallel_executor.executor.parallel:loop closed
[2.426s] DEBUG:colcon.colcon_parallel_executor.executor.parallel:run_until_complete finished with '0'
[2.426s] DEBUG:colcon.colcon_core.event_reactor:joining thread
[2.443s] INFO:colcon.colcon_core.plugin_system:Skipping extension 'colcon_notification.desktop_notification.notify_send': Could not find 'notify-send'
[2.443s] INFO:colcon.colcon_core.plugin_system:Skipping extension 'colcon_notification.desktop_notification.terminal_notifier': Not used on non-Darwin systems
[2.443s] INFO:colcon.colcon_core.plugin_system:Skipping extension 'colcon_notification.desktop_notification.win32': Not used on non-Windows systems
[2.444s] INFO:colcon.colcon_notification.desktop_notification:Sending desktop notification using 'notify2'
[2.445s] DEBUG:colcon.colcon_notification.desktop_notification.notify2:Failed to initialize notify2: org.freedesktop.DBus.Error.Spawn.ExecFailed: /usr/bin/dbus-launch terminated abnormally without any error message
[2.446s] DEBUG:colcon.colcon_core.event_reactor:joined thread
[2.455s] INFO:colcon.colcon_core.shell:Creating prefix script '/root/ws/origami/install/local_setup.ps1'
[2.456s] INFO:colcon.colcon_core.shell:Creating prefix util module '/root/ws/origami/install/_local_setup_util_ps1.py'
[2.457s] INFO:colcon.colcon_core.shell:Creating prefix chain script '/root/ws/origami/install/setup.ps1'
[2.467s] INFO:colcon.colcon_core.shell:Creating prefix script '/root/ws/origami/install/local_setup.sh'
[2.468s] INFO:colcon.colcon_core.shell:Creating prefix util module '/root/ws/origami/install/_local_setup_util_sh.py'
[2.468s] INFO:colcon.colcon_core.shell:Creating prefix chain script '/root/ws/origami/install/setup.sh'
[2.478s] INFO:colcon.colcon_core.shell:Creating prefix script '/root/ws/origami/install/local_setup.bash'
[2.479s] INFO:colcon.colcon_core.shell:Creating prefix chain script '/root/ws/origami/install/setup.bash'
[2.489s] INFO:colcon.colcon_core.shell:Creating prefix script '/root/ws/origami/install/local_setup.zsh'
[2.490s] INFO:colcon.colcon_core.shell:Creating prefix chain script '/root/ws/origami/install/setup.zsh'
