[0.362s] Invoking command in '/root/ws/origami/build/ros2_aruco_interfaces': CMAKE_PREFIX_PATH=${CMAKE_PREFIX_PATH}:/opt/ros/humble /usr/bin/cmake /root/ws/origami/src/ros2_aruco/ros2_aruco_interfaces -DCMAKE_INSTALL_PREFIX=/root/ws/origami/install/ros2_aruco_interfaces
[0.419s] -- The C compiler identification is GNU 11.4.0
[0.483s] -- The CXX compiler identification is GNU 11.4.0
[0.493s] -- Detecting C compiler ABI info
[0.570s] -- Detecting C compiler ABI info - done
[0.582s] -- Check for working C compiler: /usr/bin/cc - skipped
[0.583s] -- Detecting C compile features
[0.583s] -- Detecting C compile features - done
[0.587s] -- Detecting CXX compiler ABI info
[0.669s] -- Detecting CXX compiler ABI info - done
[0.678s] -- Check for working CXX compiler: /usr/bin/c++ - skipped
[0.678s] -- Detecting CXX compile features
[0.679s] -- Detecting CXX compile features - done
[0.682s] -- Found ament_cmake: 1.3.5 (/opt/ros/humble/share/ament_cmake/cmake)
[0.870s] -- Found Python3: /usr/bin/python3.10 (found version "3.10.12") found components: Interpreter 
[0.956s] -- Found geometry_msgs: 4.2.3 (/opt/ros/humble/share/geometry_msgs/cmake)
[0.989s] -- Found rosidl_generator_c: 3.1.5 (/opt/ros/humble/share/rosidl_generator_c/cmake)
[0.994s] -- Found rosidl_adapter: 3.1.5 (/opt/ros/humble/share/rosidl_adapter/cmake)
[1.003s] -- Found rosidl_generator_cpp: 3.1.5 (/opt/ros/humble/share/rosidl_generator_cpp/cmake)
[1.019s] -- Using all available rosidl_typesupport_c: rosidl_typesupport_fastrtps_c;rosidl_typesupport_introspection_c
[1.038s] -- Using all available rosidl_typesupport_cpp: rosidl_typesupport_fastrtps_cpp;rosidl_typesupport_introspection_cpp
[1.153s] -- Found rosidl_default_generators: 1.2.0 (/opt/ros/humble/share/rosidl_default_generators/cmake)
[1.459s] -- Found ament_cmake_ros: 0.10.0 (/opt/ros/humble/share/ament_cmake_ros/cmake)
[1.826s] -- Using all available rosidl_typesupport_c: rosidl_typesupport_fastrtps_c;rosidl_typesupport_introspection_c
[1.971s] -- Using all available rosidl_typesupport_cpp: rosidl_typesupport_fastrtps_cpp;rosidl_typesupport_introspection_cpp
[1.989s] -- Found PythonInterp: /usr/bin/python3 (found suitable version "3.10.12", minimum required is "3.6") 
[1.990s] -- Found python_cmake_module: 0.10.0 (/opt/ros/humble/share/python_cmake_module/cmake)
[2.010s] -- Found PythonLibs: /usr/lib/x86_64-linux-gnu/libpython3.10.so (found suitable version "3.10.12", minimum required is "3.5") 
[2.010s] -- Using PYTHON_EXECUTABLE: /usr/bin/python3
[2.010s] -- Using PYTHON_INCLUDE_DIRS: /usr/include/python3.10
[2.010s] -- Using PYTHON_LIBRARIES: /usr/lib/x86_64-linux-gnu/libpython3.10.so
[2.028s] -- Found PythonExtra: .so  
[2.079s] -- Found ament_lint_auto: 0.12.8 (/opt/ros/humble/share/ament_lint_auto/cmake)
[2.095s] -- Added test 'copyright' to check source files copyright and LICENSE
[2.096s] -- Added test 'lint_cmake' to check CMake code style
[2.097s] -- Added test 'xmllint' to check XML markup files
[2.099s] -- Configuring done
[2.131s] -- Generating done
[2.133s] -- Build files have been written to: /root/ws/origami/build/ros2_aruco_interfaces
