-- Found ament_cmake: 1.3.5 (/opt/ros/humble/share/ament_cmake/cmake)
-- Found rclpy: 3.3.10 (/opt/ros/humble/share/rclpy/cmake)
-- Found builtin_interfaces: 1.2.1 (/opt/ros/humble/share/builtin_interfaces/cmake)
-- Found rosidl_generator_c: 3.1.5 (/opt/ros/humble/share/rosidl_generator_c/cmake)
-- Found rosidl_adapter: 3.1.5 (/opt/ros/humble/share/rosidl_adapter/cmake)
-- Found rosidl_generator_cpp: 3.1.5 (/opt/ros/humble/share/rosidl_generator_cpp/cmake)
-- Using all available rosidl_typesupport_c: rosidl_typesupport_fastrtps_c;rosidl_typesupport_introspection_c
-- Using all available rosidl_typesupport_cpp: rosidl_typesupport_fastrtps_cpp;rosidl_typesupport_introspection_cpp
-- Found geometry_msgs: 4.2.3 (/opt/ros/humble/share/geometry_msgs/cmake)
-- Found rosidl_default_generators: 1.2.0 (/opt/ros/humble/share/rosidl_default_generators/cmake)
-- Found ament_lint_auto: 0.12.8 (/opt/ros/humble/share/ament_lint_auto/cmake)
-- Added test 'cppcheck' to perform static code analysis on C / C++ code
-- Configured cppcheck include dirs: 
-- Configured cppcheck exclude dirs and/or files: 
-- Added test 'flake8' to check Python code syntax and style conventions
-- Added test 'lint_cmake' to check CMake code style
-- Added test 'pep257' to check Python code against some of the docstring style conventions in PEP 257
-- Added test 'uncrustify' to check C / C++ code style
-- Configured uncrustify additional arguments: 
-- Added test 'xmllint' to check XML markup files
-- Configuring done
-- Generating done
-- Build files have been written to: /root/ws/origami/build/origami
-- Install configuration: ""
-- Up-to-date: /root/ws/origami/install/origami/share/ament_index/resource_index/package_run_dependencies/origami
-- Installing: /root/ws/origami/install/origami/share/ament_index/resource_index/parent_prefix_path/origami
-- Up-to-date: /root/ws/origami/install/origami/share/origami/environment/ament_prefix_path.sh
-- Installing: /root/ws/origami/install/origami/share/origami/environment/ament_prefix_path.dsv
-- Up-to-date: /root/ws/origami/install/origami/share/origami/environment/path.sh
-- Installing: /root/ws/origami/install/origami/share/origami/environment/path.dsv
-- Up-to-date: /root/ws/origami/install/origami/share/origami/local_setup.bash
-- Up-to-date: /root/ws/origami/install/origami/share/origami/local_setup.sh
-- Up-to-date: /root/ws/origami/install/origami/share/origami/local_setup.zsh
-- Installing: /root/ws/origami/install/origami/share/origami/local_setup.dsv
-- Installing: /root/ws/origami/install/origami/share/origami/package.dsv
-- Up-to-date: /root/ws/origami/install/origami/share/ament_index/resource_index/packages/origami
-- Up-to-date: /root/ws/origami/install/origami/share/origami/cmake/origamiConfig.cmake
-- Up-to-date: /root/ws/origami/install/origami/share/origami/cmake/origamiConfig-version.cmake
-- Up-to-date: /root/ws/origami/install/origami/share/origami/package.xml
