[0.045s] Invoking command in '/root/ws/origami/build/origami': CMAKE_PREFIX_PATH=${CMAKE_PREFIX_PATH}:/opt/ros/humble /usr/bin/cmake --build /root/ws/origami/build/origami -- -j12 -l12
[0.067s] -- Found ament_cmake: 1.3.5 (/opt/ros/humble/share/ament_cmake/cmake)
[0.197s] -- Found rclpy: 3.3.10 (/opt/ros/humble/share/rclpy/cmake)
[0.197s] -- Found builtin_interfaces: 1.2.1 (/opt/ros/humble/share/builtin_interfaces/cmake)
[0.216s] -- Found rosidl_generator_c: 3.1.5 (/opt/ros/humble/share/rosidl_generator_c/cmake)
[0.219s] -- Found rosidl_adapter: 3.1.5 (/opt/ros/humble/share/rosidl_adapter/cmake)
[0.224s] -- Found rosidl_generator_cpp: 3.1.5 (/opt/ros/humble/share/rosidl_generator_cpp/cmake)
[0.234s] -- Using all available rosidl_typesupport_c: rosidl_typesupport_fastrtps_c;rosidl_typesupport_introspection_c
[0.249s] -- Using all available rosidl_typesupport_cpp: rosidl_typesupport_fastrtps_cpp;rosidl_typesupport_introspection_cpp
[0.262s] -- Found geometry_msgs: 4.2.3 (/opt/ros/humble/share/geometry_msgs/cmake)
[0.353s] -- Found rosidl_default_generators: 1.2.0 (/opt/ros/humble/share/rosidl_default_generators/cmake)
[0.359s] -- Found ament_lint_auto: 0.12.8 (/opt/ros/humble/share/ament_lint_auto/cmake)
[0.646s] -- Added test 'cppcheck' to perform static code analysis on C / C++ code
[0.646s] -- Configured cppcheck include dirs: 
[0.646s] -- Configured cppcheck exclude dirs and/or files: 
[0.674s] -- Added test 'flake8' to check Python code syntax and style conventions
[0.728s] -- Added test 'lint_cmake' to check CMake code style
[0.754s] -- Added test 'pep257' to check Python code against some of the docstring style conventions in PEP 257
[0.966s] -- Added test 'uncrustify' to check C / C++ code style
[0.966s] -- Configured uncrustify additional arguments: 
[0.994s] -- Added test 'xmllint' to check XML markup files
[0.997s] -- Configuring done
[1.002s] -- Generating done
[1.003s] -- Build files have been written to: /root/ws/origami/build/origami
[1.022s] Invoked command in '/root/ws/origami/build/origami' returned '0': CMAKE_PREFIX_PATH=${CMAKE_PREFIX_PATH}:/opt/ros/humble /usr/bin/cmake --build /root/ws/origami/build/origami -- -j12 -l12
[1.047s] Invoking command in '/root/ws/origami/build/origami': CMAKE_PREFIX_PATH=${CMAKE_PREFIX_PATH}:/opt/ros/humble /usr/bin/cmake --install /root/ws/origami/build/origami
[1.053s] -- Install configuration: ""
[1.053s] -- Up-to-date: /root/ws/origami/install/origami/share/ament_index/resource_index/package_run_dependencies/origami
[1.053s] -- Installing: /root/ws/origami/install/origami/share/ament_index/resource_index/parent_prefix_path/origami
[1.054s] -- Up-to-date: /root/ws/origami/install/origami/share/origami/environment/ament_prefix_path.sh
[1.054s] -- Installing: /root/ws/origami/install/origami/share/origami/environment/ament_prefix_path.dsv
[1.054s] -- Up-to-date: /root/ws/origami/install/origami/share/origami/environment/path.sh
[1.054s] -- Installing: /root/ws/origami/install/origami/share/origami/environment/path.dsv
[1.054s] -- Up-to-date: /root/ws/origami/install/origami/share/origami/local_setup.bash
[1.054s] -- Up-to-date: /root/ws/origami/install/origami/share/origami/local_setup.sh
[1.054s] -- Up-to-date: /root/ws/origami/install/origami/share/origami/local_setup.zsh
[1.054s] -- Installing: /root/ws/origami/install/origami/share/origami/local_setup.dsv
[1.054s] -- Installing: /root/ws/origami/install/origami/share/origami/package.dsv
[1.054s] -- Up-to-date: /root/ws/origami/install/origami/share/ament_index/resource_index/packages/origami
[1.055s] -- Up-to-date: /root/ws/origami/install/origami/share/origami/cmake/origamiConfig.cmake
[1.055s] -- Up-to-date: /root/ws/origami/install/origami/share/origami/cmake/origamiConfig-version.cmake
[1.055s] -- Up-to-date: /root/ws/origami/install/origami/share/origami/package.xml
[1.056s] Invoked command in '/root/ws/origami/build/origami' returned '0': CMAKE_PREFIX_PATH=${CMAKE_PREFIX_PATH}:/opt/ros/humble /usr/bin/cmake --install /root/ws/origami/build/origami
