[0.094s] Invoking command in '/root/ws/origami/build/fiducials': CMAKE_PREFIX_PATH=${CMAKE_PREFIX_PATH}:/opt/ros/humble /usr/bin/cmake --build /root/ws/origami/build/fiducials -- -j12 -l12
[0.152s] [  1%] Built target fiducials__cpp
[0.153s] [ 12%] Built target fiducials__rosidl_generator_c
[0.185s] [ 12%] Built target ament_cmake_python_copy_fiducials
[0.209s] [ 23%] Built target fiducials__rosidl_typesupport_cpp
[0.214s] [ 35%] Built target fiducials__rosidl_typesupport_fastrtps_cpp
[0.222s] [ 46%] Built target fiducials__rosidl_typesupport_introspection_cpp
[0.229s] [ 57%] Built target fiducials__rosidl_typesupport_fastrtps_c
[0.240s] [ 69%] Built target fiducials__rosidl_typesupport_introspection_c
[0.243s] [ 80%] Built target fiducials__rosidl_typesupport_c
[0.264s] [ 80%] Built target fiducials
[0.284s] [ 81%] Built target fiducials__py
[0.297s] [ 81%] Built target ament_cmake_python_copy_scripts
[0.309s] [ 91%] Built target fiducials__rosidl_generator_py
[0.332s] [ 94%] Built target fiducials__rosidl_typesupport_fastrtps_c__pyext
[0.340s] [ 97%] Built target fiducials__rosidl_typesupport_c__pyext
[0.343s] [100%] Built target fiducials__rosidl_typesupport_introspection_c__pyext
[0.494s] running egg_info
[0.495s] writing fiducials.egg-info/PKG-INFO
[0.495s] writing dependency_links to fiducials.egg-info/dependency_links.txt
[0.495s] writing top-level names to fiducials.egg-info/top_level.txt
[0.496s] running egg_info
[0.497s] writing scripts.egg-info/PKG-INFO
[0.498s] writing dependency_links to scripts.egg-info/dependency_links.txt
[0.498s] writing top-level names to scripts.egg-info/top_level.txt
[0.498s] reading manifest file 'fiducials.egg-info/SOURCES.txt'
[0.499s] writing manifest file 'fiducials.egg-info/SOURCES.txt'
[0.502s] reading manifest file 'scripts.egg-info/SOURCES.txt'
[0.502s] writing manifest file 'scripts.egg-info/SOURCES.txt'
[0.538s] [100%] Built target ament_cmake_python_build_fiducials_egg
[0.539s] [100%] Built target ament_cmake_python_build_scripts_egg
