[0.171s] Invoking command in '/root/ws/origami/build/diegetic_button_pkg': CMAKE_PREFIX_PATH=${CMAKE_PREFIX_PATH}:/opt/ros/humble /usr/bin/cmake --build /root/ws/origami/build/diegetic_button_pkg -- -j12 -l12
[0.222s] [  1%] Built target diegetic_button_pkg__cpp
[0.231s] [ 12%] Built target diegetic_button_pkg__rosidl_generator_c
[0.232s] [ 12%] Built target ament_cmake_python_copy_scripts
[0.240s] [ 12%] Built target ament_cmake_python_copy_diegetic_button_pkg
[0.254s] [ 23%] Built target diegetic_button_pkg__rosidl_typesupport_fastrtps_cpp
[0.256s] [ 34%] Built target diegetic_button_pkg__rosidl_typesupport_cpp
[0.268s] [ 45%] Built target diegetic_button_pkg__rosidl_typesupport_c
[0.269s] [ 56%] Built target diegetic_button_pkg__rosidl_typesupport_introspection_cpp
[0.291s] [ 67%] Built target diegetic_button_pkg__rosidl_typesupport_introspection_c
[0.300s] [ 78%] Built target diegetic_button_pkg__rosidl_typesupport_fastrtps_c
[0.322s] [ 78%] Built target diegetic_button_pkg
[0.346s] [ 80%] Built target diegetic_button_pkg__py
[0.372s] [ 89%] Built target diegetic_button_pkg__rosidl_generator_py
[0.399s] [ 92%] Built target diegetic_button_pkg__rosidl_typesupport_fastrtps_c__pyext
[0.400s] [ 96%] Built target diegetic_button_pkg__rosidl_typesupport_introspection_c__pyext
[0.410s] [100%] Built target diegetic_button_pkg__rosidl_typesupport_c__pyext
[0.489s] running egg_info
[0.490s] writing scripts.egg-info/PKG-INFO
[0.490s] writing dependency_links to scripts.egg-info/dependency_links.txt
[0.490s] writing top-level names to scripts.egg-info/top_level.txt
[0.492s] reading manifest file 'scripts.egg-info/SOURCES.txt'
[0.492s] writing manifest file 'scripts.egg-info/SOURCES.txt'
[0.497s] running egg_info
[0.498s] writing diegetic_button_pkg.egg-info/PKG-INFO
[0.498s] writing dependency_links to diegetic_button_pkg.egg-info/dependency_links.txt
[0.498s] writing top-level names to diegetic_button_pkg.egg-info/top_level.txt
[0.500s] reading manifest file 'diegetic_button_pkg.egg-info/SOURCES.txt'
[0.500s] writing manifest file 'diegetic_button_pkg.egg-info/SOURCES.txt'
[0.524s] [100%] Built target ament_cmake_python_build_scripts_egg
[0.533s] [100%] Built target ament_cmake_python_build_diegetic_button_pkg_egg
[0.547s] Invoked command in '/root/ws/origami/build/diegetic_button_pkg' returned '0': CMAKE_PREFIX_PATH=${CMAKE_PREFIX_PATH}:/opt/ros/humble /usr/bin/cmake --build /root/ws/origami/build/diegetic_button_pkg -- -j12 -l12
[0.643s] Invoking command in '/root/ws/origami/build/diegetic_button_pkg': CMAKE_PREFIX_PATH=${CMAKE_PREFIX_PATH}:/opt/ros/humble /usr/bin/cmake --install /root/ws/origami/build/diegetic_button_pkg
[0.650s] -- Install configuration: ""
[0.651s] -- Up-to-date: /root/ws/origami/install/diegetic_button_pkg/share/diegetic_button_pkg//launch
[0.651s] -- Up-to-date: /root/ws/origami/install/diegetic_button_pkg/share/diegetic_button_pkg//launch/devel.launch.py
[0.651s] -- Up-to-date: /root/ws/origami/install/diegetic_button_pkg/share/diegetic_button_pkg//launch/joy_glasses.launch.py
[0.651s] -- Up-to-date: /root/ws/origami/install/diegetic_button_pkg/share/diegetic_button_pkg/environment/pythonpath.sh
[0.651s] -- Up-to-date: /root/ws/origami/install/diegetic_button_pkg/share/diegetic_button_pkg/environment/pythonpath.dsv
[0.651s] -- Up-to-date: /root/ws/origami/install/diegetic_button_pkg/local/lib/python3.10/dist-packages/scripts-0.0.0-py3.10.egg-info
[0.651s] -- Installing: /root/ws/origami/install/diegetic_button_pkg/local/lib/python3.10/dist-packages/scripts-0.0.0-py3.10.egg-info/top_level.txt
[0.651s] -- Installing: /root/ws/origami/install/diegetic_button_pkg/local/lib/python3.10/dist-packages/scripts-0.0.0-py3.10.egg-info/SOURCES.txt
[0.651s] -- Installing: /root/ws/origami/install/diegetic_button_pkg/local/lib/python3.10/dist-packages/scripts-0.0.0-py3.10.egg-info/dependency_links.txt
[0.651s] -- Installing: /root/ws/origami/install/diegetic_button_pkg/local/lib/python3.10/dist-packages/scripts-0.0.0-py3.10.egg-info/PKG-INFO
[0.652s] -- Up-to-date: /root/ws/origami/install/diegetic_button_pkg/local/lib/python3.10/dist-packages/scripts
[0.652s] -- Up-to-date: /root/ws/origami/install/diegetic_button_pkg/local/lib/python3.10/dist-packages/scripts/ros2bag.py
[0.652s] -- Up-to-date: /root/ws/origami/install/diegetic_button_pkg/local/lib/python3.10/dist-packages/scripts/TestButtonMap.csv
[0.652s] -- Up-to-date: /root/ws/origami/install/diegetic_button_pkg/local/lib/python3.10/dist-packages/scripts/bagToCSV.py
[0.652s] -- Up-to-date: /root/ws/origami/install/diegetic_button_pkg/local/lib/python3.10/dist-packages/scripts/devices
[0.652s] -- Up-to-date: /root/ws/origami/install/diegetic_button_pkg/local/lib/python3.10/dist-packages/scripts/devices/piano_demo.py
[0.652s] -- Up-to-date: /root/ws/origami/install/diegetic_button_pkg/local/lib/python3.10/dist-packages/scripts/devices/joy.py
[0.652s] -- Up-to-date: /root/ws/origami/install/diegetic_button_pkg/local/lib/python3.10/dist-packages/scripts/devices/sound.py
[0.652s] -- Up-to-date: /root/ws/origami/install/diegetic_button_pkg/local/lib/python3.10/dist-packages/scripts/devices/sound2.py
[0.652s] -- Up-to-date: /root/ws/origami/install/diegetic_button_pkg/local/lib/python3.10/dist-packages/scripts/diegetic_button.py
[0.652s] -- Up-to-date: /root/ws/origami/install/diegetic_button_pkg/local/lib/python3.10/dist-packages/scripts/input_check.py
[0.652s] -- Up-to-date: /root/ws/origami/install/diegetic_button_pkg/local/lib/python3.10/dist-packages/scripts/__init__.py
[0.681s] Listing '/root/ws/origami/install/diegetic_button_pkg/local/lib/python3.10/dist-packages/scripts'...
[0.681s] Listing '/root/ws/origami/install/diegetic_button_pkg/local/lib/python3.10/dist-packages/scripts/devices'...
[0.685s] -- Up-to-date: /root/ws/origami/install/diegetic_button_pkg/share/ament_index/resource_index/rosidl_interfaces/diegetic_button_pkg
[0.685s] -- Up-to-date: /root/ws/origami/install/diegetic_button_pkg/include/diegetic_button_pkg/diegetic_button_pkg
[0.685s] -- Up-to-date: /root/ws/origami/install/diegetic_button_pkg/include/diegetic_button_pkg/diegetic_button_pkg/msg
[0.685s] -- Up-to-date: /root/ws/origami/install/diegetic_button_pkg/include/diegetic_button_pkg/diegetic_button_pkg/msg/input_status_array.h
[0.686s] -- Up-to-date: /root/ws/origami/install/diegetic_button_pkg/include/diegetic_button_pkg/diegetic_button_pkg/msg/rosidl_generator_c__visibility_control.h
[0.686s] -- Up-to-date: /root/ws/origami/install/diegetic_button_pkg/include/diegetic_button_pkg/diegetic_button_pkg/msg/detail
[0.686s] -- Up-to-date: /root/ws/origami/install/diegetic_button_pkg/include/diegetic_button_pkg/diegetic_button_pkg/msg/detail/diegetic_button__functions.c
[0.686s] -- Up-to-date: /root/ws/origami/install/diegetic_button_pkg/include/diegetic_button_pkg/diegetic_button_pkg/msg/detail/input_status__functions.h
[0.687s] -- Up-to-date: /root/ws/origami/install/diegetic_button_pkg/include/diegetic_button_pkg/diegetic_button_pkg/msg/detail/diegetic_button_array__type_support.h
[0.687s] -- Up-to-date: /root/ws/origami/install/diegetic_button_pkg/include/diegetic_button_pkg/diegetic_button_pkg/msg/detail/diegetic_button_array__functions.h
[0.687s] -- Up-to-date: /root/ws/origami/install/diegetic_button_pkg/include/diegetic_button_pkg/diegetic_button_pkg/msg/detail/input_status_array__type_support.h
[0.688s] -- Up-to-date: /root/ws/origami/install/diegetic_button_pkg/include/diegetic_button_pkg/diegetic_button_pkg/msg/detail/input_status_array__functions.h
[0.688s] -- Up-to-date: /root/ws/origami/install/diegetic_button_pkg/include/diegetic_button_pkg/diegetic_button_pkg/msg/detail/diegetic_button_array__struct.h
[0.688s] -- Up-to-date: /root/ws/origami/install/diegetic_button_pkg/include/diegetic_button_pkg/diegetic_button_pkg/msg/detail/diegetic_button__type_support.h
[0.689s] -- Up-to-date: /root/ws/origami/install/diegetic_button_pkg/include/diegetic_button_pkg/diegetic_button_pkg/msg/detail/input_status__functions.c
[0.689s] -- Up-to-date: /root/ws/origami/install/diegetic_button_pkg/include/diegetic_button_pkg/diegetic_button_pkg/msg/detail/input_status__type_support.h
[0.689s] -- Up-to-date: /root/ws/origami/install/diegetic_button_pkg/include/diegetic_button_pkg/diegetic_button_pkg/msg/detail/diegetic_button__functions.h
[0.689s] -- Up-to-date: /root/ws/origami/install/diegetic_button_pkg/include/diegetic_button_pkg/diegetic_button_pkg/msg/detail/input_status_array__struct.h
[0.690s] -- Up-to-date: /root/ws/origami/install/diegetic_button_pkg/include/diegetic_button_pkg/diegetic_button_pkg/msg/detail/diegetic_button__struct.h
[0.690s] -- Up-to-date: /root/ws/origami/install/diegetic_button_pkg/include/diegetic_button_pkg/diegetic_button_pkg/msg/detail/input_status_array__functions.c
[0.690s] -- Up-to-date: /root/ws/origami/install/diegetic_button_pkg/include/diegetic_button_pkg/diegetic_button_pkg/msg/detail/input_status__struct.h
[0.690s] -- Up-to-date: /root/ws/origami/install/diegetic_button_pkg/include/diegetic_button_pkg/diegetic_button_pkg/msg/detail/diegetic_button_array__functions.c
[0.691s] -- Up-to-date: /root/ws/origami/install/diegetic_button_pkg/include/diegetic_button_pkg/diegetic_button_pkg/msg/diegetic_button_array.h
[0.691s] -- Up-to-date: /root/ws/origami/install/diegetic_button_pkg/include/diegetic_button_pkg/diegetic_button_pkg/msg/input_status.h
[0.691s] -- Up-to-date: /root/ws/origami/install/diegetic_button_pkg/include/diegetic_button_pkg/diegetic_button_pkg/msg/diegetic_button.h
[0.691s] -- Up-to-date: /root/ws/origami/install/diegetic_button_pkg/share/diegetic_button_pkg/environment/library_path.sh
[0.691s] -- Up-to-date: /root/ws/origami/install/diegetic_button_pkg/share/diegetic_button_pkg/environment/library_path.dsv
[0.691s] -- Up-to-date: /root/ws/origami/install/diegetic_button_pkg/lib/libdiegetic_button_pkg__rosidl_generator_c.so
[0.691s] -- Up-to-date: /root/ws/origami/install/diegetic_button_pkg/include/diegetic_button_pkg/diegetic_button_pkg
[0.692s] -- Up-to-date: /root/ws/origami/install/diegetic_button_pkg/include/diegetic_button_pkg/diegetic_button_pkg/msg
[0.692s] -- Up-to-date: /root/ws/origami/install/diegetic_button_pkg/include/diegetic_button_pkg/diegetic_button_pkg/msg/rosidl_typesupport_fastrtps_c__visibility_control.h
[0.692s] -- Up-to-date: /root/ws/origami/install/diegetic_button_pkg/include/diegetic_button_pkg/diegetic_button_pkg/msg/detail
[0.692s] -- Up-to-date: /root/ws/origami/install/diegetic_button_pkg/include/diegetic_button_pkg/diegetic_button_pkg/msg/detail/diegetic_button__rosidl_typesupport_fastrtps_c.h
[0.692s] -- Up-to-date: /root/ws/origami/install/diegetic_button_pkg/include/diegetic_button_pkg/diegetic_button_pkg/msg/detail/input_status_array__rosidl_typesupport_fastrtps_c.h
[0.692s] -- Up-to-date: /root/ws/origami/install/diegetic_button_pkg/include/diegetic_button_pkg/diegetic_button_pkg/msg/detail/diegetic_button_array__rosidl_typesupport_fastrtps_c.h
[0.692s] -- Up-to-date: /root/ws/origami/install/diegetic_button_pkg/include/diegetic_button_pkg/diegetic_button_pkg/msg/detail/input_status__rosidl_typesupport_fastrtps_c.h
[0.693s] -- Up-to-date: /root/ws/origami/install/diegetic_button_pkg/lib/libdiegetic_button_pkg__rosidl_typesupport_fastrtps_c.so
[0.693s] -- Up-to-date: /root/ws/origami/install/diegetic_button_pkg/include/diegetic_button_pkg/diegetic_button_pkg
[0.693s] -- Up-to-date: /root/ws/origami/install/diegetic_button_pkg/include/diegetic_button_pkg/diegetic_button_pkg/msg
[0.693s] -- Up-to-date: /root/ws/origami/install/diegetic_button_pkg/include/diegetic_button_pkg/diegetic_button_pkg/msg/diegetic_button.hpp
[0.693s] -- Up-to-date: /root/ws/origami/install/diegetic_button_pkg/include/diegetic_button_pkg/diegetic_button_pkg/msg/input_status_array.hpp
[0.693s] -- Up-to-date: /root/ws/origami/install/diegetic_button_pkg/include/diegetic_button_pkg/diegetic_button_pkg/msg/diegetic_button_array.hpp
[0.693s] -- Up-to-date: /root/ws/origami/install/diegetic_button_pkg/include/diegetic_button_pkg/diegetic_button_pkg/msg/detail
[0.694s] -- Up-to-date: /root/ws/origami/install/diegetic_button_pkg/include/diegetic_button_pkg/diegetic_button_pkg/msg/detail/diegetic_button_array__traits.hpp
[0.694s] -- Up-to-date: /root/ws/origami/install/diegetic_button_pkg/include/diegetic_button_pkg/diegetic_button_pkg/msg/detail/input_status__struct.hpp
[0.694s] -- Up-to-date: /root/ws/origami/install/diegetic_button_pkg/include/diegetic_button_pkg/diegetic_button_pkg/msg/detail/input_status__builder.hpp
[0.694s] -- Up-to-date: /root/ws/origami/install/diegetic_button_pkg/include/diegetic_button_pkg/diegetic_button_pkg/msg/detail/diegetic_button__traits.hpp
[0.694s] -- Up-to-date: /root/ws/origami/install/diegetic_button_pkg/include/diegetic_button_pkg/diegetic_button_pkg/msg/detail/input_status_array__builder.hpp
[0.694s] -- Up-to-date: /root/ws/origami/install/diegetic_button_pkg/include/diegetic_button_pkg/diegetic_button_pkg/msg/detail/input_status_array__traits.hpp
[0.695s] -- Up-to-date: /root/ws/origami/install/diegetic_button_pkg/include/diegetic_button_pkg/diegetic_button_pkg/msg/detail/diegetic_button_array__builder.hpp
[0.695s] -- Up-to-date: /root/ws/origami/install/diegetic_button_pkg/include/diegetic_button_pkg/diegetic_button_pkg/msg/detail/diegetic_button__struct.hpp
[0.695s] -- Up-to-date: /root/ws/origami/install/diegetic_button_pkg/include/diegetic_button_pkg/diegetic_button_pkg/msg/detail/diegetic_button_array__struct.hpp
[0.695s] -- Up-to-date: /root/ws/origami/install/diegetic_button_pkg/include/diegetic_button_pkg/diegetic_button_pkg/msg/detail/diegetic_button__builder.hpp
[0.696s] -- Up-to-date: /root/ws/origami/install/diegetic_button_pkg/include/diegetic_button_pkg/diegetic_button_pkg/msg/detail/input_status_array__struct.hpp
[0.696s] -- Up-to-date: /root/ws/origami/install/diegetic_button_pkg/include/diegetic_button_pkg/diegetic_button_pkg/msg/detail/input_status__traits.hpp
[0.696s] -- Up-to-date: /root/ws/origami/install/diegetic_button_pkg/include/diegetic_button_pkg/diegetic_button_pkg/msg/input_status.hpp
[0.696s] -- Up-to-date: /root/ws/origami/install/diegetic_button_pkg/include/diegetic_button_pkg/diegetic_button_pkg
[0.697s] -- Up-to-date: /root/ws/origami/install/diegetic_button_pkg/include/diegetic_button_pkg/diegetic_button_pkg/msg
[0.697s] -- Up-to-date: /root/ws/origami/install/diegetic_button_pkg/include/diegetic_button_pkg/diegetic_button_pkg/msg/rosidl_typesupport_fastrtps_cpp__visibility_control.h
[0.697s] -- Up-to-date: /root/ws/origami/install/diegetic_button_pkg/include/diegetic_button_pkg/diegetic_button_pkg/msg/detail
[0.697s] -- Up-to-date: /root/ws/origami/install/diegetic_button_pkg/include/diegetic_button_pkg/diegetic_button_pkg/msg/detail/input_status_array__rosidl_typesupport_fastrtps_cpp.hpp
[0.697s] -- Up-to-date: /root/ws/origami/install/diegetic_button_pkg/include/diegetic_button_pkg/diegetic_button_pkg/msg/detail/diegetic_button_array__rosidl_typesupport_fastrtps_cpp.hpp
[0.698s] -- Up-to-date: /root/ws/origami/install/diegetic_button_pkg/include/diegetic_button_pkg/diegetic_button_pkg/msg/detail/input_status__rosidl_typesupport_fastrtps_cpp.hpp
[0.698s] -- Up-to-date: /root/ws/origami/install/diegetic_button_pkg/include/diegetic_button_pkg/diegetic_button_pkg/msg/detail/diegetic_button__rosidl_typesupport_fastrtps_cpp.hpp
[0.698s] -- Up-to-date: /root/ws/origami/install/diegetic_button_pkg/include/diegetic_button_pkg/diegetic_button_pkg/msg/detail/dds_fastrtps
[0.698s] -- Up-to-date: /root/ws/origami/install/diegetic_button_pkg/lib/libdiegetic_button_pkg__rosidl_typesupport_fastrtps_cpp.so
[0.698s] -- Up-to-date: /root/ws/origami/install/diegetic_button_pkg/include/diegetic_button_pkg/diegetic_button_pkg
[0.699s] -- Up-to-date: /root/ws/origami/install/diegetic_button_pkg/include/diegetic_button_pkg/diegetic_button_pkg/msg
[0.699s] -- Up-to-date: /root/ws/origami/install/diegetic_button_pkg/include/diegetic_button_pkg/diegetic_button_pkg/msg/rosidl_typesupport_introspection_c__visibility_control.h
[0.699s] -- Up-to-date: /root/ws/origami/install/diegetic_button_pkg/include/diegetic_button_pkg/diegetic_button_pkg/msg/detail
[0.700s] -- Up-to-date: /root/ws/origami/install/diegetic_button_pkg/include/diegetic_button_pkg/diegetic_button_pkg/msg/detail/input_status__type_support.c
[0.700s] -- Up-to-date: /root/ws/origami/install/diegetic_button_pkg/include/diegetic_button_pkg/diegetic_button_pkg/msg/detail/input_status__rosidl_typesupport_introspection_c.h
[0.700s] -- Up-to-date: /root/ws/origami/install/diegetic_button_pkg/include/diegetic_button_pkg/diegetic_button_pkg/msg/detail/diegetic_button__rosidl_typesupport_introspection_c.h
[0.701s] -- Up-to-date: /root/ws/origami/install/diegetic_button_pkg/include/diegetic_button_pkg/diegetic_button_pkg/msg/detail/input_status_array__type_support.c
[0.701s] -- Up-to-date: /root/ws/origami/install/diegetic_button_pkg/include/diegetic_button_pkg/diegetic_button_pkg/msg/detail/diegetic_button__type_support.c
[0.701s] -- Up-to-date: /root/ws/origami/install/diegetic_button_pkg/include/diegetic_button_pkg/diegetic_button_pkg/msg/detail/diegetic_button_array__rosidl_typesupport_introspection_c.h
[0.701s] -- Up-to-date: /root/ws/origami/install/diegetic_button_pkg/include/diegetic_button_pkg/diegetic_button_pkg/msg/detail/input_status_array__rosidl_typesupport_introspection_c.h
[0.701s] -- Up-to-date: /root/ws/origami/install/diegetic_button_pkg/include/diegetic_button_pkg/diegetic_button_pkg/msg/detail/diegetic_button_array__type_support.c
[0.701s] -- Up-to-date: /root/ws/origami/install/diegetic_button_pkg/lib/libdiegetic_button_pkg__rosidl_typesupport_introspection_c.so
[0.701s] -- Up-to-date: /root/ws/origami/install/diegetic_button_pkg/lib/libdiegetic_button_pkg__rosidl_typesupport_c.so
[0.701s] -- Up-to-date: /root/ws/origami/install/diegetic_button_pkg/include/diegetic_button_pkg/diegetic_button_pkg
[0.701s] -- Up-to-date: /root/ws/origami/install/diegetic_button_pkg/include/diegetic_button_pkg/diegetic_button_pkg/msg
[0.701s] -- Up-to-date: /root/ws/origami/install/diegetic_button_pkg/include/diegetic_button_pkg/diegetic_button_pkg/msg/detail
[0.702s] -- Up-to-date: /root/ws/origami/install/diegetic_button_pkg/include/diegetic_button_pkg/diegetic_button_pkg/msg/detail/diegetic_button_array__rosidl_typesupport_introspection_cpp.hpp
[0.702s] -- Up-to-date: /root/ws/origami/install/diegetic_button_pkg/include/diegetic_button_pkg/diegetic_button_pkg/msg/detail/input_status_array__type_support.cpp
[0.702s] -- Up-to-date: /root/ws/origami/install/diegetic_button_pkg/include/diegetic_button_pkg/diegetic_button_pkg/msg/detail/input_status__rosidl_typesupport_introspection_cpp.hpp
[0.702s] -- Up-to-date: /root/ws/origami/install/diegetic_button_pkg/include/diegetic_button_pkg/diegetic_button_pkg/msg/detail/diegetic_button_array__type_support.cpp
[0.702s] -- Up-to-date: /root/ws/origami/install/diegetic_button_pkg/include/diegetic_button_pkg/diegetic_button_pkg/msg/detail/diegetic_button__rosidl_typesupport_introspection_cpp.hpp
[0.702s] -- Up-to-date: /root/ws/origami/install/diegetic_button_pkg/include/diegetic_button_pkg/diegetic_button_pkg/msg/detail/input_status__type_support.cpp
[0.702s] -- Up-to-date: /root/ws/origami/install/diegetic_button_pkg/include/diegetic_button_pkg/diegetic_button_pkg/msg/detail/input_status_array__rosidl_typesupport_introspection_cpp.hpp
[0.702s] -- Up-to-date: /root/ws/origami/install/diegetic_button_pkg/include/diegetic_button_pkg/diegetic_button_pkg/msg/detail/diegetic_button__type_support.cpp
[0.702s] -- Up-to-date: /root/ws/origami/install/diegetic_button_pkg/lib/libdiegetic_button_pkg__rosidl_typesupport_introspection_cpp.so
[0.702s] -- Up-to-date: /root/ws/origami/install/diegetic_button_pkg/lib/libdiegetic_button_pkg__rosidl_typesupport_cpp.so
[0.702s] -- Up-to-date: /root/ws/origami/install/diegetic_button_pkg/local/lib/python3.10/dist-packages/diegetic_button_pkg-0.0.0-py3.10.egg-info
[0.703s] -- Installing: /root/ws/origami/install/diegetic_button_pkg/local/lib/python3.10/dist-packages/diegetic_button_pkg-0.0.0-py3.10.egg-info/top_level.txt
[0.703s] -- Installing: /root/ws/origami/install/diegetic_button_pkg/local/lib/python3.10/dist-packages/diegetic_button_pkg-0.0.0-py3.10.egg-info/SOURCES.txt
[0.703s] -- Installing: /root/ws/origami/install/diegetic_button_pkg/local/lib/python3.10/dist-packages/diegetic_button_pkg-0.0.0-py3.10.egg-info/dependency_links.txt
[0.704s] -- Installing: /root/ws/origami/install/diegetic_button_pkg/local/lib/python3.10/dist-packages/diegetic_button_pkg-0.0.0-py3.10.egg-info/PKG-INFO
[0.704s] -- Up-to-date: /root/ws/origami/install/diegetic_button_pkg/local/lib/python3.10/dist-packages/diegetic_button_pkg
[0.704s] -- Up-to-date: /root/ws/origami/install/diegetic_button_pkg/local/lib/python3.10/dist-packages/diegetic_button_pkg/diegetic_button_pkg_s__rosidl_typesupport_introspection_c.cpython-310-x86_64-linux-gnu.so
[0.704s] -- Up-to-date: /root/ws/origami/install/diegetic_button_pkg/local/lib/python3.10/dist-packages/diegetic_button_pkg/_diegetic_button_pkg_s.ep.rosidl_typesupport_c.c
[0.705s] -- Up-to-date: /root/ws/origami/install/diegetic_button_pkg/local/lib/python3.10/dist-packages/diegetic_button_pkg/diegetic_button_pkg_s__rosidl_typesupport_fastrtps_c.cpython-310-x86_64-linux-gnu.so
[0.705s] -- Up-to-date: /root/ws/origami/install/diegetic_button_pkg/local/lib/python3.10/dist-packages/diegetic_button_pkg/_diegetic_button_pkg_s.ep.rosidl_typesupport_introspection_c.c
[0.705s] -- Up-to-date: /root/ws/origami/install/diegetic_button_pkg/local/lib/python3.10/dist-packages/diegetic_button_pkg/diegetic_button_pkg_s__rosidl_typesupport_c.cpython-310-x86_64-linux-gnu.so
[0.705s] -- Up-to-date: /root/ws/origami/install/diegetic_button_pkg/local/lib/python3.10/dist-packages/diegetic_button_pkg/__init__.py
[0.706s] -- Up-to-date: /root/ws/origami/install/diegetic_button_pkg/local/lib/python3.10/dist-packages/diegetic_button_pkg/_diegetic_button_pkg_s.ep.rosidl_typesupport_fastrtps_c.c
[0.706s] -- Up-to-date: /root/ws/origami/install/diegetic_button_pkg/local/lib/python3.10/dist-packages/diegetic_button_pkg/msg
[0.706s] -- Up-to-date: /root/ws/origami/install/diegetic_button_pkg/local/lib/python3.10/dist-packages/diegetic_button_pkg/msg/_diegetic_button.py
[0.706s] -- Up-to-date: /root/ws/origami/install/diegetic_button_pkg/local/lib/python3.10/dist-packages/diegetic_button_pkg/msg/_input_status_array_s.c
[0.706s] -- Up-to-date: /root/ws/origami/install/diegetic_button_pkg/local/lib/python3.10/dist-packages/diegetic_button_pkg/msg/_diegetic_button_array_s.c
[0.706s] -- Up-to-date: /root/ws/origami/install/diegetic_button_pkg/local/lib/python3.10/dist-packages/diegetic_button_pkg/msg/_input_status_s.c
[0.707s] -- Up-to-date: /root/ws/origami/install/diegetic_button_pkg/local/lib/python3.10/dist-packages/diegetic_button_pkg/msg/_diegetic_button_array.py
[0.707s] -- Up-to-date: /root/ws/origami/install/diegetic_button_pkg/local/lib/python3.10/dist-packages/diegetic_button_pkg/msg/__init__.py
[0.707s] -- Up-to-date: /root/ws/origami/install/diegetic_button_pkg/local/lib/python3.10/dist-packages/diegetic_button_pkg/msg/_input_status.py
[0.707s] -- Up-to-date: /root/ws/origami/install/diegetic_button_pkg/local/lib/python3.10/dist-packages/diegetic_button_pkg/msg/_input_status_array.py
[0.707s] -- Up-to-date: /root/ws/origami/install/diegetic_button_pkg/local/lib/python3.10/dist-packages/diegetic_button_pkg/msg/_diegetic_button_s.c
[0.707s] -- Up-to-date: /root/ws/origami/install/diegetic_button_pkg/local/lib/python3.10/dist-packages/diegetic_button_pkg/libdiegetic_button_pkg__rosidl_generator_py.so
[0.725s] Listing '/root/ws/origami/install/diegetic_button_pkg/local/lib/python3.10/dist-packages/diegetic_button_pkg'...
[0.726s] Listing '/root/ws/origami/install/diegetic_button_pkg/local/lib/python3.10/dist-packages/diegetic_button_pkg/msg'...
[0.730s] -- Up-to-date: /root/ws/origami/install/diegetic_button_pkg/local/lib/python3.10/dist-packages/diegetic_button_pkg/diegetic_button_pkg_s__rosidl_typesupport_fastrtps_c.cpython-310-x86_64-linux-gnu.so
[0.730s] -- Up-to-date: /root/ws/origami/install/diegetic_button_pkg/local/lib/python3.10/dist-packages/diegetic_button_pkg/diegetic_button_pkg_s__rosidl_typesupport_introspection_c.cpython-310-x86_64-linux-gnu.so
[0.730s] -- Up-to-date: /root/ws/origami/install/diegetic_button_pkg/local/lib/python3.10/dist-packages/diegetic_button_pkg/diegetic_button_pkg_s__rosidl_typesupport_c.cpython-310-x86_64-linux-gnu.so
[0.731s] -- Up-to-date: /root/ws/origami/install/diegetic_button_pkg/lib/libdiegetic_button_pkg__rosidl_generator_py.so
[0.731s] -- Up-to-date: /root/ws/origami/install/diegetic_button_pkg/share/diegetic_button_pkg/msg/DiegeticButton.idl
[0.731s] -- Up-to-date: /root/ws/origami/install/diegetic_button_pkg/share/diegetic_button_pkg/msg/DiegeticButtonArray.idl
[0.732s] -- Up-to-date: /root/ws/origami/install/diegetic_button_pkg/share/diegetic_button_pkg/msg/InputStatus.idl
[0.732s] -- Up-to-date: /root/ws/origami/install/diegetic_button_pkg/share/diegetic_button_pkg/msg/InputStatusArray.idl
[0.732s] -- Up-to-date: /root/ws/origami/install/diegetic_button_pkg/share/diegetic_button_pkg/msg/DiegeticButton.msg
[0.732s] -- Up-to-date: /root/ws/origami/install/diegetic_button_pkg/share/diegetic_button_pkg/msg/DiegeticButtonArray.msg
[0.733s] -- Up-to-date: /root/ws/origami/install/diegetic_button_pkg/share/diegetic_button_pkg/msg/InputStatus.msg
[0.733s] -- Up-to-date: /root/ws/origami/install/diegetic_button_pkg/share/diegetic_button_pkg/msg/InputStatusArray.msg
[0.733s] -- Up-to-date: /root/ws/origami/install/diegetic_button_pkg/lib/diegetic_button_pkg/diegetic_button.py
[0.733s] -- Up-to-date: /root/ws/origami/install/diegetic_button_pkg/lib/diegetic_button_pkg/input_check.py
[0.734s] -- Up-to-date: /root/ws/origami/install/diegetic_button_pkg/lib/diegetic_button_pkg/bagToCSV.py
[0.734s] -- Up-to-date: /root/ws/origami/install/diegetic_button_pkg/lib/diegetic_button_pkg/joy.py
[0.734s] -- Up-to-date: /root/ws/origami/install/diegetic_button_pkg/lib/diegetic_button_pkg/piano_demo.py
[0.734s] -- Up-to-date: /root/ws/origami/install/diegetic_button_pkg/share/ament_index/resource_index/package_run_dependencies/diegetic_button_pkg
[0.734s] -- Up-to-date: /root/ws/origami/install/diegetic_button_pkg/share/ament_index/resource_index/parent_prefix_path/diegetic_button_pkg
[0.735s] -- Up-to-date: /root/ws/origami/install/diegetic_button_pkg/share/diegetic_button_pkg/environment/ament_prefix_path.sh
[0.735s] -- Up-to-date: /root/ws/origami/install/diegetic_button_pkg/share/diegetic_button_pkg/environment/ament_prefix_path.dsv
[0.735s] -- Up-to-date: /root/ws/origami/install/diegetic_button_pkg/share/diegetic_button_pkg/environment/path.sh
[0.735s] -- Up-to-date: /root/ws/origami/install/diegetic_button_pkg/share/diegetic_button_pkg/environment/path.dsv
[0.735s] -- Up-to-date: /root/ws/origami/install/diegetic_button_pkg/share/diegetic_button_pkg/local_setup.bash
[0.735s] -- Up-to-date: /root/ws/origami/install/diegetic_button_pkg/share/diegetic_button_pkg/local_setup.sh
[0.735s] -- Up-to-date: /root/ws/origami/install/diegetic_button_pkg/share/diegetic_button_pkg/local_setup.zsh
[0.736s] -- Up-to-date: /root/ws/origami/install/diegetic_button_pkg/share/diegetic_button_pkg/local_setup.dsv
[0.736s] -- Installing: /root/ws/origami/install/diegetic_button_pkg/share/diegetic_button_pkg/package.dsv
[0.736s] -- Up-to-date: /root/ws/origami/install/diegetic_button_pkg/share/ament_index/resource_index/packages/diegetic_button_pkg
[0.736s] -- Up-to-date: /root/ws/origami/install/diegetic_button_pkg/share/diegetic_button_pkg/cmake/export_diegetic_button_pkg__rosidl_generator_cExport.cmake
[0.736s] -- Up-to-date: /root/ws/origami/install/diegetic_button_pkg/share/diegetic_button_pkg/cmake/export_diegetic_button_pkg__rosidl_generator_cExport-noconfig.cmake
[0.737s] -- Up-to-date: /root/ws/origami/install/diegetic_button_pkg/share/diegetic_button_pkg/cmake/export_diegetic_button_pkg__rosidl_typesupport_fastrtps_cExport.cmake
[0.737s] -- Up-to-date: /root/ws/origami/install/diegetic_button_pkg/share/diegetic_button_pkg/cmake/export_diegetic_button_pkg__rosidl_typesupport_fastrtps_cExport-noconfig.cmake
[0.737s] -- Up-to-date: /root/ws/origami/install/diegetic_button_pkg/share/diegetic_button_pkg/cmake/export_diegetic_button_pkg__rosidl_generator_cppExport.cmake
[0.737s] -- Up-to-date: /root/ws/origami/install/diegetic_button_pkg/share/diegetic_button_pkg/cmake/export_diegetic_button_pkg__rosidl_typesupport_fastrtps_cppExport.cmake
[0.737s] -- Up-to-date: /root/ws/origami/install/diegetic_button_pkg/share/diegetic_button_pkg/cmake/export_diegetic_button_pkg__rosidl_typesupport_fastrtps_cppExport-noconfig.cmake
[0.738s] -- Up-to-date: /root/ws/origami/install/diegetic_button_pkg/share/diegetic_button_pkg/cmake/diegetic_button_pkg__rosidl_typesupport_introspection_cExport.cmake
[0.738s] -- Up-to-date: /root/ws/origami/install/diegetic_button_pkg/share/diegetic_button_pkg/cmake/diegetic_button_pkg__rosidl_typesupport_introspection_cExport-noconfig.cmake
[0.738s] -- Up-to-date: /root/ws/origami/install/diegetic_button_pkg/share/diegetic_button_pkg/cmake/diegetic_button_pkg__rosidl_typesupport_cExport.cmake
[0.738s] -- Up-to-date: /root/ws/origami/install/diegetic_button_pkg/share/diegetic_button_pkg/cmake/diegetic_button_pkg__rosidl_typesupport_cExport-noconfig.cmake
[0.739s] -- Up-to-date: /root/ws/origami/install/diegetic_button_pkg/share/diegetic_button_pkg/cmake/diegetic_button_pkg__rosidl_typesupport_introspection_cppExport.cmake
[0.739s] -- Up-to-date: /root/ws/origami/install/diegetic_button_pkg/share/diegetic_button_pkg/cmake/diegetic_button_pkg__rosidl_typesupport_introspection_cppExport-noconfig.cmake
[0.739s] -- Up-to-date: /root/ws/origami/install/diegetic_button_pkg/share/diegetic_button_pkg/cmake/diegetic_button_pkg__rosidl_typesupport_cppExport.cmake
[0.739s] -- Up-to-date: /root/ws/origami/install/diegetic_button_pkg/share/diegetic_button_pkg/cmake/diegetic_button_pkg__rosidl_typesupport_cppExport-noconfig.cmake
[0.740s] -- Up-to-date: /root/ws/origami/install/diegetic_button_pkg/share/diegetic_button_pkg/cmake/export_diegetic_button_pkg__rosidl_generator_pyExport.cmake
[0.740s] -- Up-to-date: /root/ws/origami/install/diegetic_button_pkg/share/diegetic_button_pkg/cmake/export_diegetic_button_pkg__rosidl_generator_pyExport-noconfig.cmake
[0.740s] -- Up-to-date: /root/ws/origami/install/diegetic_button_pkg/share/diegetic_button_pkg/cmake/rosidl_cmake-extras.cmake
[0.740s] -- Up-to-date: /root/ws/origami/install/diegetic_button_pkg/share/diegetic_button_pkg/cmake/ament_cmake_export_dependencies-extras.cmake
[0.741s] -- Up-to-date: /root/ws/origami/install/diegetic_button_pkg/share/diegetic_button_pkg/cmake/ament_cmake_export_include_directories-extras.cmake
[0.741s] -- Up-to-date: /root/ws/origami/install/diegetic_button_pkg/share/diegetic_button_pkg/cmake/ament_cmake_export_libraries-extras.cmake
[0.741s] -- Up-to-date: /root/ws/origami/install/diegetic_button_pkg/share/diegetic_button_pkg/cmake/ament_cmake_export_targets-extras.cmake
[0.741s] -- Up-to-date: /root/ws/origami/install/diegetic_button_pkg/share/diegetic_button_pkg/cmake/rosidl_cmake_export_typesupport_targets-extras.cmake
[0.741s] -- Up-to-date: /root/ws/origami/install/diegetic_button_pkg/share/diegetic_button_pkg/cmake/rosidl_cmake_export_typesupport_libraries-extras.cmake
[0.741s] -- Up-to-date: /root/ws/origami/install/diegetic_button_pkg/share/diegetic_button_pkg/cmake/diegetic_button_pkgConfig.cmake
[0.741s] -- Up-to-date: /root/ws/origami/install/diegetic_button_pkg/share/diegetic_button_pkg/cmake/diegetic_button_pkgConfig-version.cmake
[0.742s] -- Up-to-date: /root/ws/origami/install/diegetic_button_pkg/share/diegetic_button_pkg/package.xml
[0.750s] Invoked command in '/root/ws/origami/build/diegetic_button_pkg' returned '0': CMAKE_PREFIX_PATH=${CMAKE_PREFIX_PATH}:/opt/ros/humble /usr/bin/cmake --install /root/ws/origami/build/diegetic_button_pkg
