-- The C compiler identification is GNU 11.4.0
-- The CXX compiler identification is GNU 11.4.0
-- Detecting C compiler ABI info
-- Detecting C compiler ABI info - done
-- Check for working C compiler: /usr/bin/cc - skipped
-- Detecting C compile features
-- Detecting C compile features - done
-- Detecting CXX compiler ABI info
-- Detecting CXX compiler ABI info - done
-- Check for working CXX compiler: /usr/bin/c++ - skipped
-- Detecting CXX compile features
-- Detecting CXX compile features - done
-- Found ament_cmake: 1.3.5 (/opt/ros/humble/share/ament_cmake/cmake)
-- Found Python3: /usr/bin/python3.10 (found version "3.10.12") found components: Interpreter 
-- Found rclpy: 3.3.10 (/opt/ros/humble/share/rclpy/cmake)
-- Found std_msgs: 4.2.3 (/opt/ros/humble/share/std_msgs/cmake)
-- Found rosidl_generator_c: 3.1.5 (/opt/ros/humble/share/rosidl_generator_c/cmake)
-- Found rosidl_adapter: 3.1.5 (/opt/ros/humble/share/rosidl_adapter/cmake)
-- Found rosidl_generator_cpp: 3.1.5 (/opt/ros/humble/share/rosidl_generator_cpp/cmake)
-- Using all available rosidl_typesupport_c: rosidl_typesupport_fastrtps_c;rosidl_typesupport_introspection_c
-- Using all available rosidl_typesupport_cpp: rosidl_typesupport_fastrtps_cpp;rosidl_typesupport_introspection_cpp
-- Found sensor_msgs: 4.2.3 (/opt/ros/humble/share/sensor_msgs/cmake)
-- Found cv_bridge: 3.2.1 (/opt/ros/humble/share/cv_bridge/cmake)
-- Found rosidl_default_generators: 1.2.0 (/opt/ros/humble/share/rosidl_default_generators/cmake)
-- Found ament_lint_auto: 0.12.8 (/opt/ros/humble/share/ament_lint_auto/cmake)
-- Added test 'copyright' to check source files copyright and LICENSE
-- Added test 'cppcheck' to perform static code analysis on C / C++ code
-- Configured cppcheck include dirs: 
-- Configured cppcheck exclude dirs and/or files: 
-- Added test 'cpplint' to check C / C++ code against the Google style
-- Configured cpplint exclude dirs and/or files: 
-- Added test 'flake8' to check Python code syntax and style conventions
-- Added test 'lint_cmake' to check CMake code style
-- Added test 'pep257' to check Python code against some of the docstring style conventions in PEP 257
-- Added test 'uncrustify' to check C / C++ code style
-- Configured uncrustify additional arguments: 
-- Added test 'xmllint' to check XML markup files
-- Configuring done
-- Generating done
-- Build files have been written to: /root/ws/origami/build/pupil_neon_pkg
Built target ament_cmake_python_copy_pupil_neon_pkg
running egg_info
creating pupil_neon_pkg.egg-info
writing pupil_neon_pkg.egg-info/PKG-INFO
writing dependency_links to pupil_neon_pkg.egg-info/dependency_links.txt
writing top-level names to pupil_neon_pkg.egg-info/top_level.txt
writing manifest file 'pupil_neon_pkg.egg-info/SOURCES.txt'
reading manifest file 'pupil_neon_pkg.egg-info/SOURCES.txt'
writing manifest file 'pupil_neon_pkg.egg-info/SOURCES.txt'
Built target ament_cmake_python_build_pupil_neon_pkg_egg
-- Install configuration: ""
-- Up-to-date: /root/ws/origami/install/pupil_neon_pkg/share/pupil_neon_pkg//launch
-- Up-to-date: /root/ws/origami/install/pupil_neon_pkg/share/pupil_neon_pkg//launch/emulator_pupil.launch.py
-- Up-to-date: /root/ws/origami/install/pupil_neon_pkg/share/pupil_neon_pkg//launch/pupil.launch.py
-- Up-to-date: /root/ws/origami/install/pupil_neon_pkg/share/pupil_neon_pkg/config
-- Up-to-date: /root/ws/origami/install/pupil_neon_pkg/share/pupil_neon_pkg/config/params.yaml
-- Installing: /root/ws/origami/install/pupil_neon_pkg/share/pupil_neon_pkg/environment/pythonpath.sh
-- Installing: /root/ws/origami/install/pupil_neon_pkg/share/pupil_neon_pkg/environment/pythonpath.dsv
-- Up-to-date: /root/ws/origami/install/pupil_neon_pkg/local/lib/python3.10/dist-packages/pupil_neon_pkg-1.0.0-py3.10.egg-info
-- Installing: /root/ws/origami/install/pupil_neon_pkg/local/lib/python3.10/dist-packages/pupil_neon_pkg-1.0.0-py3.10.egg-info/top_level.txt
-- Installing: /root/ws/origami/install/pupil_neon_pkg/local/lib/python3.10/dist-packages/pupil_neon_pkg-1.0.0-py3.10.egg-info/SOURCES.txt
-- Installing: /root/ws/origami/install/pupil_neon_pkg/local/lib/python3.10/dist-packages/pupil_neon_pkg-1.0.0-py3.10.egg-info/dependency_links.txt
-- Installing: /root/ws/origami/install/pupil_neon_pkg/local/lib/python3.10/dist-packages/pupil_neon_pkg-1.0.0-py3.10.egg-info/PKG-INFO
-- Up-to-date: /root/ws/origami/install/pupil_neon_pkg/local/lib/python3.10/dist-packages/pupil_neon_pkg
-- Up-to-date: /root/ws/origami/install/pupil_neon_pkg/local/lib/python3.10/dist-packages/pupil_neon_pkg/ehhpupil_publisher.py
-- Up-to-date: /root/ws/origami/install/pupil_neon_pkg/local/lib/python3.10/dist-packages/pupil_neon_pkg/__init__.py
Listing '/root/ws/origami/install/pupil_neon_pkg/local/lib/python3.10/dist-packages/pupil_neon_pkg'...
-- Up-to-date: /root/ws/origami/install/pupil_neon_pkg/lib/pupil_neon_pkg/pupil_publisher.py
-- Up-to-date: /root/ws/origami/install/pupil_neon_pkg/lib/pupil_neon_pkg/frame_publisher.py
-- Up-to-date: /root/ws/origami/install/pupil_neon_pkg/lib/pupil_neon_pkg/emulator_publisher.py
-- Installing: /root/ws/origami/install/pupil_neon_pkg/share/ament_index/resource_index/package_run_dependencies/pupil_neon_pkg
-- Installing: /root/ws/origami/install/pupil_neon_pkg/share/ament_index/resource_index/parent_prefix_path/pupil_neon_pkg
-- Up-to-date: /root/ws/origami/install/pupil_neon_pkg/share/pupil_neon_pkg/environment/ament_prefix_path.sh
-- Installing: /root/ws/origami/install/pupil_neon_pkg/share/pupil_neon_pkg/environment/ament_prefix_path.dsv
-- Up-to-date: /root/ws/origami/install/pupil_neon_pkg/share/pupil_neon_pkg/environment/path.sh
-- Installing: /root/ws/origami/install/pupil_neon_pkg/share/pupil_neon_pkg/environment/path.dsv
-- Installing: /root/ws/origami/install/pupil_neon_pkg/share/pupil_neon_pkg/local_setup.bash
-- Installing: /root/ws/origami/install/pupil_neon_pkg/share/pupil_neon_pkg/local_setup.sh
-- Installing: /root/ws/origami/install/pupil_neon_pkg/share/pupil_neon_pkg/local_setup.zsh
-- Installing: /root/ws/origami/install/pupil_neon_pkg/share/pupil_neon_pkg/local_setup.dsv
-- Installing: /root/ws/origami/install/pupil_neon_pkg/share/pupil_neon_pkg/package.dsv
-- Installing: /root/ws/origami/install/pupil_neon_pkg/share/ament_index/resource_index/packages/pupil_neon_pkg
-- Installing: /root/ws/origami/install/pupil_neon_pkg/share/pupil_neon_pkg/cmake/pupil_neon_pkgConfig.cmake
-- Installing: /root/ws/origami/install/pupil_neon_pkg/share/pupil_neon_pkg/cmake/pupil_neon_pkgConfig-version.cmake
-- Installing: /root/ws/origami/install/pupil_neon_pkg/share/pupil_neon_pkg/package.xml
