[0.047s] Invoking command in '/root/ws/origami/build/pupil_neon_pkg': CMAKE_PREFIX_PATH=/opt/ros/humble /usr/bin/cmake --build /root/ws/origami/build/pupil_neon_pkg -- -j12 -l12
[0.108s] Built target ament_cmake_python_copy_pupil_neon_pkg
[0.388s] running egg_info
[0.389s] writing pupil_neon_pkg.egg-info/PKG-INFO
[0.389s] writing dependency_links to pupil_neon_pkg.egg-info/dependency_links.txt
[0.390s] writing top-level names to pupil_neon_pkg.egg-info/top_level.txt
[0.392s] reading manifest file 'pupil_neon_pkg.egg-info/SOURCES.txt'
[0.393s] writing manifest file 'pupil_neon_pkg.egg-info/SOURCES.txt'
[0.425s] Built target ament_cmake_python_build_pupil_neon_pkg_egg
[0.450s] Invoked command in '/root/ws/origami/build/pupil_neon_pkg' returned '0': CMAKE_PREFIX_PATH=/opt/ros/humble /usr/bin/cmake --build /root/ws/origami/build/pupil_neon_pkg -- -j12 -l12
[0.497s] Invoking command in '/root/ws/origami/build/pupil_neon_pkg': CMAKE_PREFIX_PATH=/opt/ros/humble /usr/bin/cmake --install /root/ws/origami/build/pupil_neon_pkg
[0.508s] -- Install configuration: ""
[0.508s] -- Up-to-date: /root/ws/origami/install/pupil_neon_pkg/share/pupil_neon_pkg//launch
[0.508s] -- Up-to-date: /root/ws/origami/install/pupil_neon_pkg/share/pupil_neon_pkg//launch/emulator_pupil.launch.py
[0.508s] -- Up-to-date: /root/ws/origami/install/pupil_neon_pkg/share/pupil_neon_pkg//launch/pupil.launch.py
[0.508s] -- Up-to-date: /root/ws/origami/install/pupil_neon_pkg/share/pupil_neon_pkg/config
[0.509s] -- Up-to-date: /root/ws/origami/install/pupil_neon_pkg/share/pupil_neon_pkg/config/params.yaml
[0.509s] -- Up-to-date: /root/ws/origami/install/pupil_neon_pkg/share/pupil_neon_pkg/environment/pythonpath.sh
[0.509s] -- Up-to-date: /root/ws/origami/install/pupil_neon_pkg/share/pupil_neon_pkg/environment/pythonpath.dsv
[0.509s] -- Up-to-date: /root/ws/origami/install/pupil_neon_pkg/local/lib/python3.10/dist-packages/pupil_neon_pkg-1.0.0-py3.10.egg-info
[0.509s] -- Installing: /root/ws/origami/install/pupil_neon_pkg/local/lib/python3.10/dist-packages/pupil_neon_pkg-1.0.0-py3.10.egg-info/top_level.txt
[0.509s] -- Installing: /root/ws/origami/install/pupil_neon_pkg/local/lib/python3.10/dist-packages/pupil_neon_pkg-1.0.0-py3.10.egg-info/SOURCES.txt
[0.509s] -- Installing: /root/ws/origami/install/pupil_neon_pkg/local/lib/python3.10/dist-packages/pupil_neon_pkg-1.0.0-py3.10.egg-info/dependency_links.txt
[0.509s] -- Installing: /root/ws/origami/install/pupil_neon_pkg/local/lib/python3.10/dist-packages/pupil_neon_pkg-1.0.0-py3.10.egg-info/PKG-INFO
[0.509s] -- Up-to-date: /root/ws/origami/install/pupil_neon_pkg/local/lib/python3.10/dist-packages/pupil_neon_pkg
[0.509s] -- Up-to-date: /root/ws/origami/install/pupil_neon_pkg/local/lib/python3.10/dist-packages/pupil_neon_pkg/ehhpupil_publisher.py
[0.509s] -- Up-to-date: /root/ws/origami/install/pupil_neon_pkg/local/lib/python3.10/dist-packages/pupil_neon_pkg/__init__.py
[0.542s] Listing '/root/ws/origami/install/pupil_neon_pkg/local/lib/python3.10/dist-packages/pupil_neon_pkg'...
[0.547s] -- Up-to-date: /root/ws/origami/install/pupil_neon_pkg/lib/pupil_neon_pkg/pupil_publisher.py
[0.548s] -- Up-to-date: /root/ws/origami/install/pupil_neon_pkg/lib/pupil_neon_pkg/frame_publisher.py
[0.548s] -- Up-to-date: /root/ws/origami/install/pupil_neon_pkg/lib/pupil_neon_pkg/emulator_publisher.py
[0.548s] -- Up-to-date: /root/ws/origami/install/pupil_neon_pkg/share/ament_index/resource_index/package_run_dependencies/pupil_neon_pkg
[0.548s] -- Up-to-date: /root/ws/origami/install/pupil_neon_pkg/share/ament_index/resource_index/parent_prefix_path/pupil_neon_pkg
[0.548s] -- Up-to-date: /root/ws/origami/install/pupil_neon_pkg/share/pupil_neon_pkg/environment/ament_prefix_path.sh
[0.548s] -- Up-to-date: /root/ws/origami/install/pupil_neon_pkg/share/pupil_neon_pkg/environment/ament_prefix_path.dsv
[0.548s] -- Up-to-date: /root/ws/origami/install/pupil_neon_pkg/share/pupil_neon_pkg/environment/path.sh
[0.548s] -- Up-to-date: /root/ws/origami/install/pupil_neon_pkg/share/pupil_neon_pkg/environment/path.dsv
[0.548s] -- Up-to-date: /root/ws/origami/install/pupil_neon_pkg/share/pupil_neon_pkg/local_setup.bash
[0.548s] -- Up-to-date: /root/ws/origami/install/pupil_neon_pkg/share/pupil_neon_pkg/local_setup.sh
[0.548s] -- Up-to-date: /root/ws/origami/install/pupil_neon_pkg/share/pupil_neon_pkg/local_setup.zsh
[0.548s] -- Up-to-date: /root/ws/origami/install/pupil_neon_pkg/share/pupil_neon_pkg/local_setup.dsv
[0.548s] -- Installing: /root/ws/origami/install/pupil_neon_pkg/share/pupil_neon_pkg/package.dsv
[0.548s] -- Up-to-date: /root/ws/origami/install/pupil_neon_pkg/share/ament_index/resource_index/packages/pupil_neon_pkg
[0.549s] -- Up-to-date: /root/ws/origami/install/pupil_neon_pkg/share/pupil_neon_pkg/cmake/pupil_neon_pkgConfig.cmake
[0.549s] -- Up-to-date: /root/ws/origami/install/pupil_neon_pkg/share/pupil_neon_pkg/cmake/pupil_neon_pkgConfig-version.cmake
[0.549s] -- Up-to-date: /root/ws/origami/install/pupil_neon_pkg/share/pupil_neon_pkg/package.xml
[0.555s] Invoked command in '/root/ws/origami/build/pupil_neon_pkg' returned '0': CMAKE_PREFIX_PATH=/opt/ros/humble /usr/bin/cmake --install /root/ws/origami/build/pupil_neon_pkg
