-- The C compiler identification is GNU 11.4.0
-- The CXX compiler identification is GNU 11.4.0
-- Detecting C compiler ABI info
-- Detecting C compiler ABI info - done
-- Check for working C compiler: /usr/bin/cc - skipped
-- Detecting C compile features
-- Detecting C compile features - done
-- Detecting CXX compiler ABI info
-- Detecting CXX compiler ABI info - done
-- Check for working CXX compiler: /usr/bin/c++ - skipped
-- Detecting CXX compile features
-- Detecting CXX compile features - done
-- Found ament_cmake: 1.3.5 (/opt/ros/humble/share/ament_cmake/cmake)
-- Found Python3: /usr/bin/python3.10 (found version "3.10.12") found components: Interpreter 
-- Found rclpy: 3.3.10 (/opt/ros/humble/share/rclpy/cmake)
-- Found builtin_interfaces: 1.2.1 (/opt/ros/humble/share/builtin_interfaces/cmake)
-- Found rosidl_generator_c: 3.1.5 (/opt/ros/humble/share/rosidl_generator_c/cmake)
-- Found rosidl_adapter: 3.1.5 (/opt/ros/humble/share/rosidl_adapter/cmake)
-- Found rosidl_generator_cpp: 3.1.5 (/opt/ros/humble/share/rosidl_generator_cpp/cmake)
-- Using all available rosidl_typesupport_c: rosidl_typesupport_fastrtps_c;rosidl_typesupport_introspection_c
-- Using all available rosidl_typesupport_cpp: rosidl_typesupport_fastrtps_cpp;rosidl_typesupport_introspection_cpp
-- Found geometry_msgs: 4.2.3 (/opt/ros/humble/share/geometry_msgs/cmake)
-- Found rosidl_default_generators: 1.2.0 (/opt/ros/humble/share/rosidl_default_generators/cmake)
-- Found ament_cmake_ros: 0.10.0 (/opt/ros/humble/share/ament_cmake_ros/cmake)
-- Using all available rosidl_typesupport_c: rosidl_typesupport_fastrtps_c;rosidl_typesupport_introspection_c
-- Using all available rosidl_typesupport_cpp: rosidl_typesupport_fastrtps_cpp;rosidl_typesupport_introspection_cpp
-- Found PythonInterp: /usr/bin/python3 (found suitable version "3.10.12", minimum required is "3.6") 
-- Found python_cmake_module: 0.10.0 (/opt/ros/humble/share/python_cmake_module/cmake)
-- Found PythonLibs: /usr/lib/x86_64-linux-gnu/libpython3.10.so (found suitable version "3.10.12", minimum required is "3.5") 
-- Using PYTHON_EXECUTABLE: /usr/bin/python3
-- Using PYTHON_INCLUDE_DIRS: /usr/include/python3.10
-- Using PYTHON_LIBRARIES: /usr/lib/x86_64-linux-gnu/libpython3.10.so
-- Found PythonExtra: .so  
-- Found ament_lint_auto: 0.12.8 (/opt/ros/humble/share/ament_lint_auto/cmake)
-- Added test 'copyright' to check source files copyright and LICENSE
-- Added test 'flake8' to check Python code syntax and style conventions
-- Added test 'lint_cmake' to check CMake code style
-- Added test 'pep257' to check Python code against some of the docstring style conventions in PEP 257
-- Added test 'xmllint' to check XML markup files
-- Configuring done
-- Generating done
-- Build files have been written to: /root/ws/origami/build/diegetic_button_pkg
[  1%] [34m[1mGenerating C code for ROS interfaces[0m
[  3%] [34m[1mGenerating C++ code for ROS interfaces[0m
[  3%] Built target ament_cmake_python_copy_diegetic_button_pkg
[  3%] Built target ament_cmake_python_copy_scripts
running egg_info
creating diegetic_button_pkg.egg-info
writing diegetic_button_pkg.egg-info/PKG-INFO
writing dependency_links to diegetic_button_pkg.egg-info/dependency_links.txt
writing top-level names to diegetic_button_pkg.egg-info/top_level.txt
writing manifest file 'diegetic_button_pkg.egg-info/SOURCES.txt'
reading manifest file 'diegetic_button_pkg.egg-info/SOURCES.txt'
writing manifest file 'diegetic_button_pkg.egg-info/SOURCES.txt'
running egg_info
creating scripts.egg-info
writing scripts.egg-info/PKG-INFO
writing dependency_links to scripts.egg-info/dependency_links.txt
writing top-level names to scripts.egg-info/top_level.txt
writing manifest file 'scripts.egg-info/SOURCES.txt'
reading manifest file 'scripts.egg-info/SOURCES.txt'
writing manifest file 'scripts.egg-info/SOURCES.txt'
[  3%] Built target ament_cmake_python_build_diegetic_button_pkg_egg
[  3%] Built target ament_cmake_python_build_scripts_egg
[  3%] Built target diegetic_button_pkg__cpp
[  5%] [34m[1mGenerating C++ introspection for ROS interfaces[0m
[  9%] [34m[1mGenerating C++ type support for eProsima Fast-RTPS[0m
[  9%] [34m[1mGenerating C++ type support dispatch for ROS interfaces[0m
[ 10%] [32mBuilding C object CMakeFiles/diegetic_button_pkg__rosidl_generator_c.dir/rosidl_generator_c/diegetic_button_pkg/msg/detail/diegetic_button_array__functions.c.o[0m
[ 12%] [32mBuilding C object CMakeFiles/diegetic_button_pkg__rosidl_generator_c.dir/rosidl_generator_c/diegetic_button_pkg/msg/detail/diegetic_button__functions.c.o[0m
[ 14%] [32mBuilding C object CMakeFiles/diegetic_button_pkg__rosidl_generator_c.dir/rosidl_generator_c/diegetic_button_pkg/msg/detail/input_status__functions.c.o[0m
[ 16%] [32mBuilding C object CMakeFiles/diegetic_button_pkg__rosidl_generator_c.dir/rosidl_generator_c/diegetic_button_pkg/msg/detail/input_status_array__functions.c.o[0m
[ 18%] [32m[1mLinking C shared library libdiegetic_button_pkg__rosidl_generator_c.so[0m
[ 18%] Built target diegetic_button_pkg__rosidl_generator_c
[ 20%] [34m[1mGenerating C type support dispatch for ROS interfaces[0m
[ 23%] [34m[1mGenerating C type support for eProsima Fast-RTPS[0m
[ 23%] [34m[1mGenerating C introspection for ROS interfaces[0m
[ 25%] [32mBuilding CXX object CMakeFiles/diegetic_button_pkg__rosidl_typesupport_fastrtps_cpp.dir/rosidl_typesupport_fastrtps_cpp/diegetic_button_pkg/msg/detail/dds_fastrtps/diegetic_button_array__type_support.cpp.o[0m
[ 27%] [32mBuilding CXX object CMakeFiles/diegetic_button_pkg__rosidl_typesupport_fastrtps_cpp.dir/rosidl_typesupport_fastrtps_cpp/diegetic_button_pkg/msg/detail/dds_fastrtps/diegetic_button__type_support.cpp.o[0m
[ 29%] [32mBuilding CXX object CMakeFiles/diegetic_button_pkg__rosidl_typesupport_fastrtps_cpp.dir/rosidl_typesupport_fastrtps_cpp/diegetic_button_pkg/msg/detail/dds_fastrtps/input_status_array__type_support.cpp.o[0m
[ 30%] [32mBuilding CXX object CMakeFiles/diegetic_button_pkg__rosidl_typesupport_fastrtps_cpp.dir/rosidl_typesupport_fastrtps_cpp/diegetic_button_pkg/msg/detail/dds_fastrtps/input_status__type_support.cpp.o[0m
[ 32%] [32mBuilding CXX object CMakeFiles/diegetic_button_pkg__rosidl_typesupport_cpp.dir/rosidl_typesupport_cpp/diegetic_button_pkg/msg/diegetic_button__type_support.cpp.o[0m
[ 34%] [32mBuilding CXX object CMakeFiles/diegetic_button_pkg__rosidl_typesupport_cpp.dir/rosidl_typesupport_cpp/diegetic_button_pkg/msg/input_status_array__type_support.cpp.o[0m
[ 36%] [32mBuilding CXX object CMakeFiles/diegetic_button_pkg__rosidl_typesupport_cpp.dir/rosidl_typesupport_cpp/diegetic_button_pkg/msg/diegetic_button_array__type_support.cpp.o[0m
[ 38%] [32mBuilding CXX object CMakeFiles/diegetic_button_pkg__rosidl_typesupport_cpp.dir/rosidl_typesupport_cpp/diegetic_button_pkg/msg/input_status__type_support.cpp.o[0m
[ 40%] [32mBuilding CXX object CMakeFiles/diegetic_button_pkg__rosidl_typesupport_introspection_cpp.dir/rosidl_typesupport_introspection_cpp/diegetic_button_pkg/msg/detail/diegetic_button__type_support.cpp.o[0m
[ 41%] [32mBuilding CXX object CMakeFiles/diegetic_button_pkg__rosidl_typesupport_c.dir/rosidl_typesupport_c/diegetic_button_pkg/msg/diegetic_button__type_support.cpp.o[0m
[ 43%] [32mBuilding CXX object CMakeFiles/diegetic_button_pkg__rosidl_typesupport_c.dir/rosidl_typesupport_c/diegetic_button_pkg/msg/diegetic_button_array__type_support.cpp.o[0m
[ 45%] [32mBuilding CXX object CMakeFiles/diegetic_button_pkg__rosidl_typesupport_c.dir/rosidl_typesupport_c/diegetic_button_pkg/msg/input_status__type_support.cpp.o[0m
[ 47%] [32mBuilding C object CMakeFiles/diegetic_button_pkg__rosidl_typesupport_introspection_c.dir/rosidl_typesupport_introspection_c/diegetic_button_pkg/msg/detail/diegetic_button__type_support.c.o[0m
[ 49%] [32mBuilding CXX object CMakeFiles/diegetic_button_pkg__rosidl_typesupport_fastrtps_c.dir/rosidl_typesupport_fastrtps_c/diegetic_button_pkg/msg/detail/diegetic_button__type_support_c.cpp.o[0m
[ 50%] [32mBuilding C object CMakeFiles/diegetic_button_pkg__rosidl_typesupport_introspection_c.dir/rosidl_typesupport_introspection_c/diegetic_button_pkg/msg/detail/diegetic_button_array__type_support.c.o[0m
[ 52%] [32mBuilding CXX object CMakeFiles/diegetic_button_pkg__rosidl_typesupport_introspection_cpp.dir/rosidl_typesupport_introspection_cpp/diegetic_button_pkg/msg/detail/diegetic_button_array__type_support.cpp.o[0m
[ 54%] [32mBuilding CXX object CMakeFiles/diegetic_button_pkg__rosidl_typesupport_fastrtps_c.dir/rosidl_typesupport_fastrtps_c/diegetic_button_pkg/msg/detail/diegetic_button_array__type_support_c.cpp.o[0m
[ 56%] [32mBuilding C object CMakeFiles/diegetic_button_pkg__rosidl_typesupport_introspection_c.dir/rosidl_typesupport_introspection_c/diegetic_button_pkg/msg/detail/input_status__type_support.c.o[0m
[ 58%] [32mBuilding CXX object CMakeFiles/diegetic_button_pkg__rosidl_typesupport_c.dir/rosidl_typesupport_c/diegetic_button_pkg/msg/input_status_array__type_support.cpp.o[0m
[ 60%] [32m[1mLinking CXX shared library libdiegetic_button_pkg__rosidl_typesupport_cpp.so[0m
[ 61%] [32m[1mLinking CXX shared library libdiegetic_button_pkg__rosidl_typesupport_c.so[0m
[ 63%] [32mBuilding CXX object CMakeFiles/diegetic_button_pkg__rosidl_typesupport_fastrtps_c.dir/rosidl_typesupport_fastrtps_c/diegetic_button_pkg/msg/detail/input_status__type_support_c.cpp.o[0m
[ 65%] [32mBuilding C object CMakeFiles/diegetic_button_pkg__rosidl_typesupport_introspection_c.dir/rosidl_typesupport_introspection_c/diegetic_button_pkg/msg/detail/input_status_array__type_support.c.o[0m
[ 65%] Built target diegetic_button_pkg__rosidl_typesupport_c
[ 67%] [32mBuilding CXX object CMakeFiles/diegetic_button_pkg__rosidl_typesupport_fastrtps_c.dir/rosidl_typesupport_fastrtps_c/diegetic_button_pkg/msg/detail/input_status_array__type_support_c.cpp.o[0m
[ 69%] [32m[1mLinking C shared library libdiegetic_button_pkg__rosidl_typesupport_introspection_c.so[0m
[ 69%] Built target diegetic_button_pkg__rosidl_typesupport_cpp
[ 69%] Built target diegetic_button_pkg__rosidl_typesupport_introspection_c
[ 70%] [32mBuilding CXX object CMakeFiles/diegetic_button_pkg__rosidl_typesupport_introspection_cpp.dir/rosidl_typesupport_introspection_cpp/diegetic_button_pkg/msg/detail/input_status__type_support.cpp.o[0m
[ 72%] [32mBuilding CXX object CMakeFiles/diegetic_button_pkg__rosidl_typesupport_introspection_cpp.dir/rosidl_typesupport_introspection_cpp/diegetic_button_pkg/msg/detail/input_status_array__type_support.cpp.o[0m
[ 74%] [32m[1mLinking CXX shared library libdiegetic_button_pkg__rosidl_typesupport_fastrtps_cpp.so[0m
[ 74%] Built target diegetic_button_pkg__rosidl_typesupport_fastrtps_cpp
[ 76%] [32m[1mLinking CXX shared library libdiegetic_button_pkg__rosidl_typesupport_fastrtps_c.so[0m
[ 76%] Built target diegetic_button_pkg__rosidl_typesupport_fastrtps_c
[ 78%] [32m[1mLinking CXX shared library libdiegetic_button_pkg__rosidl_typesupport_introspection_cpp.so[0m
[ 78%] Built target diegetic_button_pkg__rosidl_typesupport_introspection_cpp
[ 78%] Built target diegetic_button_pkg
[ 80%] [34m[1mGenerating Python code for ROS interfaces[0m
[ 80%] Built target diegetic_button_pkg__py
[ 81%] [32mBuilding C object CMakeFiles/diegetic_button_pkg__rosidl_generator_py.dir/rosidl_generator_py/diegetic_button_pkg/msg/_diegetic_button_s.c.o[0m
[ 83%] [32mBuilding C object CMakeFiles/diegetic_button_pkg__rosidl_generator_py.dir/rosidl_generator_py/diegetic_button_pkg/msg/_input_status_s.c.o[0m
[ 85%] [32mBuilding C object CMakeFiles/diegetic_button_pkg__rosidl_generator_py.dir/rosidl_generator_py/diegetic_button_pkg/msg/_diegetic_button_array_s.c.o[0m
[ 87%] [32mBuilding C object CMakeFiles/diegetic_button_pkg__rosidl_generator_py.dir/rosidl_generator_py/diegetic_button_pkg/msg/_input_status_array_s.c.o[0m
[ 89%] [32m[1mLinking C shared library rosidl_generator_py/diegetic_button_pkg/libdiegetic_button_pkg__rosidl_generator_py.so[0m
[ 89%] Built target diegetic_button_pkg__rosidl_generator_py
[ 90%] [32mBuilding C object CMakeFiles/diegetic_button_pkg__rosidl_typesupport_fastrtps_c__pyext.dir/rosidl_generator_py/diegetic_button_pkg/_diegetic_button_pkg_s.ep.rosidl_typesupport_fastrtps_c.c.o[0m
[ 92%] [32mBuilding C object CMakeFiles/diegetic_button_pkg__rosidl_typesupport_introspection_c__pyext.dir/rosidl_generator_py/diegetic_button_pkg/_diegetic_button_pkg_s.ep.rosidl_typesupport_introspection_c.c.o[0m
[ 94%] [32mBuilding C object CMakeFiles/diegetic_button_pkg__rosidl_typesupport_c__pyext.dir/rosidl_generator_py/diegetic_button_pkg/_diegetic_button_pkg_s.ep.rosidl_typesupport_c.c.o[0m
[ 96%] [32m[1mLinking C shared library rosidl_generator_py/diegetic_button_pkg/diegetic_button_pkg_s__rosidl_typesupport_fastrtps_c.cpython-310-x86_64-linux-gnu.so[0m
[ 98%] [32m[1mLinking C shared library rosidl_generator_py/diegetic_button_pkg/diegetic_button_pkg_s__rosidl_typesupport_c.cpython-310-x86_64-linux-gnu.so[0m
[100%] [32m[1mLinking C shared library rosidl_generator_py/diegetic_button_pkg/diegetic_button_pkg_s__rosidl_typesupport_introspection_c.cpython-310-x86_64-linux-gnu.so[0m
[100%] Built target diegetic_button_pkg__rosidl_typesupport_c__pyext
[100%] Built target diegetic_button_pkg__rosidl_typesupport_fastrtps_c__pyext
[100%] Built target diegetic_button_pkg__rosidl_typesupport_introspection_c__pyext
-- Install configuration: ""
-- Up-to-date: /root/ws/origami/install/diegetic_button_pkg/share/diegetic_button_pkg//launch
-- Installing: /root/ws/origami/install/diegetic_button_pkg/share/diegetic_button_pkg//launch/devel.launch.py
-- Up-to-date: /root/ws/origami/install/diegetic_button_pkg/share/diegetic_button_pkg//launch/joy_glasses.launch.py
-- Installing: /root/ws/origami/install/diegetic_button_pkg/share/diegetic_button_pkg/environment/pythonpath.sh
-- Installing: /root/ws/origami/install/diegetic_button_pkg/share/diegetic_button_pkg/environment/pythonpath.dsv
-- Up-to-date: /root/ws/origami/install/diegetic_button_pkg/local/lib/python3.10/dist-packages/scripts-0.0.0-py3.10.egg-info
-- Installing: /root/ws/origami/install/diegetic_button_pkg/local/lib/python3.10/dist-packages/scripts-0.0.0-py3.10.egg-info/top_level.txt
-- Installing: /root/ws/origami/install/diegetic_button_pkg/local/lib/python3.10/dist-packages/scripts-0.0.0-py3.10.egg-info/SOURCES.txt
-- Installing: /root/ws/origami/install/diegetic_button_pkg/local/lib/python3.10/dist-packages/scripts-0.0.0-py3.10.egg-info/dependency_links.txt
-- Installing: /root/ws/origami/install/diegetic_button_pkg/local/lib/python3.10/dist-packages/scripts-0.0.0-py3.10.egg-info/PKG-INFO
-- Up-to-date: /root/ws/origami/install/diegetic_button_pkg/local/lib/python3.10/dist-packages/scripts
-- Up-to-date: /root/ws/origami/install/diegetic_button_pkg/local/lib/python3.10/dist-packages/scripts/ros2bag.py
-- Up-to-date: /root/ws/origami/install/diegetic_button_pkg/local/lib/python3.10/dist-packages/scripts/TestButtonMap.csv
-- Up-to-date: /root/ws/origami/install/diegetic_button_pkg/local/lib/python3.10/dist-packages/scripts/bagToCSV.py
-- Up-to-date: /root/ws/origami/install/diegetic_button_pkg/local/lib/python3.10/dist-packages/scripts/devices
-- Up-to-date: /root/ws/origami/install/diegetic_button_pkg/local/lib/python3.10/dist-packages/scripts/devices/piano_demo.py
-- Up-to-date: /root/ws/origami/install/diegetic_button_pkg/local/lib/python3.10/dist-packages/scripts/devices/joy.py
-- Up-to-date: /root/ws/origami/install/diegetic_button_pkg/local/lib/python3.10/dist-packages/scripts/devices/sound.py
-- Up-to-date: /root/ws/origami/install/diegetic_button_pkg/local/lib/python3.10/dist-packages/scripts/devices/sound2.py
-- Up-to-date: /root/ws/origami/install/diegetic_button_pkg/local/lib/python3.10/dist-packages/scripts/diegetic_button.py
-- Up-to-date: /root/ws/origami/install/diegetic_button_pkg/local/lib/python3.10/dist-packages/scripts/input_check.py
-- Up-to-date: /root/ws/origami/install/diegetic_button_pkg/local/lib/python3.10/dist-packages/scripts/__init__.py
Listing '/root/ws/origami/install/diegetic_button_pkg/local/lib/python3.10/dist-packages/scripts'...
Listing '/root/ws/origami/install/diegetic_button_pkg/local/lib/python3.10/dist-packages/scripts/devices'...
-- Installing: /root/ws/origami/install/diegetic_button_pkg/share/ament_index/resource_index/rosidl_interfaces/diegetic_button_pkg
-- Up-to-date: /root/ws/origami/install/diegetic_button_pkg/include/diegetic_button_pkg/diegetic_button_pkg
-- Up-to-date: /root/ws/origami/install/diegetic_button_pkg/include/diegetic_button_pkg/diegetic_button_pkg/msg
-- Installing: /root/ws/origami/install/diegetic_button_pkg/include/diegetic_button_pkg/diegetic_button_pkg/msg/input_status_array.h
-- Installing: /root/ws/origami/install/diegetic_button_pkg/include/diegetic_button_pkg/diegetic_button_pkg/msg/rosidl_generator_c__visibility_control.h
-- Up-to-date: /root/ws/origami/install/diegetic_button_pkg/include/diegetic_button_pkg/diegetic_button_pkg/msg/detail
-- Installing: /root/ws/origami/install/diegetic_button_pkg/include/diegetic_button_pkg/diegetic_button_pkg/msg/detail/diegetic_button__functions.c
-- Installing: /root/ws/origami/install/diegetic_button_pkg/include/diegetic_button_pkg/diegetic_button_pkg/msg/detail/input_status__functions.h
-- Installing: /root/ws/origami/install/diegetic_button_pkg/include/diegetic_button_pkg/diegetic_button_pkg/msg/detail/diegetic_button_array__type_support.h
-- Installing: /root/ws/origami/install/diegetic_button_pkg/include/diegetic_button_pkg/diegetic_button_pkg/msg/detail/diegetic_button_array__functions.h
-- Installing: /root/ws/origami/install/diegetic_button_pkg/include/diegetic_button_pkg/diegetic_button_pkg/msg/detail/input_status_array__type_support.h
-- Installing: /root/ws/origami/install/diegetic_button_pkg/include/diegetic_button_pkg/diegetic_button_pkg/msg/detail/input_status_array__functions.h
-- Installing: /root/ws/origami/install/diegetic_button_pkg/include/diegetic_button_pkg/diegetic_button_pkg/msg/detail/diegetic_button_array__struct.h
-- Installing: /root/ws/origami/install/diegetic_button_pkg/include/diegetic_button_pkg/diegetic_button_pkg/msg/detail/diegetic_button__type_support.h
-- Installing: /root/ws/origami/install/diegetic_button_pkg/include/diegetic_button_pkg/diegetic_button_pkg/msg/detail/input_status__functions.c
-- Installing: /root/ws/origami/install/diegetic_button_pkg/include/diegetic_button_pkg/diegetic_button_pkg/msg/detail/input_status__type_support.h
-- Installing: /root/ws/origami/install/diegetic_button_pkg/include/diegetic_button_pkg/diegetic_button_pkg/msg/detail/diegetic_button__functions.h
-- Installing: /root/ws/origami/install/diegetic_button_pkg/include/diegetic_button_pkg/diegetic_button_pkg/msg/detail/input_status_array__struct.h
-- Installing: /root/ws/origami/install/diegetic_button_pkg/include/diegetic_button_pkg/diegetic_button_pkg/msg/detail/diegetic_button__struct.h
-- Installing: /root/ws/origami/install/diegetic_button_pkg/include/diegetic_button_pkg/diegetic_button_pkg/msg/detail/input_status_array__functions.c
-- Installing: /root/ws/origami/install/diegetic_button_pkg/include/diegetic_button_pkg/diegetic_button_pkg/msg/detail/input_status__struct.h
-- Installing: /root/ws/origami/install/diegetic_button_pkg/include/diegetic_button_pkg/diegetic_button_pkg/msg/detail/diegetic_button_array__functions.c
-- Installing: /root/ws/origami/install/diegetic_button_pkg/include/diegetic_button_pkg/diegetic_button_pkg/msg/diegetic_button_array.h
-- Installing: /root/ws/origami/install/diegetic_button_pkg/include/diegetic_button_pkg/diegetic_button_pkg/msg/input_status.h
-- Installing: /root/ws/origami/install/diegetic_button_pkg/include/diegetic_button_pkg/diegetic_button_pkg/msg/diegetic_button.h
-- Up-to-date: /root/ws/origami/install/diegetic_button_pkg/share/diegetic_button_pkg/environment/library_path.sh
-- Installing: /root/ws/origami/install/diegetic_button_pkg/share/diegetic_button_pkg/environment/library_path.dsv
-- Installing: /root/ws/origami/install/diegetic_button_pkg/lib/libdiegetic_button_pkg__rosidl_generator_c.so
-- Set runtime path of "/root/ws/origami/install/diegetic_button_pkg/lib/libdiegetic_button_pkg__rosidl_generator_c.so" to ""
-- Up-to-date: /root/ws/origami/install/diegetic_button_pkg/include/diegetic_button_pkg/diegetic_button_pkg
-- Up-to-date: /root/ws/origami/install/diegetic_button_pkg/include/diegetic_button_pkg/diegetic_button_pkg/msg
-- Installing: /root/ws/origami/install/diegetic_button_pkg/include/diegetic_button_pkg/diegetic_button_pkg/msg/rosidl_typesupport_fastrtps_c__visibility_control.h
-- Up-to-date: /root/ws/origami/install/diegetic_button_pkg/include/diegetic_button_pkg/diegetic_button_pkg/msg/detail
-- Installing: /root/ws/origami/install/diegetic_button_pkg/include/diegetic_button_pkg/diegetic_button_pkg/msg/detail/diegetic_button__rosidl_typesupport_fastrtps_c.h
-- Installing: /root/ws/origami/install/diegetic_button_pkg/include/diegetic_button_pkg/diegetic_button_pkg/msg/detail/input_status_array__rosidl_typesupport_fastrtps_c.h
-- Installing: /root/ws/origami/install/diegetic_button_pkg/include/diegetic_button_pkg/diegetic_button_pkg/msg/detail/diegetic_button_array__rosidl_typesupport_fastrtps_c.h
-- Installing: /root/ws/origami/install/diegetic_button_pkg/include/diegetic_button_pkg/diegetic_button_pkg/msg/detail/input_status__rosidl_typesupport_fastrtps_c.h
-- Installing: /root/ws/origami/install/diegetic_button_pkg/lib/libdiegetic_button_pkg__rosidl_typesupport_fastrtps_c.so
-- Set runtime path of "/root/ws/origami/install/diegetic_button_pkg/lib/libdiegetic_button_pkg__rosidl_typesupport_fastrtps_c.so" to ""
-- Up-to-date: /root/ws/origami/install/diegetic_button_pkg/include/diegetic_button_pkg/diegetic_button_pkg
-- Up-to-date: /root/ws/origami/install/diegetic_button_pkg/include/diegetic_button_pkg/diegetic_button_pkg/msg
-- Installing: /root/ws/origami/install/diegetic_button_pkg/include/diegetic_button_pkg/diegetic_button_pkg/msg/diegetic_button.hpp
-- Installing: /root/ws/origami/install/diegetic_button_pkg/include/diegetic_button_pkg/diegetic_button_pkg/msg/input_status_array.hpp
-- Installing: /root/ws/origami/install/diegetic_button_pkg/include/diegetic_button_pkg/diegetic_button_pkg/msg/diegetic_button_array.hpp
-- Up-to-date: /root/ws/origami/install/diegetic_button_pkg/include/diegetic_button_pkg/diegetic_button_pkg/msg/detail
-- Installing: /root/ws/origami/install/diegetic_button_pkg/include/diegetic_button_pkg/diegetic_button_pkg/msg/detail/diegetic_button_array__traits.hpp
-- Installing: /root/ws/origami/install/diegetic_button_pkg/include/diegetic_button_pkg/diegetic_button_pkg/msg/detail/input_status__struct.hpp
-- Installing: /root/ws/origami/install/diegetic_button_pkg/include/diegetic_button_pkg/diegetic_button_pkg/msg/detail/input_status__builder.hpp
-- Installing: /root/ws/origami/install/diegetic_button_pkg/include/diegetic_button_pkg/diegetic_button_pkg/msg/detail/diegetic_button__traits.hpp
-- Installing: /root/ws/origami/install/diegetic_button_pkg/include/diegetic_button_pkg/diegetic_button_pkg/msg/detail/input_status_array__builder.hpp
-- Installing: /root/ws/origami/install/diegetic_button_pkg/include/diegetic_button_pkg/diegetic_button_pkg/msg/detail/input_status_array__traits.hpp
-- Installing: /root/ws/origami/install/diegetic_button_pkg/include/diegetic_button_pkg/diegetic_button_pkg/msg/detail/diegetic_button_array__builder.hpp
-- Installing: /root/ws/origami/install/diegetic_button_pkg/include/diegetic_button_pkg/diegetic_button_pkg/msg/detail/diegetic_button__struct.hpp
-- Installing: /root/ws/origami/install/diegetic_button_pkg/include/diegetic_button_pkg/diegetic_button_pkg/msg/detail/diegetic_button_array__struct.hpp
-- Installing: /root/ws/origami/install/diegetic_button_pkg/include/diegetic_button_pkg/diegetic_button_pkg/msg/detail/diegetic_button__builder.hpp
-- Installing: /root/ws/origami/install/diegetic_button_pkg/include/diegetic_button_pkg/diegetic_button_pkg/msg/detail/input_status_array__struct.hpp
-- Installing: /root/ws/origami/install/diegetic_button_pkg/include/diegetic_button_pkg/diegetic_button_pkg/msg/detail/input_status__traits.hpp
-- Installing: /root/ws/origami/install/diegetic_button_pkg/include/diegetic_button_pkg/diegetic_button_pkg/msg/input_status.hpp
-- Up-to-date: /root/ws/origami/install/diegetic_button_pkg/include/diegetic_button_pkg/diegetic_button_pkg
-- Up-to-date: /root/ws/origami/install/diegetic_button_pkg/include/diegetic_button_pkg/diegetic_button_pkg/msg
-- Installing: /root/ws/origami/install/diegetic_button_pkg/include/diegetic_button_pkg/diegetic_button_pkg/msg/rosidl_typesupport_fastrtps_cpp__visibility_control.h
-- Up-to-date: /root/ws/origami/install/diegetic_button_pkg/include/diegetic_button_pkg/diegetic_button_pkg/msg/detail
-- Installing: /root/ws/origami/install/diegetic_button_pkg/include/diegetic_button_pkg/diegetic_button_pkg/msg/detail/input_status_array__rosidl_typesupport_fastrtps_cpp.hpp
-- Installing: /root/ws/origami/install/diegetic_button_pkg/include/diegetic_button_pkg/diegetic_button_pkg/msg/detail/diegetic_button_array__rosidl_typesupport_fastrtps_cpp.hpp
-- Installing: /root/ws/origami/install/diegetic_button_pkg/include/diegetic_button_pkg/diegetic_button_pkg/msg/detail/input_status__rosidl_typesupport_fastrtps_cpp.hpp
-- Installing: /root/ws/origami/install/diegetic_button_pkg/include/diegetic_button_pkg/diegetic_button_pkg/msg/detail/diegetic_button__rosidl_typesupport_fastrtps_cpp.hpp
-- Up-to-date: /root/ws/origami/install/diegetic_button_pkg/include/diegetic_button_pkg/diegetic_button_pkg/msg/detail/dds_fastrtps
-- Installing: /root/ws/origami/install/diegetic_button_pkg/lib/libdiegetic_button_pkg__rosidl_typesupport_fastrtps_cpp.so
-- Set runtime path of "/root/ws/origami/install/diegetic_button_pkg/lib/libdiegetic_button_pkg__rosidl_typesupport_fastrtps_cpp.so" to ""
-- Up-to-date: /root/ws/origami/install/diegetic_button_pkg/include/diegetic_button_pkg/diegetic_button_pkg
-- Up-to-date: /root/ws/origami/install/diegetic_button_pkg/include/diegetic_button_pkg/diegetic_button_pkg/msg
-- Installing: /root/ws/origami/install/diegetic_button_pkg/include/diegetic_button_pkg/diegetic_button_pkg/msg/rosidl_typesupport_introspection_c__visibility_control.h
-- Up-to-date: /root/ws/origami/install/diegetic_button_pkg/include/diegetic_button_pkg/diegetic_button_pkg/msg/detail
-- Installing: /root/ws/origami/install/diegetic_button_pkg/include/diegetic_button_pkg/diegetic_button_pkg/msg/detail/input_status__type_support.c
-- Installing: /root/ws/origami/install/diegetic_button_pkg/include/diegetic_button_pkg/diegetic_button_pkg/msg/detail/input_status__rosidl_typesupport_introspection_c.h
-- Installing: /root/ws/origami/install/diegetic_button_pkg/include/diegetic_button_pkg/diegetic_button_pkg/msg/detail/diegetic_button__rosidl_typesupport_introspection_c.h
-- Installing: /root/ws/origami/install/diegetic_button_pkg/include/diegetic_button_pkg/diegetic_button_pkg/msg/detail/input_status_array__type_support.c
-- Installing: /root/ws/origami/install/diegetic_button_pkg/include/diegetic_button_pkg/diegetic_button_pkg/msg/detail/diegetic_button__type_support.c
-- Installing: /root/ws/origami/install/diegetic_button_pkg/include/diegetic_button_pkg/diegetic_button_pkg/msg/detail/diegetic_button_array__rosidl_typesupport_introspection_c.h
-- Installing: /root/ws/origami/install/diegetic_button_pkg/include/diegetic_button_pkg/diegetic_button_pkg/msg/detail/input_status_array__rosidl_typesupport_introspection_c.h
-- Installing: /root/ws/origami/install/diegetic_button_pkg/include/diegetic_button_pkg/diegetic_button_pkg/msg/detail/diegetic_button_array__type_support.c
-- Installing: /root/ws/origami/install/diegetic_button_pkg/lib/libdiegetic_button_pkg__rosidl_typesupport_introspection_c.so
-- Set runtime path of "/root/ws/origami/install/diegetic_button_pkg/lib/libdiegetic_button_pkg__rosidl_typesupport_introspection_c.so" to ""
-- Installing: /root/ws/origami/install/diegetic_button_pkg/lib/libdiegetic_button_pkg__rosidl_typesupport_c.so
-- Set runtime path of "/root/ws/origami/install/diegetic_button_pkg/lib/libdiegetic_button_pkg__rosidl_typesupport_c.so" to ""
-- Up-to-date: /root/ws/origami/install/diegetic_button_pkg/include/diegetic_button_pkg/diegetic_button_pkg
-- Up-to-date: /root/ws/origami/install/diegetic_button_pkg/include/diegetic_button_pkg/diegetic_button_pkg/msg
-- Up-to-date: /root/ws/origami/install/diegetic_button_pkg/include/diegetic_button_pkg/diegetic_button_pkg/msg/detail
-- Installing: /root/ws/origami/install/diegetic_button_pkg/include/diegetic_button_pkg/diegetic_button_pkg/msg/detail/diegetic_button_array__rosidl_typesupport_introspection_cpp.hpp
-- Installing: /root/ws/origami/install/diegetic_button_pkg/include/diegetic_button_pkg/diegetic_button_pkg/msg/detail/input_status_array__type_support.cpp
-- Installing: /root/ws/origami/install/diegetic_button_pkg/include/diegetic_button_pkg/diegetic_button_pkg/msg/detail/input_status__rosidl_typesupport_introspection_cpp.hpp
-- Installing: /root/ws/origami/install/diegetic_button_pkg/include/diegetic_button_pkg/diegetic_button_pkg/msg/detail/diegetic_button_array__type_support.cpp
-- Installing: /root/ws/origami/install/diegetic_button_pkg/include/diegetic_button_pkg/diegetic_button_pkg/msg/detail/diegetic_button__rosidl_typesupport_introspection_cpp.hpp
-- Installing: /root/ws/origami/install/diegetic_button_pkg/include/diegetic_button_pkg/diegetic_button_pkg/msg/detail/input_status__type_support.cpp
-- Installing: /root/ws/origami/install/diegetic_button_pkg/include/diegetic_button_pkg/diegetic_button_pkg/msg/detail/input_status_array__rosidl_typesupport_introspection_cpp.hpp
-- Installing: /root/ws/origami/install/diegetic_button_pkg/include/diegetic_button_pkg/diegetic_button_pkg/msg/detail/diegetic_button__type_support.cpp
-- Installing: /root/ws/origami/install/diegetic_button_pkg/lib/libdiegetic_button_pkg__rosidl_typesupport_introspection_cpp.so
-- Set runtime path of "/root/ws/origami/install/diegetic_button_pkg/lib/libdiegetic_button_pkg__rosidl_typesupport_introspection_cpp.so" to ""
-- Installing: /root/ws/origami/install/diegetic_button_pkg/lib/libdiegetic_button_pkg__rosidl_typesupport_cpp.so
-- Set runtime path of "/root/ws/origami/install/diegetic_button_pkg/lib/libdiegetic_button_pkg__rosidl_typesupport_cpp.so" to ""
-- Up-to-date: /root/ws/origami/install/diegetic_button_pkg/local/lib/python3.10/dist-packages/diegetic_button_pkg-0.0.0-py3.10.egg-info
-- Installing: /root/ws/origami/install/diegetic_button_pkg/local/lib/python3.10/dist-packages/diegetic_button_pkg-0.0.0-py3.10.egg-info/top_level.txt
-- Installing: /root/ws/origami/install/diegetic_button_pkg/local/lib/python3.10/dist-packages/diegetic_button_pkg-0.0.0-py3.10.egg-info/SOURCES.txt
-- Installing: /root/ws/origami/install/diegetic_button_pkg/local/lib/python3.10/dist-packages/diegetic_button_pkg-0.0.0-py3.10.egg-info/dependency_links.txt
-- Installing: /root/ws/origami/install/diegetic_button_pkg/local/lib/python3.10/dist-packages/diegetic_button_pkg-0.0.0-py3.10.egg-info/PKG-INFO
-- Up-to-date: /root/ws/origami/install/diegetic_button_pkg/local/lib/python3.10/dist-packages/diegetic_button_pkg
-- Installing: /root/ws/origami/install/diegetic_button_pkg/local/lib/python3.10/dist-packages/diegetic_button_pkg/diegetic_button_pkg_s__rosidl_typesupport_introspection_c.cpython-310-x86_64-linux-gnu.so
-- Installing: /root/ws/origami/install/diegetic_button_pkg/local/lib/python3.10/dist-packages/diegetic_button_pkg/_diegetic_button_pkg_s.ep.rosidl_typesupport_c.c
-- Installing: /root/ws/origami/install/diegetic_button_pkg/local/lib/python3.10/dist-packages/diegetic_button_pkg/diegetic_button_pkg_s__rosidl_typesupport_fastrtps_c.cpython-310-x86_64-linux-gnu.so
-- Installing: /root/ws/origami/install/diegetic_button_pkg/local/lib/python3.10/dist-packages/diegetic_button_pkg/_diegetic_button_pkg_s.ep.rosidl_typesupport_introspection_c.c
-- Installing: /root/ws/origami/install/diegetic_button_pkg/local/lib/python3.10/dist-packages/diegetic_button_pkg/diegetic_button_pkg_s__rosidl_typesupport_c.cpython-310-x86_64-linux-gnu.so
-- Installing: /root/ws/origami/install/diegetic_button_pkg/local/lib/python3.10/dist-packages/diegetic_button_pkg/__init__.py
-- Installing: /root/ws/origami/install/diegetic_button_pkg/local/lib/python3.10/dist-packages/diegetic_button_pkg/_diegetic_button_pkg_s.ep.rosidl_typesupport_fastrtps_c.c
-- Up-to-date: /root/ws/origami/install/diegetic_button_pkg/local/lib/python3.10/dist-packages/diegetic_button_pkg/msg
-- Installing: /root/ws/origami/install/diegetic_button_pkg/local/lib/python3.10/dist-packages/diegetic_button_pkg/msg/_diegetic_button.py
-- Installing: /root/ws/origami/install/diegetic_button_pkg/local/lib/python3.10/dist-packages/diegetic_button_pkg/msg/_input_status_array_s.c
-- Installing: /root/ws/origami/install/diegetic_button_pkg/local/lib/python3.10/dist-packages/diegetic_button_pkg/msg/_diegetic_button_array_s.c
-- Installing: /root/ws/origami/install/diegetic_button_pkg/local/lib/python3.10/dist-packages/diegetic_button_pkg/msg/_input_status_s.c
-- Installing: /root/ws/origami/install/diegetic_button_pkg/local/lib/python3.10/dist-packages/diegetic_button_pkg/msg/_diegetic_button_array.py
-- Installing: /root/ws/origami/install/diegetic_button_pkg/local/lib/python3.10/dist-packages/diegetic_button_pkg/msg/__init__.py
-- Installing: /root/ws/origami/install/diegetic_button_pkg/local/lib/python3.10/dist-packages/diegetic_button_pkg/msg/_input_status.py
-- Installing: /root/ws/origami/install/diegetic_button_pkg/local/lib/python3.10/dist-packages/diegetic_button_pkg/msg/_input_status_array.py
-- Installing: /root/ws/origami/install/diegetic_button_pkg/local/lib/python3.10/dist-packages/diegetic_button_pkg/msg/_diegetic_button_s.c
-- Installing: /root/ws/origami/install/diegetic_button_pkg/local/lib/python3.10/dist-packages/diegetic_button_pkg/libdiegetic_button_pkg__rosidl_generator_py.so
Listing '/root/ws/origami/install/diegetic_button_pkg/local/lib/python3.10/dist-packages/diegetic_button_pkg'...
Compiling '/root/ws/origami/install/diegetic_button_pkg/local/lib/python3.10/dist-packages/diegetic_button_pkg/__init__.py'...
Listing '/root/ws/origami/install/diegetic_button_pkg/local/lib/python3.10/dist-packages/diegetic_button_pkg/msg'...
Compiling '/root/ws/origami/install/diegetic_button_pkg/local/lib/python3.10/dist-packages/diegetic_button_pkg/msg/__init__.py'...
Compiling '/root/ws/origami/install/diegetic_button_pkg/local/lib/python3.10/dist-packages/diegetic_button_pkg/msg/_diegetic_button.py'...
Compiling '/root/ws/origami/install/diegetic_button_pkg/local/lib/python3.10/dist-packages/diegetic_button_pkg/msg/_diegetic_button_array.py'...
Compiling '/root/ws/origami/install/diegetic_button_pkg/local/lib/python3.10/dist-packages/diegetic_button_pkg/msg/_input_status.py'...
Compiling '/root/ws/origami/install/diegetic_button_pkg/local/lib/python3.10/dist-packages/diegetic_button_pkg/msg/_input_status_array.py'...
-- Installing: /root/ws/origami/install/diegetic_button_pkg/local/lib/python3.10/dist-packages/diegetic_button_pkg/diegetic_button_pkg_s__rosidl_typesupport_fastrtps_c.cpython-310-x86_64-linux-gnu.so
-- Set runtime path of "/root/ws/origami/install/diegetic_button_pkg/local/lib/python3.10/dist-packages/diegetic_button_pkg/diegetic_button_pkg_s__rosidl_typesupport_fastrtps_c.cpython-310-x86_64-linux-gnu.so" to ""
-- Installing: /root/ws/origami/install/diegetic_button_pkg/local/lib/python3.10/dist-packages/diegetic_button_pkg/diegetic_button_pkg_s__rosidl_typesupport_introspection_c.cpython-310-x86_64-linux-gnu.so
-- Set runtime path of "/root/ws/origami/install/diegetic_button_pkg/local/lib/python3.10/dist-packages/diegetic_button_pkg/diegetic_button_pkg_s__rosidl_typesupport_introspection_c.cpython-310-x86_64-linux-gnu.so" to ""
-- Installing: /root/ws/origami/install/diegetic_button_pkg/local/lib/python3.10/dist-packages/diegetic_button_pkg/diegetic_button_pkg_s__rosidl_typesupport_c.cpython-310-x86_64-linux-gnu.so
-- Set runtime path of "/root/ws/origami/install/diegetic_button_pkg/local/lib/python3.10/dist-packages/diegetic_button_pkg/diegetic_button_pkg_s__rosidl_typesupport_c.cpython-310-x86_64-linux-gnu.so" to ""
-- Installing: /root/ws/origami/install/diegetic_button_pkg/lib/libdiegetic_button_pkg__rosidl_generator_py.so
-- Set runtime path of "/root/ws/origami/install/diegetic_button_pkg/lib/libdiegetic_button_pkg__rosidl_generator_py.so" to ""
-- Installing: /root/ws/origami/install/diegetic_button_pkg/share/diegetic_button_pkg/msg/DiegeticButton.idl
-- Installing: /root/ws/origami/install/diegetic_button_pkg/share/diegetic_button_pkg/msg/DiegeticButtonArray.idl
-- Installing: /root/ws/origami/install/diegetic_button_pkg/share/diegetic_button_pkg/msg/InputStatus.idl
-- Installing: /root/ws/origami/install/diegetic_button_pkg/share/diegetic_button_pkg/msg/InputStatusArray.idl
-- Up-to-date: /root/ws/origami/install/diegetic_button_pkg/share/diegetic_button_pkg/msg/DiegeticButton.msg
-- Up-to-date: /root/ws/origami/install/diegetic_button_pkg/share/diegetic_button_pkg/msg/DiegeticButtonArray.msg
-- Up-to-date: /root/ws/origami/install/diegetic_button_pkg/share/diegetic_button_pkg/msg/InputStatus.msg
-- Up-to-date: /root/ws/origami/install/diegetic_button_pkg/share/diegetic_button_pkg/msg/InputStatusArray.msg
-- Up-to-date: /root/ws/origami/install/diegetic_button_pkg/lib/diegetic_button_pkg/diegetic_button.py
-- Up-to-date: /root/ws/origami/install/diegetic_button_pkg/lib/diegetic_button_pkg/input_check.py
-- Up-to-date: /root/ws/origami/install/diegetic_button_pkg/lib/diegetic_button_pkg/bagToCSV.py
-- Up-to-date: /root/ws/origami/install/diegetic_button_pkg/lib/diegetic_button_pkg/joy.py
-- Up-to-date: /root/ws/origami/install/diegetic_button_pkg/lib/diegetic_button_pkg/piano_demo.py
-- Installing: /root/ws/origami/install/diegetic_button_pkg/share/ament_index/resource_index/package_run_dependencies/diegetic_button_pkg
-- Installing: /root/ws/origami/install/diegetic_button_pkg/share/ament_index/resource_index/parent_prefix_path/diegetic_button_pkg
-- Up-to-date: /root/ws/origami/install/diegetic_button_pkg/share/diegetic_button_pkg/environment/ament_prefix_path.sh
-- Installing: /root/ws/origami/install/diegetic_button_pkg/share/diegetic_button_pkg/environment/ament_prefix_path.dsv
-- Up-to-date: /root/ws/origami/install/diegetic_button_pkg/share/diegetic_button_pkg/environment/path.sh
-- Installing: /root/ws/origami/install/diegetic_button_pkg/share/diegetic_button_pkg/environment/path.dsv
-- Installing: /root/ws/origami/install/diegetic_button_pkg/share/diegetic_button_pkg/local_setup.bash
-- Installing: /root/ws/origami/install/diegetic_button_pkg/share/diegetic_button_pkg/local_setup.sh
-- Installing: /root/ws/origami/install/diegetic_button_pkg/share/diegetic_button_pkg/local_setup.zsh
-- Installing: /root/ws/origami/install/diegetic_button_pkg/share/diegetic_button_pkg/local_setup.dsv
-- Installing: /root/ws/origami/install/diegetic_button_pkg/share/diegetic_button_pkg/package.dsv
-- Installing: /root/ws/origami/install/diegetic_button_pkg/share/ament_index/resource_index/packages/diegetic_button_pkg
-- Installing: /root/ws/origami/install/diegetic_button_pkg/share/diegetic_button_pkg/cmake/export_diegetic_button_pkg__rosidl_generator_cExport.cmake
-- Installing: /root/ws/origami/install/diegetic_button_pkg/share/diegetic_button_pkg/cmake/export_diegetic_button_pkg__rosidl_generator_cExport-noconfig.cmake
-- Installing: /root/ws/origami/install/diegetic_button_pkg/share/diegetic_button_pkg/cmake/export_diegetic_button_pkg__rosidl_typesupport_fastrtps_cExport.cmake
-- Installing: /root/ws/origami/install/diegetic_button_pkg/share/diegetic_button_pkg/cmake/export_diegetic_button_pkg__rosidl_typesupport_fastrtps_cExport-noconfig.cmake
-- Installing: /root/ws/origami/install/diegetic_button_pkg/share/diegetic_button_pkg/cmake/export_diegetic_button_pkg__rosidl_generator_cppExport.cmake
-- Installing: /root/ws/origami/install/diegetic_button_pkg/share/diegetic_button_pkg/cmake/export_diegetic_button_pkg__rosidl_typesupport_fastrtps_cppExport.cmake
-- Installing: /root/ws/origami/install/diegetic_button_pkg/share/diegetic_button_pkg/cmake/export_diegetic_button_pkg__rosidl_typesupport_fastrtps_cppExport-noconfig.cmake
-- Installing: /root/ws/origami/install/diegetic_button_pkg/share/diegetic_button_pkg/cmake/diegetic_button_pkg__rosidl_typesupport_introspection_cExport.cmake
-- Installing: /root/ws/origami/install/diegetic_button_pkg/share/diegetic_button_pkg/cmake/diegetic_button_pkg__rosidl_typesupport_introspection_cExport-noconfig.cmake
-- Installing: /root/ws/origami/install/diegetic_button_pkg/share/diegetic_button_pkg/cmake/diegetic_button_pkg__rosidl_typesupport_cExport.cmake
-- Installing: /root/ws/origami/install/diegetic_button_pkg/share/diegetic_button_pkg/cmake/diegetic_button_pkg__rosidl_typesupport_cExport-noconfig.cmake
-- Installing: /root/ws/origami/install/diegetic_button_pkg/share/diegetic_button_pkg/cmake/diegetic_button_pkg__rosidl_typesupport_introspection_cppExport.cmake
-- Installing: /root/ws/origami/install/diegetic_button_pkg/share/diegetic_button_pkg/cmake/diegetic_button_pkg__rosidl_typesupport_introspection_cppExport-noconfig.cmake
-- Installing: /root/ws/origami/install/diegetic_button_pkg/share/diegetic_button_pkg/cmake/diegetic_button_pkg__rosidl_typesupport_cppExport.cmake
-- Installing: /root/ws/origami/install/diegetic_button_pkg/share/diegetic_button_pkg/cmake/diegetic_button_pkg__rosidl_typesupport_cppExport-noconfig.cmake
-- Installing: /root/ws/origami/install/diegetic_button_pkg/share/diegetic_button_pkg/cmake/export_diegetic_button_pkg__rosidl_generator_pyExport.cmake
-- Installing: /root/ws/origami/install/diegetic_button_pkg/share/diegetic_button_pkg/cmake/export_diegetic_button_pkg__rosidl_generator_pyExport-noconfig.cmake
-- Installing: /root/ws/origami/install/diegetic_button_pkg/share/diegetic_button_pkg/cmake/rosidl_cmake-extras.cmake
-- Installing: /root/ws/origami/install/diegetic_button_pkg/share/diegetic_button_pkg/cmake/ament_cmake_export_dependencies-extras.cmake
-- Installing: /root/ws/origami/install/diegetic_button_pkg/share/diegetic_button_pkg/cmake/ament_cmake_export_include_directories-extras.cmake
-- Installing: /root/ws/origami/install/diegetic_button_pkg/share/diegetic_button_pkg/cmake/ament_cmake_export_libraries-extras.cmake
-- Installing: /root/ws/origami/install/diegetic_button_pkg/share/diegetic_button_pkg/cmake/ament_cmake_export_targets-extras.cmake
-- Installing: /root/ws/origami/install/diegetic_button_pkg/share/diegetic_button_pkg/cmake/rosidl_cmake_export_typesupport_targets-extras.cmake
-- Installing: /root/ws/origami/install/diegetic_button_pkg/share/diegetic_button_pkg/cmake/rosidl_cmake_export_typesupport_libraries-extras.cmake
-- Installing: /root/ws/origami/install/diegetic_button_pkg/share/diegetic_button_pkg/cmake/diegetic_button_pkgConfig.cmake
-- Installing: /root/ws/origami/install/diegetic_button_pkg/share/diegetic_button_pkg/cmake/diegetic_button_pkgConfig-version.cmake
-- Up-to-date: /root/ws/origami/install/diegetic_button_pkg/share/diegetic_button_pkg/package.xml
