[0.844s] DEBUG:colcon:Command line arguments: ['/usr/bin/colcon', 'build']
[0.845s] DEBUG:colcon:Parsed command line arguments: Namespace(log_base=None, log_level=None, verb_name='build', build_base='build', install_base='install', merge_install=False, symlink_install=False, test_result_base=None, continue_on_error=False, executor='parallel', parallel_workers=12, event_handlers=None, ignore_user_meta=False, metas=['./colcon.meta'], base_paths=['.'], packages_ignore=None, packages_ignore_regex=None, paths=None, packages_up_to=None, packages_up_to_regex=None, packages_above=None, packages_above_and_dependencies=None, packages_above_depth=None, packages_select_by_dep=None, packages_skip_by_dep=None, packages_skip_up_to=None, packages_select_build_failed=False, packages_skip_build_finished=False, packages_select_test_failures=False, packages_skip_test_passed=False, packages_select=None, packages_skip=None, packages_select_regex=None, packages_skip_regex=None, packages_start=None, packages_end=None, cmake_args=None, cmake_target=None, cmake_target_skip_unavailable=False, cmake_clean_cache=False, cmake_clean_first=False, cmake_force_configure=False, ament_cmake_args=None, catkin_cmake_args=None, catkin_skip_building_tests=False, mixin_files=None, mixin=None, verb_parser=<colcon_mixin.mixin.mixin_argument.MixinArgumentDecorator object at 0x7fd6b235a500>, verb_extension=<colcon_core.verb.build.BuildVerb object at 0x7fd6b2808550>, main=<bound method BuildVerb.main of <colcon_core.verb.build.BuildVerb object at 0x7fd6b2808550>>, mixin_verb=('build',))
[0.880s] Level 1:colcon.colcon_core.package_discovery:discover_packages(colcon_meta) check parameters
[0.880s] INFO:colcon.colcon_metadata.package_discovery.colcon_meta:Using configuration from '/root/.colcon/metadata/default/Gazebo.meta'
[0.881s] INFO:colcon.colcon_metadata.package_discovery.colcon_meta:Using configuration from '/root/.colcon/metadata/default/fastrtps.meta'
[0.881s] Level 1:colcon.colcon_core.package_discovery:discover_packages(recursive) check parameters
[0.881s] Level 1:colcon.colcon_core.package_discovery:discover_packages(ignore) check parameters
[0.881s] Level 1:colcon.colcon_core.package_discovery:discover_packages(path) check parameters
[0.881s] Level 1:colcon.colcon_core.package_discovery:discover_packages(colcon_meta) discover
[0.881s] Level 1:colcon.colcon_core.package_discovery:discover_packages(recursive) discover
[0.881s] INFO:colcon.colcon_core.package_discovery:Crawling recursively for packages in '/root/ws/origami'
[0.881s] Level 1:colcon.colcon_core.package_identification:_identify(.) by extensions ['ignore', 'ignore_ament_install']
[0.881s] Level 1:colcon.colcon_core.package_identification:_identify(.) by extension 'ignore'
[0.881s] Level 1:colcon.colcon_core.package_identification:_identify(.) by extension 'ignore_ament_install'
[0.881s] Level 1:colcon.colcon_core.package_identification:_identify(.) by extensions ['colcon_pkg']
[0.882s] Level 1:colcon.colcon_core.package_identification:_identify(.) by extension 'colcon_pkg'
[0.882s] Level 1:colcon.colcon_core.package_identification:_identify(.) by extensions ['colcon_meta']
[0.882s] Level 1:colcon.colcon_core.package_identification:_identify(.) by extension 'colcon_meta'
[0.882s] Level 1:colcon.colcon_core.package_identification:_identify(.) by extensions ['ros']
[0.882s] Level 1:colcon.colcon_core.package_identification:_identify(.) by extension 'ros'
[0.893s] Level 1:colcon.colcon_core.package_identification:_identify(.) by extensions ['cmake', 'python']
[0.893s] Level 1:colcon.colcon_core.package_identification:_identify(.) by extension 'cmake'
[0.893s] Level 1:colcon.colcon_core.package_identification:_identify(.) by extension 'python'
[0.893s] Level 1:colcon.colcon_core.package_identification:_identify(.) by extensions ['python_setup_py']
[0.893s] Level 1:colcon.colcon_core.package_identification:_identify(.) by extension 'python_setup_py'
[0.893s] Level 1:colcon.colcon_core.package_identification:_identify(build) by extensions ['ignore', 'ignore_ament_install']
[0.893s] Level 1:colcon.colcon_core.package_identification:_identify(build) by extension 'ignore'
[0.893s] Level 1:colcon.colcon_core.package_identification:_identify(build) ignored
[0.893s] Level 1:colcon.colcon_core.package_identification:_identify(include) by extensions ['ignore', 'ignore_ament_install']
[0.894s] Level 1:colcon.colcon_core.package_identification:_identify(include) by extension 'ignore'
[0.894s] Level 1:colcon.colcon_core.package_identification:_identify(include) by extension 'ignore_ament_install'
[0.894s] Level 1:colcon.colcon_core.package_identification:_identify(include) by extensions ['colcon_pkg']
[0.894s] Level 1:colcon.colcon_core.package_identification:_identify(include) by extension 'colcon_pkg'
[0.894s] Level 1:colcon.colcon_core.package_identification:_identify(include) by extensions ['colcon_meta']
[0.894s] Level 1:colcon.colcon_core.package_identification:_identify(include) by extension 'colcon_meta'
[0.894s] Level 1:colcon.colcon_core.package_identification:_identify(include) by extensions ['ros']
[0.894s] Level 1:colcon.colcon_core.package_identification:_identify(include) by extension 'ros'
[0.894s] Level 1:colcon.colcon_core.package_identification:_identify(include) by extensions ['cmake', 'python']
[0.894s] Level 1:colcon.colcon_core.package_identification:_identify(include) by extension 'cmake'
[0.894s] Level 1:colcon.colcon_core.package_identification:_identify(include) by extension 'python'
[0.894s] Level 1:colcon.colcon_core.package_identification:_identify(include) by extensions ['python_setup_py']
[0.894s] Level 1:colcon.colcon_core.package_identification:_identify(include) by extension 'python_setup_py'
[0.894s] Level 1:colcon.colcon_core.package_identification:_identify(include/origami) by extensions ['ignore', 'ignore_ament_install']
[0.894s] Level 1:colcon.colcon_core.package_identification:_identify(include/origami) by extension 'ignore'
[0.894s] Level 1:colcon.colcon_core.package_identification:_identify(include/origami) by extension 'ignore_ament_install'
[0.894s] Level 1:colcon.colcon_core.package_identification:_identify(include/origami) by extensions ['colcon_pkg']
[0.894s] Level 1:colcon.colcon_core.package_identification:_identify(include/origami) by extension 'colcon_pkg'
[0.894s] Level 1:colcon.colcon_core.package_identification:_identify(include/origami) by extensions ['colcon_meta']
[0.894s] Level 1:colcon.colcon_core.package_identification:_identify(include/origami) by extension 'colcon_meta'
[0.894s] Level 1:colcon.colcon_core.package_identification:_identify(include/origami) by extensions ['ros']
[0.894s] Level 1:colcon.colcon_core.package_identification:_identify(include/origami) by extension 'ros'
[0.894s] Level 1:colcon.colcon_core.package_identification:_identify(include/origami) by extensions ['cmake', 'python']
[0.895s] Level 1:colcon.colcon_core.package_identification:_identify(include/origami) by extension 'cmake'
[0.895s] Level 1:colcon.colcon_core.package_identification:_identify(include/origami) by extension 'python'
[0.895s] Level 1:colcon.colcon_core.package_identification:_identify(include/origami) by extensions ['python_setup_py']
[0.895s] Level 1:colcon.colcon_core.package_identification:_identify(include/origami) by extension 'python_setup_py'
[0.895s] Level 1:colcon.colcon_core.package_identification:_identify(install) by extensions ['ignore', 'ignore_ament_install']
[0.895s] Level 1:colcon.colcon_core.package_identification:_identify(install) by extension 'ignore'
[0.895s] Level 1:colcon.colcon_core.package_identification:_identify(install) ignored
[0.895s] Level 1:colcon.colcon_core.package_identification:_identify(log) by extensions ['ignore', 'ignore_ament_install']
[0.895s] Level 1:colcon.colcon_core.package_identification:_identify(log) by extension 'ignore'
[0.895s] Level 1:colcon.colcon_core.package_identification:_identify(log) ignored
[0.895s] Level 1:colcon.colcon_core.package_identification:_identify(src) by extensions ['ignore', 'ignore_ament_install']
[0.895s] Level 1:colcon.colcon_core.package_identification:_identify(src) by extension 'ignore'
[0.895s] Level 1:colcon.colcon_core.package_identification:_identify(src) by extension 'ignore_ament_install'
[0.895s] Level 1:colcon.colcon_core.package_identification:_identify(src) by extensions ['colcon_pkg']
[0.895s] Level 1:colcon.colcon_core.package_identification:_identify(src) by extension 'colcon_pkg'
[0.895s] Level 1:colcon.colcon_core.package_identification:_identify(src) by extensions ['colcon_meta']
[0.896s] Level 1:colcon.colcon_core.package_identification:_identify(src) by extension 'colcon_meta'
[0.896s] Level 1:colcon.colcon_core.package_identification:_identify(src) by extensions ['ros']
[0.896s] Level 1:colcon.colcon_core.package_identification:_identify(src) by extension 'ros'
[0.896s] Level 1:colcon.colcon_core.package_identification:_identify(src) by extensions ['cmake', 'python']
[0.896s] Level 1:colcon.colcon_core.package_identification:_identify(src) by extension 'cmake'
[0.896s] Level 1:colcon.colcon_core.package_identification:_identify(src) by extension 'python'
[0.896s] Level 1:colcon.colcon_core.package_identification:_identify(src) by extensions ['python_setup_py']
[0.896s] Level 1:colcon.colcon_core.package_identification:_identify(src) by extension 'python_setup_py'
[0.896s] Level 1:colcon.colcon_core.package_identification:_identify(src/diegetic_button_pkg) by extensions ['ignore', 'ignore_ament_install']
[0.896s] Level 1:colcon.colcon_core.package_identification:_identify(src/diegetic_button_pkg) by extension 'ignore'
[0.896s] Level 1:colcon.colcon_core.package_identification:_identify(src/diegetic_button_pkg) by extension 'ignore_ament_install'
[0.896s] Level 1:colcon.colcon_core.package_identification:_identify(src/diegetic_button_pkg) by extensions ['colcon_pkg']
[0.896s] Level 1:colcon.colcon_core.package_identification:_identify(src/diegetic_button_pkg) by extension 'colcon_pkg'
[0.896s] Level 1:colcon.colcon_core.package_identification:_identify(src/diegetic_button_pkg) by extensions ['colcon_meta']
[0.896s] Level 1:colcon.colcon_core.package_identification:_identify(src/diegetic_button_pkg) by extension 'colcon_meta'
[0.896s] Level 1:colcon.colcon_core.package_identification:_identify(src/diegetic_button_pkg) by extensions ['ros']
[0.896s] Level 1:colcon.colcon_core.package_identification:_identify(src/diegetic_button_pkg) by extension 'ros'
[0.898s] DEBUG:colcon.colcon_core.package_identification:Package 'src/diegetic_button_pkg' with type 'ros.ament_cmake' and name 'diegetic_button_pkg'
[0.898s] Level 1:colcon.colcon_core.package_identification:_identify(src/fiducials) by extensions ['ignore', 'ignore_ament_install']
[0.899s] Level 1:colcon.colcon_core.package_identification:_identify(src/fiducials) by extension 'ignore'
[0.899s] Level 1:colcon.colcon_core.package_identification:_identify(src/fiducials) by extension 'ignore_ament_install'
[0.899s] Level 1:colcon.colcon_core.package_identification:_identify(src/fiducials) by extensions ['colcon_pkg']
[0.899s] Level 1:colcon.colcon_core.package_identification:_identify(src/fiducials) by extension 'colcon_pkg'
[0.899s] Level 1:colcon.colcon_core.package_identification:_identify(src/fiducials) by extensions ['colcon_meta']
[0.899s] Level 1:colcon.colcon_core.package_identification:_identify(src/fiducials) by extension 'colcon_meta'
[0.899s] Level 1:colcon.colcon_core.package_identification:_identify(src/fiducials) by extensions ['ros']
[0.899s] Level 1:colcon.colcon_core.package_identification:_identify(src/fiducials) by extension 'ros'
[0.899s] DEBUG:colcon.colcon_core.package_identification:Package 'src/fiducials' with type 'ros.ament_cmake' and name 'fiducials'
[0.900s] Level 1:colcon.colcon_core.package_identification:_identify(src/pupil_neon_pkg) by extensions ['ignore', 'ignore_ament_install']
[0.900s] Level 1:colcon.colcon_core.package_identification:_identify(src/pupil_neon_pkg) by extension 'ignore'
[0.900s] Level 1:colcon.colcon_core.package_identification:_identify(src/pupil_neon_pkg) by extension 'ignore_ament_install'
[0.900s] Level 1:colcon.colcon_core.package_identification:_identify(src/pupil_neon_pkg) by extensions ['colcon_pkg']
[0.900s] Level 1:colcon.colcon_core.package_identification:_identify(src/pupil_neon_pkg) by extension 'colcon_pkg'
[0.900s] Level 1:colcon.colcon_core.package_identification:_identify(src/pupil_neon_pkg) by extensions ['colcon_meta']
[0.900s] Level 1:colcon.colcon_core.package_identification:_identify(src/pupil_neon_pkg) by extension 'colcon_meta'
[0.900s] Level 1:colcon.colcon_core.package_identification:_identify(src/pupil_neon_pkg) by extensions ['ros']
[0.900s] Level 1:colcon.colcon_core.package_identification:_identify(src/pupil_neon_pkg) by extension 'ros'
[0.900s] DEBUG:colcon.colcon_core.package_identification:Package 'src/pupil_neon_pkg' with type 'ros.ament_cmake' and name 'pupil_neon_pkg'
[0.901s] Level 1:colcon.colcon_core.package_discovery:discover_packages(recursive) using defaults
[0.901s] Level 1:colcon.colcon_core.package_discovery:discover_packages(ignore) discover
[0.901s] Level 1:colcon.colcon_core.package_discovery:discover_packages(ignore) using defaults
[0.901s] Level 1:colcon.colcon_core.package_discovery:discover_packages(path) discover
[0.901s] Level 1:colcon.colcon_core.package_discovery:discover_packages(path) using defaults
[0.956s] Level 5:colcon.colcon_core.verb:set package 'diegetic_button_pkg' build argument 'cmake_args' from command line to 'None'
[0.956s] Level 5:colcon.colcon_core.verb:set package 'diegetic_button_pkg' build argument 'cmake_target' from command line to 'None'
[0.956s] Level 5:colcon.colcon_core.verb:set package 'diegetic_button_pkg' build argument 'cmake_target_skip_unavailable' from command line to 'False'
[0.956s] Level 5:colcon.colcon_core.verb:set package 'diegetic_button_pkg' build argument 'cmake_clean_cache' from command line to 'False'
[0.956s] Level 5:colcon.colcon_core.verb:set package 'diegetic_button_pkg' build argument 'cmake_clean_first' from command line to 'False'
[0.956s] Level 5:colcon.colcon_core.verb:set package 'diegetic_button_pkg' build argument 'cmake_force_configure' from command line to 'False'
[0.956s] Level 5:colcon.colcon_core.verb:set package 'diegetic_button_pkg' build argument 'ament_cmake_args' from command line to 'None'
[0.956s] Level 5:colcon.colcon_core.verb:set package 'diegetic_button_pkg' build argument 'catkin_cmake_args' from command line to 'None'
[0.956s] Level 5:colcon.colcon_core.verb:set package 'diegetic_button_pkg' build argument 'catkin_skip_building_tests' from command line to 'False'
[0.957s] DEBUG:colcon.colcon_core.verb:Building package 'diegetic_button_pkg' with the following arguments: {'ament_cmake_args': None, 'build_base': '/root/ws/origami/build/diegetic_button_pkg', 'catkin_cmake_args': None, 'catkin_skip_building_tests': False, 'cmake_args': None, 'cmake_clean_cache': False, 'cmake_clean_first': False, 'cmake_force_configure': False, 'cmake_target': None, 'cmake_target_skip_unavailable': False, 'install_base': '/root/ws/origami/install/diegetic_button_pkg', 'merge_install': False, 'path': '/root/ws/origami/src/diegetic_button_pkg', 'symlink_install': False, 'test_result_base': None}
[0.966s] Level 5:colcon.colcon_core.verb:set package 'fiducials' build argument 'cmake_args' from command line to 'None'
[0.967s] Level 5:colcon.colcon_core.verb:set package 'fiducials' build argument 'cmake_target' from command line to 'None'
[0.967s] Level 5:colcon.colcon_core.verb:set package 'fiducials' build argument 'cmake_target_skip_unavailable' from command line to 'False'
[0.967s] Level 5:colcon.colcon_core.verb:set package 'fiducials' build argument 'cmake_clean_cache' from command line to 'False'
[0.967s] Level 5:colcon.colcon_core.verb:set package 'fiducials' build argument 'cmake_clean_first' from command line to 'False'
[0.967s] Level 5:colcon.colcon_core.verb:set package 'fiducials' build argument 'cmake_force_configure' from command line to 'False'
[0.967s] Level 5:colcon.colcon_core.verb:set package 'fiducials' build argument 'ament_cmake_args' from command line to 'None'
[0.967s] Level 5:colcon.colcon_core.verb:set package 'fiducials' build argument 'catkin_cmake_args' from command line to 'None'
[0.967s] Level 5:colcon.colcon_core.verb:set package 'fiducials' build argument 'catkin_skip_building_tests' from command line to 'False'
[0.967s] DEBUG:colcon.colcon_core.verb:Building package 'fiducials' with the following arguments: {'ament_cmake_args': None, 'build_base': '/root/ws/origami/build/fiducials', 'catkin_cmake_args': None, 'catkin_skip_building_tests': False, 'cmake_args': None, 'cmake_clean_cache': False, 'cmake_clean_first': False, 'cmake_force_configure': False, 'cmake_target': None, 'cmake_target_skip_unavailable': False, 'install_base': '/root/ws/origami/install/fiducials', 'merge_install': False, 'path': '/root/ws/origami/src/fiducials', 'symlink_install': False, 'test_result_base': None}
[0.976s] Level 5:colcon.colcon_core.verb:set package 'pupil_neon_pkg' build argument 'cmake_args' from command line to 'None'
[0.977s] Level 5:colcon.colcon_core.verb:set package 'pupil_neon_pkg' build argument 'cmake_target' from command line to 'None'
[0.977s] Level 5:colcon.colcon_core.verb:set package 'pupil_neon_pkg' build argument 'cmake_target_skip_unavailable' from command line to 'False'
[0.977s] Level 5:colcon.colcon_core.verb:set package 'pupil_neon_pkg' build argument 'cmake_clean_cache' from command line to 'False'
[0.977s] Level 5:colcon.colcon_core.verb:set package 'pupil_neon_pkg' build argument 'cmake_clean_first' from command line to 'False'
[0.977s] Level 5:colcon.colcon_core.verb:set package 'pupil_neon_pkg' build argument 'cmake_force_configure' from command line to 'False'
[0.977s] Level 5:colcon.colcon_core.verb:set package 'pupil_neon_pkg' build argument 'ament_cmake_args' from command line to 'None'
[0.977s] Level 5:colcon.colcon_core.verb:set package 'pupil_neon_pkg' build argument 'catkin_cmake_args' from command line to 'None'
[0.977s] Level 5:colcon.colcon_core.verb:set package 'pupil_neon_pkg' build argument 'catkin_skip_building_tests' from command line to 'False'
[0.977s] DEBUG:colcon.colcon_core.verb:Building package 'pupil_neon_pkg' with the following arguments: {'ament_cmake_args': None, 'build_base': '/root/ws/origami/build/pupil_neon_pkg', 'catkin_cmake_args': None, 'catkin_skip_building_tests': False, 'cmake_args': None, 'cmake_clean_cache': False, 'cmake_clean_first': False, 'cmake_force_configure': False, 'cmake_target': None, 'cmake_target_skip_unavailable': False, 'install_base': '/root/ws/origami/install/pupil_neon_pkg', 'merge_install': False, 'path': '/root/ws/origami/src/pupil_neon_pkg', 'symlink_install': False, 'test_result_base': None}
[0.987s] INFO:colcon.colcon_core.executor:Executing jobs using 'parallel' executor
[0.997s] DEBUG:colcon.colcon_parallel_executor.executor.parallel:run_until_complete
[0.997s] INFO:colcon.colcon_ros.task.ament_cmake.build:Building ROS package in '/root/ws/origami/src/diegetic_button_pkg' with build type 'ament_cmake'
[0.997s] INFO:colcon.colcon_cmake.task.cmake.build:Building CMake package in '/root/ws/origami/src/diegetic_button_pkg'
[1.008s] INFO:colcon.colcon_core.plugin_system:Skipping extension 'colcon_core.shell.bat': Not used on non-Windows systems
[1.008s] INFO:colcon.colcon_core.shell:Skip shell extension 'powershell' for command environment: Not usable outside of PowerShell
[1.008s] DEBUG:colcon.colcon_core.shell:Skip shell extension 'dsv' for command environment
[1.040s] INFO:colcon.colcon_ros.task.ament_cmake.build:Building ROS package in '/root/ws/origami/src/fiducials' with build type 'ament_cmake'
[1.040s] INFO:colcon.colcon_cmake.task.cmake.build:Building CMake package in '/root/ws/origami/src/fiducials'
[1.051s] INFO:colcon.colcon_core.shell:Skip shell extension 'powershell' for command environment: Not usable outside of PowerShell
[1.051s] DEBUG:colcon.colcon_core.shell:Skip shell extension 'dsv' for command environment
[1.081s] INFO:colcon.colcon_ros.task.ament_cmake.build:Building ROS package in '/root/ws/origami/src/pupil_neon_pkg' with build type 'ament_cmake'
[1.081s] INFO:colcon.colcon_cmake.task.cmake.build:Building CMake package in '/root/ws/origami/src/pupil_neon_pkg'
[1.091s] INFO:colcon.colcon_core.shell:Skip shell extension 'powershell' for command environment: Not usable outside of PowerShell
[1.091s] DEBUG:colcon.colcon_core.shell:Skip shell extension 'dsv' for command environment
[1.123s] DEBUG:colcon.colcon_core.event_handler.log_command:Invoking command in '/root/ws/origami/build/diegetic_button_pkg': CMAKE_PREFIX_PATH=${CMAKE_PREFIX_PATH}:/opt/ros/humble /usr/bin/cmake /root/ws/origami/src/diegetic_button_pkg -DCMAKE_INSTALL_PREFIX=/root/ws/origami/install/diegetic_button_pkg
[1.126s] DEBUG:colcon.colcon_core.event_handler.log_command:Invoking command in '/root/ws/origami/build/fiducials': CMAKE_PREFIX_PATH=${CMAKE_PREFIX_PATH}:/opt/ros/humble /usr/bin/cmake /root/ws/origami/src/fiducials -DCMAKE_INSTALL_PREFIX=/root/ws/origami/install/fiducials
[1.129s] DEBUG:colcon.colcon_core.event_handler.log_command:Invoking command in '/root/ws/origami/build/pupil_neon_pkg': CMAKE_PREFIX_PATH=${CMAKE_PREFIX_PATH}:/opt/ros/humble /usr/bin/cmake /root/ws/origami/src/pupil_neon_pkg -DCMAKE_INSTALL_PREFIX=/root/ws/origami/install/pupil_neon_pkg
[2.382s] DEBUG:colcon.colcon_core.event_handler.log_command:Invoked command in '/root/ws/origami/build/pupil_neon_pkg' returned '0': CMAKE_PREFIX_PATH=${CMAKE_PREFIX_PATH}:/opt/ros/humble /usr/bin/cmake /root/ws/origami/src/pupil_neon_pkg -DCMAKE_INSTALL_PREFIX=/root/ws/origami/install/pupil_neon_pkg
[2.383s] DEBUG:colcon.colcon_core.event_handler.log_command:Invoking command in '/root/ws/origami/build/pupil_neon_pkg': CMAKE_PREFIX_PATH=${CMAKE_PREFIX_PATH}:/opt/ros/humble /usr/bin/cmake --build /root/ws/origami/build/pupil_neon_pkg -- -j12 -l12
[2.645s] DEBUG:colcon.colcon_core.event_handler.log_command:Invoked command in '/root/ws/origami/build/pupil_neon_pkg' returned '0': CMAKE_PREFIX_PATH=${CMAKE_PREFIX_PATH}:/opt/ros/humble /usr/bin/cmake --build /root/ws/origami/build/pupil_neon_pkg -- -j12 -l12
[2.670s] DEBUG:colcon.colcon_core.event_handler.log_command:Invoking command in '/root/ws/origami/build/pupil_neon_pkg': CMAKE_PREFIX_PATH=${CMAKE_PREFIX_PATH}:/opt/ros/humble /usr/bin/cmake --install /root/ws/origami/build/pupil_neon_pkg
[2.711s] Level 1:colcon.colcon_core.environment:create_environment_scripts_only(pupil_neon_pkg)
[2.712s] DEBUG:colcon.colcon_core.event_handler.log_command:Invoked command in '/root/ws/origami/build/pupil_neon_pkg' returned '0': CMAKE_PREFIX_PATH=${CMAKE_PREFIX_PATH}:/opt/ros/humble /usr/bin/cmake --install /root/ws/origami/build/pupil_neon_pkg
[2.723s] Level 1:colcon.colcon_core.environment:checking '/root/ws/origami/install/pupil_neon_pkg' for CMake module files
[2.723s] Level 1:colcon.colcon_core.environment:checking '/root/ws/origami/install/pupil_neon_pkg' for CMake config files
[2.723s] Level 1:colcon.colcon_core.shell:create_environment_hook('pupil_neon_pkg', 'cmake_prefix_path')
[2.733s] INFO:colcon.colcon_core.shell:Creating environment hook '/root/ws/origami/install/pupil_neon_pkg/share/pupil_neon_pkg/hook/cmake_prefix_path.ps1'
[2.733s] INFO:colcon.colcon_core.shell:Creating environment descriptor '/root/ws/origami/install/pupil_neon_pkg/share/pupil_neon_pkg/hook/cmake_prefix_path.dsv'
[2.733s] INFO:colcon.colcon_core.shell:Creating environment hook '/root/ws/origami/install/pupil_neon_pkg/share/pupil_neon_pkg/hook/cmake_prefix_path.sh'
[2.734s] Level 1:colcon.colcon_core.environment:checking '/root/ws/origami/install/pupil_neon_pkg/lib'
[2.734s] Level 1:colcon.colcon_core.environment:checking '/root/ws/origami/install/pupil_neon_pkg/bin'
[2.734s] Level 1:colcon.colcon_core.environment:checking '/root/ws/origami/install/pupil_neon_pkg/lib/pkgconfig/pupil_neon_pkg.pc'
[2.736s] Level 1:colcon.colcon_core.environment:checking '/root/ws/origami/install/pupil_neon_pkg/lib/python3.10/site-packages'
[2.736s] Level 1:colcon.colcon_core.environment:checking '/root/ws/origami/install/pupil_neon_pkg/bin'
[2.746s] INFO:colcon.colcon_core.shell:Creating package script '/root/ws/origami/install/pupil_neon_pkg/share/pupil_neon_pkg/package.ps1'
[2.747s] INFO:colcon.colcon_core.shell:Creating package descriptor '/root/ws/origami/install/pupil_neon_pkg/share/pupil_neon_pkg/package.dsv'
[2.747s] INFO:colcon.colcon_core.shell:Creating package script '/root/ws/origami/install/pupil_neon_pkg/share/pupil_neon_pkg/package.sh'
[2.748s] INFO:colcon.colcon_core.shell:Creating package script '/root/ws/origami/install/pupil_neon_pkg/share/pupil_neon_pkg/package.bash'
[2.748s] INFO:colcon.colcon_core.shell:Creating package script '/root/ws/origami/install/pupil_neon_pkg/share/pupil_neon_pkg/package.zsh'
[2.749s] Level 1:colcon.colcon_core.environment:create_file_with_runtime_dependencies(/root/ws/origami/install/pupil_neon_pkg/share/colcon-core/packages/pupil_neon_pkg)
[2.777s] Level 1:colcon.colcon_core.environment:create_environment_scripts_only(pupil_neon_pkg)
[2.786s] Level 1:colcon.colcon_core.environment:checking '/root/ws/origami/install/pupil_neon_pkg' for CMake module files
[2.787s] Level 1:colcon.colcon_core.environment:checking '/root/ws/origami/install/pupil_neon_pkg' for CMake config files
[2.787s] Level 1:colcon.colcon_core.shell:create_environment_hook('pupil_neon_pkg', 'cmake_prefix_path')
[2.797s] INFO:colcon.colcon_core.shell:Creating environment hook '/root/ws/origami/install/pupil_neon_pkg/share/pupil_neon_pkg/hook/cmake_prefix_path.ps1'
[2.797s] INFO:colcon.colcon_core.shell:Creating environment descriptor '/root/ws/origami/install/pupil_neon_pkg/share/pupil_neon_pkg/hook/cmake_prefix_path.dsv'
[2.797s] INFO:colcon.colcon_core.shell:Creating environment hook '/root/ws/origami/install/pupil_neon_pkg/share/pupil_neon_pkg/hook/cmake_prefix_path.sh'
[2.798s] Level 1:colcon.colcon_core.environment:checking '/root/ws/origami/install/pupil_neon_pkg/lib'
[2.798s] Level 1:colcon.colcon_core.environment:checking '/root/ws/origami/install/pupil_neon_pkg/bin'
[2.798s] Level 1:colcon.colcon_core.environment:checking '/root/ws/origami/install/pupil_neon_pkg/lib/pkgconfig/pupil_neon_pkg.pc'
[2.798s] Level 1:colcon.colcon_core.environment:checking '/root/ws/origami/install/pupil_neon_pkg/lib/python3.10/site-packages'
[2.798s] Level 1:colcon.colcon_core.environment:checking '/root/ws/origami/install/pupil_neon_pkg/bin'
[2.808s] INFO:colcon.colcon_core.shell:Creating package script '/root/ws/origami/install/pupil_neon_pkg/share/pupil_neon_pkg/package.ps1'
[2.809s] INFO:colcon.colcon_core.shell:Creating package descriptor '/root/ws/origami/install/pupil_neon_pkg/share/pupil_neon_pkg/package.dsv'
[2.809s] INFO:colcon.colcon_core.shell:Creating package script '/root/ws/origami/install/pupil_neon_pkg/share/pupil_neon_pkg/package.sh'
[2.809s] INFO:colcon.colcon_core.shell:Creating package script '/root/ws/origami/install/pupil_neon_pkg/share/pupil_neon_pkg/package.bash'
[2.810s] INFO:colcon.colcon_core.shell:Creating package script '/root/ws/origami/install/pupil_neon_pkg/share/pupil_neon_pkg/package.zsh'
[2.810s] Level 1:colcon.colcon_core.environment:create_file_with_runtime_dependencies(/root/ws/origami/install/pupil_neon_pkg/share/colcon-core/packages/pupil_neon_pkg)
[3.089s] DEBUG:colcon.colcon_core.event_handler.log_command:Invoked command in '/root/ws/origami/build/diegetic_button_pkg' returned '0': CMAKE_PREFIX_PATH=${CMAKE_PREFIX_PATH}:/opt/ros/humble /usr/bin/cmake /root/ws/origami/src/diegetic_button_pkg -DCMAKE_INSTALL_PREFIX=/root/ws/origami/install/diegetic_button_pkg
[3.091s] DEBUG:colcon.colcon_core.event_handler.log_command:Invoking command in '/root/ws/origami/build/diegetic_button_pkg': CMAKE_PREFIX_PATH=${CMAKE_PREFIX_PATH}:/opt/ros/humble /usr/bin/cmake --build /root/ws/origami/build/diegetic_button_pkg -- -j12 -l12
[4.627s] DEBUG:colcon.colcon_core.event_handler.log_command:Invoked command in '/root/ws/origami/build/fiducials' returned '0': CMAKE_PREFIX_PATH=${CMAKE_PREFIX_PATH}:/opt/ros/humble /usr/bin/cmake /root/ws/origami/src/fiducials -DCMAKE_INSTALL_PREFIX=/root/ws/origami/install/fiducials
[4.629s] DEBUG:colcon.colcon_core.event_handler.log_command:Invoking command in '/root/ws/origami/build/fiducials': CMAKE_PREFIX_PATH=${CMAKE_PREFIX_PATH}:/opt/ros/humble /usr/bin/cmake --build /root/ws/origami/build/fiducials -- -j12 -l12
[6.513s] DEBUG:colcon.colcon_core.event_handler.log_command:Invoked command in '/root/ws/origami/build/diegetic_button_pkg' returned '0': CMAKE_PREFIX_PATH=${CMAKE_PREFIX_PATH}:/opt/ros/humble /usr/bin/cmake --build /root/ws/origami/build/diegetic_button_pkg -- -j12 -l12
[6.608s] DEBUG:colcon.colcon_core.event_handler.log_command:Invoking command in '/root/ws/origami/build/diegetic_button_pkg': CMAKE_PREFIX_PATH=${CMAKE_PREFIX_PATH}:/opt/ros/humble /usr/bin/cmake --install /root/ws/origami/build/diegetic_button_pkg
[6.746s] Level 1:colcon.colcon_core.environment:create_environment_scripts_only(diegetic_button_pkg)
[6.746s] DEBUG:colcon.colcon_core.event_handler.log_command:Invoked command in '/root/ws/origami/build/diegetic_button_pkg' returned '0': CMAKE_PREFIX_PATH=${CMAKE_PREFIX_PATH}:/opt/ros/humble /usr/bin/cmake --install /root/ws/origami/build/diegetic_button_pkg
[6.761s] Level 1:colcon.colcon_core.environment:checking '/root/ws/origami/install/diegetic_button_pkg' for CMake module files
[6.762s] Level 1:colcon.colcon_core.environment:checking '/root/ws/origami/install/diegetic_button_pkg' for CMake config files
[6.762s] Level 1:colcon.colcon_core.shell:create_environment_hook('diegetic_button_pkg', 'cmake_prefix_path')
[6.777s] INFO:colcon.colcon_core.shell:Creating environment hook '/root/ws/origami/install/diegetic_button_pkg/share/diegetic_button_pkg/hook/cmake_prefix_path.ps1'
[6.778s] INFO:colcon.colcon_core.shell:Creating environment descriptor '/root/ws/origami/install/diegetic_button_pkg/share/diegetic_button_pkg/hook/cmake_prefix_path.dsv'
[6.779s] INFO:colcon.colcon_core.shell:Creating environment hook '/root/ws/origami/install/diegetic_button_pkg/share/diegetic_button_pkg/hook/cmake_prefix_path.sh'
[6.779s] Level 1:colcon.colcon_core.environment:checking '/root/ws/origami/install/diegetic_button_pkg/lib'
[6.780s] Level 1:colcon.colcon_core.shell:create_environment_hook('diegetic_button_pkg', 'ld_library_path_lib')
[6.794s] INFO:colcon.colcon_core.shell:Creating environment hook '/root/ws/origami/install/diegetic_button_pkg/share/diegetic_button_pkg/hook/ld_library_path_lib.ps1'
[6.795s] INFO:colcon.colcon_core.shell:Creating environment descriptor '/root/ws/origami/install/diegetic_button_pkg/share/diegetic_button_pkg/hook/ld_library_path_lib.dsv'
[6.795s] INFO:colcon.colcon_core.shell:Creating environment hook '/root/ws/origami/install/diegetic_button_pkg/share/diegetic_button_pkg/hook/ld_library_path_lib.sh'
[6.795s] Level 1:colcon.colcon_core.environment:checking '/root/ws/origami/install/diegetic_button_pkg/bin'
[6.795s] Level 1:colcon.colcon_core.environment:checking '/root/ws/origami/install/diegetic_button_pkg/lib/pkgconfig/diegetic_button_pkg.pc'
[6.796s] Level 1:colcon.colcon_core.environment:checking '/root/ws/origami/install/diegetic_button_pkg/lib/python3.10/site-packages'
[6.796s] Level 1:colcon.colcon_core.environment:checking '/root/ws/origami/install/diegetic_button_pkg/bin'
[6.812s] INFO:colcon.colcon_core.shell:Creating package script '/root/ws/origami/install/diegetic_button_pkg/share/diegetic_button_pkg/package.ps1'
[6.813s] INFO:colcon.colcon_core.shell:Creating package descriptor '/root/ws/origami/install/diegetic_button_pkg/share/diegetic_button_pkg/package.dsv'
[6.814s] INFO:colcon.colcon_core.shell:Creating package script '/root/ws/origami/install/diegetic_button_pkg/share/diegetic_button_pkg/package.sh'
[6.814s] INFO:colcon.colcon_core.shell:Creating package script '/root/ws/origami/install/diegetic_button_pkg/share/diegetic_button_pkg/package.bash'
[6.815s] INFO:colcon.colcon_core.shell:Creating package script '/root/ws/origami/install/diegetic_button_pkg/share/diegetic_button_pkg/package.zsh'
[6.815s] Level 1:colcon.colcon_core.environment:create_file_with_runtime_dependencies(/root/ws/origami/install/diegetic_button_pkg/share/colcon-core/packages/diegetic_button_pkg)
[6.948s] Level 1:colcon.colcon_core.environment:create_environment_scripts_only(diegetic_button_pkg)
[6.965s] Level 1:colcon.colcon_core.environment:checking '/root/ws/origami/install/diegetic_button_pkg' for CMake module files
[6.966s] Level 1:colcon.colcon_core.environment:checking '/root/ws/origami/install/diegetic_button_pkg' for CMake config files
[6.967s] Level 1:colcon.colcon_core.shell:create_environment_hook('diegetic_button_pkg', 'cmake_prefix_path')
[6.983s] INFO:colcon.colcon_core.shell:Creating environment hook '/root/ws/origami/install/diegetic_button_pkg/share/diegetic_button_pkg/hook/cmake_prefix_path.ps1'
[6.983s] INFO:colcon.colcon_core.shell:Creating environment descriptor '/root/ws/origami/install/diegetic_button_pkg/share/diegetic_button_pkg/hook/cmake_prefix_path.dsv'
[6.984s] INFO:colcon.colcon_core.shell:Creating environment hook '/root/ws/origami/install/diegetic_button_pkg/share/diegetic_button_pkg/hook/cmake_prefix_path.sh'
[6.984s] Level 1:colcon.colcon_core.environment:checking '/root/ws/origami/install/diegetic_button_pkg/lib'
[6.984s] Level 1:colcon.colcon_core.shell:create_environment_hook('diegetic_button_pkg', 'ld_library_path_lib')
[7.002s] INFO:colcon.colcon_core.shell:Creating environment hook '/root/ws/origami/install/diegetic_button_pkg/share/diegetic_button_pkg/hook/ld_library_path_lib.ps1'
[7.003s] INFO:colcon.colcon_core.shell:Creating environment descriptor '/root/ws/origami/install/diegetic_button_pkg/share/diegetic_button_pkg/hook/ld_library_path_lib.dsv'
[7.003s] INFO:colcon.colcon_core.shell:Creating environment hook '/root/ws/origami/install/diegetic_button_pkg/share/diegetic_button_pkg/hook/ld_library_path_lib.sh'
[7.004s] Level 1:colcon.colcon_core.environment:checking '/root/ws/origami/install/diegetic_button_pkg/bin'
[7.004s] Level 1:colcon.colcon_core.environment:checking '/root/ws/origami/install/diegetic_button_pkg/lib/pkgconfig/diegetic_button_pkg.pc'
[7.004s] Level 1:colcon.colcon_core.environment:checking '/root/ws/origami/install/diegetic_button_pkg/lib/python3.10/site-packages'
[7.004s] Level 1:colcon.colcon_core.environment:checking '/root/ws/origami/install/diegetic_button_pkg/bin'
[7.021s] INFO:colcon.colcon_core.shell:Creating package script '/root/ws/origami/install/diegetic_button_pkg/share/diegetic_button_pkg/package.ps1'
[7.022s] INFO:colcon.colcon_core.shell:Creating package descriptor '/root/ws/origami/install/diegetic_button_pkg/share/diegetic_button_pkg/package.dsv'
[7.023s] INFO:colcon.colcon_core.shell:Creating package script '/root/ws/origami/install/diegetic_button_pkg/share/diegetic_button_pkg/package.sh'
[7.024s] INFO:colcon.colcon_core.shell:Creating package script '/root/ws/origami/install/diegetic_button_pkg/share/diegetic_button_pkg/package.bash'
[7.024s] INFO:colcon.colcon_core.shell:Creating package script '/root/ws/origami/install/diegetic_button_pkg/share/diegetic_button_pkg/package.zsh'
[7.025s] Level 1:colcon.colcon_core.environment:create_file_with_runtime_dependencies(/root/ws/origami/install/diegetic_button_pkg/share/colcon-core/packages/diegetic_button_pkg)
[10.419s] DEBUG:colcon.colcon_core.event_handler.log_command:Invoked command in '/root/ws/origami/build/fiducials' returned '0': CMAKE_PREFIX_PATH=${CMAKE_PREFIX_PATH}:/opt/ros/humble /usr/bin/cmake --build /root/ws/origami/build/fiducials -- -j12 -l12
[10.536s] DEBUG:colcon.colcon_core.event_handler.log_command:Invoking command in '/root/ws/origami/build/fiducials': CMAKE_PREFIX_PATH=${CMAKE_PREFIX_PATH}:/opt/ros/humble /usr/bin/cmake --install /root/ws/origami/build/fiducials
[10.645s] Level 1:colcon.colcon_core.environment:create_environment_scripts_only(fiducials)
[10.646s] DEBUG:colcon.colcon_core.event_handler.log_command:Invoked command in '/root/ws/origami/build/fiducials' returned '0': CMAKE_PREFIX_PATH=${CMAKE_PREFIX_PATH}:/opt/ros/humble /usr/bin/cmake --install /root/ws/origami/build/fiducials
[10.655s] Level 1:colcon.colcon_core.environment:checking '/root/ws/origami/install/fiducials' for CMake module files
[10.655s] Level 1:colcon.colcon_core.environment:checking '/root/ws/origami/install/fiducials' for CMake config files
[10.655s] Level 1:colcon.colcon_core.shell:create_environment_hook('fiducials', 'cmake_prefix_path')
[10.665s] INFO:colcon.colcon_core.shell:Creating environment hook '/root/ws/origami/install/fiducials/share/fiducials/hook/cmake_prefix_path.ps1'
[10.665s] INFO:colcon.colcon_core.shell:Creating environment descriptor '/root/ws/origami/install/fiducials/share/fiducials/hook/cmake_prefix_path.dsv'
[10.665s] INFO:colcon.colcon_core.shell:Creating environment hook '/root/ws/origami/install/fiducials/share/fiducials/hook/cmake_prefix_path.sh'
[10.666s] Level 1:colcon.colcon_core.environment:checking '/root/ws/origami/install/fiducials/lib'
[10.666s] Level 1:colcon.colcon_core.shell:create_environment_hook('fiducials', 'ld_library_path_lib')
[10.675s] INFO:colcon.colcon_core.shell:Creating environment hook '/root/ws/origami/install/fiducials/share/fiducials/hook/ld_library_path_lib.ps1'
[10.676s] INFO:colcon.colcon_core.shell:Creating environment descriptor '/root/ws/origami/install/fiducials/share/fiducials/hook/ld_library_path_lib.dsv'
[10.676s] INFO:colcon.colcon_core.shell:Creating environment hook '/root/ws/origami/install/fiducials/share/fiducials/hook/ld_library_path_lib.sh'
[10.676s] Level 1:colcon.colcon_core.environment:checking '/root/ws/origami/install/fiducials/bin'
[10.676s] Level 1:colcon.colcon_core.environment:checking '/root/ws/origami/install/fiducials/lib/pkgconfig/fiducials.pc'
[10.677s] Level 1:colcon.colcon_core.environment:checking '/root/ws/origami/install/fiducials/lib/python3.10/site-packages'
[10.677s] Level 1:colcon.colcon_core.environment:checking '/root/ws/origami/install/fiducials/bin'
[10.686s] INFO:colcon.colcon_core.shell:Creating package script '/root/ws/origami/install/fiducials/share/fiducials/package.ps1'
[10.687s] INFO:colcon.colcon_core.shell:Creating package descriptor '/root/ws/origami/install/fiducials/share/fiducials/package.dsv'
[10.687s] INFO:colcon.colcon_core.shell:Creating package script '/root/ws/origami/install/fiducials/share/fiducials/package.sh'
[10.687s] INFO:colcon.colcon_core.shell:Creating package script '/root/ws/origami/install/fiducials/share/fiducials/package.bash'
[10.687s] INFO:colcon.colcon_core.shell:Creating package script '/root/ws/origami/install/fiducials/share/fiducials/package.zsh'
[10.688s] Level 1:colcon.colcon_core.environment:create_file_with_runtime_dependencies(/root/ws/origami/install/fiducials/share/colcon-core/packages/fiducials)
[10.812s] Level 1:colcon.colcon_core.environment:create_environment_scripts_only(fiducials)
[10.822s] Level 1:colcon.colcon_core.environment:checking '/root/ws/origami/install/fiducials' for CMake module files
[10.822s] Level 1:colcon.colcon_core.environment:checking '/root/ws/origami/install/fiducials' for CMake config files
[10.822s] Level 1:colcon.colcon_core.shell:create_environment_hook('fiducials', 'cmake_prefix_path')
[10.832s] INFO:colcon.colcon_core.shell:Creating environment hook '/root/ws/origami/install/fiducials/share/fiducials/hook/cmake_prefix_path.ps1'
[10.833s] INFO:colcon.colcon_core.shell:Creating environment descriptor '/root/ws/origami/install/fiducials/share/fiducials/hook/cmake_prefix_path.dsv'
[10.833s] INFO:colcon.colcon_core.shell:Creating environment hook '/root/ws/origami/install/fiducials/share/fiducials/hook/cmake_prefix_path.sh'
[10.834s] Level 1:colcon.colcon_core.environment:checking '/root/ws/origami/install/fiducials/lib'
[10.834s] Level 1:colcon.colcon_core.shell:create_environment_hook('fiducials', 'ld_library_path_lib')
[10.846s] INFO:colcon.colcon_core.shell:Creating environment hook '/root/ws/origami/install/fiducials/share/fiducials/hook/ld_library_path_lib.ps1'
[10.846s] INFO:colcon.colcon_core.shell:Creating environment descriptor '/root/ws/origami/install/fiducials/share/fiducials/hook/ld_library_path_lib.dsv'
[10.846s] INFO:colcon.colcon_core.shell:Creating environment hook '/root/ws/origami/install/fiducials/share/fiducials/hook/ld_library_path_lib.sh'
[10.847s] Level 1:colcon.colcon_core.environment:checking '/root/ws/origami/install/fiducials/bin'
[10.847s] Level 1:colcon.colcon_core.environment:checking '/root/ws/origami/install/fiducials/lib/pkgconfig/fiducials.pc'
[10.847s] Level 1:colcon.colcon_core.environment:checking '/root/ws/origami/install/fiducials/lib/python3.10/site-packages'
[10.847s] Level 1:colcon.colcon_core.environment:checking '/root/ws/origami/install/fiducials/bin'
[10.858s] INFO:colcon.colcon_core.shell:Creating package script '/root/ws/origami/install/fiducials/share/fiducials/package.ps1'
[10.858s] INFO:colcon.colcon_core.shell:Creating package descriptor '/root/ws/origami/install/fiducials/share/fiducials/package.dsv'
[10.859s] INFO:colcon.colcon_core.shell:Creating package script '/root/ws/origami/install/fiducials/share/fiducials/package.sh'
[10.859s] INFO:colcon.colcon_core.shell:Creating package script '/root/ws/origami/install/fiducials/share/fiducials/package.bash'
[10.860s] INFO:colcon.colcon_core.shell:Creating package script '/root/ws/origami/install/fiducials/share/fiducials/package.zsh'
[10.860s] Level 1:colcon.colcon_core.environment:create_file_with_runtime_dependencies(/root/ws/origami/install/fiducials/share/colcon-core/packages/fiducials)
[10.860s] DEBUG:colcon.colcon_parallel_executor.executor.parallel:closing loop
[10.860s] DEBUG:colcon.colcon_parallel_executor.executor.parallel:loop closed
[10.860s] DEBUG:colcon.colcon_parallel_executor.executor.parallel:run_until_complete finished with '0'
[10.860s] DEBUG:colcon.colcon_core.event_reactor:joining thread
[10.874s] INFO:colcon.colcon_core.plugin_system:Skipping extension 'colcon_notification.desktop_notification.notify_send': Could not find 'notify-send'
[10.875s] INFO:colcon.colcon_core.plugin_system:Skipping extension 'colcon_notification.desktop_notification.terminal_notifier': Not used on non-Darwin systems
[10.875s] INFO:colcon.colcon_core.plugin_system:Skipping extension 'colcon_notification.desktop_notification.win32': Not used on non-Windows systems
[10.875s] INFO:colcon.colcon_notification.desktop_notification:Sending desktop notification using 'notify2'
[10.877s] DEBUG:colcon.colcon_notification.desktop_notification.notify2:Failed to initialize notify2: org.freedesktop.DBus.Error.Spawn.ExecFailed: /usr/bin/dbus-launch terminated abnormally without any error message
[10.877s] DEBUG:colcon.colcon_core.event_reactor:joined thread
[10.888s] INFO:colcon.colcon_core.shell:Creating prefix script '/root/ws/origami/install/local_setup.ps1'
[10.889s] INFO:colcon.colcon_core.shell:Creating prefix util module '/root/ws/origami/install/_local_setup_util_ps1.py'
[10.890s] INFO:colcon.colcon_core.shell:Creating prefix chain script '/root/ws/origami/install/setup.ps1'
[10.902s] INFO:colcon.colcon_core.shell:Creating prefix script '/root/ws/origami/install/local_setup.sh'
[10.903s] INFO:colcon.colcon_core.shell:Creating prefix util module '/root/ws/origami/install/_local_setup_util_sh.py'
[10.903s] INFO:colcon.colcon_core.shell:Creating prefix chain script '/root/ws/origami/install/setup.sh'
[10.913s] INFO:colcon.colcon_core.shell:Creating prefix script '/root/ws/origami/install/local_setup.bash'
[10.914s] INFO:colcon.colcon_core.shell:Creating prefix chain script '/root/ws/origami/install/setup.bash'
[10.924s] INFO:colcon.colcon_core.shell:Creating prefix script '/root/ws/origami/install/local_setup.zsh'
[10.924s] INFO:colcon.colcon_core.shell:Creating prefix chain script '/root/ws/origami/install/setup.zsh'
