[0.032s] Invoking command in '/root/ws/origami/build/origami': CMAKE_PREFIX_PATH=/opt/ros/humble /usr/bin/cmake --build /root/ws/origami/build/origami -- -j12 -l12
[0.050s] -- Found ament_cmake: 1.3.5 (/opt/ros/humble/share/ament_cmake/cmake)
[0.163s] -- Found rclpy: 3.3.10 (/opt/ros/humble/share/rclpy/cmake)
[0.164s] -- Found builtin_interfaces: 1.2.1 (/opt/ros/humble/share/builtin_interfaces/cmake)
[0.188s] -- Found rosidl_generator_c: 3.1.5 (/opt/ros/humble/share/rosidl_generator_c/cmake)
[0.192s] -- Found rosidl_adapter: 3.1.5 (/opt/ros/humble/share/rosidl_adapter/cmake)
[0.199s] -- Found rosidl_generator_cpp: 3.1.5 (/opt/ros/humble/share/rosidl_generator_cpp/cmake)
[0.211s] -- Using all available rosidl_typesupport_c: rosidl_typesupport_fastrtps_c;rosidl_typesupport_introspection_c
[0.227s] -- Using all available rosidl_typesupport_cpp: rosidl_typesupport_fastrtps_cpp;rosidl_typesupport_introspection_cpp
[0.243s] -- Found geometry_msgs: 4.2.3 (/opt/ros/humble/share/geometry_msgs/cmake)
[0.332s] -- Found rosidl_default_generators: 1.2.0 (/opt/ros/humble/share/rosidl_default_generators/cmake)
[0.339s] -- Found ament_lint_auto: 0.12.8 (/opt/ros/humble/share/ament_lint_auto/cmake)
[0.575s] -- Added test 'cppcheck' to perform static code analysis on C / C++ code
[0.575s] -- Configured cppcheck include dirs: 
[0.575s] -- Configured cppcheck exclude dirs and/or files: 
[0.597s] -- Added test 'flake8' to check Python code syntax and style conventions
[0.639s] -- Added test 'lint_cmake' to check CMake code style
[0.660s] -- Added test 'pep257' to check Python code against some of the docstring style conventions in PEP 257
[0.836s] -- Added test 'uncrustify' to check C / C++ code style
[0.836s] -- Configured uncrustify additional arguments: 
[0.857s] -- Added test 'xmllint' to check XML markup files
[0.857s] -- Configuring done
[0.861s] -- Generating done
[0.862s] -- Build files have been written to: /root/ws/origami/build/origami
[0.881s] Invoked command in '/root/ws/origami/build/origami' returned '0': CMAKE_PREFIX_PATH=/opt/ros/humble /usr/bin/cmake --build /root/ws/origami/build/origami -- -j12 -l12
[0.903s] Invoking command in '/root/ws/origami/build/origami': CMAKE_PREFIX_PATH=/opt/ros/humble /usr/bin/cmake --install /root/ws/origami/build/origami
[0.909s] -- Install configuration: ""
[0.909s] -- Up-to-date: /root/ws/origami/install/origami/share/ament_index/resource_index/package_run_dependencies/origami
[0.909s] -- Up-to-date: /root/ws/origami/install/origami/share/ament_index/resource_index/parent_prefix_path/origami
[0.909s] -- Up-to-date: /root/ws/origami/install/origami/share/origami/environment/ament_prefix_path.sh
[0.909s] -- Installing: /root/ws/origami/install/origami/share/origami/environment/ament_prefix_path.dsv
[0.910s] -- Up-to-date: /root/ws/origami/install/origami/share/origami/environment/path.sh
[0.910s] -- Installing: /root/ws/origami/install/origami/share/origami/environment/path.dsv
[0.910s] -- Up-to-date: /root/ws/origami/install/origami/share/origami/local_setup.bash
[0.910s] -- Up-to-date: /root/ws/origami/install/origami/share/origami/local_setup.sh
[0.910s] -- Up-to-date: /root/ws/origami/install/origami/share/origami/local_setup.zsh
[0.910s] -- Installing: /root/ws/origami/install/origami/share/origami/local_setup.dsv
[0.910s] -- Installing: /root/ws/origami/install/origami/share/origami/package.dsv
[0.910s] -- Up-to-date: /root/ws/origami/install/origami/share/ament_index/resource_index/packages/origami
[0.910s] -- Up-to-date: /root/ws/origami/install/origami/share/origami/cmake/origamiConfig.cmake
[0.910s] -- Up-to-date: /root/ws/origami/install/origami/share/origami/cmake/origamiConfig-version.cmake
[0.910s] -- Up-to-date: /root/ws/origami/install/origami/share/origami/package.xml
[0.912s] Invoked command in '/root/ws/origami/build/origami' returned '0': CMAKE_PREFIX_PATH=/opt/ros/humble /usr/bin/cmake --install /root/ws/origami/build/origami
