[1.635s] DEBUG:colcon:Command line arguments: ['/usr/bin/colcon', 'build']
[1.635s] DEBUG:colcon:Parsed command line arguments: Namespace(log_base=None, log_level=None, verb_name='build', build_base='build', install_base='install', merge_install=False, symlink_install=False, test_result_base=None, continue_on_error=False, executor='parallel', parallel_workers=12, event_handlers=None, ignore_user_meta=False, metas=['./colcon.meta'], base_paths=['.'], packages_ignore=None, packages_ignore_regex=None, paths=None, packages_up_to=None, packages_up_to_regex=None, packages_above=None, packages_above_and_dependencies=None, packages_above_depth=None, packages_select_by_dep=None, packages_skip_by_dep=None, packages_skip_up_to=None, packages_select_build_failed=False, packages_skip_build_finished=False, packages_select_test_failures=False, packages_skip_test_passed=False, packages_select=None, packages_skip=None, packages_select_regex=None, packages_skip_regex=None, packages_start=None, packages_end=None, cmake_args=None, cmake_target=None, cmake_target_skip_unavailable=False, cmake_clean_cache=False, cmake_clean_first=False, cmake_force_configure=False, ament_cmake_args=None, catkin_cmake_args=None, catkin_skip_building_tests=False, mixin_files=None, mixin=None, verb_parser=<colcon_mixin.mixin.mixin_argument.MixinArgumentDecorator object at 0x7f9b452ee890>, verb_extension=<colcon_core.verb.build.BuildVerb object at 0x7f9b4530b5e0>, main=<bound method BuildVerb.main of <colcon_core.verb.build.BuildVerb object at 0x7f9b4530b5e0>>, mixin_verb=('build',))
[1.728s] Level 1:colcon.colcon_core.package_discovery:discover_packages(colcon_meta) check parameters
[1.730s] INFO:colcon.colcon_metadata.package_discovery.colcon_meta:Using configuration from '/root/.colcon/metadata/default/Gazebo.meta'
[1.731s] INFO:colcon.colcon_metadata.package_discovery.colcon_meta:Using configuration from '/root/.colcon/metadata/default/fastrtps.meta'
[1.732s] Level 1:colcon.colcon_core.package_discovery:discover_packages(recursive) check parameters
[1.732s] Level 1:colcon.colcon_core.package_discovery:discover_packages(ignore) check parameters
[1.732s] Level 1:colcon.colcon_core.package_discovery:discover_packages(path) check parameters
[1.732s] Level 1:colcon.colcon_core.package_discovery:discover_packages(colcon_meta) discover
[1.732s] Level 1:colcon.colcon_core.package_discovery:discover_packages(recursive) discover
[1.732s] INFO:colcon.colcon_core.package_discovery:Crawling recursively for packages in '/root/ws/origami'
[1.732s] Level 1:colcon.colcon_core.package_identification:_identify(.) by extensions ['ignore', 'ignore_ament_install']
[1.732s] Level 1:colcon.colcon_core.package_identification:_identify(.) by extension 'ignore'
[1.733s] Level 1:colcon.colcon_core.package_identification:_identify(.) by extension 'ignore_ament_install'
[1.733s] Level 1:colcon.colcon_core.package_identification:_identify(.) by extensions ['colcon_pkg']
[1.733s] Level 1:colcon.colcon_core.package_identification:_identify(.) by extension 'colcon_pkg'
[1.733s] Level 1:colcon.colcon_core.package_identification:_identify(.) by extensions ['colcon_meta']
[1.733s] Level 1:colcon.colcon_core.package_identification:_identify(.) by extension 'colcon_meta'
[1.733s] Level 1:colcon.colcon_core.package_identification:_identify(.) by extensions ['ros']
[1.733s] Level 1:colcon.colcon_core.package_identification:_identify(.) by extension 'ros'
[1.760s] Level 1:colcon.colcon_core.package_identification:_identify(.) by extensions ['cmake', 'python']
[1.761s] Level 1:colcon.colcon_core.package_identification:_identify(.) by extension 'cmake'
[1.761s] Level 1:colcon.colcon_core.package_identification:_identify(.) by extension 'python'
[1.761s] Level 1:colcon.colcon_core.package_identification:_identify(.) by extensions ['python_setup_py']
[1.761s] Level 1:colcon.colcon_core.package_identification:_identify(.) by extension 'python_setup_py'
[1.761s] Level 1:colcon.colcon_core.package_identification:_identify(build) by extensions ['ignore', 'ignore_ament_install']
[1.761s] Level 1:colcon.colcon_core.package_identification:_identify(build) by extension 'ignore'
[1.761s] Level 1:colcon.colcon_core.package_identification:_identify(build) ignored
[1.762s] Level 1:colcon.colcon_core.package_identification:_identify(include) by extensions ['ignore', 'ignore_ament_install']
[1.762s] Level 1:colcon.colcon_core.package_identification:_identify(include) by extension 'ignore'
[1.762s] Level 1:colcon.colcon_core.package_identification:_identify(include) by extension 'ignore_ament_install'
[1.762s] Level 1:colcon.colcon_core.package_identification:_identify(include) by extensions ['colcon_pkg']
[1.762s] Level 1:colcon.colcon_core.package_identification:_identify(include) by extension 'colcon_pkg'
[1.762s] Level 1:colcon.colcon_core.package_identification:_identify(include) by extensions ['colcon_meta']
[1.762s] Level 1:colcon.colcon_core.package_identification:_identify(include) by extension 'colcon_meta'
[1.763s] Level 1:colcon.colcon_core.package_identification:_identify(include) by extensions ['ros']
[1.763s] Level 1:colcon.colcon_core.package_identification:_identify(include) by extension 'ros'
[1.763s] Level 1:colcon.colcon_core.package_identification:_identify(include) by extensions ['cmake', 'python']
[1.763s] Level 1:colcon.colcon_core.package_identification:_identify(include) by extension 'cmake'
[1.763s] Level 1:colcon.colcon_core.package_identification:_identify(include) by extension 'python'
[1.763s] Level 1:colcon.colcon_core.package_identification:_identify(include) by extensions ['python_setup_py']
[1.763s] Level 1:colcon.colcon_core.package_identification:_identify(include) by extension 'python_setup_py'
[1.763s] Level 1:colcon.colcon_core.package_identification:_identify(include/origami) by extensions ['ignore', 'ignore_ament_install']
[1.764s] Level 1:colcon.colcon_core.package_identification:_identify(include/origami) by extension 'ignore'
[1.764s] Level 1:colcon.colcon_core.package_identification:_identify(include/origami) by extension 'ignore_ament_install'
[1.764s] Level 1:colcon.colcon_core.package_identification:_identify(include/origami) by extensions ['colcon_pkg']
[1.764s] Level 1:colcon.colcon_core.package_identification:_identify(include/origami) by extension 'colcon_pkg'
[1.764s] Level 1:colcon.colcon_core.package_identification:_identify(include/origami) by extensions ['colcon_meta']
[1.764s] Level 1:colcon.colcon_core.package_identification:_identify(include/origami) by extension 'colcon_meta'
[1.764s] Level 1:colcon.colcon_core.package_identification:_identify(include/origami) by extensions ['ros']
[1.764s] Level 1:colcon.colcon_core.package_identification:_identify(include/origami) by extension 'ros'
[1.764s] Level 1:colcon.colcon_core.package_identification:_identify(include/origami) by extensions ['cmake', 'python']
[1.764s] Level 1:colcon.colcon_core.package_identification:_identify(include/origami) by extension 'cmake'
[1.765s] Level 1:colcon.colcon_core.package_identification:_identify(include/origami) by extension 'python'
[1.765s] Level 1:colcon.colcon_core.package_identification:_identify(include/origami) by extensions ['python_setup_py']
[1.765s] Level 1:colcon.colcon_core.package_identification:_identify(include/origami) by extension 'python_setup_py'
[1.765s] Level 1:colcon.colcon_core.package_identification:_identify(install) by extensions ['ignore', 'ignore_ament_install']
[1.765s] Level 1:colcon.colcon_core.package_identification:_identify(install) by extension 'ignore'
[1.765s] Level 1:colcon.colcon_core.package_identification:_identify(install) ignored
[1.766s] Level 1:colcon.colcon_core.package_identification:_identify(log) by extensions ['ignore', 'ignore_ament_install']
[1.766s] Level 1:colcon.colcon_core.package_identification:_identify(log) by extension 'ignore'
[1.767s] Level 1:colcon.colcon_core.package_identification:_identify(log) ignored
[1.767s] Level 1:colcon.colcon_core.package_identification:_identify(src) by extensions ['ignore', 'ignore_ament_install']
[1.767s] Level 1:colcon.colcon_core.package_identification:_identify(src) by extension 'ignore'
[1.767s] Level 1:colcon.colcon_core.package_identification:_identify(src) by extension 'ignore_ament_install'
[1.767s] Level 1:colcon.colcon_core.package_identification:_identify(src) by extensions ['colcon_pkg']
[1.767s] Level 1:colcon.colcon_core.package_identification:_identify(src) by extension 'colcon_pkg'
[1.768s] Level 1:colcon.colcon_core.package_identification:_identify(src) by extensions ['colcon_meta']
[1.768s] Level 1:colcon.colcon_core.package_identification:_identify(src) by extension 'colcon_meta'
[1.768s] Level 1:colcon.colcon_core.package_identification:_identify(src) by extensions ['ros']
[1.768s] Level 1:colcon.colcon_core.package_identification:_identify(src) by extension 'ros'
[1.768s] Level 1:colcon.colcon_core.package_identification:_identify(src) by extensions ['cmake', 'python']
[1.768s] Level 1:colcon.colcon_core.package_identification:_identify(src) by extension 'cmake'
[1.768s] Level 1:colcon.colcon_core.package_identification:_identify(src) by extension 'python'
[1.768s] Level 1:colcon.colcon_core.package_identification:_identify(src) by extensions ['python_setup_py']
[1.768s] Level 1:colcon.colcon_core.package_identification:_identify(src) by extension 'python_setup_py'
[1.769s] Level 1:colcon.colcon_core.package_identification:_identify(src/diegetic_button_pkg) by extensions ['ignore', 'ignore_ament_install']
[1.769s] Level 1:colcon.colcon_core.package_identification:_identify(src/diegetic_button_pkg) by extension 'ignore'
[1.769s] Level 1:colcon.colcon_core.package_identification:_identify(src/diegetic_button_pkg) by extension 'ignore_ament_install'
[1.769s] Level 1:colcon.colcon_core.package_identification:_identify(src/diegetic_button_pkg) by extensions ['colcon_pkg']
[1.769s] Level 1:colcon.colcon_core.package_identification:_identify(src/diegetic_button_pkg) by extension 'colcon_pkg'
[1.769s] Level 1:colcon.colcon_core.package_identification:_identify(src/diegetic_button_pkg) by extensions ['colcon_meta']
[1.769s] Level 1:colcon.colcon_core.package_identification:_identify(src/diegetic_button_pkg) by extension 'colcon_meta'
[1.769s] Level 1:colcon.colcon_core.package_identification:_identify(src/diegetic_button_pkg) by extensions ['ros']
[1.770s] Level 1:colcon.colcon_core.package_identification:_identify(src/diegetic_button_pkg) by extension 'ros'
[1.777s] DEBUG:colcon.colcon_core.package_identification:Package 'src/diegetic_button_pkg' with type 'ros.ament_cmake' and name 'diegetic_button_pkg'
[1.777s] Level 1:colcon.colcon_core.package_identification:_identify(src/fiducials) by extensions ['ignore', 'ignore_ament_install']
[1.777s] Level 1:colcon.colcon_core.package_identification:_identify(src/fiducials) by extension 'ignore'
[1.777s] Level 1:colcon.colcon_core.package_identification:_identify(src/fiducials) by extension 'ignore_ament_install'
[1.777s] Level 1:colcon.colcon_core.package_identification:_identify(src/fiducials) by extensions ['colcon_pkg']
[1.777s] Level 1:colcon.colcon_core.package_identification:_identify(src/fiducials) by extension 'colcon_pkg'
[1.777s] Level 1:colcon.colcon_core.package_identification:_identify(src/fiducials) by extensions ['colcon_meta']
[1.778s] Level 1:colcon.colcon_core.package_identification:_identify(src/fiducials) by extension 'colcon_meta'
[1.778s] Level 1:colcon.colcon_core.package_identification:_identify(src/fiducials) by extensions ['ros']
[1.778s] Level 1:colcon.colcon_core.package_identification:_identify(src/fiducials) by extension 'ros'
[1.779s] DEBUG:colcon.colcon_core.package_identification:Package 'src/fiducials' with type 'ros.ament_cmake' and name 'fiducials'
[1.779s] Level 1:colcon.colcon_core.package_identification:_identify(src/pupil_neon_pkg) by extensions ['ignore', 'ignore_ament_install']
[1.780s] Level 1:colcon.colcon_core.package_identification:_identify(src/pupil_neon_pkg) by extension 'ignore'
[1.780s] Level 1:colcon.colcon_core.package_identification:_identify(src/pupil_neon_pkg) by extension 'ignore_ament_install'
[1.780s] Level 1:colcon.colcon_core.package_identification:_identify(src/pupil_neon_pkg) by extensions ['colcon_pkg']
[1.780s] Level 1:colcon.colcon_core.package_identification:_identify(src/pupil_neon_pkg) by extension 'colcon_pkg'
[1.780s] Level 1:colcon.colcon_core.package_identification:_identify(src/pupil_neon_pkg) by extensions ['colcon_meta']
[1.780s] Level 1:colcon.colcon_core.package_identification:_identify(src/pupil_neon_pkg) by extension 'colcon_meta'
[1.780s] Level 1:colcon.colcon_core.package_identification:_identify(src/pupil_neon_pkg) by extensions ['ros']
[1.780s] Level 1:colcon.colcon_core.package_identification:_identify(src/pupil_neon_pkg) by extension 'ros'
[1.782s] DEBUG:colcon.colcon_core.package_identification:Package 'src/pupil_neon_pkg' with type 'ros.ament_cmake' and name 'pupil_neon_pkg'
[1.782s] Level 1:colcon.colcon_core.package_discovery:discover_packages(recursive) using defaults
[1.782s] Level 1:colcon.colcon_core.package_discovery:discover_packages(ignore) discover
[1.782s] Level 1:colcon.colcon_core.package_discovery:discover_packages(ignore) using defaults
[1.782s] Level 1:colcon.colcon_core.package_discovery:discover_packages(path) discover
[1.782s] Level 1:colcon.colcon_core.package_discovery:discover_packages(path) using defaults
[1.930s] Level 5:colcon.colcon_core.verb:set package 'diegetic_button_pkg' build argument 'cmake_args' from command line to 'None'
[1.930s] Level 5:colcon.colcon_core.verb:set package 'diegetic_button_pkg' build argument 'cmake_target' from command line to 'None'
[1.930s] Level 5:colcon.colcon_core.verb:set package 'diegetic_button_pkg' build argument 'cmake_target_skip_unavailable' from command line to 'False'
[1.930s] Level 5:colcon.colcon_core.verb:set package 'diegetic_button_pkg' build argument 'cmake_clean_cache' from command line to 'False'
[1.930s] Level 5:colcon.colcon_core.verb:set package 'diegetic_button_pkg' build argument 'cmake_clean_first' from command line to 'False'
[1.931s] Level 5:colcon.colcon_core.verb:set package 'diegetic_button_pkg' build argument 'cmake_force_configure' from command line to 'False'
[1.931s] Level 5:colcon.colcon_core.verb:set package 'diegetic_button_pkg' build argument 'ament_cmake_args' from command line to 'None'
[1.931s] Level 5:colcon.colcon_core.verb:set package 'diegetic_button_pkg' build argument 'catkin_cmake_args' from command line to 'None'
[1.931s] Level 5:colcon.colcon_core.verb:set package 'diegetic_button_pkg' build argument 'catkin_skip_building_tests' from command line to 'False'
[1.931s] DEBUG:colcon.colcon_core.verb:Building package 'diegetic_button_pkg' with the following arguments: {'ament_cmake_args': None, 'build_base': '/root/ws/origami/build/diegetic_button_pkg', 'catkin_cmake_args': None, 'catkin_skip_building_tests': False, 'cmake_args': None, 'cmake_clean_cache': False, 'cmake_clean_first': False, 'cmake_force_configure': False, 'cmake_target': None, 'cmake_target_skip_unavailable': False, 'install_base': '/root/ws/origami/install/diegetic_button_pkg', 'merge_install': False, 'path': '/root/ws/origami/src/diegetic_button_pkg', 'symlink_install': False, 'test_result_base': None}
[1.957s] Level 5:colcon.colcon_core.verb:set package 'fiducials' build argument 'cmake_args' from command line to 'None'
[1.957s] Level 5:colcon.colcon_core.verb:set package 'fiducials' build argument 'cmake_target' from command line to 'None'
[1.957s] Level 5:colcon.colcon_core.verb:set package 'fiducials' build argument 'cmake_target_skip_unavailable' from command line to 'False'
[1.957s] Level 5:colcon.colcon_core.verb:set package 'fiducials' build argument 'cmake_clean_cache' from command line to 'False'
[1.957s] Level 5:colcon.colcon_core.verb:set package 'fiducials' build argument 'cmake_clean_first' from command line to 'False'
[1.957s] Level 5:colcon.colcon_core.verb:set package 'fiducials' build argument 'cmake_force_configure' from command line to 'False'
[1.957s] Level 5:colcon.colcon_core.verb:set package 'fiducials' build argument 'ament_cmake_args' from command line to 'None'
[1.957s] Level 5:colcon.colcon_core.verb:set package 'fiducials' build argument 'catkin_cmake_args' from command line to 'None'
[1.958s] Level 5:colcon.colcon_core.verb:set package 'fiducials' build argument 'catkin_skip_building_tests' from command line to 'False'
[1.958s] DEBUG:colcon.colcon_core.verb:Building package 'fiducials' with the following arguments: {'ament_cmake_args': None, 'build_base': '/root/ws/origami/build/fiducials', 'catkin_cmake_args': None, 'catkin_skip_building_tests': False, 'cmake_args': None, 'cmake_clean_cache': False, 'cmake_clean_first': False, 'cmake_force_configure': False, 'cmake_target': None, 'cmake_target_skip_unavailable': False, 'install_base': '/root/ws/origami/install/fiducials', 'merge_install': False, 'path': '/root/ws/origami/src/fiducials', 'symlink_install': False, 'test_result_base': None}
[1.984s] Level 5:colcon.colcon_core.verb:set package 'pupil_neon_pkg' build argument 'cmake_args' from command line to 'None'
[1.984s] Level 5:colcon.colcon_core.verb:set package 'pupil_neon_pkg' build argument 'cmake_target' from command line to 'None'
[1.984s] Level 5:colcon.colcon_core.verb:set package 'pupil_neon_pkg' build argument 'cmake_target_skip_unavailable' from command line to 'False'
[1.984s] Level 5:colcon.colcon_core.verb:set package 'pupil_neon_pkg' build argument 'cmake_clean_cache' from command line to 'False'
[1.984s] Level 5:colcon.colcon_core.verb:set package 'pupil_neon_pkg' build argument 'cmake_clean_first' from command line to 'False'
[1.984s] Level 5:colcon.colcon_core.verb:set package 'pupil_neon_pkg' build argument 'cmake_force_configure' from command line to 'False'
[1.984s] Level 5:colcon.colcon_core.verb:set package 'pupil_neon_pkg' build argument 'ament_cmake_args' from command line to 'None'
[1.984s] Level 5:colcon.colcon_core.verb:set package 'pupil_neon_pkg' build argument 'catkin_cmake_args' from command line to 'None'
[1.984s] Level 5:colcon.colcon_core.verb:set package 'pupil_neon_pkg' build argument 'catkin_skip_building_tests' from command line to 'False'
[1.984s] DEBUG:colcon.colcon_core.verb:Building package 'pupil_neon_pkg' with the following arguments: {'ament_cmake_args': None, 'build_base': '/root/ws/origami/build/pupil_neon_pkg', 'catkin_cmake_args': None, 'catkin_skip_building_tests': False, 'cmake_args': None, 'cmake_clean_cache': False, 'cmake_clean_first': False, 'cmake_force_configure': False, 'cmake_target': None, 'cmake_target_skip_unavailable': False, 'install_base': '/root/ws/origami/install/pupil_neon_pkg', 'merge_install': False, 'path': '/root/ws/origami/src/pupil_neon_pkg', 'symlink_install': False, 'test_result_base': None}
[2.009s] INFO:colcon.colcon_core.executor:Executing jobs using 'parallel' executor
[2.039s] DEBUG:colcon.colcon_parallel_executor.executor.parallel:run_until_complete
[2.039s] INFO:colcon.colcon_ros.task.ament_cmake.build:Building ROS package in '/root/ws/origami/src/diegetic_button_pkg' with build type 'ament_cmake'
[2.040s] INFO:colcon.colcon_cmake.task.cmake.build:Building CMake package in '/root/ws/origami/src/diegetic_button_pkg'
[2.070s] INFO:colcon.colcon_core.plugin_system:Skipping extension 'colcon_core.shell.bat': Not used on non-Windows systems
[2.071s] INFO:colcon.colcon_core.shell:Skip shell extension 'powershell' for command environment: Not usable outside of PowerShell
[2.072s] DEBUG:colcon.colcon_core.shell:Skip shell extension 'dsv' for command environment
[2.131s] INFO:colcon.colcon_ros.task.ament_cmake.build:Building ROS package in '/root/ws/origami/src/fiducials' with build type 'ament_cmake'
[2.132s] INFO:colcon.colcon_cmake.task.cmake.build:Building CMake package in '/root/ws/origami/src/fiducials'
[2.157s] INFO:colcon.colcon_core.shell:Skip shell extension 'powershell' for command environment: Not usable outside of PowerShell
[2.157s] DEBUG:colcon.colcon_core.shell:Skip shell extension 'dsv' for command environment
[2.215s] INFO:colcon.colcon_ros.task.ament_cmake.build:Building ROS package in '/root/ws/origami/src/pupil_neon_pkg' with build type 'ament_cmake'
[2.216s] INFO:colcon.colcon_cmake.task.cmake.build:Building CMake package in '/root/ws/origami/src/pupil_neon_pkg'
[2.243s] INFO:colcon.colcon_core.shell:Skip shell extension 'powershell' for command environment: Not usable outside of PowerShell
[2.243s] DEBUG:colcon.colcon_core.shell:Skip shell extension 'dsv' for command environment
[2.309s] DEBUG:colcon.colcon_core.event_handler.log_command:Invoking command in '/root/ws/origami/build/diegetic_button_pkg': CMAKE_PREFIX_PATH=/opt/ros/humble /usr/bin/cmake --build /root/ws/origami/build/diegetic_button_pkg -- -j12 -l12
[2.329s] DEBUG:colcon.colcon_core.event_handler.log_command:Invoking command in '/root/ws/origami/build/fiducials': CMAKE_PREFIX_PATH=/opt/ros/humble /usr/bin/cmake --build /root/ws/origami/build/fiducials -- -j12 -l12
[2.345s] DEBUG:colcon.colcon_core.event_handler.log_command:Invoking command in '/root/ws/origami/build/pupil_neon_pkg': CMAKE_PREFIX_PATH=/opt/ros/humble /usr/bin/cmake --build /root/ws/origami/build/pupil_neon_pkg -- -j12 -l12
[3.064s] DEBUG:colcon.colcon_core.event_handler.log_command:Invoked command in '/root/ws/origami/build/pupil_neon_pkg' returned '0': CMAKE_PREFIX_PATH=/opt/ros/humble /usr/bin/cmake --build /root/ws/origami/build/pupil_neon_pkg -- -j12 -l12
[3.132s] DEBUG:colcon.colcon_core.event_handler.log_command:Invoking command in '/root/ws/origami/build/pupil_neon_pkg': CMAKE_PREFIX_PATH=/opt/ros/humble /usr/bin/cmake --install /root/ws/origami/build/pupil_neon_pkg
[3.175s] DEBUG:colcon.colcon_core.event_handler.log_command:Invoked command in '/root/ws/origami/build/diegetic_button_pkg' returned '0': CMAKE_PREFIX_PATH=/opt/ros/humble /usr/bin/cmake --build /root/ws/origami/build/diegetic_button_pkg -- -j12 -l12
[3.211s] Level 1:colcon.colcon_core.environment:create_environment_scripts_only(pupil_neon_pkg)
[3.212s] DEBUG:colcon.colcon_core.event_handler.log_command:Invoked command in '/root/ws/origami/build/pupil_neon_pkg' returned '0': CMAKE_PREFIX_PATH=/opt/ros/humble /usr/bin/cmake --install /root/ws/origami/build/pupil_neon_pkg
[3.242s] Level 1:colcon.colcon_core.environment:checking '/root/ws/origami/install/pupil_neon_pkg' for CMake module files
[3.243s] Level 1:colcon.colcon_core.environment:checking '/root/ws/origami/install/pupil_neon_pkg' for CMake config files
[3.244s] Level 1:colcon.colcon_core.shell:create_environment_hook('pupil_neon_pkg', 'cmake_prefix_path')
[3.272s] INFO:colcon.colcon_core.shell:Creating environment hook '/root/ws/origami/install/pupil_neon_pkg/share/pupil_neon_pkg/hook/cmake_prefix_path.ps1'
[3.274s] INFO:colcon.colcon_core.shell:Creating environment descriptor '/root/ws/origami/install/pupil_neon_pkg/share/pupil_neon_pkg/hook/cmake_prefix_path.dsv'
[3.277s] INFO:colcon.colcon_core.shell:Creating environment hook '/root/ws/origami/install/pupil_neon_pkg/share/pupil_neon_pkg/hook/cmake_prefix_path.sh'
[3.282s] Level 1:colcon.colcon_core.environment:checking '/root/ws/origami/install/pupil_neon_pkg/lib'
[3.282s] Level 1:colcon.colcon_core.environment:checking '/root/ws/origami/install/pupil_neon_pkg/bin'
[3.282s] Level 1:colcon.colcon_core.environment:checking '/root/ws/origami/install/pupil_neon_pkg/lib/pkgconfig/pupil_neon_pkg.pc'
[3.286s] Level 1:colcon.colcon_core.environment:checking '/root/ws/origami/install/pupil_neon_pkg/lib/python3.10/site-packages'
[3.287s] Level 1:colcon.colcon_core.environment:checking '/root/ws/origami/install/pupil_neon_pkg/bin'
[3.314s] INFO:colcon.colcon_core.shell:Creating package script '/root/ws/origami/install/pupil_neon_pkg/share/pupil_neon_pkg/package.ps1'
[3.316s] INFO:colcon.colcon_core.shell:Creating package descriptor '/root/ws/origami/install/pupil_neon_pkg/share/pupil_neon_pkg/package.dsv'
[3.317s] INFO:colcon.colcon_core.shell:Creating package script '/root/ws/origami/install/pupil_neon_pkg/share/pupil_neon_pkg/package.sh'
[3.319s] INFO:colcon.colcon_core.shell:Creating package script '/root/ws/origami/install/pupil_neon_pkg/share/pupil_neon_pkg/package.bash'
[3.322s] INFO:colcon.colcon_core.shell:Creating package script '/root/ws/origami/install/pupil_neon_pkg/share/pupil_neon_pkg/package.zsh'
[3.325s] Level 1:colcon.colcon_core.environment:create_file_with_runtime_dependencies(/root/ws/origami/install/pupil_neon_pkg/share/colcon-core/packages/pupil_neon_pkg)
[3.394s] Level 1:colcon.colcon_core.environment:create_environment_scripts_only(pupil_neon_pkg)
[3.421s] Level 1:colcon.colcon_core.environment:checking '/root/ws/origami/install/pupil_neon_pkg' for CMake module files
[3.422s] Level 1:colcon.colcon_core.environment:checking '/root/ws/origami/install/pupil_neon_pkg' for CMake config files
[3.423s] Level 1:colcon.colcon_core.shell:create_environment_hook('pupil_neon_pkg', 'cmake_prefix_path')
[3.451s] INFO:colcon.colcon_core.shell:Creating environment hook '/root/ws/origami/install/pupil_neon_pkg/share/pupil_neon_pkg/hook/cmake_prefix_path.ps1'
[3.451s] INFO:colcon.colcon_core.shell:Creating environment descriptor '/root/ws/origami/install/pupil_neon_pkg/share/pupil_neon_pkg/hook/cmake_prefix_path.dsv'
[3.452s] INFO:colcon.colcon_core.shell:Creating environment hook '/root/ws/origami/install/pupil_neon_pkg/share/pupil_neon_pkg/hook/cmake_prefix_path.sh'
[3.453s] Level 1:colcon.colcon_core.environment:checking '/root/ws/origami/install/pupil_neon_pkg/lib'
[3.453s] Level 1:colcon.colcon_core.environment:checking '/root/ws/origami/install/pupil_neon_pkg/bin'
[3.453s] Level 1:colcon.colcon_core.environment:checking '/root/ws/origami/install/pupil_neon_pkg/lib/pkgconfig/pupil_neon_pkg.pc'
[3.454s] Level 1:colcon.colcon_core.environment:checking '/root/ws/origami/install/pupil_neon_pkg/lib/python3.10/site-packages'
[3.455s] Level 1:colcon.colcon_core.environment:checking '/root/ws/origami/install/pupil_neon_pkg/bin'
[3.490s] INFO:colcon.colcon_core.shell:Creating package script '/root/ws/origami/install/pupil_neon_pkg/share/pupil_neon_pkg/package.ps1'
[3.492s] INFO:colcon.colcon_core.shell:Creating package descriptor '/root/ws/origami/install/pupil_neon_pkg/share/pupil_neon_pkg/package.dsv'
[3.492s] INFO:colcon.colcon_core.shell:Creating package script '/root/ws/origami/install/pupil_neon_pkg/share/pupil_neon_pkg/package.sh'
[3.493s] INFO:colcon.colcon_core.shell:Creating package script '/root/ws/origami/install/pupil_neon_pkg/share/pupil_neon_pkg/package.bash'
[3.494s] INFO:colcon.colcon_core.shell:Creating package script '/root/ws/origami/install/pupil_neon_pkg/share/pupil_neon_pkg/package.zsh'
[3.495s] Level 1:colcon.colcon_core.environment:create_file_with_runtime_dependencies(/root/ws/origami/install/pupil_neon_pkg/share/colcon-core/packages/pupil_neon_pkg)
[3.551s] DEBUG:colcon.colcon_core.event_handler.log_command:Invoking command in '/root/ws/origami/build/diegetic_button_pkg': CMAKE_PREFIX_PATH=/opt/ros/humble /usr/bin/cmake --install /root/ws/origami/build/diegetic_button_pkg
[3.562s] DEBUG:colcon.colcon_core.event_handler.log_command:Invoked command in '/root/ws/origami/build/fiducials' returned '0': CMAKE_PREFIX_PATH=/opt/ros/humble /usr/bin/cmake --build /root/ws/origami/build/fiducials -- -j12 -l12
[3.712s] Level 1:colcon.colcon_core.environment:create_environment_scripts_only(diegetic_button_pkg)
[3.736s] Level 1:colcon.colcon_core.environment:checking '/root/ws/origami/install/diegetic_button_pkg' for CMake module files
[3.737s] Level 1:colcon.colcon_core.environment:checking '/root/ws/origami/install/diegetic_button_pkg' for CMake config files
[3.738s] Level 1:colcon.colcon_core.shell:create_environment_hook('diegetic_button_pkg', 'cmake_prefix_path')
[3.743s] DEBUG:colcon.colcon_core.event_handler.log_command:Invoked command in '/root/ws/origami/build/diegetic_button_pkg' returned '0': CMAKE_PREFIX_PATH=/opt/ros/humble /usr/bin/cmake --install /root/ws/origami/build/diegetic_button_pkg
[3.764s] INFO:colcon.colcon_core.shell:Creating environment hook '/root/ws/origami/install/diegetic_button_pkg/share/diegetic_button_pkg/hook/cmake_prefix_path.ps1'
[3.765s] INFO:colcon.colcon_core.shell:Creating environment descriptor '/root/ws/origami/install/diegetic_button_pkg/share/diegetic_button_pkg/hook/cmake_prefix_path.dsv'
[3.765s] INFO:colcon.colcon_core.shell:Creating environment hook '/root/ws/origami/install/diegetic_button_pkg/share/diegetic_button_pkg/hook/cmake_prefix_path.sh'
[3.766s] Level 1:colcon.colcon_core.environment:checking '/root/ws/origami/install/diegetic_button_pkg/lib'
[3.766s] Level 1:colcon.colcon_core.shell:create_environment_hook('diegetic_button_pkg', 'ld_library_path_lib')
[3.789s] INFO:colcon.colcon_core.shell:Creating environment hook '/root/ws/origami/install/diegetic_button_pkg/share/diegetic_button_pkg/hook/ld_library_path_lib.ps1'
[3.790s] INFO:colcon.colcon_core.shell:Creating environment descriptor '/root/ws/origami/install/diegetic_button_pkg/share/diegetic_button_pkg/hook/ld_library_path_lib.dsv'
[3.791s] INFO:colcon.colcon_core.shell:Creating environment hook '/root/ws/origami/install/diegetic_button_pkg/share/diegetic_button_pkg/hook/ld_library_path_lib.sh'
[3.791s] Level 1:colcon.colcon_core.environment:checking '/root/ws/origami/install/diegetic_button_pkg/bin'
[3.791s] Level 1:colcon.colcon_core.environment:checking '/root/ws/origami/install/diegetic_button_pkg/lib/pkgconfig/diegetic_button_pkg.pc'
[3.792s] Level 1:colcon.colcon_core.environment:checking '/root/ws/origami/install/diegetic_button_pkg/lib/python3.10/site-packages'
[3.792s] Level 1:colcon.colcon_core.environment:checking '/root/ws/origami/install/diegetic_button_pkg/bin'
[3.817s] INFO:colcon.colcon_core.shell:Creating package script '/root/ws/origami/install/diegetic_button_pkg/share/diegetic_button_pkg/package.ps1'
[3.824s] INFO:colcon.colcon_core.shell:Creating package descriptor '/root/ws/origami/install/diegetic_button_pkg/share/diegetic_button_pkg/package.dsv'
[3.825s] INFO:colcon.colcon_core.shell:Creating package script '/root/ws/origami/install/diegetic_button_pkg/share/diegetic_button_pkg/package.sh'
[3.826s] INFO:colcon.colcon_core.shell:Creating package script '/root/ws/origami/install/diegetic_button_pkg/share/diegetic_button_pkg/package.bash'
[3.826s] INFO:colcon.colcon_core.shell:Creating package script '/root/ws/origami/install/diegetic_button_pkg/share/diegetic_button_pkg/package.zsh'
[3.827s] Level 1:colcon.colcon_core.environment:create_file_with_runtime_dependencies(/root/ws/origami/install/diegetic_button_pkg/share/colcon-core/packages/diegetic_button_pkg)
[3.831s] DEBUG:colcon.colcon_core.event_handler.log_command:Invoking command in '/root/ws/origami/build/fiducials': CMAKE_PREFIX_PATH=/opt/ros/humble /usr/bin/cmake --install /root/ws/origami/build/fiducials
[4.024s] Level 1:colcon.colcon_core.environment:create_environment_scripts_only(fiducials)
[4.028s] DEBUG:colcon.colcon_core.event_handler.log_command:Invoked command in '/root/ws/origami/build/fiducials' returned '0': CMAKE_PREFIX_PATH=/opt/ros/humble /usr/bin/cmake --install /root/ws/origami/build/fiducials
[4.052s] Level 1:colcon.colcon_core.environment:checking '/root/ws/origami/install/fiducials' for CMake module files
[4.053s] Level 1:colcon.colcon_core.environment:checking '/root/ws/origami/install/fiducials' for CMake config files
[4.054s] Level 1:colcon.colcon_core.shell:create_environment_hook('fiducials', 'cmake_prefix_path')
[4.083s] INFO:colcon.colcon_core.shell:Creating environment hook '/root/ws/origami/install/fiducials/share/fiducials/hook/cmake_prefix_path.ps1'
[4.084s] INFO:colcon.colcon_core.shell:Creating environment descriptor '/root/ws/origami/install/fiducials/share/fiducials/hook/cmake_prefix_path.dsv'
[4.085s] INFO:colcon.colcon_core.shell:Creating environment hook '/root/ws/origami/install/fiducials/share/fiducials/hook/cmake_prefix_path.sh'
[4.086s] Level 1:colcon.colcon_core.environment:checking '/root/ws/origami/install/fiducials/lib'
[4.086s] Level 1:colcon.colcon_core.shell:create_environment_hook('fiducials', 'ld_library_path_lib')
[4.109s] INFO:colcon.colcon_core.shell:Creating environment hook '/root/ws/origami/install/fiducials/share/fiducials/hook/ld_library_path_lib.ps1'
[4.109s] INFO:colcon.colcon_core.shell:Creating environment descriptor '/root/ws/origami/install/fiducials/share/fiducials/hook/ld_library_path_lib.dsv'
[4.110s] INFO:colcon.colcon_core.shell:Creating environment hook '/root/ws/origami/install/fiducials/share/fiducials/hook/ld_library_path_lib.sh'
[4.111s] Level 1:colcon.colcon_core.environment:checking '/root/ws/origami/install/fiducials/bin'
[4.111s] Level 1:colcon.colcon_core.environment:checking '/root/ws/origami/install/fiducials/lib/pkgconfig/fiducials.pc'
[4.112s] Level 1:colcon.colcon_core.environment:checking '/root/ws/origami/install/fiducials/lib/python3.10/site-packages'
[4.113s] Level 1:colcon.colcon_core.environment:checking '/root/ws/origami/install/fiducials/bin'
[4.140s] INFO:colcon.colcon_core.shell:Creating package script '/root/ws/origami/install/fiducials/share/fiducials/package.ps1'
[4.141s] INFO:colcon.colcon_core.shell:Creating package descriptor '/root/ws/origami/install/fiducials/share/fiducials/package.dsv'
[4.142s] INFO:colcon.colcon_core.shell:Creating package script '/root/ws/origami/install/fiducials/share/fiducials/package.sh'
[4.142s] INFO:colcon.colcon_core.shell:Creating package script '/root/ws/origami/install/fiducials/share/fiducials/package.bash'
[4.143s] INFO:colcon.colcon_core.shell:Creating package script '/root/ws/origami/install/fiducials/share/fiducials/package.zsh'
[4.143s] Level 1:colcon.colcon_core.environment:create_file_with_runtime_dependencies(/root/ws/origami/install/fiducials/share/colcon-core/packages/fiducials)
[4.193s] Level 1:colcon.colcon_core.environment:create_environment_scripts_only(diegetic_button_pkg)
[4.210s] Level 1:colcon.colcon_core.environment:checking '/root/ws/origami/install/diegetic_button_pkg' for CMake module files
[4.211s] Level 1:colcon.colcon_core.environment:checking '/root/ws/origami/install/diegetic_button_pkg' for CMake config files
[4.211s] Level 1:colcon.colcon_core.shell:create_environment_hook('diegetic_button_pkg', 'cmake_prefix_path')
[4.230s] INFO:colcon.colcon_core.shell:Creating environment hook '/root/ws/origami/install/diegetic_button_pkg/share/diegetic_button_pkg/hook/cmake_prefix_path.ps1'
[4.231s] INFO:colcon.colcon_core.shell:Creating environment descriptor '/root/ws/origami/install/diegetic_button_pkg/share/diegetic_button_pkg/hook/cmake_prefix_path.dsv'
[4.231s] INFO:colcon.colcon_core.shell:Creating environment hook '/root/ws/origami/install/diegetic_button_pkg/share/diegetic_button_pkg/hook/cmake_prefix_path.sh'
[4.232s] Level 1:colcon.colcon_core.environment:checking '/root/ws/origami/install/diegetic_button_pkg/lib'
[4.233s] Level 1:colcon.colcon_core.shell:create_environment_hook('diegetic_button_pkg', 'ld_library_path_lib')
[4.251s] INFO:colcon.colcon_core.shell:Creating environment hook '/root/ws/origami/install/diegetic_button_pkg/share/diegetic_button_pkg/hook/ld_library_path_lib.ps1'
[4.252s] INFO:colcon.colcon_core.shell:Creating environment descriptor '/root/ws/origami/install/diegetic_button_pkg/share/diegetic_button_pkg/hook/ld_library_path_lib.dsv'
[4.253s] INFO:colcon.colcon_core.shell:Creating environment hook '/root/ws/origami/install/diegetic_button_pkg/share/diegetic_button_pkg/hook/ld_library_path_lib.sh'
[4.254s] Level 1:colcon.colcon_core.environment:checking '/root/ws/origami/install/diegetic_button_pkg/bin'
[4.254s] Level 1:colcon.colcon_core.environment:checking '/root/ws/origami/install/diegetic_button_pkg/lib/pkgconfig/diegetic_button_pkg.pc'
[4.254s] Level 1:colcon.colcon_core.environment:checking '/root/ws/origami/install/diegetic_button_pkg/lib/python3.10/site-packages'
[4.255s] Level 1:colcon.colcon_core.environment:checking '/root/ws/origami/install/diegetic_button_pkg/bin'
[4.273s] INFO:colcon.colcon_core.shell:Creating package script '/root/ws/origami/install/diegetic_button_pkg/share/diegetic_button_pkg/package.ps1'
[4.274s] INFO:colcon.colcon_core.shell:Creating package descriptor '/root/ws/origami/install/diegetic_button_pkg/share/diegetic_button_pkg/package.dsv'
[4.274s] INFO:colcon.colcon_core.shell:Creating package script '/root/ws/origami/install/diegetic_button_pkg/share/diegetic_button_pkg/package.sh'
[4.275s] INFO:colcon.colcon_core.shell:Creating package script '/root/ws/origami/install/diegetic_button_pkg/share/diegetic_button_pkg/package.bash'
[4.275s] INFO:colcon.colcon_core.shell:Creating package script '/root/ws/origami/install/diegetic_button_pkg/share/diegetic_button_pkg/package.zsh'
[4.276s] Level 1:colcon.colcon_core.environment:create_file_with_runtime_dependencies(/root/ws/origami/install/diegetic_button_pkg/share/colcon-core/packages/diegetic_button_pkg)
[4.417s] Level 1:colcon.colcon_core.environment:create_environment_scripts_only(fiducials)
[4.455s] Level 1:colcon.colcon_core.environment:checking '/root/ws/origami/install/fiducials' for CMake module files
[4.456s] Level 1:colcon.colcon_core.environment:checking '/root/ws/origami/install/fiducials' for CMake config files
[4.456s] Level 1:colcon.colcon_core.shell:create_environment_hook('fiducials', 'cmake_prefix_path')
[4.475s] INFO:colcon.colcon_core.shell:Creating environment hook '/root/ws/origami/install/fiducials/share/fiducials/hook/cmake_prefix_path.ps1'
[4.476s] INFO:colcon.colcon_core.shell:Creating environment descriptor '/root/ws/origami/install/fiducials/share/fiducials/hook/cmake_prefix_path.dsv'
[4.476s] INFO:colcon.colcon_core.shell:Creating environment hook '/root/ws/origami/install/fiducials/share/fiducials/hook/cmake_prefix_path.sh'
[4.477s] Level 1:colcon.colcon_core.environment:checking '/root/ws/origami/install/fiducials/lib'
[4.477s] Level 1:colcon.colcon_core.shell:create_environment_hook('fiducials', 'ld_library_path_lib')
[4.499s] INFO:colcon.colcon_core.shell:Creating environment hook '/root/ws/origami/install/fiducials/share/fiducials/hook/ld_library_path_lib.ps1'
[4.500s] INFO:colcon.colcon_core.shell:Creating environment descriptor '/root/ws/origami/install/fiducials/share/fiducials/hook/ld_library_path_lib.dsv'
[4.500s] INFO:colcon.colcon_core.shell:Creating environment hook '/root/ws/origami/install/fiducials/share/fiducials/hook/ld_library_path_lib.sh'
[4.501s] Level 1:colcon.colcon_core.environment:checking '/root/ws/origami/install/fiducials/bin'
[4.501s] Level 1:colcon.colcon_core.environment:checking '/root/ws/origami/install/fiducials/lib/pkgconfig/fiducials.pc'
[4.501s] Level 1:colcon.colcon_core.environment:checking '/root/ws/origami/install/fiducials/lib/python3.10/site-packages'
[4.502s] Level 1:colcon.colcon_core.environment:checking '/root/ws/origami/install/fiducials/bin'
[4.522s] INFO:colcon.colcon_core.shell:Creating package script '/root/ws/origami/install/fiducials/share/fiducials/package.ps1'
[4.524s] INFO:colcon.colcon_core.shell:Creating package descriptor '/root/ws/origami/install/fiducials/share/fiducials/package.dsv'
[4.525s] INFO:colcon.colcon_core.shell:Creating package script '/root/ws/origami/install/fiducials/share/fiducials/package.sh'
[4.525s] INFO:colcon.colcon_core.shell:Creating package script '/root/ws/origami/install/fiducials/share/fiducials/package.bash'
[4.526s] INFO:colcon.colcon_core.shell:Creating package script '/root/ws/origami/install/fiducials/share/fiducials/package.zsh'
[4.527s] Level 1:colcon.colcon_core.environment:create_file_with_runtime_dependencies(/root/ws/origami/install/fiducials/share/colcon-core/packages/fiducials)
[4.528s] DEBUG:colcon.colcon_parallel_executor.executor.parallel:closing loop
[4.528s] DEBUG:colcon.colcon_parallel_executor.executor.parallel:loop closed
[4.528s] DEBUG:colcon.colcon_parallel_executor.executor.parallel:run_until_complete finished with '0'
[4.528s] DEBUG:colcon.colcon_core.event_reactor:joining thread
[4.559s] INFO:colcon.colcon_core.plugin_system:Skipping extension 'colcon_notification.desktop_notification.notify_send': Could not find 'notify-send'
[4.559s] INFO:colcon.colcon_core.plugin_system:Skipping extension 'colcon_notification.desktop_notification.terminal_notifier': Not used on non-Darwin systems
[4.559s] INFO:colcon.colcon_core.plugin_system:Skipping extension 'colcon_notification.desktop_notification.win32': Not used on non-Windows systems
[4.559s] INFO:colcon.colcon_notification.desktop_notification:Sending desktop notification using 'notify2'
[4.563s] DEBUG:colcon.colcon_notification.desktop_notification.notify2:Failed to initialize notify2: org.freedesktop.DBus.Error.Spawn.ExecFailed: /usr/bin/dbus-launch terminated abnormally without any error message
[4.564s] DEBUG:colcon.colcon_core.event_reactor:joined thread
[4.587s] INFO:colcon.colcon_core.shell:Creating prefix script '/root/ws/origami/install/local_setup.ps1'
[4.590s] INFO:colcon.colcon_core.shell:Creating prefix util module '/root/ws/origami/install/_local_setup_util_ps1.py'
[4.593s] INFO:colcon.colcon_core.shell:Creating prefix chain script '/root/ws/origami/install/setup.ps1'
[4.621s] INFO:colcon.colcon_core.shell:Creating prefix script '/root/ws/origami/install/local_setup.sh'
[4.622s] INFO:colcon.colcon_core.shell:Creating prefix util module '/root/ws/origami/install/_local_setup_util_sh.py'
[4.623s] INFO:colcon.colcon_core.shell:Creating prefix chain script '/root/ws/origami/install/setup.sh'
[4.644s] INFO:colcon.colcon_core.shell:Creating prefix script '/root/ws/origami/install/local_setup.bash'
[4.645s] INFO:colcon.colcon_core.shell:Creating prefix chain script '/root/ws/origami/install/setup.bash'
[4.664s] INFO:colcon.colcon_core.shell:Creating prefix script '/root/ws/origami/install/local_setup.zsh'
[4.665s] INFO:colcon.colcon_core.shell:Creating prefix chain script '/root/ws/origami/install/setup.zsh'
