[  1%] Built target fiducials__cpp
[  1%] Built target ament_cmake_python_copy_scripts
[ 12%] Built target fiducials__rosidl_typesupport_introspection_cpp
running egg_info
writing scripts.egg-info/PKG-INFO
writing dependency_links to scripts.egg-info/dependency_links.txt
writing top-level names to scripts.egg-info/top_level.txt
reading manifest file 'scripts.egg-info/SOURCES.txt'
writing manifest file 'scripts.egg-info/SOURCES.txt'
[ 12%] Built target ament_cmake_python_build_scripts_egg
[ 23%] Built target fiducials__rosidl_typesupport_fastrtps_cpp
[ 35%] Built target fiducials__rosidl_typesupport_cpp
[ 35%] Built target ament_cmake_python_copy_fiducials
[ 46%] Built target fiducials__rosidl_generator_c
running egg_info
writing fiducials.egg-info/PKG-INFO
writing dependency_links to fiducials.egg-info/dependency_links.txt
writing top-level names to fiducials.egg-info/top_level.txt
reading manifest file 'fiducials.egg-info/SOURCES.txt'
writing manifest file 'fiducials.egg-info/SOURCES.txt'
[ 46%] Built target ament_cmake_python_build_fiducials_egg
[ 57%] Built target fiducials__rosidl_typesupport_c
[ 69%] Built target fiducials__rosidl_typesupport_introspection_c
[ 80%] Built target fiducials__rosidl_typesupport_fastrtps_c
[ 80%] Built target fiducials
[ 81%] Built target fiducials__py
[ 83%] [32mBuilding C object CMakeFiles/fiducials__rosidl_generator_py.dir/rosidl_generator_py/fiducials/msg/_fiducial_s.c.o[0m
