[0.036s] Invoking command in '/root/ws/origami/build/origami': CMAKE_PREFIX_PATH=/opt/ros/humble /usr/bin/cmake /root/ws/origami -DCMAKE_INSTALL_PREFIX=/root/ws/origami/install/origami
[0.081s] -- The C compiler identification is GNU 11.4.0
[0.130s] -- The CXX compiler identification is GNU 11.4.0
[0.135s] -- Detecting C compiler ABI info
[0.192s] -- Detecting C compiler ABI info - done
[0.198s] -- Check for working C compiler: /usr/bin/cc - skipped
[0.198s] -- Detecting C compile features
[0.198s] -- Detecting C compile features - done
[0.201s] -- Detecting CXX compiler ABI info
[0.263s] -- Detecting CXX compiler ABI info - done
[0.270s] -- Check for working CXX compiler: /usr/bin/c++ - skipped
[0.270s] -- Detecting CXX compile features
[0.270s] -- Detecting CXX compile features - done
[0.273s] -- Found ament_cmake: 1.3.5 (/opt/ros/humble/share/ament_cmake/cmake)
[0.409s] -- Found Python3: /usr/bin/python3.10 (found version "3.10.12") found components: Interpreter 
[0.478s] -- Found rclpy: 3.3.10 (/opt/ros/humble/share/rclpy/cmake)
[0.479s] -- Found builtin_interfaces: 1.2.1 (/opt/ros/humble/share/builtin_interfaces/cmake)
[0.503s] -- Found rosidl_generator_c: 3.1.5 (/opt/ros/humble/share/rosidl_generator_c/cmake)
[0.507s] -- Found rosidl_adapter: 3.1.5 (/opt/ros/humble/share/rosidl_adapter/cmake)
[0.515s] -- Found rosidl_generator_cpp: 3.1.5 (/opt/ros/humble/share/rosidl_generator_cpp/cmake)
[0.526s] -- Using all available rosidl_typesupport_c: rosidl_typesupport_fastrtps_c;rosidl_typesupport_introspection_c
[0.543s] -- Using all available rosidl_typesupport_cpp: rosidl_typesupport_fastrtps_cpp;rosidl_typesupport_introspection_cpp
[0.558s] -- Found geometry_msgs: 4.2.3 (/opt/ros/humble/share/geometry_msgs/cmake)
[0.648s] -- Found rosidl_default_generators: 1.2.0 (/opt/ros/humble/share/rosidl_default_generators/cmake)
[0.661s] [31mCMake Error at CMakeLists.txt:16 (find_package):
[0.661s]   By not providing "Findfiducials.cmake" in CMAKE_MODULE_PATH this project
[0.661s]   has asked CMake to find a package configuration file provided by
[0.662s]   "fiducials", but CMake did not find one.
[0.662s] 
[0.662s]   Could not find a package configuration file provided by "fiducials" with
[0.662s]   any of the following names:
[0.662s] 
[0.662s]     fiducialsConfig.cmake
[0.662s]     fiducials-config.cmake
[0.662s] 
[0.662s]   Add the installation prefix of "fiducials" to CMAKE_PREFIX_PATH or set
[0.662s]   "fiducials_DIR" to a directory containing one of the above files.  If
[0.662s]   "fiducials" provides a separate development package or SDK, be sure it has
[0.662s]   been installed.
[0.662s] 
[0.662s] [0m
[0.662s] -- Configuring incomplete, errors occurred!
[0.662s] See also "/root/ws/origami/build/origami/CMakeFiles/CMakeOutput.log".
[0.666s] Invoked command in '/root/ws/origami/build/origami' returned '1': CMAKE_PREFIX_PATH=/opt/ros/humble /usr/bin/cmake /root/ws/origami -DCMAKE_INSTALL_PREFIX=/root/ws/origami/install/origami
