[0.827s] DEBUG:colcon:Command line arguments: ['/usr/bin/colcon', 'build']
[0.827s] DEBUG:colcon:Parsed command line arguments: Namespace(log_base=None, log_level=None, verb_name='build', build_base='build', install_base='install', merge_install=False, symlink_install=False, test_result_base=None, continue_on_error=False, executor='parallel', parallel_workers=12, event_handlers=None, ignore_user_meta=False, metas=['./colcon.meta'], base_paths=['.'], packages_ignore=None, packages_ignore_regex=None, paths=None, packages_up_to=None, packages_up_to_regex=None, packages_above=None, packages_above_and_dependencies=None, packages_above_depth=None, packages_select_by_dep=None, packages_skip_by_dep=None, packages_skip_up_to=None, packages_select_build_failed=False, packages_skip_build_finished=False, packages_select_test_failures=False, packages_skip_test_passed=False, packages_select=None, packages_skip=None, packages_select_regex=None, packages_skip_regex=None, packages_start=None, packages_end=None, cmake_args=None, cmake_target=None, cmake_target_skip_unavailable=False, cmake_clean_cache=False, cmake_clean_first=False, cmake_force_configure=False, ament_cmake_args=None, catkin_cmake_args=None, catkin_skip_building_tests=False, mixin_files=None, mixin=None, verb_parser=<colcon_mixin.mixin.mixin_argument.MixinArgumentDecorator object at 0x7f81be3fdd20>, verb_extension=<colcon_core.verb.build.BuildVerb object at 0x7f81be8a9d80>, main=<bound method BuildVerb.main of <colcon_core.verb.build.BuildVerb object at 0x7f81be8a9d80>>, mixin_verb=('build',))
[0.861s] Level 1:colcon.colcon_core.package_discovery:discover_packages(colcon_meta) check parameters
[0.862s] INFO:colcon.colcon_metadata.package_discovery.colcon_meta:Using configuration from '/root/.colcon/metadata/default/Gazebo.meta'
[0.862s] INFO:colcon.colcon_metadata.package_discovery.colcon_meta:Using configuration from '/root/.colcon/metadata/default/fastrtps.meta'
[0.862s] Level 1:colcon.colcon_core.package_discovery:discover_packages(recursive) check parameters
[0.862s] Level 1:colcon.colcon_core.package_discovery:discover_packages(ignore) check parameters
[0.862s] Level 1:colcon.colcon_core.package_discovery:discover_packages(path) check parameters
[0.863s] Level 1:colcon.colcon_core.package_discovery:discover_packages(colcon_meta) discover
[0.863s] Level 1:colcon.colcon_core.package_discovery:discover_packages(recursive) discover
[0.863s] INFO:colcon.colcon_core.package_discovery:Crawling recursively for packages in '/root/ws/origami'
[0.863s] Level 1:colcon.colcon_core.package_identification:_identify(.) by extensions ['ignore', 'ignore_ament_install']
[0.863s] Level 1:colcon.colcon_core.package_identification:_identify(.) by extension 'ignore'
[0.863s] Level 1:colcon.colcon_core.package_identification:_identify(.) by extension 'ignore_ament_install'
[0.863s] Level 1:colcon.colcon_core.package_identification:_identify(.) by extensions ['colcon_pkg']
[0.863s] Level 1:colcon.colcon_core.package_identification:_identify(.) by extension 'colcon_pkg'
[0.863s] Level 1:colcon.colcon_core.package_identification:_identify(.) by extensions ['colcon_meta']
[0.863s] Level 1:colcon.colcon_core.package_identification:_identify(.) by extension 'colcon_meta'
[0.863s] Level 1:colcon.colcon_core.package_identification:_identify(.) by extensions ['ros']
[0.863s] Level 1:colcon.colcon_core.package_identification:_identify(.) by extension 'ros'
[0.873s] Level 1:colcon.colcon_core.package_identification:_identify(.) by extensions ['cmake', 'python']
[0.873s] Level 1:colcon.colcon_core.package_identification:_identify(.) by extension 'cmake'
[0.873s] Level 1:colcon.colcon_core.package_identification:_identify(.) by extension 'python'
[0.873s] Level 1:colcon.colcon_core.package_identification:_identify(.) by extensions ['python_setup_py']
[0.873s] Level 1:colcon.colcon_core.package_identification:_identify(.) by extension 'python_setup_py'
[0.873s] Level 1:colcon.colcon_core.package_identification:_identify(build) by extensions ['ignore', 'ignore_ament_install']
[0.873s] Level 1:colcon.colcon_core.package_identification:_identify(build) by extension 'ignore'
[0.873s] Level 1:colcon.colcon_core.package_identification:_identify(build) ignored
[0.874s] Level 1:colcon.colcon_core.package_identification:_identify(include) by extensions ['ignore', 'ignore_ament_install']
[0.874s] Level 1:colcon.colcon_core.package_identification:_identify(include) by extension 'ignore'
[0.874s] Level 1:colcon.colcon_core.package_identification:_identify(include) by extension 'ignore_ament_install'
[0.874s] Level 1:colcon.colcon_core.package_identification:_identify(include) by extensions ['colcon_pkg']
[0.874s] Level 1:colcon.colcon_core.package_identification:_identify(include) by extension 'colcon_pkg'
[0.874s] Level 1:colcon.colcon_core.package_identification:_identify(include) by extensions ['colcon_meta']
[0.874s] Level 1:colcon.colcon_core.package_identification:_identify(include) by extension 'colcon_meta'
[0.874s] Level 1:colcon.colcon_core.package_identification:_identify(include) by extensions ['ros']
[0.874s] Level 1:colcon.colcon_core.package_identification:_identify(include) by extension 'ros'
[0.874s] Level 1:colcon.colcon_core.package_identification:_identify(include) by extensions ['cmake', 'python']
[0.874s] Level 1:colcon.colcon_core.package_identification:_identify(include) by extension 'cmake'
[0.874s] Level 1:colcon.colcon_core.package_identification:_identify(include) by extension 'python'
[0.874s] Level 1:colcon.colcon_core.package_identification:_identify(include) by extensions ['python_setup_py']
[0.874s] Level 1:colcon.colcon_core.package_identification:_identify(include) by extension 'python_setup_py'
[0.874s] Level 1:colcon.colcon_core.package_identification:_identify(include/origami) by extensions ['ignore', 'ignore_ament_install']
[0.874s] Level 1:colcon.colcon_core.package_identification:_identify(include/origami) by extension 'ignore'
[0.874s] Level 1:colcon.colcon_core.package_identification:_identify(include/origami) by extension 'ignore_ament_install'
[0.874s] Level 1:colcon.colcon_core.package_identification:_identify(include/origami) by extensions ['colcon_pkg']
[0.874s] Level 1:colcon.colcon_core.package_identification:_identify(include/origami) by extension 'colcon_pkg'
[0.874s] Level 1:colcon.colcon_core.package_identification:_identify(include/origami) by extensions ['colcon_meta']
[0.874s] Level 1:colcon.colcon_core.package_identification:_identify(include/origami) by extension 'colcon_meta'
[0.874s] Level 1:colcon.colcon_core.package_identification:_identify(include/origami) by extensions ['ros']
[0.874s] Level 1:colcon.colcon_core.package_identification:_identify(include/origami) by extension 'ros'
[0.875s] Level 1:colcon.colcon_core.package_identification:_identify(include/origami) by extensions ['cmake', 'python']
[0.875s] Level 1:colcon.colcon_core.package_identification:_identify(include/origami) by extension 'cmake'
[0.875s] Level 1:colcon.colcon_core.package_identification:_identify(include/origami) by extension 'python'
[0.875s] Level 1:colcon.colcon_core.package_identification:_identify(include/origami) by extensions ['python_setup_py']
[0.875s] Level 1:colcon.colcon_core.package_identification:_identify(include/origami) by extension 'python_setup_py'
[0.875s] Level 1:colcon.colcon_core.package_identification:_identify(install) by extensions ['ignore', 'ignore_ament_install']
[0.875s] Level 1:colcon.colcon_core.package_identification:_identify(install) by extension 'ignore'
[0.875s] Level 1:colcon.colcon_core.package_identification:_identify(install) ignored
[0.875s] Level 1:colcon.colcon_core.package_identification:_identify(log) by extensions ['ignore', 'ignore_ament_install']
[0.875s] Level 1:colcon.colcon_core.package_identification:_identify(log) by extension 'ignore'
[0.875s] Level 1:colcon.colcon_core.package_identification:_identify(log) ignored
[0.875s] Level 1:colcon.colcon_core.package_identification:_identify(src) by extensions ['ignore', 'ignore_ament_install']
[0.875s] Level 1:colcon.colcon_core.package_identification:_identify(src) by extension 'ignore'
[0.875s] Level 1:colcon.colcon_core.package_identification:_identify(src) by extension 'ignore_ament_install'
[0.875s] Level 1:colcon.colcon_core.package_identification:_identify(src) by extensions ['colcon_pkg']
[0.876s] Level 1:colcon.colcon_core.package_identification:_identify(src) by extension 'colcon_pkg'
[0.876s] Level 1:colcon.colcon_core.package_identification:_identify(src) by extensions ['colcon_meta']
[0.876s] Level 1:colcon.colcon_core.package_identification:_identify(src) by extension 'colcon_meta'
[0.876s] Level 1:colcon.colcon_core.package_identification:_identify(src) by extensions ['ros']
[0.876s] Level 1:colcon.colcon_core.package_identification:_identify(src) by extension 'ros'
[0.876s] Level 1:colcon.colcon_core.package_identification:_identify(src) by extensions ['cmake', 'python']
[0.876s] Level 1:colcon.colcon_core.package_identification:_identify(src) by extension 'cmake'
[0.876s] Level 1:colcon.colcon_core.package_identification:_identify(src) by extension 'python'
[0.876s] Level 1:colcon.colcon_core.package_identification:_identify(src) by extensions ['python_setup_py']
[0.876s] Level 1:colcon.colcon_core.package_identification:_identify(src) by extension 'python_setup_py'
[0.876s] Level 1:colcon.colcon_core.package_identification:_identify(src/diegetic_button_pkg) by extensions ['ignore', 'ignore_ament_install']
[0.876s] Level 1:colcon.colcon_core.package_identification:_identify(src/diegetic_button_pkg) by extension 'ignore'
[0.876s] Level 1:colcon.colcon_core.package_identification:_identify(src/diegetic_button_pkg) by extension 'ignore_ament_install'
[0.876s] Level 1:colcon.colcon_core.package_identification:_identify(src/diegetic_button_pkg) by extensions ['colcon_pkg']
[0.876s] Level 1:colcon.colcon_core.package_identification:_identify(src/diegetic_button_pkg) by extension 'colcon_pkg'
[0.876s] Level 1:colcon.colcon_core.package_identification:_identify(src/diegetic_button_pkg) by extensions ['colcon_meta']
[0.876s] Level 1:colcon.colcon_core.package_identification:_identify(src/diegetic_button_pkg) by extension 'colcon_meta'
[0.876s] Level 1:colcon.colcon_core.package_identification:_identify(src/diegetic_button_pkg) by extensions ['ros']
[0.876s] Level 1:colcon.colcon_core.package_identification:_identify(src/diegetic_button_pkg) by extension 'ros'
[0.879s] DEBUG:colcon.colcon_core.package_identification:Package 'src/diegetic_button_pkg' with type 'ros.ament_cmake' and name 'diegetic_button_pkg'
[0.879s] Level 1:colcon.colcon_core.package_identification:_identify(src/fiducials) by extensions ['ignore', 'ignore_ament_install']
[0.879s] Level 1:colcon.colcon_core.package_identification:_identify(src/fiducials) by extension 'ignore'
[0.879s] Level 1:colcon.colcon_core.package_identification:_identify(src/fiducials) by extension 'ignore_ament_install'
[0.879s] Level 1:colcon.colcon_core.package_identification:_identify(src/fiducials) by extensions ['colcon_pkg']
[0.879s] Level 1:colcon.colcon_core.package_identification:_identify(src/fiducials) by extension 'colcon_pkg'
[0.879s] Level 1:colcon.colcon_core.package_identification:_identify(src/fiducials) by extensions ['colcon_meta']
[0.879s] Level 1:colcon.colcon_core.package_identification:_identify(src/fiducials) by extension 'colcon_meta'
[0.879s] Level 1:colcon.colcon_core.package_identification:_identify(src/fiducials) by extensions ['ros']
[0.879s] Level 1:colcon.colcon_core.package_identification:_identify(src/fiducials) by extension 'ros'
[0.880s] DEBUG:colcon.colcon_core.package_identification:Package 'src/fiducials' with type 'ros.ament_cmake' and name 'fiducials'
[0.880s] Level 1:colcon.colcon_core.package_identification:_identify(src/pupil_neon_pkg) by extensions ['ignore', 'ignore_ament_install']
[0.880s] Level 1:colcon.colcon_core.package_identification:_identify(src/pupil_neon_pkg) by extension 'ignore'
[0.880s] Level 1:colcon.colcon_core.package_identification:_identify(src/pupil_neon_pkg) by extension 'ignore_ament_install'
[0.880s] Level 1:colcon.colcon_core.package_identification:_identify(src/pupil_neon_pkg) by extensions ['colcon_pkg']
[0.880s] Level 1:colcon.colcon_core.package_identification:_identify(src/pupil_neon_pkg) by extension 'colcon_pkg'
[0.880s] Level 1:colcon.colcon_core.package_identification:_identify(src/pupil_neon_pkg) by extensions ['colcon_meta']
[0.880s] Level 1:colcon.colcon_core.package_identification:_identify(src/pupil_neon_pkg) by extension 'colcon_meta'
[0.880s] Level 1:colcon.colcon_core.package_identification:_identify(src/pupil_neon_pkg) by extensions ['ros']
[0.880s] Level 1:colcon.colcon_core.package_identification:_identify(src/pupil_neon_pkg) by extension 'ros'
[0.881s] DEBUG:colcon.colcon_core.package_identification:Package 'src/pupil_neon_pkg' with type 'ros.ament_cmake' and name 'pupil_neon_pkg'
[0.881s] Level 1:colcon.colcon_core.package_discovery:discover_packages(recursive) using defaults
[0.881s] Level 1:colcon.colcon_core.package_discovery:discover_packages(ignore) discover
[0.881s] Level 1:colcon.colcon_core.package_discovery:discover_packages(ignore) using defaults
[0.881s] Level 1:colcon.colcon_core.package_discovery:discover_packages(path) discover
[0.881s] Level 1:colcon.colcon_core.package_discovery:discover_packages(path) using defaults
[0.935s] Level 5:colcon.colcon_core.verb:set package 'diegetic_button_pkg' build argument 'cmake_args' from command line to 'None'
[0.935s] Level 5:colcon.colcon_core.verb:set package 'diegetic_button_pkg' build argument 'cmake_target' from command line to 'None'
[0.935s] Level 5:colcon.colcon_core.verb:set package 'diegetic_button_pkg' build argument 'cmake_target_skip_unavailable' from command line to 'False'
[0.935s] Level 5:colcon.colcon_core.verb:set package 'diegetic_button_pkg' build argument 'cmake_clean_cache' from command line to 'False'
[0.935s] Level 5:colcon.colcon_core.verb:set package 'diegetic_button_pkg' build argument 'cmake_clean_first' from command line to 'False'
[0.935s] Level 5:colcon.colcon_core.verb:set package 'diegetic_button_pkg' build argument 'cmake_force_configure' from command line to 'False'
[0.935s] Level 5:colcon.colcon_core.verb:set package 'diegetic_button_pkg' build argument 'ament_cmake_args' from command line to 'None'
[0.935s] Level 5:colcon.colcon_core.verb:set package 'diegetic_button_pkg' build argument 'catkin_cmake_args' from command line to 'None'
[0.935s] Level 5:colcon.colcon_core.verb:set package 'diegetic_button_pkg' build argument 'catkin_skip_building_tests' from command line to 'False'
[0.935s] DEBUG:colcon.colcon_core.verb:Building package 'diegetic_button_pkg' with the following arguments: {'ament_cmake_args': None, 'build_base': '/root/ws/origami/build/diegetic_button_pkg', 'catkin_cmake_args': None, 'catkin_skip_building_tests': False, 'cmake_args': None, 'cmake_clean_cache': False, 'cmake_clean_first': False, 'cmake_force_configure': False, 'cmake_target': None, 'cmake_target_skip_unavailable': False, 'install_base': '/root/ws/origami/install/diegetic_button_pkg', 'merge_install': False, 'path': '/root/ws/origami/src/diegetic_button_pkg', 'symlink_install': False, 'test_result_base': None}
[0.944s] Level 5:colcon.colcon_core.verb:set package 'fiducials' build argument 'cmake_args' from command line to 'None'
[0.944s] Level 5:colcon.colcon_core.verb:set package 'fiducials' build argument 'cmake_target' from command line to 'None'
[0.944s] Level 5:colcon.colcon_core.verb:set package 'fiducials' build argument 'cmake_target_skip_unavailable' from command line to 'False'
[0.944s] Level 5:colcon.colcon_core.verb:set package 'fiducials' build argument 'cmake_clean_cache' from command line to 'False'
[0.944s] Level 5:colcon.colcon_core.verb:set package 'fiducials' build argument 'cmake_clean_first' from command line to 'False'
[0.944s] Level 5:colcon.colcon_core.verb:set package 'fiducials' build argument 'cmake_force_configure' from command line to 'False'
[0.944s] Level 5:colcon.colcon_core.verb:set package 'fiducials' build argument 'ament_cmake_args' from command line to 'None'
[0.945s] Level 5:colcon.colcon_core.verb:set package 'fiducials' build argument 'catkin_cmake_args' from command line to 'None'
[0.945s] Level 5:colcon.colcon_core.verb:set package 'fiducials' build argument 'catkin_skip_building_tests' from command line to 'False'
[0.945s] DEBUG:colcon.colcon_core.verb:Building package 'fiducials' with the following arguments: {'ament_cmake_args': None, 'build_base': '/root/ws/origami/build/fiducials', 'catkin_cmake_args': None, 'catkin_skip_building_tests': False, 'cmake_args': None, 'cmake_clean_cache': False, 'cmake_clean_first': False, 'cmake_force_configure': False, 'cmake_target': None, 'cmake_target_skip_unavailable': False, 'install_base': '/root/ws/origami/install/fiducials', 'merge_install': False, 'path': '/root/ws/origami/src/fiducials', 'symlink_install': False, 'test_result_base': None}
[0.954s] Level 5:colcon.colcon_core.verb:set package 'pupil_neon_pkg' build argument 'cmake_args' from command line to 'None'
[0.954s] Level 5:colcon.colcon_core.verb:set package 'pupil_neon_pkg' build argument 'cmake_target' from command line to 'None'
[0.954s] Level 5:colcon.colcon_core.verb:set package 'pupil_neon_pkg' build argument 'cmake_target_skip_unavailable' from command line to 'False'
[0.954s] Level 5:colcon.colcon_core.verb:set package 'pupil_neon_pkg' build argument 'cmake_clean_cache' from command line to 'False'
[0.954s] Level 5:colcon.colcon_core.verb:set package 'pupil_neon_pkg' build argument 'cmake_clean_first' from command line to 'False'
[0.954s] Level 5:colcon.colcon_core.verb:set package 'pupil_neon_pkg' build argument 'cmake_force_configure' from command line to 'False'
[0.954s] Level 5:colcon.colcon_core.verb:set package 'pupil_neon_pkg' build argument 'ament_cmake_args' from command line to 'None'
[0.954s] Level 5:colcon.colcon_core.verb:set package 'pupil_neon_pkg' build argument 'catkin_cmake_args' from command line to 'None'
[0.954s] Level 5:colcon.colcon_core.verb:set package 'pupil_neon_pkg' build argument 'catkin_skip_building_tests' from command line to 'False'
[0.954s] DEBUG:colcon.colcon_core.verb:Building package 'pupil_neon_pkg' with the following arguments: {'ament_cmake_args': None, 'build_base': '/root/ws/origami/build/pupil_neon_pkg', 'catkin_cmake_args': None, 'catkin_skip_building_tests': False, 'cmake_args': None, 'cmake_clean_cache': False, 'cmake_clean_first': False, 'cmake_force_configure': False, 'cmake_target': None, 'cmake_target_skip_unavailable': False, 'install_base': '/root/ws/origami/install/pupil_neon_pkg', 'merge_install': False, 'path': '/root/ws/origami/src/pupil_neon_pkg', 'symlink_install': False, 'test_result_base': None}
[0.963s] INFO:colcon.colcon_core.executor:Executing jobs using 'parallel' executor
[0.973s] DEBUG:colcon.colcon_parallel_executor.executor.parallel:run_until_complete
[0.973s] INFO:colcon.colcon_ros.task.ament_cmake.build:Building ROS package in '/root/ws/origami/src/diegetic_button_pkg' with build type 'ament_cmake'
[0.974s] INFO:colcon.colcon_cmake.task.cmake.build:Building CMake package in '/root/ws/origami/src/diegetic_button_pkg'
[0.985s] INFO:colcon.colcon_core.plugin_system:Skipping extension 'colcon_core.shell.bat': Not used on non-Windows systems
[0.985s] INFO:colcon.colcon_core.shell:Skip shell extension 'powershell' for command environment: Not usable outside of PowerShell
[0.985s] DEBUG:colcon.colcon_core.shell:Skip shell extension 'dsv' for command environment
[1.016s] INFO:colcon.colcon_ros.task.ament_cmake.build:Building ROS package in '/root/ws/origami/src/fiducials' with build type 'ament_cmake'
[1.016s] INFO:colcon.colcon_cmake.task.cmake.build:Building CMake package in '/root/ws/origami/src/fiducials'
[1.026s] INFO:colcon.colcon_core.shell:Skip shell extension 'powershell' for command environment: Not usable outside of PowerShell
[1.026s] DEBUG:colcon.colcon_core.shell:Skip shell extension 'dsv' for command environment
[1.055s] INFO:colcon.colcon_ros.task.ament_cmake.build:Building ROS package in '/root/ws/origami/src/pupil_neon_pkg' with build type 'ament_cmake'
[1.056s] INFO:colcon.colcon_cmake.task.cmake.build:Building CMake package in '/root/ws/origami/src/pupil_neon_pkg'
[1.065s] INFO:colcon.colcon_core.shell:Skip shell extension 'powershell' for command environment: Not usable outside of PowerShell
[1.065s] DEBUG:colcon.colcon_core.shell:Skip shell extension 'dsv' for command environment
[1.099s] DEBUG:colcon.colcon_core.event_handler.log_command:Invoking command in '/root/ws/origami/build/diegetic_button_pkg': CMAKE_PREFIX_PATH=${CMAKE_PREFIX_PATH}:/opt/ros/humble /usr/bin/cmake --build /root/ws/origami/build/diegetic_button_pkg -- -j12 -l12
[1.102s] DEBUG:colcon.colcon_core.event_handler.log_command:Invoking command in '/root/ws/origami/build/fiducials': CMAKE_PREFIX_PATH=${CMAKE_PREFIX_PATH}:/opt/ros/humble /usr/bin/cmake --build /root/ws/origami/build/fiducials -- -j12 -l12
[1.108s] DEBUG:colcon.colcon_core.event_handler.log_command:Invoking command in '/root/ws/origami/build/pupil_neon_pkg': CMAKE_PREFIX_PATH=${CMAKE_PREFIX_PATH}:/opt/ros/humble /usr/bin/cmake --build /root/ws/origami/build/pupil_neon_pkg -- -j12 -l12
[1.465s] DEBUG:colcon.colcon_core.event_handler.log_command:Invoked command in '/root/ws/origami/build/pupil_neon_pkg' returned '0': CMAKE_PREFIX_PATH=${CMAKE_PREFIX_PATH}:/opt/ros/humble /usr/bin/cmake --build /root/ws/origami/build/pupil_neon_pkg -- -j12 -l12
[1.495s] DEBUG:colcon.colcon_core.event_handler.log_command:Invoking command in '/root/ws/origami/build/pupil_neon_pkg': CMAKE_PREFIX_PATH=${CMAKE_PREFIX_PATH}:/opt/ros/humble /usr/bin/cmake --install /root/ws/origami/build/pupil_neon_pkg
[1.538s] Level 1:colcon.colcon_core.environment:create_environment_scripts_only(pupil_neon_pkg)
[1.538s] DEBUG:colcon.colcon_core.event_handler.log_command:Invoked command in '/root/ws/origami/build/pupil_neon_pkg' returned '0': CMAKE_PREFIX_PATH=${CMAKE_PREFIX_PATH}:/opt/ros/humble /usr/bin/cmake --install /root/ws/origami/build/pupil_neon_pkg
[1.557s] Level 1:colcon.colcon_core.environment:checking '/root/ws/origami/install/pupil_neon_pkg' for CMake module files
[1.558s] Level 1:colcon.colcon_core.environment:checking '/root/ws/origami/install/pupil_neon_pkg' for CMake config files
[1.558s] Level 1:colcon.colcon_core.shell:create_environment_hook('pupil_neon_pkg', 'cmake_prefix_path')
[1.574s] INFO:colcon.colcon_core.shell:Creating environment hook '/root/ws/origami/install/pupil_neon_pkg/share/pupil_neon_pkg/hook/cmake_prefix_path.ps1'
[1.575s] INFO:colcon.colcon_core.shell:Creating environment descriptor '/root/ws/origami/install/pupil_neon_pkg/share/pupil_neon_pkg/hook/cmake_prefix_path.dsv'
[1.575s] INFO:colcon.colcon_core.shell:Creating environment hook '/root/ws/origami/install/pupil_neon_pkg/share/pupil_neon_pkg/hook/cmake_prefix_path.sh'
[1.577s] Level 1:colcon.colcon_core.environment:checking '/root/ws/origami/install/pupil_neon_pkg/lib'
[1.577s] Level 1:colcon.colcon_core.environment:checking '/root/ws/origami/install/pupil_neon_pkg/bin'
[1.577s] Level 1:colcon.colcon_core.environment:checking '/root/ws/origami/install/pupil_neon_pkg/lib/pkgconfig/pupil_neon_pkg.pc'
[1.579s] Level 1:colcon.colcon_core.environment:checking '/root/ws/origami/install/pupil_neon_pkg/lib/python3.10/site-packages'
[1.580s] Level 1:colcon.colcon_core.environment:checking '/root/ws/origami/install/pupil_neon_pkg/bin'
[1.596s] INFO:colcon.colcon_core.shell:Creating package script '/root/ws/origami/install/pupil_neon_pkg/share/pupil_neon_pkg/package.ps1'
[1.597s] INFO:colcon.colcon_core.shell:Creating package descriptor '/root/ws/origami/install/pupil_neon_pkg/share/pupil_neon_pkg/package.dsv'
[1.597s] INFO:colcon.colcon_core.shell:Creating package script '/root/ws/origami/install/pupil_neon_pkg/share/pupil_neon_pkg/package.sh'
[1.598s] INFO:colcon.colcon_core.shell:Creating package script '/root/ws/origami/install/pupil_neon_pkg/share/pupil_neon_pkg/package.bash'
[1.599s] INFO:colcon.colcon_core.shell:Creating package script '/root/ws/origami/install/pupil_neon_pkg/share/pupil_neon_pkg/package.zsh'
[1.600s] Level 1:colcon.colcon_core.environment:create_file_with_runtime_dependencies(/root/ws/origami/install/pupil_neon_pkg/share/colcon-core/packages/pupil_neon_pkg)
[1.602s] DEBUG:colcon.colcon_core.event_handler.log_command:Invoked command in '/root/ws/origami/build/diegetic_button_pkg' returned '0': CMAKE_PREFIX_PATH=${CMAKE_PREFIX_PATH}:/opt/ros/humble /usr/bin/cmake --build /root/ws/origami/build/diegetic_button_pkg -- -j12 -l12
[1.636s] Level 1:colcon.colcon_core.environment:create_environment_scripts_only(pupil_neon_pkg)
[1.652s] Level 1:colcon.colcon_core.environment:checking '/root/ws/origami/install/pupil_neon_pkg' for CMake module files
[1.653s] Level 1:colcon.colcon_core.environment:checking '/root/ws/origami/install/pupil_neon_pkg' for CMake config files
[1.654s] Level 1:colcon.colcon_core.shell:create_environment_hook('pupil_neon_pkg', 'cmake_prefix_path')
[1.669s] INFO:colcon.colcon_core.shell:Creating environment hook '/root/ws/origami/install/pupil_neon_pkg/share/pupil_neon_pkg/hook/cmake_prefix_path.ps1'
[1.670s] INFO:colcon.colcon_core.shell:Creating environment descriptor '/root/ws/origami/install/pupil_neon_pkg/share/pupil_neon_pkg/hook/cmake_prefix_path.dsv'
[1.670s] INFO:colcon.colcon_core.shell:Creating environment hook '/root/ws/origami/install/pupil_neon_pkg/share/pupil_neon_pkg/hook/cmake_prefix_path.sh'
[1.671s] Level 1:colcon.colcon_core.environment:checking '/root/ws/origami/install/pupil_neon_pkg/lib'
[1.671s] Level 1:colcon.colcon_core.environment:checking '/root/ws/origami/install/pupil_neon_pkg/bin'
[1.672s] Level 1:colcon.colcon_core.environment:checking '/root/ws/origami/install/pupil_neon_pkg/lib/pkgconfig/pupil_neon_pkg.pc'
[1.672s] Level 1:colcon.colcon_core.environment:checking '/root/ws/origami/install/pupil_neon_pkg/lib/python3.10/site-packages'
[1.672s] Level 1:colcon.colcon_core.environment:checking '/root/ws/origami/install/pupil_neon_pkg/bin'
[1.688s] INFO:colcon.colcon_core.shell:Creating package script '/root/ws/origami/install/pupil_neon_pkg/share/pupil_neon_pkg/package.ps1'
[1.689s] INFO:colcon.colcon_core.shell:Creating package descriptor '/root/ws/origami/install/pupil_neon_pkg/share/pupil_neon_pkg/package.dsv'
[1.689s] INFO:colcon.colcon_core.shell:Creating package script '/root/ws/origami/install/pupil_neon_pkg/share/pupil_neon_pkg/package.sh'
[1.690s] INFO:colcon.colcon_core.shell:Creating package script '/root/ws/origami/install/pupil_neon_pkg/share/pupil_neon_pkg/package.bash'
[1.690s] INFO:colcon.colcon_core.shell:Creating package script '/root/ws/origami/install/pupil_neon_pkg/share/pupil_neon_pkg/package.zsh'
[1.691s] Level 1:colcon.colcon_core.environment:create_file_with_runtime_dependencies(/root/ws/origami/install/pupil_neon_pkg/share/colcon-core/packages/pupil_neon_pkg)
[1.694s] DEBUG:colcon.colcon_core.event_handler.log_command:Invoking command in '/root/ws/origami/build/diegetic_button_pkg': CMAKE_PREFIX_PATH=${CMAKE_PREFIX_PATH}:/opt/ros/humble /usr/bin/cmake --install /root/ws/origami/build/diegetic_button_pkg
[1.694s] DEBUG:colcon.colcon_core.event_handler.log_command:Invoked command in '/root/ws/origami/build/fiducials' returned '0': CMAKE_PREFIX_PATH=${CMAKE_PREFIX_PATH}:/opt/ros/humble /usr/bin/cmake --build /root/ws/origami/build/fiducials -- -j12 -l12
[1.780s] Level 1:colcon.colcon_core.environment:create_environment_scripts_only(diegetic_button_pkg)
[1.786s] DEBUG:colcon.colcon_core.event_handler.log_command:Invoked command in '/root/ws/origami/build/diegetic_button_pkg' returned '0': CMAKE_PREFIX_PATH=${CMAKE_PREFIX_PATH}:/opt/ros/humble /usr/bin/cmake --install /root/ws/origami/build/diegetic_button_pkg
[1.795s] Level 1:colcon.colcon_core.environment:checking '/root/ws/origami/install/diegetic_button_pkg' for CMake module files
[1.795s] Level 1:colcon.colcon_core.environment:checking '/root/ws/origami/install/diegetic_button_pkg' for CMake config files
[1.796s] Level 1:colcon.colcon_core.shell:create_environment_hook('diegetic_button_pkg', 'cmake_prefix_path')
[1.806s] INFO:colcon.colcon_core.shell:Creating environment hook '/root/ws/origami/install/diegetic_button_pkg/share/diegetic_button_pkg/hook/cmake_prefix_path.ps1'
[1.807s] INFO:colcon.colcon_core.shell:Creating environment descriptor '/root/ws/origami/install/diegetic_button_pkg/share/diegetic_button_pkg/hook/cmake_prefix_path.dsv'
[1.807s] INFO:colcon.colcon_core.shell:Creating environment hook '/root/ws/origami/install/diegetic_button_pkg/share/diegetic_button_pkg/hook/cmake_prefix_path.sh'
[1.808s] Level 1:colcon.colcon_core.environment:checking '/root/ws/origami/install/diegetic_button_pkg/lib'
[1.808s] Level 1:colcon.colcon_core.shell:create_environment_hook('diegetic_button_pkg', 'ld_library_path_lib')
[1.818s] INFO:colcon.colcon_core.shell:Creating environment hook '/root/ws/origami/install/diegetic_button_pkg/share/diegetic_button_pkg/hook/ld_library_path_lib.ps1'
[1.818s] INFO:colcon.colcon_core.shell:Creating environment descriptor '/root/ws/origami/install/diegetic_button_pkg/share/diegetic_button_pkg/hook/ld_library_path_lib.dsv'
[1.819s] INFO:colcon.colcon_core.shell:Creating environment hook '/root/ws/origami/install/diegetic_button_pkg/share/diegetic_button_pkg/hook/ld_library_path_lib.sh'
[1.819s] Level 1:colcon.colcon_core.environment:checking '/root/ws/origami/install/diegetic_button_pkg/bin'
[1.819s] Level 1:colcon.colcon_core.environment:checking '/root/ws/origami/install/diegetic_button_pkg/lib/pkgconfig/diegetic_button_pkg.pc'
[1.819s] Level 1:colcon.colcon_core.environment:checking '/root/ws/origami/install/diegetic_button_pkg/lib/python3.10/site-packages'
[1.819s] Level 1:colcon.colcon_core.environment:checking '/root/ws/origami/install/diegetic_button_pkg/bin'
[1.829s] INFO:colcon.colcon_core.shell:Creating package script '/root/ws/origami/install/diegetic_button_pkg/share/diegetic_button_pkg/package.ps1'
[1.830s] INFO:colcon.colcon_core.shell:Creating package descriptor '/root/ws/origami/install/diegetic_button_pkg/share/diegetic_button_pkg/package.dsv'
[1.830s] INFO:colcon.colcon_core.shell:Creating package script '/root/ws/origami/install/diegetic_button_pkg/share/diegetic_button_pkg/package.sh'
[1.830s] INFO:colcon.colcon_core.shell:Creating package script '/root/ws/origami/install/diegetic_button_pkg/share/diegetic_button_pkg/package.bash'
[1.831s] INFO:colcon.colcon_core.shell:Creating package script '/root/ws/origami/install/diegetic_button_pkg/share/diegetic_button_pkg/package.zsh'
[1.831s] Level 1:colcon.colcon_core.environment:create_file_with_runtime_dependencies(/root/ws/origami/install/diegetic_button_pkg/share/colcon-core/packages/diegetic_button_pkg)
[1.835s] DEBUG:colcon.colcon_core.event_handler.log_command:Invoking command in '/root/ws/origami/build/fiducials': CMAKE_PREFIX_PATH=${CMAKE_PREFIX_PATH}:/opt/ros/humble /usr/bin/cmake --install /root/ws/origami/build/fiducials
[1.963s] Level 1:colcon.colcon_core.environment:create_environment_scripts_only(diegetic_button_pkg)
[1.977s] Level 1:colcon.colcon_core.environment:checking '/root/ws/origami/install/diegetic_button_pkg' for CMake module files
[1.978s] Level 1:colcon.colcon_core.environment:checking '/root/ws/origami/install/diegetic_button_pkg' for CMake config files
[1.978s] Level 1:colcon.colcon_core.shell:create_environment_hook('diegetic_button_pkg', 'cmake_prefix_path')
[1.988s] INFO:colcon.colcon_core.shell:Creating environment hook '/root/ws/origami/install/diegetic_button_pkg/share/diegetic_button_pkg/hook/cmake_prefix_path.ps1'
[1.989s] INFO:colcon.colcon_core.shell:Creating environment descriptor '/root/ws/origami/install/diegetic_button_pkg/share/diegetic_button_pkg/hook/cmake_prefix_path.dsv'
[1.989s] INFO:colcon.colcon_core.shell:Creating environment hook '/root/ws/origami/install/diegetic_button_pkg/share/diegetic_button_pkg/hook/cmake_prefix_path.sh'
[1.989s] Level 1:colcon.colcon_core.environment:checking '/root/ws/origami/install/diegetic_button_pkg/lib'
[1.989s] Level 1:colcon.colcon_core.shell:create_environment_hook('diegetic_button_pkg', 'ld_library_path_lib')
[1.999s] INFO:colcon.colcon_core.shell:Creating environment hook '/root/ws/origami/install/diegetic_button_pkg/share/diegetic_button_pkg/hook/ld_library_path_lib.ps1'
[1.999s] INFO:colcon.colcon_core.shell:Creating environment descriptor '/root/ws/origami/install/diegetic_button_pkg/share/diegetic_button_pkg/hook/ld_library_path_lib.dsv'
[1.999s] INFO:colcon.colcon_core.shell:Creating environment hook '/root/ws/origami/install/diegetic_button_pkg/share/diegetic_button_pkg/hook/ld_library_path_lib.sh'
[2.000s] Level 1:colcon.colcon_core.environment:checking '/root/ws/origami/install/diegetic_button_pkg/bin'
[2.000s] Level 1:colcon.colcon_core.environment:checking '/root/ws/origami/install/diegetic_button_pkg/lib/pkgconfig/diegetic_button_pkg.pc'
[2.000s] Level 1:colcon.colcon_core.environment:checking '/root/ws/origami/install/diegetic_button_pkg/lib/python3.10/site-packages'
[2.000s] Level 1:colcon.colcon_core.environment:checking '/root/ws/origami/install/diegetic_button_pkg/bin'
[2.010s] INFO:colcon.colcon_core.shell:Creating package script '/root/ws/origami/install/diegetic_button_pkg/share/diegetic_button_pkg/package.ps1'
[2.010s] INFO:colcon.colcon_core.shell:Creating package descriptor '/root/ws/origami/install/diegetic_button_pkg/share/diegetic_button_pkg/package.dsv'
[2.011s] INFO:colcon.colcon_core.shell:Creating package script '/root/ws/origami/install/diegetic_button_pkg/share/diegetic_button_pkg/package.sh'
[2.011s] INFO:colcon.colcon_core.shell:Creating package script '/root/ws/origami/install/diegetic_button_pkg/share/diegetic_button_pkg/package.bash'
[2.011s] INFO:colcon.colcon_core.shell:Creating package script '/root/ws/origami/install/diegetic_button_pkg/share/diegetic_button_pkg/package.zsh'
[2.012s] Level 1:colcon.colcon_core.environment:create_file_with_runtime_dependencies(/root/ws/origami/install/diegetic_button_pkg/share/colcon-core/packages/diegetic_button_pkg)
[2.012s] Level 1:colcon.colcon_core.environment:create_environment_scripts_only(fiducials)
[2.013s] DEBUG:colcon.colcon_core.event_handler.log_command:Invoked command in '/root/ws/origami/build/fiducials' returned '0': CMAKE_PREFIX_PATH=${CMAKE_PREFIX_PATH}:/opt/ros/humble /usr/bin/cmake --install /root/ws/origami/build/fiducials
[2.028s] Level 1:colcon.colcon_core.environment:checking '/root/ws/origami/install/fiducials' for CMake module files
[2.029s] Level 1:colcon.colcon_core.environment:checking '/root/ws/origami/install/fiducials' for CMake config files
[2.030s] Level 1:colcon.colcon_core.shell:create_environment_hook('fiducials', 'cmake_prefix_path')
[2.045s] INFO:colcon.colcon_core.shell:Creating environment hook '/root/ws/origami/install/fiducials/share/fiducials/hook/cmake_prefix_path.ps1'
[2.046s] INFO:colcon.colcon_core.shell:Creating environment descriptor '/root/ws/origami/install/fiducials/share/fiducials/hook/cmake_prefix_path.dsv'
[2.046s] INFO:colcon.colcon_core.shell:Creating environment hook '/root/ws/origami/install/fiducials/share/fiducials/hook/cmake_prefix_path.sh'
[2.047s] Level 1:colcon.colcon_core.environment:checking '/root/ws/origami/install/fiducials/lib'
[2.047s] Level 1:colcon.colcon_core.shell:create_environment_hook('fiducials', 'ld_library_path_lib')
[2.063s] INFO:colcon.colcon_core.shell:Creating environment hook '/root/ws/origami/install/fiducials/share/fiducials/hook/ld_library_path_lib.ps1'
[2.063s] INFO:colcon.colcon_core.shell:Creating environment descriptor '/root/ws/origami/install/fiducials/share/fiducials/hook/ld_library_path_lib.dsv'
[2.064s] INFO:colcon.colcon_core.shell:Creating environment hook '/root/ws/origami/install/fiducials/share/fiducials/hook/ld_library_path_lib.sh'
[2.064s] Level 1:colcon.colcon_core.environment:checking '/root/ws/origami/install/fiducials/bin'
[2.064s] Level 1:colcon.colcon_core.environment:checking '/root/ws/origami/install/fiducials/lib/pkgconfig/fiducials.pc'
[2.064s] Level 1:colcon.colcon_core.environment:checking '/root/ws/origami/install/fiducials/lib/python3.10/site-packages'
[2.065s] Level 1:colcon.colcon_core.environment:checking '/root/ws/origami/install/fiducials/bin'
[2.080s] INFO:colcon.colcon_core.shell:Creating package script '/root/ws/origami/install/fiducials/share/fiducials/package.ps1'
[2.081s] INFO:colcon.colcon_core.shell:Creating package descriptor '/root/ws/origami/install/fiducials/share/fiducials/package.dsv'
[2.081s] INFO:colcon.colcon_core.shell:Creating package script '/root/ws/origami/install/fiducials/share/fiducials/package.sh'
[2.082s] INFO:colcon.colcon_core.shell:Creating package script '/root/ws/origami/install/fiducials/share/fiducials/package.bash'
[2.082s] INFO:colcon.colcon_core.shell:Creating package script '/root/ws/origami/install/fiducials/share/fiducials/package.zsh'
[2.083s] Level 1:colcon.colcon_core.environment:create_file_with_runtime_dependencies(/root/ws/origami/install/fiducials/share/colcon-core/packages/fiducials)
[2.213s] Level 1:colcon.colcon_core.environment:create_environment_scripts_only(fiducials)
[2.224s] Level 1:colcon.colcon_core.environment:checking '/root/ws/origami/install/fiducials' for CMake module files
[2.224s] Level 1:colcon.colcon_core.environment:checking '/root/ws/origami/install/fiducials' for CMake config files
[2.224s] Level 1:colcon.colcon_core.shell:create_environment_hook('fiducials', 'cmake_prefix_path')
[2.234s] INFO:colcon.colcon_core.shell:Creating environment hook '/root/ws/origami/install/fiducials/share/fiducials/hook/cmake_prefix_path.ps1'
[2.234s] INFO:colcon.colcon_core.shell:Creating environment descriptor '/root/ws/origami/install/fiducials/share/fiducials/hook/cmake_prefix_path.dsv'
[2.234s] INFO:colcon.colcon_core.shell:Creating environment hook '/root/ws/origami/install/fiducials/share/fiducials/hook/cmake_prefix_path.sh'
[2.235s] Level 1:colcon.colcon_core.environment:checking '/root/ws/origami/install/fiducials/lib'
[2.235s] Level 1:colcon.colcon_core.shell:create_environment_hook('fiducials', 'ld_library_path_lib')
[2.244s] INFO:colcon.colcon_core.shell:Creating environment hook '/root/ws/origami/install/fiducials/share/fiducials/hook/ld_library_path_lib.ps1'
[2.244s] INFO:colcon.colcon_core.shell:Creating environment descriptor '/root/ws/origami/install/fiducials/share/fiducials/hook/ld_library_path_lib.dsv'
[2.245s] INFO:colcon.colcon_core.shell:Creating environment hook '/root/ws/origami/install/fiducials/share/fiducials/hook/ld_library_path_lib.sh'
[2.245s] Level 1:colcon.colcon_core.environment:checking '/root/ws/origami/install/fiducials/bin'
[2.245s] Level 1:colcon.colcon_core.environment:checking '/root/ws/origami/install/fiducials/lib/pkgconfig/fiducials.pc'
[2.245s] Level 1:colcon.colcon_core.environment:checking '/root/ws/origami/install/fiducials/lib/python3.10/site-packages'
[2.245s] Level 1:colcon.colcon_core.environment:checking '/root/ws/origami/install/fiducials/bin'
[2.255s] INFO:colcon.colcon_core.shell:Creating package script '/root/ws/origami/install/fiducials/share/fiducials/package.ps1'
[2.256s] INFO:colcon.colcon_core.shell:Creating package descriptor '/root/ws/origami/install/fiducials/share/fiducials/package.dsv'
[2.256s] INFO:colcon.colcon_core.shell:Creating package script '/root/ws/origami/install/fiducials/share/fiducials/package.sh'
[2.257s] INFO:colcon.colcon_core.shell:Creating package script '/root/ws/origami/install/fiducials/share/fiducials/package.bash'
[2.257s] INFO:colcon.colcon_core.shell:Creating package script '/root/ws/origami/install/fiducials/share/fiducials/package.zsh'
[2.257s] Level 1:colcon.colcon_core.environment:create_file_with_runtime_dependencies(/root/ws/origami/install/fiducials/share/colcon-core/packages/fiducials)
[2.257s] DEBUG:colcon.colcon_parallel_executor.executor.parallel:closing loop
[2.258s] DEBUG:colcon.colcon_parallel_executor.executor.parallel:loop closed
[2.258s] DEBUG:colcon.colcon_parallel_executor.executor.parallel:run_until_complete finished with '0'
[2.258s] DEBUG:colcon.colcon_core.event_reactor:joining thread
[2.273s] INFO:colcon.colcon_core.plugin_system:Skipping extension 'colcon_notification.desktop_notification.notify_send': Could not find 'notify-send'
[2.273s] INFO:colcon.colcon_core.plugin_system:Skipping extension 'colcon_notification.desktop_notification.terminal_notifier': Not used on non-Darwin systems
[2.273s] INFO:colcon.colcon_core.plugin_system:Skipping extension 'colcon_notification.desktop_notification.win32': Not used on non-Windows systems
[2.273s] INFO:colcon.colcon_notification.desktop_notification:Sending desktop notification using 'notify2'
[2.275s] DEBUG:colcon.colcon_notification.desktop_notification.notify2:Failed to initialize notify2: org.freedesktop.DBus.Error.Spawn.ExecFailed: /usr/bin/dbus-launch terminated abnormally without any error message
[2.275s] DEBUG:colcon.colcon_core.event_reactor:joined thread
[2.285s] INFO:colcon.colcon_core.shell:Creating prefix script '/root/ws/origami/install/local_setup.ps1'
[2.287s] INFO:colcon.colcon_core.shell:Creating prefix util module '/root/ws/origami/install/_local_setup_util_ps1.py'
[2.288s] INFO:colcon.colcon_core.shell:Creating prefix chain script '/root/ws/origami/install/setup.ps1'
[2.298s] INFO:colcon.colcon_core.shell:Creating prefix script '/root/ws/origami/install/local_setup.sh'
[2.298s] INFO:colcon.colcon_core.shell:Creating prefix util module '/root/ws/origami/install/_local_setup_util_sh.py'
[2.299s] INFO:colcon.colcon_core.shell:Creating prefix chain script '/root/ws/origami/install/setup.sh'
[2.309s] INFO:colcon.colcon_core.shell:Creating prefix script '/root/ws/origami/install/local_setup.bash'
[2.309s] INFO:colcon.colcon_core.shell:Creating prefix chain script '/root/ws/origami/install/setup.bash'
[2.320s] INFO:colcon.colcon_core.shell:Creating prefix script '/root/ws/origami/install/local_setup.zsh'
[2.320s] INFO:colcon.colcon_core.shell:Creating prefix chain script '/root/ws/origami/install/setup.zsh'
