Built target ament_cmake_python_copy_pupil_neon_pkg
running egg_info
writing pupil_neon_pkg.egg-info/PKG-INFO
writing dependency_links to pupil_neon_pkg.egg-info/dependency_links.txt
writing top-level names to pupil_neon_pkg.egg-info/top_level.txt
reading manifest file 'pupil_neon_pkg.egg-info/SOURCES.txt'
writing manifest file 'pupil_neon_pkg.egg-info/SOURCES.txt'
Built target ament_cmake_python_build_pupil_neon_pkg_egg
-- Install configuration: ""
-- Up-to-date: /root/ws/origami/install/pupil_neon_pkg/share/pupil_neon_pkg//launch
-- Up-to-date: /root/ws/origami/install/pupil_neon_pkg/share/pupil_neon_pkg//launch/emulator_pupil.launch.py
-- Up-to-date: /root/ws/origami/install/pupil_neon_pkg/share/pupil_neon_pkg//launch/pupil.launch.py
-- Up-to-date: /root/ws/origami/install/pupil_neon_pkg/share/pupil_neon_pkg/config
-- Up-to-date: /root/ws/origami/install/pupil_neon_pkg/share/pupil_neon_pkg/config/params.yaml
-- Up-to-date: /root/ws/origami/install/pupil_neon_pkg/share/pupil_neon_pkg/environment/pythonpath.sh
-- Up-to-date: /root/ws/origami/install/pupil_neon_pkg/share/pupil_neon_pkg/environment/pythonpath.dsv
-- Up-to-date: /root/ws/origami/install/pupil_neon_pkg/local/lib/python3.10/dist-packages/pupil_neon_pkg-1.0.0-py3.10.egg-info
-- Installing: /root/ws/origami/install/pupil_neon_pkg/local/lib/python3.10/dist-packages/pupil_neon_pkg-1.0.0-py3.10.egg-info/top_level.txt
-- Installing: /root/ws/origami/install/pupil_neon_pkg/local/lib/python3.10/dist-packages/pupil_neon_pkg-1.0.0-py3.10.egg-info/SOURCES.txt
-- Installing: /root/ws/origami/install/pupil_neon_pkg/local/lib/python3.10/dist-packages/pupil_neon_pkg-1.0.0-py3.10.egg-info/dependency_links.txt
-- Installing: /root/ws/origami/install/pupil_neon_pkg/local/lib/python3.10/dist-packages/pupil_neon_pkg-1.0.0-py3.10.egg-info/PKG-INFO
-- Up-to-date: /root/ws/origami/install/pupil_neon_pkg/local/lib/python3.10/dist-packages/pupil_neon_pkg
-- Up-to-date: /root/ws/origami/install/pupil_neon_pkg/local/lib/python3.10/dist-packages/pupil_neon_pkg/ehhpupil_publisher.py
-- Up-to-date: /root/ws/origami/install/pupil_neon_pkg/local/lib/python3.10/dist-packages/pupil_neon_pkg/__init__.py
Listing '/root/ws/origami/install/pupil_neon_pkg/local/lib/python3.10/dist-packages/pupil_neon_pkg'...
-- Up-to-date: /root/ws/origami/install/pupil_neon_pkg/lib/pupil_neon_pkg/pupil_publisher.py
-- Up-to-date: /root/ws/origami/install/pupil_neon_pkg/lib/pupil_neon_pkg/frame_publisher.py
-- Up-to-date: /root/ws/origami/install/pupil_neon_pkg/lib/pupil_neon_pkg/emulator_publisher.py
-- Up-to-date: /root/ws/origami/install/pupil_neon_pkg/share/ament_index/resource_index/package_run_dependencies/pupil_neon_pkg
-- Up-to-date: /root/ws/origami/install/pupil_neon_pkg/share/ament_index/resource_index/parent_prefix_path/pupil_neon_pkg
-- Up-to-date: /root/ws/origami/install/pupil_neon_pkg/share/pupil_neon_pkg/environment/ament_prefix_path.sh
-- Up-to-date: /root/ws/origami/install/pupil_neon_pkg/share/pupil_neon_pkg/environment/ament_prefix_path.dsv
-- Up-to-date: /root/ws/origami/install/pupil_neon_pkg/share/pupil_neon_pkg/environment/path.sh
-- Up-to-date: /root/ws/origami/install/pupil_neon_pkg/share/pupil_neon_pkg/environment/path.dsv
-- Up-to-date: /root/ws/origami/install/pupil_neon_pkg/share/pupil_neon_pkg/local_setup.bash
-- Up-to-date: /root/ws/origami/install/pupil_neon_pkg/share/pupil_neon_pkg/local_setup.sh
-- Up-to-date: /root/ws/origami/install/pupil_neon_pkg/share/pupil_neon_pkg/local_setup.zsh
-- Up-to-date: /root/ws/origami/install/pupil_neon_pkg/share/pupil_neon_pkg/local_setup.dsv
-- Up-to-date: /root/ws/origami/install/pupil_neon_pkg/share/pupil_neon_pkg/package.dsv
-- Up-to-date: /root/ws/origami/install/pupil_neon_pkg/share/ament_index/resource_index/packages/pupil_neon_pkg
-- Up-to-date: /root/ws/origami/install/pupil_neon_pkg/share/pupil_neon_pkg/cmake/pupil_neon_pkgConfig.cmake
-- Up-to-date: /root/ws/origami/install/pupil_neon_pkg/share/pupil_neon_pkg/cmake/pupil_neon_pkgConfig-version.cmake
-- Up-to-date: /root/ws/origami/install/pupil_neon_pkg/share/pupil_neon_pkg/package.xml
