[0.033s] Invoking command in '/root/ws/origami/build/origami': CMAKE_PREFIX_PATH=/opt/ros/humble /usr/bin/cmake --build /root/ws/origami/build/origami -- -j12 -l12
[0.051s] -- Found ament_cmake: 1.3.5 (/opt/ros/humble/share/ament_cmake/cmake)
[0.158s] -- Found rclpy: 3.3.10 (/opt/ros/humble/share/rclpy/cmake)
[0.159s] -- Found builtin_interfaces: 1.2.1 (/opt/ros/humble/share/builtin_interfaces/cmake)
[0.178s] -- Found rosidl_generator_c: 3.1.5 (/opt/ros/humble/share/rosidl_generator_c/cmake)
[0.180s] -- Found rosidl_adapter: 3.1.5 (/opt/ros/humble/share/rosidl_adapter/cmake)
[0.185s] -- Found rosidl_generator_cpp: 3.1.5 (/opt/ros/humble/share/rosidl_generator_cpp/cmake)
[0.196s] -- Using all available rosidl_typesupport_c: rosidl_typesupport_fastrtps_c;rosidl_typesupport_introspection_c
[0.210s] -- Using all available rosidl_typesupport_cpp: rosidl_typesupport_fastrtps_cpp;rosidl_typesupport_introspection_cpp
[0.223s] -- Found geometry_msgs: 4.2.3 (/opt/ros/humble/share/geometry_msgs/cmake)
[0.314s] -- Found rosidl_default_generators: 1.2.0 (/opt/ros/humble/share/rosidl_default_generators/cmake)
[0.326s] [31mCMake Error at CMakeLists.txt:17 (find_package):
[0.326s]   By not providing "Findros2_aruco.cmake" in CMAKE_MODULE_PATH this project
[0.326s]   has asked CMake to find a package configuration file provided by
[0.326s]   "ros2_aruco", but CMake did not find one.
[0.326s] 
[0.326s]   Could not find a package configuration file provided by "ros2_aruco" with
[0.326s]   any of the following names:
[0.326s] 
[0.326s]     ros2_arucoConfig.cmake
[0.326s]     ros2_aruco-config.cmake
[0.326s] 
[0.327s]   Add the installation prefix of "ros2_aruco" to CMAKE_PREFIX_PATH or set
[0.327s]   "ros2_aruco_DIR" to a directory containing one of the above files.  If
[0.327s]   "ros2_aruco" provides a separate development package or SDK, be sure it has
[0.327s]   been installed.
[0.327s] 
[0.327s] [0m
[0.327s] -- Configuring incomplete, errors occurred!
[0.327s] See also "/root/ws/origami/build/origami/CMakeFiles/CMakeOutput.log".
[0.329s] gmake: *** [Makefile:226: cmake_check_build_system] Error 1
[0.330s] Invoked command in '/root/ws/origami/build/origami' returned '2': CMAKE_PREFIX_PATH=/opt/ros/humble /usr/bin/cmake --build /root/ws/origami/build/origami -- -j12 -l12
