[0.043s] Invoking command in '/root/ws/origami/src/fiducials/build/fiducials': CMAKE_PREFIX_PATH=${CMAKE_PREFIX_PATH}:/opt/ros/humble /usr/bin/cmake /root/ws/origami/src/fiducials -DCMAKE_INSTALL_PREFIX=/root/ws/origami/src/fiducials/install/fiducials
[0.086s] -- The C compiler identification is GNU 11.4.0
[0.132s] -- The CXX compiler identification is GNU 11.4.0
[0.138s] -- Detecting C compiler ABI info
[0.192s] -- Detecting C compiler ABI info - done
[0.198s] -- Check for working C compiler: /usr/bin/cc - skipped
[0.198s] -- Detecting C compile features
[0.199s] -- Detecting C compile features - done
[0.203s] -- Detecting CXX compiler ABI info
[0.266s] -- Detecting CXX compiler ABI info - done
[0.276s] -- Check for working CXX compiler: /usr/bin/c++ - skipped
[0.276s] -- Detecting CXX compile features
[0.277s] -- Detecting CXX compile features - done
[0.278s] -- Found ament_cmake: 1.3.5 (/opt/ros/humble/share/ament_cmake/cmake)
[0.419s] -- Found Python3: /usr/bin/python3.10 (found version "3.10.12") found components: Interpreter 
[0.496s] -- Found rclpy: 3.3.10 (/opt/ros/humble/share/rclpy/cmake)
[0.497s] -- Found builtin_interfaces: 1.2.1 (/opt/ros/humble/share/builtin_interfaces/cmake)
[0.521s] -- Found rosidl_generator_c: 3.1.5 (/opt/ros/humble/share/rosidl_generator_c/cmake)
[0.525s] -- Found rosidl_adapter: 3.1.5 (/opt/ros/humble/share/rosidl_adapter/cmake)
[0.533s] -- Found rosidl_generator_cpp: 3.1.5 (/opt/ros/humble/share/rosidl_generator_cpp/cmake)
[0.544s] -- Using all available rosidl_typesupport_c: rosidl_typesupport_fastrtps_c;rosidl_typesupport_introspection_c
[0.561s] -- Using all available rosidl_typesupport_cpp: rosidl_typesupport_fastrtps_cpp;rosidl_typesupport_introspection_cpp
[0.576s] -- Found geometry_msgs: 4.2.3 (/opt/ros/humble/share/geometry_msgs/cmake)
[0.665s] -- Found sensor_msgs: 4.2.3 (/opt/ros/humble/share/sensor_msgs/cmake)
[0.743s] -- Found rosidl_default_generators: 1.2.0 (/opt/ros/humble/share/rosidl_default_generators/cmake)
[1.000s] -- Found ament_cmake_ros: 0.10.0 (/opt/ros/humble/share/ament_cmake_ros/cmake)
[1.357s] -- Using all available rosidl_typesupport_c: rosidl_typesupport_fastrtps_c;rosidl_typesupport_introspection_c
[1.495s] -- Using all available rosidl_typesupport_cpp: rosidl_typesupport_fastrtps_cpp;rosidl_typesupport_introspection_cpp
[1.513s] -- Found PythonInterp: /usr/bin/python3 (found suitable version "3.10.12", minimum required is "3.6") 
[1.515s] -- Found python_cmake_module: 0.10.0 (/opt/ros/humble/share/python_cmake_module/cmake)
[1.536s] -- Found PythonLibs: /usr/lib/x86_64-linux-gnu/libpython3.10.so (found suitable version "3.10.12", minimum required is "3.5") 
[1.536s] -- Using PYTHON_EXECUTABLE: /usr/bin/python3
[1.536s] -- Using PYTHON_INCLUDE_DIRS: /usr/include/python3.10
[1.536s] -- Using PYTHON_LIBRARIES: /usr/lib/x86_64-linux-gnu/libpython3.10.so
[1.554s] -- Found PythonExtra: .so  
[1.605s] [31mCMake Error at /opt/ros/humble/share/ament_cmake_python/cmake/ament_python_install_package.cmake:122 (add_custom_target):
[1.605s]   add_custom_target called with invalid target name
[1.605s]   "ament_cmake_python_copy_scripts/".  Target names may not contain a slash.
[1.605s]   Use ADD_CUSTOM_COMMAND to generate files.
[1.605s] Call Stack (most recent call first):
[1.605s]   /opt/ros/humble/share/ament_cmake_python/cmake/ament_python_install_package.cmake:39 (_ament_cmake_python_install_package)
[1.605s]   CMakeLists.txt:43 (ament_python_install_package)
[1.605s] 
[1.605s] [0m
[1.605s] [31mCMake Error at /opt/ros/humble/share/ament_cmake_python/cmake/ament_python_install_package.cmake:141 (add_custom_target):
[1.606s]   add_custom_target called with invalid target name
[1.606s]   "ament_cmake_python_build_scripts/_egg".  Target names may not contain a
[1.606s]   slash.  Use ADD_CUSTOM_COMMAND to generate files.
[1.606s] Call Stack (most recent call first):
[1.606s]   /opt/ros/humble/share/ament_cmake_python/cmake/ament_python_install_package.cmake:39 (_ament_cmake_python_install_package)
[1.606s]   CMakeLists.txt:43 (ament_python_install_package)
[1.606s] 
[1.606s] [0m
[1.606s] -- Found ament_lint_auto: 0.12.8 (/opt/ros/humble/share/ament_lint_auto/cmake)
[1.625s] -- Added test 'copyright' to check source files copyright and LICENSE
[1.633s] -- Added test 'cppcheck' to perform static code analysis on C / C++ code
[1.634s] -- Configured cppcheck include dirs: $<BUILD_INTERFACE:/root/ws/origami/src/fiducials/build/fiducials/rosidl_generator_c>;$<BUILD_INTERFACE:/root/ws/origami/src/fiducials/build/fiducials/rosidl_typesupport_fastrtps_c>;$<BUILD_INTERFACE:/root/ws/origami/src/fiducials/build/fiducials/rosidl_generator_cpp>;$<BUILD_INTERFACE:/root/ws/origami/src/fiducials/build/fiducials/rosidl_typesupport_fastrtps_cpp>;$<BUILD_INTERFACE:/root/ws/origami/src/fiducials/build/fiducials/rosidl_typesupport_introspection_c>;$<BUILD_INTERFACE:/root/ws/origami/src/fiducials/build/fiducials/rosidl_typesupport_introspection_cpp>;/root/ws/origami/src/fiducials/build/fiducials/rosidl_generator_c;/root/ws/origami/src/fiducials/build/fiducials/rosidl_generator_py
[1.634s] -- Configured cppcheck exclude dirs and/or files: 
[1.642s] -- Added test 'cpplint' to check C / C++ code against the Google style
[1.642s] -- Configured cpplint exclude dirs and/or files: 
[1.644s] -- Added test 'flake8' to check Python code syntax and style conventions
[1.646s] -- Added test 'lint_cmake' to check CMake code style
[1.648s] -- Added test 'pep257' to check Python code against some of the docstring style conventions in PEP 257
[1.656s] -- Added test 'uncrustify' to check C / C++ code style
[1.656s] -- Configured uncrustify additional arguments: 
[1.657s] -- Added test 'xmllint' to check XML markup files
[1.660s] -- Configuring incomplete, errors occurred!
[1.660s] See also "/root/ws/origami/src/fiducials/build/fiducials/CMakeFiles/CMakeOutput.log".
[1.666s] Invoked command in '/root/ws/origami/src/fiducials/build/fiducials' returned '1': CMAKE_PREFIX_PATH=${CMAKE_PREFIX_PATH}:/opt/ros/humble /usr/bin/cmake /root/ws/origami/src/fiducials -DCMAKE_INSTALL_PREFIX=/root/ws/origami/src/fiducials/install/fiducials
