[0.159s] Invoking command in '/root/ws/origami/build/diegetic_button_pkg': CMAKE_PREFIX_PATH=${CMAKE_PREFIX_PATH}:/opt/ros/humble /usr/bin/cmake --build /root/ws/origami/build/diegetic_button_pkg -- -j12 -l12
[0.215s] [ 10%] Built target diegetic_button_pkg__rosidl_generator_c
[0.225s] [ 12%] Built target diegetic_button_pkg__cpp
[0.233s] [ 12%] Built target ament_cmake_python_copy_scripts
[0.261s] [ 12%] Built target ament_cmake_python_copy_diegetic_button_pkg
[0.267s] [ 23%] Built target diegetic_button_pkg__rosidl_typesupport_introspection_cpp
[0.278s] [ 34%] Built target diegetic_button_pkg__rosidl_typesupport_c
[0.344s] [ 45%] Built target diegetic_button_pkg__rosidl_typesupport_fastrtps_cpp
[0.401s] [ 56%] Built target diegetic_button_pkg__rosidl_typesupport_cpp
[0.479s] [ 67%] Built target diegetic_button_pkg__rosidl_typesupport_introspection_c
[0.515s] [ 78%] Built target diegetic_button_pkg__rosidl_typesupport_fastrtps_c
[0.554s] [ 78%] Built target diegetic_button_pkg
[0.579s] running egg_info
[0.582s] writing diegetic_button_pkg.egg-info/PKG-INFO
[0.584s] writing dependency_links to diegetic_button_pkg.egg-info/dependency_links.txt
[0.584s] writing top-level names to diegetic_button_pkg.egg-info/top_level.txt
[0.588s] reading manifest file 'diegetic_button_pkg.egg-info/SOURCES.txt'
[0.589s] writing manifest file 'diegetic_button_pkg.egg-info/SOURCES.txt'
[0.600s] [ 80%] Built target diegetic_button_pkg__py
[0.645s] [ 80%] Built target ament_cmake_python_build_diegetic_button_pkg_egg
[0.651s] [ 89%] Built target diegetic_button_pkg__rosidl_generator_py
[0.654s] running egg_info
[0.655s] writing scripts.egg-info/PKG-INFO
[0.655s] writing dependency_links to scripts.egg-info/dependency_links.txt
[0.656s] writing top-level names to scripts.egg-info/top_level.txt
[0.658s] reading manifest file 'scripts.egg-info/SOURCES.txt'
[0.659s] writing manifest file 'scripts.egg-info/SOURCES.txt'
[0.716s] [ 92%] Built target diegetic_button_pkg__rosidl_typesupport_introspection_c__pyext
[0.724s] [ 92%] Built target ament_cmake_python_build_scripts_egg
[0.742s] [ 96%] Built target diegetic_button_pkg__rosidl_typesupport_fastrtps_c__pyext
[0.763s] [100%] Built target diegetic_button_pkg__rosidl_typesupport_c__pyext
[0.787s] Invoked command in '/root/ws/origami/build/diegetic_button_pkg' returned '0': CMAKE_PREFIX_PATH=${CMAKE_PREFIX_PATH}:/opt/ros/humble /usr/bin/cmake --build /root/ws/origami/build/diegetic_button_pkg -- -j12 -l12
[1.042s] Invoking command in '/root/ws/origami/build/diegetic_button_pkg': CMAKE_PREFIX_PATH=${CMAKE_PREFIX_PATH}:/opt/ros/humble /usr/bin/cmake --install /root/ws/origami/build/diegetic_button_pkg
[1.052s] -- Install configuration: ""
[1.052s] -- Up-to-date: /root/ws/origami/install/diegetic_button_pkg/share/diegetic_button_pkg//launch
[1.052s] -- Up-to-date: /root/ws/origami/install/diegetic_button_pkg/share/diegetic_button_pkg//launch/joy_glasses_devel.launch.py
[1.052s] -- Up-to-date: /root/ws/origami/install/diegetic_button_pkg/share/diegetic_button_pkg//launch/joy_glasses.launch.py
[1.052s] -- Up-to-date: /root/ws/origami/install/diegetic_button_pkg/share/diegetic_button_pkg/environment/pythonpath.sh
[1.052s] -- Up-to-date: /root/ws/origami/install/diegetic_button_pkg/share/diegetic_button_pkg/environment/pythonpath.dsv
[1.053s] -- Up-to-date: /root/ws/origami/install/diegetic_button_pkg/local/lib/python3.10/dist-packages/scripts-0.0.0-py3.10.egg-info
[1.053s] -- Installing: /root/ws/origami/install/diegetic_button_pkg/local/lib/python3.10/dist-packages/scripts-0.0.0-py3.10.egg-info/top_level.txt
[1.053s] -- Installing: /root/ws/origami/install/diegetic_button_pkg/local/lib/python3.10/dist-packages/scripts-0.0.0-py3.10.egg-info/SOURCES.txt
[1.053s] -- Installing: /root/ws/origami/install/diegetic_button_pkg/local/lib/python3.10/dist-packages/scripts-0.0.0-py3.10.egg-info/dependency_links.txt
[1.053s] -- Installing: /root/ws/origami/install/diegetic_button_pkg/local/lib/python3.10/dist-packages/scripts-0.0.0-py3.10.egg-info/PKG-INFO
[1.053s] -- Up-to-date: /root/ws/origami/install/diegetic_button_pkg/local/lib/python3.10/dist-packages/scripts
[1.053s] -- Up-to-date: /root/ws/origami/install/diegetic_button_pkg/local/lib/python3.10/dist-packages/scripts/ros2bag.py
[1.053s] -- Up-to-date: /root/ws/origami/install/diegetic_button_pkg/local/lib/python3.10/dist-packages/scripts/TestButtonMap.csv
[1.054s] -- Up-to-date: /root/ws/origami/install/diegetic_button_pkg/local/lib/python3.10/dist-packages/scripts/bagToCSV.py
[1.054s] -- Up-to-date: /root/ws/origami/install/diegetic_button_pkg/local/lib/python3.10/dist-packages/scripts/devices
[1.054s] -- Up-to-date: /root/ws/origami/install/diegetic_button_pkg/local/lib/python3.10/dist-packages/scripts/devices/piano_demo.py
[1.054s] -- Up-to-date: /root/ws/origami/install/diegetic_button_pkg/local/lib/python3.10/dist-packages/scripts/devices/joy.py
[1.054s] -- Up-to-date: /root/ws/origami/install/diegetic_button_pkg/local/lib/python3.10/dist-packages/scripts/devices/sound.py
[1.054s] -- Up-to-date: /root/ws/origami/install/diegetic_button_pkg/local/lib/python3.10/dist-packages/scripts/devices/sound2.py
[1.054s] -- Installing: /root/ws/origami/install/diegetic_button_pkg/local/lib/python3.10/dist-packages/scripts/diegetic_button.py
[1.055s] -- Up-to-date: /root/ws/origami/install/diegetic_button_pkg/local/lib/python3.10/dist-packages/scripts/input_check.py
[1.055s] -- Up-to-date: /root/ws/origami/install/diegetic_button_pkg/local/lib/python3.10/dist-packages/scripts/__init__.py
[1.106s] Listing '/root/ws/origami/install/diegetic_button_pkg/local/lib/python3.10/dist-packages/scripts'...
[1.106s] Listing '/root/ws/origami/install/diegetic_button_pkg/local/lib/python3.10/dist-packages/scripts/devices'...
[1.106s] Compiling '/root/ws/origami/install/diegetic_button_pkg/local/lib/python3.10/dist-packages/scripts/diegetic_button.py'...
[1.125s] -- Up-to-date: /root/ws/origami/install/diegetic_button_pkg/share/ament_index/resource_index/rosidl_interfaces/diegetic_button_pkg
[1.125s] -- Up-to-date: /root/ws/origami/install/diegetic_button_pkg/include/diegetic_button_pkg/diegetic_button_pkg
[1.125s] -- Up-to-date: /root/ws/origami/install/diegetic_button_pkg/include/diegetic_button_pkg/diegetic_button_pkg/msg
[1.125s] -- Up-to-date: /root/ws/origami/install/diegetic_button_pkg/include/diegetic_button_pkg/diegetic_button_pkg/msg/input_status_array.h
[1.125s] -- Up-to-date: /root/ws/origami/install/diegetic_button_pkg/include/diegetic_button_pkg/diegetic_button_pkg/msg/rosidl_generator_c__visibility_control.h
[1.125s] -- Up-to-date: /root/ws/origami/install/diegetic_button_pkg/include/diegetic_button_pkg/diegetic_button_pkg/msg/detail
[1.125s] -- Up-to-date: /root/ws/origami/install/diegetic_button_pkg/include/diegetic_button_pkg/diegetic_button_pkg/msg/detail/diegetic_button__functions.c
[1.126s] -- Up-to-date: /root/ws/origami/install/diegetic_button_pkg/include/diegetic_button_pkg/diegetic_button_pkg/msg/detail/input_status__functions.h
[1.126s] -- Up-to-date: /root/ws/origami/install/diegetic_button_pkg/include/diegetic_button_pkg/diegetic_button_pkg/msg/detail/diegetic_button_array__type_support.h
[1.126s] -- Up-to-date: /root/ws/origami/install/diegetic_button_pkg/include/diegetic_button_pkg/diegetic_button_pkg/msg/detail/diegetic_button_array__functions.h
[1.126s] -- Up-to-date: /root/ws/origami/install/diegetic_button_pkg/include/diegetic_button_pkg/diegetic_button_pkg/msg/detail/input_status_array__type_support.h
[1.126s] -- Up-to-date: /root/ws/origami/install/diegetic_button_pkg/include/diegetic_button_pkg/diegetic_button_pkg/msg/detail/input_status_array__functions.h
[1.126s] -- Up-to-date: /root/ws/origami/install/diegetic_button_pkg/include/diegetic_button_pkg/diegetic_button_pkg/msg/detail/diegetic_button_array__struct.h
[1.126s] -- Up-to-date: /root/ws/origami/install/diegetic_button_pkg/include/diegetic_button_pkg/diegetic_button_pkg/msg/detail/diegetic_button__type_support.h
[1.126s] -- Up-to-date: /root/ws/origami/install/diegetic_button_pkg/include/diegetic_button_pkg/diegetic_button_pkg/msg/detail/input_status__functions.c
[1.126s] -- Up-to-date: /root/ws/origami/install/diegetic_button_pkg/include/diegetic_button_pkg/diegetic_button_pkg/msg/detail/input_status__type_support.h
[1.126s] -- Up-to-date: /root/ws/origami/install/diegetic_button_pkg/include/diegetic_button_pkg/diegetic_button_pkg/msg/detail/diegetic_button__functions.h
[1.126s] -- Up-to-date: /root/ws/origami/install/diegetic_button_pkg/include/diegetic_button_pkg/diegetic_button_pkg/msg/detail/input_status_array__struct.h
[1.127s] -- Up-to-date: /root/ws/origami/install/diegetic_button_pkg/include/diegetic_button_pkg/diegetic_button_pkg/msg/detail/diegetic_button__struct.h
[1.127s] -- Up-to-date: /root/ws/origami/install/diegetic_button_pkg/include/diegetic_button_pkg/diegetic_button_pkg/msg/detail/input_status_array__functions.c
[1.127s] -- Up-to-date: /root/ws/origami/install/diegetic_button_pkg/include/diegetic_button_pkg/diegetic_button_pkg/msg/detail/input_status__struct.h
[1.127s] -- Up-to-date: /root/ws/origami/install/diegetic_button_pkg/include/diegetic_button_pkg/diegetic_button_pkg/msg/detail/diegetic_button_array__functions.c
[1.127s] -- Up-to-date: /root/ws/origami/install/diegetic_button_pkg/include/diegetic_button_pkg/diegetic_button_pkg/msg/diegetic_button_array.h
[1.127s] -- Up-to-date: /root/ws/origami/install/diegetic_button_pkg/include/diegetic_button_pkg/diegetic_button_pkg/msg/input_status.h
[1.127s] -- Up-to-date: /root/ws/origami/install/diegetic_button_pkg/include/diegetic_button_pkg/diegetic_button_pkg/msg/diegetic_button.h
[1.127s] -- Up-to-date: /root/ws/origami/install/diegetic_button_pkg/share/diegetic_button_pkg/environment/library_path.sh
[1.127s] -- Up-to-date: /root/ws/origami/install/diegetic_button_pkg/share/diegetic_button_pkg/environment/library_path.dsv
[1.127s] -- Up-to-date: /root/ws/origami/install/diegetic_button_pkg/lib/libdiegetic_button_pkg__rosidl_generator_c.so
[1.128s] -- Up-to-date: /root/ws/origami/install/diegetic_button_pkg/include/diegetic_button_pkg/diegetic_button_pkg
[1.128s] -- Up-to-date: /root/ws/origami/install/diegetic_button_pkg/include/diegetic_button_pkg/diegetic_button_pkg/msg
[1.128s] -- Up-to-date: /root/ws/origami/install/diegetic_button_pkg/include/diegetic_button_pkg/diegetic_button_pkg/msg/rosidl_typesupport_fastrtps_c__visibility_control.h
[1.128s] -- Up-to-date: /root/ws/origami/install/diegetic_button_pkg/include/diegetic_button_pkg/diegetic_button_pkg/msg/detail
[1.128s] -- Up-to-date: /root/ws/origami/install/diegetic_button_pkg/include/diegetic_button_pkg/diegetic_button_pkg/msg/detail/diegetic_button__rosidl_typesupport_fastrtps_c.h
[1.128s] -- Up-to-date: /root/ws/origami/install/diegetic_button_pkg/include/diegetic_button_pkg/diegetic_button_pkg/msg/detail/input_status_array__rosidl_typesupport_fastrtps_c.h
[1.128s] -- Up-to-date: /root/ws/origami/install/diegetic_button_pkg/include/diegetic_button_pkg/diegetic_button_pkg/msg/detail/diegetic_button_array__rosidl_typesupport_fastrtps_c.h
[1.128s] -- Up-to-date: /root/ws/origami/install/diegetic_button_pkg/include/diegetic_button_pkg/diegetic_button_pkg/msg/detail/input_status__rosidl_typesupport_fastrtps_c.h
[1.128s] -- Up-to-date: /root/ws/origami/install/diegetic_button_pkg/lib/libdiegetic_button_pkg__rosidl_typesupport_fastrtps_c.so
[1.128s] -- Up-to-date: /root/ws/origami/install/diegetic_button_pkg/include/diegetic_button_pkg/diegetic_button_pkg
[1.128s] -- Up-to-date: /root/ws/origami/install/diegetic_button_pkg/include/diegetic_button_pkg/diegetic_button_pkg/msg
[1.129s] -- Up-to-date: /root/ws/origami/install/diegetic_button_pkg/include/diegetic_button_pkg/diegetic_button_pkg/msg/diegetic_button.hpp
[1.129s] -- Up-to-date: /root/ws/origami/install/diegetic_button_pkg/include/diegetic_button_pkg/diegetic_button_pkg/msg/input_status_array.hpp
[1.129s] -- Up-to-date: /root/ws/origami/install/diegetic_button_pkg/include/diegetic_button_pkg/diegetic_button_pkg/msg/diegetic_button_array.hpp
[1.129s] -- Up-to-date: /root/ws/origami/install/diegetic_button_pkg/include/diegetic_button_pkg/diegetic_button_pkg/msg/detail
[1.129s] -- Up-to-date: /root/ws/origami/install/diegetic_button_pkg/include/diegetic_button_pkg/diegetic_button_pkg/msg/detail/diegetic_button_array__traits.hpp
[1.129s] -- Up-to-date: /root/ws/origami/install/diegetic_button_pkg/include/diegetic_button_pkg/diegetic_button_pkg/msg/detail/input_status__struct.hpp
[1.129s] -- Up-to-date: /root/ws/origami/install/diegetic_button_pkg/include/diegetic_button_pkg/diegetic_button_pkg/msg/detail/input_status__builder.hpp
[1.129s] -- Up-to-date: /root/ws/origami/install/diegetic_button_pkg/include/diegetic_button_pkg/diegetic_button_pkg/msg/detail/diegetic_button__traits.hpp
[1.129s] -- Up-to-date: /root/ws/origami/install/diegetic_button_pkg/include/diegetic_button_pkg/diegetic_button_pkg/msg/detail/input_status_array__builder.hpp
[1.129s] -- Up-to-date: /root/ws/origami/install/diegetic_button_pkg/include/diegetic_button_pkg/diegetic_button_pkg/msg/detail/input_status_array__traits.hpp
[1.130s] -- Up-to-date: /root/ws/origami/install/diegetic_button_pkg/include/diegetic_button_pkg/diegetic_button_pkg/msg/detail/diegetic_button_array__builder.hpp
[1.130s] -- Up-to-date: /root/ws/origami/install/diegetic_button_pkg/include/diegetic_button_pkg/diegetic_button_pkg/msg/detail/diegetic_button__struct.hpp
[1.130s] -- Up-to-date: /root/ws/origami/install/diegetic_button_pkg/include/diegetic_button_pkg/diegetic_button_pkg/msg/detail/diegetic_button_array__struct.hpp
[1.130s] -- Up-to-date: /root/ws/origami/install/diegetic_button_pkg/include/diegetic_button_pkg/diegetic_button_pkg/msg/detail/diegetic_button__builder.hpp
[1.130s] -- Up-to-date: /root/ws/origami/install/diegetic_button_pkg/include/diegetic_button_pkg/diegetic_button_pkg/msg/detail/input_status_array__struct.hpp
[1.130s] -- Up-to-date: /root/ws/origami/install/diegetic_button_pkg/include/diegetic_button_pkg/diegetic_button_pkg/msg/detail/input_status__traits.hpp
[1.130s] -- Up-to-date: /root/ws/origami/install/diegetic_button_pkg/include/diegetic_button_pkg/diegetic_button_pkg/msg/input_status.hpp
[1.130s] -- Up-to-date: /root/ws/origami/install/diegetic_button_pkg/include/diegetic_button_pkg/diegetic_button_pkg
[1.130s] -- Up-to-date: /root/ws/origami/install/diegetic_button_pkg/include/diegetic_button_pkg/diegetic_button_pkg/msg
[1.130s] -- Up-to-date: /root/ws/origami/install/diegetic_button_pkg/include/diegetic_button_pkg/diegetic_button_pkg/msg/rosidl_typesupport_fastrtps_cpp__visibility_control.h
[1.130s] -- Up-to-date: /root/ws/origami/install/diegetic_button_pkg/include/diegetic_button_pkg/diegetic_button_pkg/msg/detail
[1.131s] -- Up-to-date: /root/ws/origami/install/diegetic_button_pkg/include/diegetic_button_pkg/diegetic_button_pkg/msg/detail/input_status_array__rosidl_typesupport_fastrtps_cpp.hpp
[1.131s] -- Up-to-date: /root/ws/origami/install/diegetic_button_pkg/include/diegetic_button_pkg/diegetic_button_pkg/msg/detail/diegetic_button_array__rosidl_typesupport_fastrtps_cpp.hpp
[1.131s] -- Up-to-date: /root/ws/origami/install/diegetic_button_pkg/include/diegetic_button_pkg/diegetic_button_pkg/msg/detail/input_status__rosidl_typesupport_fastrtps_cpp.hpp
[1.131s] -- Up-to-date: /root/ws/origami/install/diegetic_button_pkg/include/diegetic_button_pkg/diegetic_button_pkg/msg/detail/diegetic_button__rosidl_typesupport_fastrtps_cpp.hpp
[1.131s] -- Up-to-date: /root/ws/origami/install/diegetic_button_pkg/include/diegetic_button_pkg/diegetic_button_pkg/msg/detail/dds_fastrtps
[1.131s] -- Up-to-date: /root/ws/origami/install/diegetic_button_pkg/lib/libdiegetic_button_pkg__rosidl_typesupport_fastrtps_cpp.so
[1.131s] -- Up-to-date: /root/ws/origami/install/diegetic_button_pkg/include/diegetic_button_pkg/diegetic_button_pkg
[1.131s] -- Up-to-date: /root/ws/origami/install/diegetic_button_pkg/include/diegetic_button_pkg/diegetic_button_pkg/msg
[1.131s] -- Up-to-date: /root/ws/origami/install/diegetic_button_pkg/include/diegetic_button_pkg/diegetic_button_pkg/msg/rosidl_typesupport_introspection_c__visibility_control.h
[1.131s] -- Up-to-date: /root/ws/origami/install/diegetic_button_pkg/include/diegetic_button_pkg/diegetic_button_pkg/msg/detail
[1.131s] -- Up-to-date: /root/ws/origami/install/diegetic_button_pkg/include/diegetic_button_pkg/diegetic_button_pkg/msg/detail/input_status__type_support.c
[1.132s] -- Up-to-date: /root/ws/origami/install/diegetic_button_pkg/include/diegetic_button_pkg/diegetic_button_pkg/msg/detail/input_status__rosidl_typesupport_introspection_c.h
[1.132s] -- Up-to-date: /root/ws/origami/install/diegetic_button_pkg/include/diegetic_button_pkg/diegetic_button_pkg/msg/detail/diegetic_button__rosidl_typesupport_introspection_c.h
[1.132s] -- Up-to-date: /root/ws/origami/install/diegetic_button_pkg/include/diegetic_button_pkg/diegetic_button_pkg/msg/detail/input_status_array__type_support.c
[1.132s] -- Up-to-date: /root/ws/origami/install/diegetic_button_pkg/include/diegetic_button_pkg/diegetic_button_pkg/msg/detail/diegetic_button__type_support.c
[1.132s] -- Up-to-date: /root/ws/origami/install/diegetic_button_pkg/include/diegetic_button_pkg/diegetic_button_pkg/msg/detail/diegetic_button_array__rosidl_typesupport_introspection_c.h
[1.132s] -- Up-to-date: /root/ws/origami/install/diegetic_button_pkg/include/diegetic_button_pkg/diegetic_button_pkg/msg/detail/input_status_array__rosidl_typesupport_introspection_c.h
[1.132s] -- Up-to-date: /root/ws/origami/install/diegetic_button_pkg/include/diegetic_button_pkg/diegetic_button_pkg/msg/detail/diegetic_button_array__type_support.c
[1.132s] -- Up-to-date: /root/ws/origami/install/diegetic_button_pkg/lib/libdiegetic_button_pkg__rosidl_typesupport_introspection_c.so
[1.132s] -- Up-to-date: /root/ws/origami/install/diegetic_button_pkg/lib/libdiegetic_button_pkg__rosidl_typesupport_c.so
[1.132s] -- Up-to-date: /root/ws/origami/install/diegetic_button_pkg/include/diegetic_button_pkg/diegetic_button_pkg
[1.132s] -- Up-to-date: /root/ws/origami/install/diegetic_button_pkg/include/diegetic_button_pkg/diegetic_button_pkg/msg
[1.132s] -- Up-to-date: /root/ws/origami/install/diegetic_button_pkg/include/diegetic_button_pkg/diegetic_button_pkg/msg/detail
[1.132s] -- Up-to-date: /root/ws/origami/install/diegetic_button_pkg/include/diegetic_button_pkg/diegetic_button_pkg/msg/detail/diegetic_button_array__rosidl_typesupport_introspection_cpp.hpp
[1.132s] -- Up-to-date: /root/ws/origami/install/diegetic_button_pkg/include/diegetic_button_pkg/diegetic_button_pkg/msg/detail/input_status_array__type_support.cpp
[1.132s] -- Up-to-date: /root/ws/origami/install/diegetic_button_pkg/include/diegetic_button_pkg/diegetic_button_pkg/msg/detail/input_status__rosidl_typesupport_introspection_cpp.hpp
[1.132s] -- Up-to-date: /root/ws/origami/install/diegetic_button_pkg/include/diegetic_button_pkg/diegetic_button_pkg/msg/detail/diegetic_button_array__type_support.cpp
[1.132s] -- Up-to-date: /root/ws/origami/install/diegetic_button_pkg/include/diegetic_button_pkg/diegetic_button_pkg/msg/detail/diegetic_button__rosidl_typesupport_introspection_cpp.hpp
[1.133s] -- Up-to-date: /root/ws/origami/install/diegetic_button_pkg/include/diegetic_button_pkg/diegetic_button_pkg/msg/detail/input_status__type_support.cpp
[1.133s] -- Up-to-date: /root/ws/origami/install/diegetic_button_pkg/include/diegetic_button_pkg/diegetic_button_pkg/msg/detail/input_status_array__rosidl_typesupport_introspection_cpp.hpp
[1.133s] -- Up-to-date: /root/ws/origami/install/diegetic_button_pkg/include/diegetic_button_pkg/diegetic_button_pkg/msg/detail/diegetic_button__type_support.cpp
[1.133s] -- Up-to-date: /root/ws/origami/install/diegetic_button_pkg/lib/libdiegetic_button_pkg__rosidl_typesupport_introspection_cpp.so
[1.133s] -- Up-to-date: /root/ws/origami/install/diegetic_button_pkg/lib/libdiegetic_button_pkg__rosidl_typesupport_cpp.so
[1.133s] -- Up-to-date: /root/ws/origami/install/diegetic_button_pkg/local/lib/python3.10/dist-packages/diegetic_button_pkg-0.0.0-py3.10.egg-info
[1.133s] -- Installing: /root/ws/origami/install/diegetic_button_pkg/local/lib/python3.10/dist-packages/diegetic_button_pkg-0.0.0-py3.10.egg-info/top_level.txt
[1.133s] -- Installing: /root/ws/origami/install/diegetic_button_pkg/local/lib/python3.10/dist-packages/diegetic_button_pkg-0.0.0-py3.10.egg-info/SOURCES.txt
[1.133s] -- Installing: /root/ws/origami/install/diegetic_button_pkg/local/lib/python3.10/dist-packages/diegetic_button_pkg-0.0.0-py3.10.egg-info/dependency_links.txt
[1.133s] -- Installing: /root/ws/origami/install/diegetic_button_pkg/local/lib/python3.10/dist-packages/diegetic_button_pkg-0.0.0-py3.10.egg-info/PKG-INFO
[1.133s] -- Up-to-date: /root/ws/origami/install/diegetic_button_pkg/local/lib/python3.10/dist-packages/diegetic_button_pkg
[1.133s] -- Up-to-date: /root/ws/origami/install/diegetic_button_pkg/local/lib/python3.10/dist-packages/diegetic_button_pkg/diegetic_button_pkg_s__rosidl_typesupport_introspection_c.cpython-310-x86_64-linux-gnu.so
[1.133s] -- Up-to-date: /root/ws/origami/install/diegetic_button_pkg/local/lib/python3.10/dist-packages/diegetic_button_pkg/_diegetic_button_pkg_s.ep.rosidl_typesupport_c.c
[1.133s] -- Up-to-date: /root/ws/origami/install/diegetic_button_pkg/local/lib/python3.10/dist-packages/diegetic_button_pkg/diegetic_button_pkg_s__rosidl_typesupport_fastrtps_c.cpython-310-x86_64-linux-gnu.so
[1.133s] -- Up-to-date: /root/ws/origami/install/diegetic_button_pkg/local/lib/python3.10/dist-packages/diegetic_button_pkg/_diegetic_button_pkg_s.ep.rosidl_typesupport_introspection_c.c
[1.133s] -- Up-to-date: /root/ws/origami/install/diegetic_button_pkg/local/lib/python3.10/dist-packages/diegetic_button_pkg/diegetic_button_pkg_s__rosidl_typesupport_c.cpython-310-x86_64-linux-gnu.so
[1.133s] -- Up-to-date: /root/ws/origami/install/diegetic_button_pkg/local/lib/python3.10/dist-packages/diegetic_button_pkg/__init__.py
[1.134s] -- Up-to-date: /root/ws/origami/install/diegetic_button_pkg/local/lib/python3.10/dist-packages/diegetic_button_pkg/_diegetic_button_pkg_s.ep.rosidl_typesupport_fastrtps_c.c
[1.134s] -- Up-to-date: /root/ws/origami/install/diegetic_button_pkg/local/lib/python3.10/dist-packages/diegetic_button_pkg/msg
[1.134s] -- Up-to-date: /root/ws/origami/install/diegetic_button_pkg/local/lib/python3.10/dist-packages/diegetic_button_pkg/msg/_diegetic_button.py
[1.134s] -- Up-to-date: /root/ws/origami/install/diegetic_button_pkg/local/lib/python3.10/dist-packages/diegetic_button_pkg/msg/_input_status_array_s.c
[1.134s] -- Up-to-date: /root/ws/origami/install/diegetic_button_pkg/local/lib/python3.10/dist-packages/diegetic_button_pkg/msg/_diegetic_button_array_s.c
[1.134s] -- Up-to-date: /root/ws/origami/install/diegetic_button_pkg/local/lib/python3.10/dist-packages/diegetic_button_pkg/msg/_input_status_s.c
[1.134s] -- Up-to-date: /root/ws/origami/install/diegetic_button_pkg/local/lib/python3.10/dist-packages/diegetic_button_pkg/msg/_diegetic_button_array.py
[1.134s] -- Up-to-date: /root/ws/origami/install/diegetic_button_pkg/local/lib/python3.10/dist-packages/diegetic_button_pkg/msg/__init__.py
[1.134s] -- Up-to-date: /root/ws/origami/install/diegetic_button_pkg/local/lib/python3.10/dist-packages/diegetic_button_pkg/msg/_input_status.py
[1.134s] -- Up-to-date: /root/ws/origami/install/diegetic_button_pkg/local/lib/python3.10/dist-packages/diegetic_button_pkg/msg/_input_status_array.py
[1.134s] -- Up-to-date: /root/ws/origami/install/diegetic_button_pkg/local/lib/python3.10/dist-packages/diegetic_button_pkg/msg/_diegetic_button_s.c
[1.134s] -- Up-to-date: /root/ws/origami/install/diegetic_button_pkg/local/lib/python3.10/dist-packages/diegetic_button_pkg/libdiegetic_button_pkg__rosidl_generator_py.so
[1.167s] Listing '/root/ws/origami/install/diegetic_button_pkg/local/lib/python3.10/dist-packages/diegetic_button_pkg'...
[1.167s] Listing '/root/ws/origami/install/diegetic_button_pkg/local/lib/python3.10/dist-packages/diegetic_button_pkg/msg'...
[1.173s] -- Up-to-date: /root/ws/origami/install/diegetic_button_pkg/local/lib/python3.10/dist-packages/diegetic_button_pkg/diegetic_button_pkg_s__rosidl_typesupport_fastrtps_c.cpython-310-x86_64-linux-gnu.so
[1.174s] -- Up-to-date: /root/ws/origami/install/diegetic_button_pkg/local/lib/python3.10/dist-packages/diegetic_button_pkg/diegetic_button_pkg_s__rosidl_typesupport_introspection_c.cpython-310-x86_64-linux-gnu.so
[1.174s] -- Up-to-date: /root/ws/origami/install/diegetic_button_pkg/local/lib/python3.10/dist-packages/diegetic_button_pkg/diegetic_button_pkg_s__rosidl_typesupport_c.cpython-310-x86_64-linux-gnu.so
[1.174s] -- Up-to-date: /root/ws/origami/install/diegetic_button_pkg/lib/libdiegetic_button_pkg__rosidl_generator_py.so
[1.174s] -- Up-to-date: /root/ws/origami/install/diegetic_button_pkg/share/diegetic_button_pkg/msg/DiegeticButton.idl
[1.174s] -- Up-to-date: /root/ws/origami/install/diegetic_button_pkg/share/diegetic_button_pkg/msg/DiegeticButtonArray.idl
[1.174s] -- Up-to-date: /root/ws/origami/install/diegetic_button_pkg/share/diegetic_button_pkg/msg/InputStatus.idl
[1.174s] -- Up-to-date: /root/ws/origami/install/diegetic_button_pkg/share/diegetic_button_pkg/msg/InputStatusArray.idl
[1.174s] -- Up-to-date: /root/ws/origami/install/diegetic_button_pkg/share/diegetic_button_pkg/msg/DiegeticButton.msg
[1.175s] -- Up-to-date: /root/ws/origami/install/diegetic_button_pkg/share/diegetic_button_pkg/msg/DiegeticButtonArray.msg
[1.175s] -- Up-to-date: /root/ws/origami/install/diegetic_button_pkg/share/diegetic_button_pkg/msg/InputStatus.msg
[1.175s] -- Up-to-date: /root/ws/origami/install/diegetic_button_pkg/share/diegetic_button_pkg/msg/InputStatusArray.msg
[1.175s] -- Installing: /root/ws/origami/install/diegetic_button_pkg/lib/diegetic_button_pkg/diegetic_button.py
[1.175s] -- Up-to-date: /root/ws/origami/install/diegetic_button_pkg/lib/diegetic_button_pkg/input_check.py
[1.175s] -- Up-to-date: /root/ws/origami/install/diegetic_button_pkg/lib/diegetic_button_pkg/bagToCSV.py
[1.175s] -- Up-to-date: /root/ws/origami/install/diegetic_button_pkg/lib/diegetic_button_pkg/joy.py
[1.175s] -- Up-to-date: /root/ws/origami/install/diegetic_button_pkg/lib/diegetic_button_pkg/piano_demo.py
[1.175s] -- Up-to-date: /root/ws/origami/install/diegetic_button_pkg/share/ament_index/resource_index/package_run_dependencies/diegetic_button_pkg
[1.176s] -- Up-to-date: /root/ws/origami/install/diegetic_button_pkg/share/ament_index/resource_index/parent_prefix_path/diegetic_button_pkg
[1.176s] -- Up-to-date: /root/ws/origami/install/diegetic_button_pkg/share/diegetic_button_pkg/environment/ament_prefix_path.sh
[1.176s] -- Up-to-date: /root/ws/origami/install/diegetic_button_pkg/share/diegetic_button_pkg/environment/ament_prefix_path.dsv
[1.176s] -- Up-to-date: /root/ws/origami/install/diegetic_button_pkg/share/diegetic_button_pkg/environment/path.sh
[1.176s] -- Up-to-date: /root/ws/origami/install/diegetic_button_pkg/share/diegetic_button_pkg/environment/path.dsv
[1.176s] -- Up-to-date: /root/ws/origami/install/diegetic_button_pkg/share/diegetic_button_pkg/local_setup.bash
[1.176s] -- Up-to-date: /root/ws/origami/install/diegetic_button_pkg/share/diegetic_button_pkg/local_setup.sh
[1.176s] -- Up-to-date: /root/ws/origami/install/diegetic_button_pkg/share/diegetic_button_pkg/local_setup.zsh
[1.176s] -- Up-to-date: /root/ws/origami/install/diegetic_button_pkg/share/diegetic_button_pkg/local_setup.dsv
[1.177s] -- Installing: /root/ws/origami/install/diegetic_button_pkg/share/diegetic_button_pkg/package.dsv
[1.185s] -- Up-to-date: /root/ws/origami/install/diegetic_button_pkg/share/ament_index/resource_index/packages/diegetic_button_pkg
[1.186s] -- Up-to-date: /root/ws/origami/install/diegetic_button_pkg/share/diegetic_button_pkg/cmake/export_diegetic_button_pkg__rosidl_generator_cExport.cmake
[1.197s] -- Up-to-date: /root/ws/origami/install/diegetic_button_pkg/share/diegetic_button_pkg/cmake/export_diegetic_button_pkg__rosidl_generator_cExport-noconfig.cmake
[1.197s] -- Up-to-date: /root/ws/origami/install/diegetic_button_pkg/share/diegetic_button_pkg/cmake/export_diegetic_button_pkg__rosidl_typesupport_fastrtps_cExport.cmake
[1.197s] -- Up-to-date: /root/ws/origami/install/diegetic_button_pkg/share/diegetic_button_pkg/cmake/export_diegetic_button_pkg__rosidl_typesupport_fastrtps_cExport-noconfig.cmake
[1.197s] -- Up-to-date: /root/ws/origami/install/diegetic_button_pkg/share/diegetic_button_pkg/cmake/export_diegetic_button_pkg__rosidl_generator_cppExport.cmake
[1.197s] -- Up-to-date: /root/ws/origami/install/diegetic_button_pkg/share/diegetic_button_pkg/cmake/export_diegetic_button_pkg__rosidl_typesupport_fastrtps_cppExport.cmake
[1.198s] -- Up-to-date: /root/ws/origami/install/diegetic_button_pkg/share/diegetic_button_pkg/cmake/export_diegetic_button_pkg__rosidl_typesupport_fastrtps_cppExport-noconfig.cmake
[1.198s] -- Up-to-date: /root/ws/origami/install/diegetic_button_pkg/share/diegetic_button_pkg/cmake/diegetic_button_pkg__rosidl_typesupport_introspection_cExport.cmake
[1.198s] -- Up-to-date: /root/ws/origami/install/diegetic_button_pkg/share/diegetic_button_pkg/cmake/diegetic_button_pkg__rosidl_typesupport_introspection_cExport-noconfig.cmake
[1.198s] -- Up-to-date: /root/ws/origami/install/diegetic_button_pkg/share/diegetic_button_pkg/cmake/diegetic_button_pkg__rosidl_typesupport_cExport.cmake
[1.198s] -- Up-to-date: /root/ws/origami/install/diegetic_button_pkg/share/diegetic_button_pkg/cmake/diegetic_button_pkg__rosidl_typesupport_cExport-noconfig.cmake
[1.198s] -- Up-to-date: /root/ws/origami/install/diegetic_button_pkg/share/diegetic_button_pkg/cmake/diegetic_button_pkg__rosidl_typesupport_introspection_cppExport.cmake
[1.198s] -- Up-to-date: /root/ws/origami/install/diegetic_button_pkg/share/diegetic_button_pkg/cmake/diegetic_button_pkg__rosidl_typesupport_introspection_cppExport-noconfig.cmake
[1.198s] -- Up-to-date: /root/ws/origami/install/diegetic_button_pkg/share/diegetic_button_pkg/cmake/diegetic_button_pkg__rosidl_typesupport_cppExport.cmake
[1.199s] -- Up-to-date: /root/ws/origami/install/diegetic_button_pkg/share/diegetic_button_pkg/cmake/diegetic_button_pkg__rosidl_typesupport_cppExport-noconfig.cmake
[1.199s] -- Up-to-date: /root/ws/origami/install/diegetic_button_pkg/share/diegetic_button_pkg/cmake/export_diegetic_button_pkg__rosidl_generator_pyExport.cmake
[1.199s] -- Up-to-date: /root/ws/origami/install/diegetic_button_pkg/share/diegetic_button_pkg/cmake/export_diegetic_button_pkg__rosidl_generator_pyExport-noconfig.cmake
[1.199s] -- Up-to-date: /root/ws/origami/install/diegetic_button_pkg/share/diegetic_button_pkg/cmake/rosidl_cmake-extras.cmake
[1.199s] -- Up-to-date: /root/ws/origami/install/diegetic_button_pkg/share/diegetic_button_pkg/cmake/ament_cmake_export_dependencies-extras.cmake
[1.199s] -- Up-to-date: /root/ws/origami/install/diegetic_button_pkg/share/diegetic_button_pkg/cmake/ament_cmake_export_include_directories-extras.cmake
[1.199s] -- Up-to-date: /root/ws/origami/install/diegetic_button_pkg/share/diegetic_button_pkg/cmake/ament_cmake_export_libraries-extras.cmake
[1.199s] -- Up-to-date: /root/ws/origami/install/diegetic_button_pkg/share/diegetic_button_pkg/cmake/ament_cmake_export_targets-extras.cmake
[1.200s] -- Up-to-date: /root/ws/origami/install/diegetic_button_pkg/share/diegetic_button_pkg/cmake/rosidl_cmake_export_typesupport_targets-extras.cmake
[1.200s] -- Up-to-date: /root/ws/origami/install/diegetic_button_pkg/share/diegetic_button_pkg/cmake/rosidl_cmake_export_typesupport_libraries-extras.cmake
[1.200s] -- Up-to-date: /root/ws/origami/install/diegetic_button_pkg/share/diegetic_button_pkg/cmake/diegetic_button_pkgConfig.cmake
[1.200s] -- Up-to-date: /root/ws/origami/install/diegetic_button_pkg/share/diegetic_button_pkg/cmake/diegetic_button_pkgConfig-version.cmake
[1.200s] -- Up-to-date: /root/ws/origami/install/diegetic_button_pkg/share/diegetic_button_pkg/package.xml
[1.200s] Invoked command in '/root/ws/origami/build/diegetic_button_pkg' returned '0': CMAKE_PREFIX_PATH=${CMAKE_PREFIX_PATH}:/opt/ros/humble /usr/bin/cmake --install /root/ws/origami/build/diegetic_button_pkg
