[0.122s] Invoking command in '/root/ws/origami/build/diegetic_button_pkg': CMAKE_PREFIX_PATH=${CMAKE_PREFIX_PATH}:/opt/ros/humble /usr/bin/cmake --build /root/ws/origami/build/diegetic_button_pkg -- -j12 -l12
[0.171s] [  1%] Built target diegetic_button_pkg__cpp
[0.173s] [ 12%] Built target diegetic_button_pkg__rosidl_generator_c
[0.174s] [ 12%] Built target ament_cmake_python_copy_scripts
[0.177s] [ 12%] Built target ament_cmake_python_copy_diegetic_button_pkg
[0.215s] [ 23%] Built target diegetic_button_pkg__rosidl_typesupport_cpp
[0.216s] [ 34%] Built target diegetic_button_pkg__rosidl_typesupport_fastrtps_cpp
[0.227s] [ 45%] Built target diegetic_button_pkg__rosidl_typesupport_introspection_cpp
[0.230s] [ 56%] Built target diegetic_button_pkg__rosidl_typesupport_fastrtps_c
[0.234s] [ 67%] Built target diegetic_button_pkg__rosidl_typesupport_c
[0.250s] [ 78%] Built target diegetic_button_pkg__rosidl_typesupport_introspection_c
[0.269s] [ 78%] Built target diegetic_button_pkg
[0.291s] [ 80%] Built target diegetic_button_pkg__py
[0.318s] [ 89%] Built target diegetic_button_pkg__rosidl_generator_py
[0.343s] [ 92%] Built target diegetic_button_pkg__rosidl_typesupport_c__pyext
[0.344s] [ 96%] Built target diegetic_button_pkg__rosidl_typesupport_fastrtps_c__pyext
[0.353s] [100%] Built target diegetic_button_pkg__rosidl_typesupport_introspection_c__pyext
[0.415s] running egg_info
[0.416s] writing scripts.egg-info/PKG-INFO
[0.416s] writing dependency_links to scripts.egg-info/dependency_links.txt
[0.416s] writing top-level names to scripts.egg-info/top_level.txt
[0.418s] reading manifest file 'scripts.egg-info/SOURCES.txt'
[0.418s] writing manifest file 'scripts.egg-info/SOURCES.txt'
[0.439s] [100%] Built target ament_cmake_python_build_scripts_egg
[0.487s] running egg_info
[0.488s] writing diegetic_button_pkg.egg-info/PKG-INFO
[0.488s] writing dependency_links to diegetic_button_pkg.egg-info/dependency_links.txt
[0.488s] writing top-level names to diegetic_button_pkg.egg-info/top_level.txt
[0.491s] reading manifest file 'diegetic_button_pkg.egg-info/SOURCES.txt'
[0.492s] writing manifest file 'diegetic_button_pkg.egg-info/SOURCES.txt'
[0.522s] [100%] Built target ament_cmake_python_build_diegetic_button_pkg_egg
