[0.333s] Invoking command in '/root/ws/origami/build/stag_ros': /usr/bin/cmake /root/ws/origami/src/stag_ros -DCATKIN_INSTALL_INTO_PREFIX_ROOT=0 -DCMAKE_INSTALL_PREFIX=/root/ws/origami/install/stag_ros
[0.398s] -- The C compiler identification is GNU 11.4.0
[0.461s] -- The CXX compiler identification is GNU 11.4.0
[0.471s] -- Detecting C compiler ABI info
[0.541s] -- Detecting C compiler ABI info - done
[0.549s] -- Check for working C compiler: /usr/bin/cc - skipped
[0.549s] -- Detecting C compile features
[0.550s] -- Detecting C compile features - done
[0.553s] -- Detecting CXX compiler ABI info
[0.629s] -- Detecting CXX compiler ABI info - done
[0.637s] -- Check for working CXX compiler: /usr/bin/c++ - skipped
[0.637s] -- Detecting CXX compile features
[0.638s] -- Detecting CXX compile features - done
[0.652s] -- Found OpenCV: /usr (found version "4.5.4") 
[0.657s] -- Found PkgConfig: /usr/bin/pkg-config (found version "0.29.2") 
[0.668s] [31mCMake Error at CMakeLists.txt:14 (find_package):
[0.668s]   By not providing "Findcatkin.cmake" in CMAKE_MODULE_PATH this project has
[0.668s]   asked CMake to find a package configuration file provided by "catkin", but
[0.668s]   CMake did not find one.
[0.668s] 
[0.669s]   Could not find a package configuration file provided by "catkin" with any
[0.669s]   of the following names:
[0.669s] 
[0.669s]     catkinConfig.cmake
[0.669s]     catkin-config.cmake
[0.669s] 
[0.669s]   Add the installation prefix of "catkin" to CMAKE_PREFIX_PATH or set
[0.669s]   "catkin_DIR" to a directory containing one of the above files.  If "catkin"
[0.669s]   provides a separate development package or SDK, be sure it has been
[0.670s]   installed.
[0.670s] 
[0.670s] [0m
[0.670s] -- Configuring incomplete, errors occurred!
[0.670s] See also "/root/ws/origami/build/stag_ros/CMakeFiles/CMakeOutput.log".
[0.673s] Invoked command in '/root/ws/origami/build/stag_ros' returned '1': /usr/bin/cmake /root/ws/origami/src/stag_ros -DCATKIN_INSTALL_INTO_PREFIX_ROOT=0 -DCMAKE_INSTALL_PREFIX=/root/ws/origami/install/stag_ros
