[0.151s] Invoking command in '/root/ws/origami/build/fiducials': CMAKE_PREFIX_PATH=${CMAKE_PREFIX_PATH}:/opt/ros/humble /usr/bin/cmake --build /root/ws/origami/build/fiducials -- -j12 -l12
[0.290s] [  1%] Built target fiducials__cpp
[0.650s] [  1%] Built target ament_cmake_python_copy_scripts
[0.690s] [ 12%] Built target fiducials__rosidl_typesupport_introspection_cpp
[1.163s] running egg_info
[1.164s] writing scripts.egg-info/PKG-INFO
[1.164s] writing dependency_links to scripts.egg-info/dependency_links.txt
[1.164s] writing top-level names to scripts.egg-info/top_level.txt
[1.183s] reading manifest file 'scripts.egg-info/SOURCES.txt'
[1.184s] writing manifest file 'scripts.egg-info/SOURCES.txt'
[1.240s] [ 12%] Built target ament_cmake_python_build_scripts_egg
[1.287s] [ 23%] Built target fiducials__rosidl_typesupport_fastrtps_cpp
[1.326s] [ 35%] Built target fiducials__rosidl_typesupport_cpp
[1.396s] [ 35%] Built target ament_cmake_python_copy_fiducials
[1.459s] [ 46%] Built target fiducials__rosidl_generator_c
[1.948s] running egg_info
[1.951s] writing fiducials.egg-info/PKG-INFO
[1.952s] writing dependency_links to fiducials.egg-info/dependency_links.txt
[1.954s] writing top-level names to fiducials.egg-info/top_level.txt
[1.962s] reading manifest file 'fiducials.egg-info/SOURCES.txt'
[1.963s] writing manifest file 'fiducials.egg-info/SOURCES.txt'
[2.052s] [ 46%] Built target ament_cmake_python_build_fiducials_egg
[2.122s] [ 57%] Built target fiducials__rosidl_typesupport_c
[2.189s] [ 69%] Built target fiducials__rosidl_typesupport_introspection_c
[2.258s] [ 80%] Built target fiducials__rosidl_typesupport_fastrtps_c
[2.307s] [ 80%] Built target fiducials
[2.355s] [ 81%] Built target fiducials__py
[2.422s] [ 91%] Built target fiducials__rosidl_generator_py
[2.489s] [ 94%] Built target fiducials__rosidl_typesupport_fastrtps_c__pyext
[2.544s] [ 97%] Built target fiducials__rosidl_typesupport_c__pyext
[2.585s] [100%] Built target fiducials__rosidl_typesupport_introspection_c__pyext
[2.619s] Invoked command in '/root/ws/origami/build/fiducials' returned '0': CMAKE_PREFIX_PATH=${CMAKE_PREFIX_PATH}:/opt/ros/humble /usr/bin/cmake --build /root/ws/origami/build/fiducials -- -j12 -l12
[3.126s] Invoking command in '/root/ws/origami/build/fiducials': CMAKE_PREFIX_PATH=${CMAKE_PREFIX_PATH}:/opt/ros/humble /usr/bin/cmake --install /root/ws/origami/build/fiducials
[3.148s] -- Install configuration: ""
[3.148s] -- Up-to-date: /root/ws/origami/install/fiducials/share/ament_index/resource_index/rosidl_interfaces/fiducials
[3.149s] -- Up-to-date: /root/ws/origami/install/fiducials/include/fiducials/fiducials
[3.149s] -- Up-to-date: /root/ws/origami/install/fiducials/include/fiducials/fiducials/msg
[3.149s] -- Up-to-date: /root/ws/origami/install/fiducials/include/fiducials/fiducials/msg/fiducial_transform_array.h
[3.150s] -- Up-to-date: /root/ws/origami/install/fiducials/include/fiducials/fiducials/msg/fiducial_transform.h
[3.151s] -- Up-to-date: /root/ws/origami/install/fiducials/include/fiducials/fiducials/msg/fiducial_map_entry.h
[3.151s] -- Up-to-date: /root/ws/origami/install/fiducials/include/fiducials/fiducials/msg/rosidl_generator_c__visibility_control.h
[3.151s] -- Up-to-date: /root/ws/origami/install/fiducials/include/fiducials/fiducials/msg/fiducial_map_entry_array.h
[3.151s] -- Up-to-date: /root/ws/origami/install/fiducials/include/fiducials/fiducials/msg/fiducial_array.h
[3.151s] -- Up-to-date: /root/ws/origami/install/fiducials/include/fiducials/fiducials/msg/detail
[3.152s] -- Up-to-date: /root/ws/origami/install/fiducials/include/fiducials/fiducials/msg/detail/fiducial_map_entry_array__functions.c
[3.152s] -- Up-to-date: /root/ws/origami/install/fiducials/include/fiducials/fiducials/msg/detail/fiducial_transform__functions.h
[3.152s] -- Up-to-date: /root/ws/origami/install/fiducials/include/fiducials/fiducials/msg/detail/fiducial_array__functions.c
[3.152s] -- Up-to-date: /root/ws/origami/install/fiducials/include/fiducials/fiducials/msg/detail/fiducial_transform__type_support.h
[3.152s] -- Up-to-date: /root/ws/origami/install/fiducials/include/fiducials/fiducials/msg/detail/fiducial_array__type_support.h
[3.152s] -- Up-to-date: /root/ws/origami/install/fiducials/include/fiducials/fiducials/msg/detail/fiducial_map_entry__functions.c
[3.152s] -- Up-to-date: /root/ws/origami/install/fiducials/include/fiducials/fiducials/msg/detail/fiducial__type_support.h
[3.153s] -- Up-to-date: /root/ws/origami/install/fiducials/include/fiducials/fiducials/msg/detail/fiducial_map_entry__struct.h
[3.153s] -- Up-to-date: /root/ws/origami/install/fiducials/include/fiducials/fiducials/msg/detail/fiducial_transform__functions.c
[3.153s] -- Up-to-date: /root/ws/origami/install/fiducials/include/fiducials/fiducials/msg/detail/fiducial_transform_array__struct.h
[3.153s] -- Up-to-date: /root/ws/origami/install/fiducials/include/fiducials/fiducials/msg/detail/fiducial__functions.h
[3.153s] -- Up-to-date: /root/ws/origami/install/fiducials/include/fiducials/fiducials/msg/detail/fiducial_transform__struct.h
[3.153s] -- Up-to-date: /root/ws/origami/install/fiducials/include/fiducials/fiducials/msg/detail/fiducial__struct.h
[3.154s] -- Up-to-date: /root/ws/origami/install/fiducials/include/fiducials/fiducials/msg/detail/fiducial_array__functions.h
[3.154s] -- Up-to-date: /root/ws/origami/install/fiducials/include/fiducials/fiducials/msg/detail/fiducial__functions.c
[3.156s] -- Up-to-date: /root/ws/origami/install/fiducials/include/fiducials/fiducials/msg/detail/fiducial_array__struct.h
[3.156s] -- Up-to-date: /root/ws/origami/install/fiducials/include/fiducials/fiducials/msg/detail/fiducial_map_entry__type_support.h
[3.156s] -- Up-to-date: /root/ws/origami/install/fiducials/include/fiducials/fiducials/msg/detail/fiducial_map_entry__functions.h
[3.156s] -- Up-to-date: /root/ws/origami/install/fiducials/include/fiducials/fiducials/msg/detail/fiducial_map_entry_array__type_support.h
[3.157s] -- Up-to-date: /root/ws/origami/install/fiducials/include/fiducials/fiducials/msg/detail/fiducial_map_entry_array__struct.h
[3.158s] -- Up-to-date: /root/ws/origami/install/fiducials/include/fiducials/fiducials/msg/detail/fiducial_transform_array__type_support.h
[3.158s] -- Up-to-date: /root/ws/origami/install/fiducials/include/fiducials/fiducials/msg/detail/fiducial_map_entry_array__functions.h
[3.158s] -- Up-to-date: /root/ws/origami/install/fiducials/include/fiducials/fiducials/msg/detail/fiducial_transform_array__functions.h
[3.158s] -- Up-to-date: /root/ws/origami/install/fiducials/include/fiducials/fiducials/msg/detail/fiducial_transform_array__functions.c
[3.158s] -- Up-to-date: /root/ws/origami/install/fiducials/include/fiducials/fiducials/msg/fiducial.h
[3.159s] -- Up-to-date: /root/ws/origami/install/fiducials/share/fiducials/environment/library_path.sh
[3.159s] -- Up-to-date: /root/ws/origami/install/fiducials/share/fiducials/environment/library_path.dsv
[3.159s] -- Up-to-date: /root/ws/origami/install/fiducials/lib/libfiducials__rosidl_generator_c.so
[3.159s] -- Up-to-date: /root/ws/origami/install/fiducials/include/fiducials/fiducials
[3.159s] -- Up-to-date: /root/ws/origami/install/fiducials/include/fiducials/fiducials/msg
[3.159s] -- Up-to-date: /root/ws/origami/install/fiducials/include/fiducials/fiducials/msg/rosidl_typesupport_fastrtps_c__visibility_control.h
[3.160s] -- Up-to-date: /root/ws/origami/install/fiducials/include/fiducials/fiducials/msg/detail
[3.160s] -- Up-to-date: /root/ws/origami/install/fiducials/include/fiducials/fiducials/msg/detail/fiducial_map_entry_array__rosidl_typesupport_fastrtps_c.h
[3.160s] -- Up-to-date: /root/ws/origami/install/fiducials/include/fiducials/fiducials/msg/detail/fiducial_map_entry__rosidl_typesupport_fastrtps_c.h
[3.160s] -- Up-to-date: /root/ws/origami/install/fiducials/include/fiducials/fiducials/msg/detail/fiducial_transform_array__rosidl_typesupport_fastrtps_c.h
[3.163s] -- Up-to-date: /root/ws/origami/install/fiducials/include/fiducials/fiducials/msg/detail/fiducial_transform__rosidl_typesupport_fastrtps_c.h
[3.163s] -- Up-to-date: /root/ws/origami/install/fiducials/include/fiducials/fiducials/msg/detail/fiducial__rosidl_typesupport_fastrtps_c.h
[3.164s] -- Up-to-date: /root/ws/origami/install/fiducials/include/fiducials/fiducials/msg/detail/fiducial_array__rosidl_typesupport_fastrtps_c.h
[3.164s] -- Up-to-date: /root/ws/origami/install/fiducials/lib/libfiducials__rosidl_typesupport_fastrtps_c.so
[3.164s] -- Up-to-date: /root/ws/origami/install/fiducials/include/fiducials/fiducials
[3.164s] -- Up-to-date: /root/ws/origami/install/fiducials/include/fiducials/fiducials/msg
[3.164s] -- Up-to-date: /root/ws/origami/install/fiducials/include/fiducials/fiducials/msg/fiducial_transform_array.hpp
[3.164s] -- Up-to-date: /root/ws/origami/install/fiducials/include/fiducials/fiducials/msg/fiducial_array.hpp
[3.165s] -- Up-to-date: /root/ws/origami/install/fiducials/include/fiducials/fiducials/msg/fiducial.hpp
[3.165s] -- Up-to-date: /root/ws/origami/install/fiducials/include/fiducials/fiducials/msg/fiducial_map_entry_array.hpp
[3.165s] -- Up-to-date: /root/ws/origami/install/fiducials/include/fiducials/fiducials/msg/detail
[3.165s] -- Up-to-date: /root/ws/origami/install/fiducials/include/fiducials/fiducials/msg/detail/fiducial_map_entry__builder.hpp
[3.165s] -- Up-to-date: /root/ws/origami/install/fiducials/include/fiducials/fiducials/msg/detail/fiducial_transform__struct.hpp
[3.165s] -- Up-to-date: /root/ws/origami/install/fiducials/include/fiducials/fiducials/msg/detail/fiducial_map_entry_array__struct.hpp
[3.165s] -- Up-to-date: /root/ws/origami/install/fiducials/include/fiducials/fiducials/msg/detail/fiducial_transform__builder.hpp
[3.166s] -- Up-to-date: /root/ws/origami/install/fiducials/include/fiducials/fiducials/msg/detail/fiducial_transform_array__builder.hpp
[3.166s] -- Up-to-date: /root/ws/origami/install/fiducials/include/fiducials/fiducials/msg/detail/fiducial_array__builder.hpp
[3.166s] -- Up-to-date: /root/ws/origami/install/fiducials/include/fiducials/fiducials/msg/detail/fiducial_map_entry_array__traits.hpp
[3.166s] -- Up-to-date: /root/ws/origami/install/fiducials/include/fiducials/fiducials/msg/detail/fiducial_map_entry__struct.hpp
[3.166s] -- Up-to-date: /root/ws/origami/install/fiducials/include/fiducials/fiducials/msg/detail/fiducial_map_entry_array__builder.hpp
[3.166s] -- Up-to-date: /root/ws/origami/install/fiducials/include/fiducials/fiducials/msg/detail/fiducial_transform__traits.hpp
[3.167s] -- Up-to-date: /root/ws/origami/install/fiducials/include/fiducials/fiducials/msg/detail/fiducial_map_entry__traits.hpp
[3.167s] -- Up-to-date: /root/ws/origami/install/fiducials/include/fiducials/fiducials/msg/detail/fiducial_transform_array__traits.hpp
[3.167s] -- Up-to-date: /root/ws/origami/install/fiducials/include/fiducials/fiducials/msg/detail/fiducial_transform_array__struct.hpp
[3.167s] -- Up-to-date: /root/ws/origami/install/fiducials/include/fiducials/fiducials/msg/detail/fiducial__builder.hpp
[3.177s] -- Up-to-date: /root/ws/origami/install/fiducials/include/fiducials/fiducials/msg/detail/fiducial_array__traits.hpp
[3.177s] -- Up-to-date: /root/ws/origami/install/fiducials/include/fiducials/fiducials/msg/detail/fiducial__struct.hpp
[3.177s] -- Up-to-date: /root/ws/origami/install/fiducials/include/fiducials/fiducials/msg/detail/fiducial__traits.hpp
[3.177s] -- Up-to-date: /root/ws/origami/install/fiducials/include/fiducials/fiducials/msg/detail/fiducial_array__struct.hpp
[3.178s] -- Up-to-date: /root/ws/origami/install/fiducials/include/fiducials/fiducials/msg/fiducial_map_entry.hpp
[3.178s] -- Up-to-date: /root/ws/origami/install/fiducials/include/fiducials/fiducials/msg/fiducial_transform.hpp
[3.178s] -- Up-to-date: /root/ws/origami/install/fiducials/include/fiducials/fiducials
[3.178s] -- Up-to-date: /root/ws/origami/install/fiducials/include/fiducials/fiducials/msg
[3.179s] -- Up-to-date: /root/ws/origami/install/fiducials/include/fiducials/fiducials/msg/rosidl_typesupport_fastrtps_cpp__visibility_control.h
[3.179s] -- Up-to-date: /root/ws/origami/install/fiducials/include/fiducials/fiducials/msg/detail
[3.179s] -- Up-to-date: /root/ws/origami/install/fiducials/include/fiducials/fiducials/msg/detail/fiducial_array__rosidl_typesupport_fastrtps_cpp.hpp
[3.179s] -- Up-to-date: /root/ws/origami/install/fiducials/include/fiducials/fiducials/msg/detail/fiducial__rosidl_typesupport_fastrtps_cpp.hpp
[3.179s] -- Up-to-date: /root/ws/origami/install/fiducials/include/fiducials/fiducials/msg/detail/fiducial_transform_array__rosidl_typesupport_fastrtps_cpp.hpp
[3.179s] -- Up-to-date: /root/ws/origami/install/fiducials/include/fiducials/fiducials/msg/detail/fiducial_map_entry_array__rosidl_typesupport_fastrtps_cpp.hpp
[3.180s] -- Up-to-date: /root/ws/origami/install/fiducials/include/fiducials/fiducials/msg/detail/fiducial_map_entry__rosidl_typesupport_fastrtps_cpp.hpp
[3.180s] -- Up-to-date: /root/ws/origami/install/fiducials/include/fiducials/fiducials/msg/detail/dds_fastrtps
[3.180s] -- Up-to-date: /root/ws/origami/install/fiducials/include/fiducials/fiducials/msg/detail/fiducial_transform__rosidl_typesupport_fastrtps_cpp.hpp
[3.180s] -- Up-to-date: /root/ws/origami/install/fiducials/lib/libfiducials__rosidl_typesupport_fastrtps_cpp.so
[3.180s] -- Up-to-date: /root/ws/origami/install/fiducials/include/fiducials/fiducials
[3.180s] -- Up-to-date: /root/ws/origami/install/fiducials/include/fiducials/fiducials/msg
[3.180s] -- Up-to-date: /root/ws/origami/install/fiducials/include/fiducials/fiducials/msg/rosidl_typesupport_introspection_c__visibility_control.h
[3.181s] -- Up-to-date: /root/ws/origami/install/fiducials/include/fiducials/fiducials/msg/detail
[3.181s] -- Up-to-date: /root/ws/origami/install/fiducials/include/fiducials/fiducials/msg/detail/fiducial_transform_array__rosidl_typesupport_introspection_c.h
[3.181s] -- Up-to-date: /root/ws/origami/install/fiducials/include/fiducials/fiducials/msg/detail/fiducial_array__rosidl_typesupport_introspection_c.h
[3.181s] -- Up-to-date: /root/ws/origami/install/fiducials/include/fiducials/fiducials/msg/detail/fiducial__rosidl_typesupport_introspection_c.h
[3.181s] -- Up-to-date: /root/ws/origami/install/fiducials/include/fiducials/fiducials/msg/detail/fiducial_map_entry__type_support.c
[3.181s] -- Up-to-date: /root/ws/origami/install/fiducials/include/fiducials/fiducials/msg/detail/fiducial_transform_array__type_support.c
[3.182s] -- Up-to-date: /root/ws/origami/install/fiducials/include/fiducials/fiducials/msg/detail/fiducial_map_entry__rosidl_typesupport_introspection_c.h
[3.182s] -- Up-to-date: /root/ws/origami/install/fiducials/include/fiducials/fiducials/msg/detail/fiducial_transform__rosidl_typesupport_introspection_c.h
[3.182s] -- Up-to-date: /root/ws/origami/install/fiducials/include/fiducials/fiducials/msg/detail/fiducial_map_entry_array__rosidl_typesupport_introspection_c.h
[3.182s] -- Up-to-date: /root/ws/origami/install/fiducials/include/fiducials/fiducials/msg/detail/fiducial_array__type_support.c
[3.182s] -- Up-to-date: /root/ws/origami/install/fiducials/include/fiducials/fiducials/msg/detail/fiducial_transform__type_support.c
[3.182s] -- Up-to-date: /root/ws/origami/install/fiducials/include/fiducials/fiducials/msg/detail/fiducial__type_support.c
[3.182s] -- Up-to-date: /root/ws/origami/install/fiducials/include/fiducials/fiducials/msg/detail/fiducial_map_entry_array__type_support.c
[3.183s] -- Up-to-date: /root/ws/origami/install/fiducials/lib/libfiducials__rosidl_typesupport_introspection_c.so
[3.183s] -- Up-to-date: /root/ws/origami/install/fiducials/lib/libfiducials__rosidl_typesupport_c.so
[3.183s] -- Up-to-date: /root/ws/origami/install/fiducials/include/fiducials/fiducials
[3.183s] -- Up-to-date: /root/ws/origami/install/fiducials/include/fiducials/fiducials/msg
[3.183s] -- Up-to-date: /root/ws/origami/install/fiducials/include/fiducials/fiducials/msg/detail
[3.183s] -- Up-to-date: /root/ws/origami/install/fiducials/include/fiducials/fiducials/msg/detail/fiducial_transform__type_support.cpp
[3.184s] -- Up-to-date: /root/ws/origami/install/fiducials/include/fiducials/fiducials/msg/detail/fiducial_map_entry__rosidl_typesupport_introspection_cpp.hpp
[3.184s] -- Up-to-date: /root/ws/origami/install/fiducials/include/fiducials/fiducials/msg/detail/fiducial_transform_array__type_support.cpp
[3.184s] -- Up-to-date: /root/ws/origami/install/fiducials/include/fiducials/fiducials/msg/detail/fiducial_array__rosidl_typesupport_introspection_cpp.hpp
[3.185s] -- Up-to-date: /root/ws/origami/install/fiducials/include/fiducials/fiducials/msg/detail/fiducial_map_entry__type_support.cpp
[3.185s] -- Up-to-date: /root/ws/origami/install/fiducials/include/fiducials/fiducials/msg/detail/fiducial__rosidl_typesupport_introspection_cpp.hpp
[3.185s] -- Up-to-date: /root/ws/origami/install/fiducials/include/fiducials/fiducials/msg/detail/fiducial__type_support.cpp
[3.185s] -- Up-to-date: /root/ws/origami/install/fiducials/include/fiducials/fiducials/msg/detail/fiducial_map_entry_array__rosidl_typesupport_introspection_cpp.hpp
[3.185s] -- Up-to-date: /root/ws/origami/install/fiducials/include/fiducials/fiducials/msg/detail/fiducial_array__type_support.cpp
[3.185s] -- Up-to-date: /root/ws/origami/install/fiducials/include/fiducials/fiducials/msg/detail/fiducial_map_entry_array__type_support.cpp
[3.186s] -- Up-to-date: /root/ws/origami/install/fiducials/include/fiducials/fiducials/msg/detail/fiducial_transform__rosidl_typesupport_introspection_cpp.hpp
[3.186s] -- Up-to-date: /root/ws/origami/install/fiducials/include/fiducials/fiducials/msg/detail/fiducial_transform_array__rosidl_typesupport_introspection_cpp.hpp
[3.186s] -- Up-to-date: /root/ws/origami/install/fiducials/lib/libfiducials__rosidl_typesupport_introspection_cpp.so
[3.186s] -- Up-to-date: /root/ws/origami/install/fiducials/lib/libfiducials__rosidl_typesupport_cpp.so
[3.186s] -- Up-to-date: /root/ws/origami/install/fiducials/share/fiducials/environment/pythonpath.sh
[3.186s] -- Up-to-date: /root/ws/origami/install/fiducials/share/fiducials/environment/pythonpath.dsv
[3.186s] -- Up-to-date: /root/ws/origami/install/fiducials/local/lib/python3.10/dist-packages/fiducials-0.0.0-py3.10.egg-info
[3.187s] -- Installing: /root/ws/origami/install/fiducials/local/lib/python3.10/dist-packages/fiducials-0.0.0-py3.10.egg-info/top_level.txt
[3.187s] -- Installing: /root/ws/origami/install/fiducials/local/lib/python3.10/dist-packages/fiducials-0.0.0-py3.10.egg-info/SOURCES.txt
[3.187s] -- Installing: /root/ws/origami/install/fiducials/local/lib/python3.10/dist-packages/fiducials-0.0.0-py3.10.egg-info/dependency_links.txt
[3.187s] -- Installing: /root/ws/origami/install/fiducials/local/lib/python3.10/dist-packages/fiducials-0.0.0-py3.10.egg-info/PKG-INFO
[3.187s] -- Up-to-date: /root/ws/origami/install/fiducials/local/lib/python3.10/dist-packages/fiducials
[3.187s] -- Up-to-date: /root/ws/origami/install/fiducials/local/lib/python3.10/dist-packages/fiducials/_fiducials_s.ep.rosidl_typesupport_introspection_c.c
[3.188s] -- Up-to-date: /root/ws/origami/install/fiducials/local/lib/python3.10/dist-packages/fiducials/fiducials_s__rosidl_typesupport_fastrtps_c.cpython-310-x86_64-linux-gnu.so
[3.188s] -- Up-to-date: /root/ws/origami/install/fiducials/local/lib/python3.10/dist-packages/fiducials/_fiducials_s.ep.rosidl_typesupport_fastrtps_c.c
[3.188s] -- Up-to-date: /root/ws/origami/install/fiducials/local/lib/python3.10/dist-packages/fiducials/fiducials_s__rosidl_typesupport_c.cpython-310-x86_64-linux-gnu.so
[3.188s] -- Up-to-date: /root/ws/origami/install/fiducials/local/lib/python3.10/dist-packages/fiducials/libfiducials__rosidl_generator_py.so
[3.189s] -- Up-to-date: /root/ws/origami/install/fiducials/local/lib/python3.10/dist-packages/fiducials/_fiducials_s.ep.rosidl_typesupport_c.c
[3.189s] -- Up-to-date: /root/ws/origami/install/fiducials/local/lib/python3.10/dist-packages/fiducials/__init__.py
[3.191s] -- Up-to-date: /root/ws/origami/install/fiducials/local/lib/python3.10/dist-packages/fiducials/fiducials_s__rosidl_typesupport_introspection_c.cpython-310-x86_64-linux-gnu.so
[3.192s] -- Up-to-date: /root/ws/origami/install/fiducials/local/lib/python3.10/dist-packages/fiducials/msg
[3.192s] -- Up-to-date: /root/ws/origami/install/fiducials/local/lib/python3.10/dist-packages/fiducials/msg/_fiducial.py
[3.192s] -- Up-to-date: /root/ws/origami/install/fiducials/local/lib/python3.10/dist-packages/fiducials/msg/_fiducial_array_s.c
[3.193s] -- Up-to-date: /root/ws/origami/install/fiducials/local/lib/python3.10/dist-packages/fiducials/msg/_fiducial_transform.py
[3.194s] -- Up-to-date: /root/ws/origami/install/fiducials/local/lib/python3.10/dist-packages/fiducials/msg/_fiducial_map_entry_s.c
[3.208s] -- Up-to-date: /root/ws/origami/install/fiducials/local/lib/python3.10/dist-packages/fiducials/msg/_fiducial_transform_array_s.c
[3.209s] -- Up-to-date: /root/ws/origami/install/fiducials/local/lib/python3.10/dist-packages/fiducials/msg/_fiducial_array.py
[3.209s] -- Up-to-date: /root/ws/origami/install/fiducials/local/lib/python3.10/dist-packages/fiducials/msg/__init__.py
[3.211s] -- Up-to-date: /root/ws/origami/install/fiducials/local/lib/python3.10/dist-packages/fiducials/msg/_fiducial_map_entry_array.py
[3.244s] -- Up-to-date: /root/ws/origami/install/fiducials/local/lib/python3.10/dist-packages/fiducials/msg/_fiducial_transform_s.c
[3.245s] -- Up-to-date: /root/ws/origami/install/fiducials/local/lib/python3.10/dist-packages/fiducials/msg/_fiducial_s.c
[3.245s] -- Up-to-date: /root/ws/origami/install/fiducials/local/lib/python3.10/dist-packages/fiducials/msg/_fiducial_transform_array.py
[3.245s] -- Up-to-date: /root/ws/origami/install/fiducials/local/lib/python3.10/dist-packages/fiducials/msg/_fiducial_map_entry.py
[3.245s] -- Up-to-date: /root/ws/origami/install/fiducials/local/lib/python3.10/dist-packages/fiducials/msg/_fiducial_map_entry_array_s.c
[3.245s] Listing '/root/ws/origami/install/fiducials/local/lib/python3.10/dist-packages/fiducials'...
[3.246s] Listing '/root/ws/origami/install/fiducials/local/lib/python3.10/dist-packages/fiducials/msg'...
[3.258s] -- Up-to-date: /root/ws/origami/install/fiducials/local/lib/python3.10/dist-packages/fiducials/fiducials_s__rosidl_typesupport_fastrtps_c.cpython-310-x86_64-linux-gnu.so
[3.258s] -- Up-to-date: /root/ws/origami/install/fiducials/local/lib/python3.10/dist-packages/fiducials/fiducials_s__rosidl_typesupport_introspection_c.cpython-310-x86_64-linux-gnu.so
[3.258s] -- Up-to-date: /root/ws/origami/install/fiducials/local/lib/python3.10/dist-packages/fiducials/fiducials_s__rosidl_typesupport_c.cpython-310-x86_64-linux-gnu.so
[3.259s] -- Up-to-date: /root/ws/origami/install/fiducials/lib/libfiducials__rosidl_generator_py.so
[3.259s] -- Up-to-date: /root/ws/origami/install/fiducials/share/fiducials/msg/Fiducial.idl
[3.259s] -- Up-to-date: /root/ws/origami/install/fiducials/share/fiducials/msg/FiducialArray.idl
[3.260s] -- Up-to-date: /root/ws/origami/install/fiducials/share/fiducials/msg/FiducialTransform.idl
[3.260s] -- Up-to-date: /root/ws/origami/install/fiducials/share/fiducials/msg/FiducialTransformArray.idl
[3.260s] -- Up-to-date: /root/ws/origami/install/fiducials/share/fiducials/msg/FiducialMapEntry.idl
[3.260s] -- Up-to-date: /root/ws/origami/install/fiducials/share/fiducials/msg/FiducialMapEntryArray.idl
[3.261s] -- Up-to-date: /root/ws/origami/install/fiducials/share/fiducials/msg/Fiducial.msg
[3.261s] -- Up-to-date: /root/ws/origami/install/fiducials/share/fiducials/msg/FiducialArray.msg
[3.261s] -- Up-to-date: /root/ws/origami/install/fiducials/share/fiducials/msg/FiducialTransform.msg
[3.262s] -- Up-to-date: /root/ws/origami/install/fiducials/share/fiducials/msg/FiducialTransformArray.msg
[3.262s] -- Up-to-date: /root/ws/origami/install/fiducials/share/fiducials/msg/FiducialMapEntry.msg
[3.263s] -- Up-to-date: /root/ws/origami/install/fiducials/share/fiducials/msg/FiducialMapEntryArray.msg
[3.263s] -- Up-to-date: /root/ws/origami/install/fiducials/local/lib/python3.10/dist-packages/scripts-0.0.0-py3.10.egg-info
[3.263s] -- Installing: /root/ws/origami/install/fiducials/local/lib/python3.10/dist-packages/scripts-0.0.0-py3.10.egg-info/top_level.txt
[3.264s] -- Installing: /root/ws/origami/install/fiducials/local/lib/python3.10/dist-packages/scripts-0.0.0-py3.10.egg-info/SOURCES.txt
[3.264s] -- Installing: /root/ws/origami/install/fiducials/local/lib/python3.10/dist-packages/scripts-0.0.0-py3.10.egg-info/dependency_links.txt
[3.264s] -- Installing: /root/ws/origami/install/fiducials/local/lib/python3.10/dist-packages/scripts-0.0.0-py3.10.egg-info/PKG-INFO
[3.264s] -- Up-to-date: /root/ws/origami/install/fiducials/local/lib/python3.10/dist-packages/scripts
[3.265s] -- Up-to-date: /root/ws/origami/install/fiducials/local/lib/python3.10/dist-packages/scripts/create_markers.py
[3.265s] -- Up-to-date: /root/ws/origami/install/fiducials/local/lib/python3.10/dist-packages/scripts/camera_calibrate.py
[3.265s] -- Up-to-date: /root/ws/origami/install/fiducials/local/lib/python3.10/dist-packages/scripts/aruco_detect.py
[3.265s] -- Up-to-date: /root/ws/origami/install/fiducials/local/lib/python3.10/dist-packages/scripts/PupilGlassesCalibration.pckl
[3.265s] -- Up-to-date: /root/ws/origami/install/fiducials/local/lib/python3.10/dist-packages/scripts/calibration.yaml
[3.266s] -- Up-to-date: /root/ws/origami/install/fiducials/local/lib/python3.10/dist-packages/scripts/__init__.py
[3.266s] -- Up-to-date: /root/ws/origami/install/fiducials/local/lib/python3.10/dist-packages/scripts/aruco_mapper.py
[3.266s] -- Up-to-date: /root/ws/origami/install/fiducials/local/lib/python3.10/dist-packages/scripts/pupil_glasses_calibration_images
[3.266s] -- Up-to-date: /root/ws/origami/install/fiducials/local/lib/python3.10/dist-packages/scripts/pupil_glasses_calibration_images/PupilNeonCalib_04.png
[3.267s] -- Up-to-date: /root/ws/origami/install/fiducials/local/lib/python3.10/dist-packages/scripts/pupil_glasses_calibration_images/PupilNeonCalib_20.png
[3.267s] -- Up-to-date: /root/ws/origami/install/fiducials/local/lib/python3.10/dist-packages/scripts/pupil_glasses_calibration_images/PupilNeonCalib_25.png
[3.267s] -- Up-to-date: /root/ws/origami/install/fiducials/local/lib/python3.10/dist-packages/scripts/pupil_glasses_calibration_images/PupilNeonCalib_05.png
[3.267s] -- Up-to-date: /root/ws/origami/install/fiducials/local/lib/python3.10/dist-packages/scripts/pupil_glasses_calibration_images/PupilNeonCalib_01.png
[3.267s] -- Up-to-date: /root/ws/origami/install/fiducials/local/lib/python3.10/dist-packages/scripts/pupil_glasses_calibration_images/PupilNeonCalib_06.png
[3.267s] -- Up-to-date: /root/ws/origami/install/fiducials/local/lib/python3.10/dist-packages/scripts/pupil_glasses_calibration_images/PupilNeonCalib_15.png
[3.267s] -- Up-to-date: /root/ws/origami/install/fiducials/local/lib/python3.10/dist-packages/scripts/pupil_glasses_calibration_images/PupilNeonCalib_22.png
[3.277s] -- Up-to-date: /root/ws/origami/install/fiducials/local/lib/python3.10/dist-packages/scripts/pupil_glasses_calibration_images/PupilNeonCalib_07.png
[3.278s] -- Up-to-date: /root/ws/origami/install/fiducials/local/lib/python3.10/dist-packages/scripts/pupil_glasses_calibration_images/PupilNeonCalib_14.png
[3.279s] -- Up-to-date: /root/ws/origami/install/fiducials/local/lib/python3.10/dist-packages/scripts/pupil_glasses_calibration_images/PupilNeonCalib_17.png
[3.279s] -- Up-to-date: /root/ws/origami/install/fiducials/local/lib/python3.10/dist-packages/scripts/pupil_glasses_calibration_images/PupilNeonCalib_26.png
[3.280s] -- Up-to-date: /root/ws/origami/install/fiducials/local/lib/python3.10/dist-packages/scripts/pupil_glasses_calibration_images/PupilNeonCalib_11.png
[3.280s] -- Up-to-date: /root/ws/origami/install/fiducials/local/lib/python3.10/dist-packages/scripts/pupil_glasses_calibration_images/PupilNeonCalib_02.png
[3.280s] -- Up-to-date: /root/ws/origami/install/fiducials/local/lib/python3.10/dist-packages/scripts/pupil_glasses_calibration_images/PupilNeonCalib_13.png
[3.281s] -- Up-to-date: /root/ws/origami/install/fiducials/local/lib/python3.10/dist-packages/scripts/pupil_glasses_calibration_images/PupilNeonCalib_16.png
[3.291s] -- Up-to-date: /root/ws/origami/install/fiducials/local/lib/python3.10/dist-packages/scripts/pupil_glasses_calibration_images/PupilNeonCalib_24.png
[3.291s] -- Up-to-date: /root/ws/origami/install/fiducials/local/lib/python3.10/dist-packages/scripts/pupil_glasses_calibration_images/PupilNeonCalib_12.png
[3.291s] -- Up-to-date: /root/ws/origami/install/fiducials/local/lib/python3.10/dist-packages/scripts/pupil_glasses_calibration_images/PupilNeonCalib_19.png
[3.292s] -- Up-to-date: /root/ws/origami/install/fiducials/local/lib/python3.10/dist-packages/scripts/pupil_glasses_calibration_images/PupilNeonCalib_10.png
[3.292s] -- Up-to-date: /root/ws/origami/install/fiducials/local/lib/python3.10/dist-packages/scripts/pupil_glasses_calibration_images/PupilNeonCalib_09.png
[3.292s] -- Up-to-date: /root/ws/origami/install/fiducials/local/lib/python3.10/dist-packages/scripts/pupil_glasses_calibration_images/PupilNeonCalib_23.png
[3.292s] -- Up-to-date: /root/ws/origami/install/fiducials/local/lib/python3.10/dist-packages/scripts/pupil_glasses_calibration_images/PupilNeonCalib_27.png
[3.292s] -- Up-to-date: /root/ws/origami/install/fiducials/local/lib/python3.10/dist-packages/scripts/pupil_glasses_calibration_images/PupilNeonCalib_08.png
[3.292s] -- Up-to-date: /root/ws/origami/install/fiducials/local/lib/python3.10/dist-packages/scripts/pupil_glasses_calibration_images/PupilNeonCalib_21.png
[3.293s] -- Up-to-date: /root/ws/origami/install/fiducials/local/lib/python3.10/dist-packages/scripts/pupil_glasses_calibration_images/PupilNeonCalib_03.png
[3.293s] -- Up-to-date: /root/ws/origami/install/fiducials/local/lib/python3.10/dist-packages/scripts/pupil_glasses_calibration_images/PupilNeonCalib_18.png
[3.293s] -- Up-to-date: /root/ws/origami/install/fiducials/local/lib/python3.10/dist-packages/scripts/camera_calibration
[3.293s] -- Up-to-date: /root/ws/origami/install/fiducials/local/lib/python3.10/dist-packages/scripts/camera_calibration/old_webcam_calibration_images
[3.293s] -- Up-to-date: /root/ws/origami/install/fiducials/local/lib/python3.10/dist-packages/scripts/camera_calibration/old_webcam_calibration_images/2022-04-25-100708.jpg
[3.293s] -- Up-to-date: /root/ws/origami/install/fiducials/local/lib/python3.10/dist-packages/scripts/camera_calibration/old_webcam_calibration_images/2022-04-25-100736.jpg
[3.297s] -- Up-to-date: /root/ws/origami/install/fiducials/local/lib/python3.10/dist-packages/scripts/camera_calibration/old_webcam_calibration_images/2022-04-25-100504.jpg
[3.328s] -- Up-to-date: /root/ws/origami/install/fiducials/local/lib/python3.10/dist-packages/scripts/camera_calibration/old_webcam_calibration_images/2022-04-25-100601.jpg
[3.336s] -- Up-to-date: /root/ws/origami/install/fiducials/local/lib/python3.10/dist-packages/scripts/camera_calibration/old_webcam_calibration_images/2022-04-25-100614.jpg
[3.336s] -- Up-to-date: /root/ws/origami/install/fiducials/local/lib/python3.10/dist-packages/scripts/camera_calibration/old_webcam_calibration_images/2022-04-25-100643.jpg
[3.336s] -- Up-to-date: /root/ws/origami/install/fiducials/local/lib/python3.10/dist-packages/scripts/camera_calibration/old_webcam_calibration_images/2022-04-25-100453.jpg
[3.336s] -- Up-to-date: /root/ws/origami/install/fiducials/local/lib/python3.10/dist-packages/scripts/camera_calibration/old_webcam_calibration_images/2022-04-25-100626.jpg
[3.336s] -- Up-to-date: /root/ws/origami/install/fiducials/local/lib/python3.10/dist-packages/scripts/camera_calibration/old_webcam_calibration_images/2022-04-25-100719.jpg
[3.337s] -- Up-to-date: /root/ws/origami/install/fiducials/local/lib/python3.10/dist-packages/scripts/camera_calibration/old_webcam_calibration_images/2022-04-25-100654.jpg
[3.337s] -- Up-to-date: /root/ws/origami/install/fiducials/local/lib/python3.10/dist-packages/scripts/camera_calibration/old_webcam_calibration_images/2022-04-25-100514.jpg
[3.337s] -- Up-to-date: /root/ws/origami/install/fiducials/local/lib/python3.10/dist-packages/scripts/camera_calibration/old_webcam_calibration_images/2022-04-25-100635.jpg
[3.337s] -- Up-to-date: /root/ws/origami/install/fiducials/local/lib/python3.10/dist-packages/scripts/camera_calibration/old_webcam_calibration_images/2022-04-25-100550.jpg
[3.337s] -- Up-to-date: /root/ws/origami/install/fiducials/local/lib/python3.10/dist-packages/scripts/camera_calibration/old_webcam_calibration_images/2022-04-25-100447.jpg
[3.337s] -- Up-to-date: /root/ws/origami/install/fiducials/local/lib/python3.10/dist-packages/scripts/camera_calibration/old_webcam_calibration_images/2022-04-25-100542.jpg
[3.337s] -- Up-to-date: /root/ws/origami/install/fiducials/local/lib/python3.10/dist-packages/scripts/camera_calibration/calibration.pckl
[3.338s] -- Up-to-date: /root/ws/origami/install/fiducials/local/lib/python3.10/dist-packages/scripts/camera_calibration/TobiiCalibration
[3.338s] -- Up-to-date: /root/ws/origami/install/fiducials/local/lib/python3.10/dist-packages/scripts/camera_calibration/TobiiCalibration/vlcsnap-2022-04-28-16h18m42s700.png
[3.338s] -- Up-to-date: /root/ws/origami/install/fiducials/local/lib/python3.10/dist-packages/scripts/camera_calibration/TobiiCalibration/vlcsnap-2022-04-28-16h21m21s263.png
[3.338s] -- Up-to-date: /root/ws/origami/install/fiducials/local/lib/python3.10/dist-packages/scripts/camera_calibration/TobiiCalibration/vlcsnap-2022-04-28-16h18m59s845.png
[3.338s] -- Up-to-date: /root/ws/origami/install/fiducials/local/lib/python3.10/dist-packages/scripts/camera_calibration/TobiiCalibration/vlcsnap-2022-04-28-16h14m37s506.png
[3.338s] -- Up-to-date: /root/ws/origami/install/fiducials/local/lib/python3.10/dist-packages/scripts/camera_calibration/TobiiCalibration/vlcsnap-2022-04-28-16h13m51s644.png
[3.338s] -- Up-to-date: /root/ws/origami/install/fiducials/local/lib/python3.10/dist-packages/scripts/camera_calibration/TobiiCalibration/vlcsnap-2022-04-28-16h18m33s305.png
[3.339s] -- Up-to-date: /root/ws/origami/install/fiducials/local/lib/python3.10/dist-packages/scripts/camera_calibration/TobiiCalibration/vlcsnap-2022-04-28-16h21m16s913.png
[3.339s] -- Up-to-date: /root/ws/origami/install/fiducials/local/lib/python3.10/dist-packages/scripts/camera_calibration/TobiiCalibration/calibration.pckl
[3.339s] -- Up-to-date: /root/ws/origami/install/fiducials/local/lib/python3.10/dist-packages/scripts/camera_calibration/TobiiCalibration/vlcsnap-2022-04-28-16h19m21s435.png
[3.339s] -- Up-to-date: /root/ws/origami/install/fiducials/local/lib/python3.10/dist-packages/scripts/camera_calibration/TobiiCalibration/vlcsnap-2022-04-28-16h21m12s225.png
[3.339s] -- Up-to-date: /root/ws/origami/install/fiducials/local/lib/python3.10/dist-packages/scripts/camera_calibration/TobiiCalibration/vlcsnap-2022-04-28-16h19m51s539.png
[3.339s] -- Up-to-date: /root/ws/origami/install/fiducials/local/lib/python3.10/dist-packages/scripts/camera_calibration/TobiiCalibration/vlcsnap-2022-04-28-16h20m56s584.png
[3.339s] -- Up-to-date: /root/ws/origami/install/fiducials/local/lib/python3.10/dist-packages/scripts/camera_calibration/TobiiCalibration/vlcsnap-2022-04-28-16h15m08s507.png
[3.340s] -- Up-to-date: /root/ws/origami/install/fiducials/local/lib/python3.10/dist-packages/scripts/camera_calibration/TobiiCalibration/vlcsnap-2022-04-28-16h18m53s558.png
[3.340s] -- Up-to-date: /root/ws/origami/install/fiducials/local/lib/python3.10/dist-packages/scripts/camera_calibration/TobiiCalibration/vlcsnap-2022-04-28-16h21m39s908.png
[3.340s] -- Up-to-date: /root/ws/origami/install/fiducials/local/lib/python3.10/dist-packages/scripts/camera_calibration/TobiiCalibration/vlcsnap-2022-04-28-16h21m03s920.png
[3.340s] -- Up-to-date: /root/ws/origami/install/fiducials/local/lib/python3.10/dist-packages/scripts/camera_calibration/TobiiCalibration/vlcsnap-2022-04-28-16h21m45s787.png
[3.340s] -- Up-to-date: /root/ws/origami/install/fiducials/local/lib/python3.10/dist-packages/scripts/camera_calibration/TobiiCalibration/vlcsnap-2022-04-28-16h20m01s390.png
[3.341s] -- Up-to-date: /root/ws/origami/install/fiducials/local/lib/python3.10/dist-packages/scripts/camera_calibration/TobiiCalibration/vlcsnap-2022-04-28-16h22m00s263.png
[3.341s] -- Up-to-date: /root/ws/origami/install/fiducials/local/lib/python3.10/dist-packages/scripts/camera_calibration/TobiiCalibration/vlcsnap-2022-04-28-16h19m04s522.png
[3.341s] -- Up-to-date: /root/ws/origami/install/fiducials/local/lib/python3.10/dist-packages/scripts/camera_calibration/TobiiCalibration/vlcsnap-2022-04-28-16h21m56s920.png
[3.341s] -- Up-to-date: /root/ws/origami/install/fiducials/local/lib/python3.10/dist-packages/scripts/camera_calibration/TobiiCalibration/vlcsnap-2022-04-28-16h18m24s207.png
[3.341s] -- Up-to-date: /root/ws/origami/install/fiducials/local/lib/python3.10/dist-packages/scripts/camera_calibration/TobiiCalibration/vlcsnap-2022-04-28-16h19m12s268.png
[3.341s] -- Up-to-date: /root/ws/origami/install/fiducials/local/lib/python3.10/dist-packages/scripts/camera_calibration/TobiiCalibration/vlcsnap-2022-04-28-16h19m57s011.png
[3.341s] -- Up-to-date: /root/ws/origami/install/fiducials/local/lib/python3.10/dist-packages/scripts/camera_calibration/TobiiCalibration/vlcsnap-2022-04-28-16h21m08s214.png
[3.342s] -- Up-to-date: /root/ws/origami/install/fiducials/local/lib/python3.10/dist-packages/scripts/camera_calibration/TobiiCalibration/vlcsnap-2022-04-28-16h20m10s240.png
[3.342s] -- Up-to-date: /root/ws/origami/install/fiducials/local/lib/python3.10/dist-packages/scripts/camera_calibration/TobiiCalibration/vlcsnap-2022-04-28-16h19m25s886.png
[3.342s] -- Up-to-date: /root/ws/origami/install/fiducials/local/lib/python3.10/dist-packages/scripts/camera_calibration/TobiiCalibration/vlcsnap-2022-04-28-16h20m49s540.png
[3.342s] -- Up-to-date: /root/ws/origami/install/fiducials/local/lib/python3.10/dist-packages/scripts/camera_calibration/TobiiCalibration/vlcsnap-2022-04-28-16h14m26s085.png
[3.342s] -- Up-to-date: /root/ws/origami/install/fiducials/local/lib/python3.10/dist-packages/scripts/camera_calibration/old_webcam.pckl
[3.342s] -- Up-to-date: /root/ws/origami/install/fiducials/local/lib/python3.10/dist-packages/scripts/camera_calibration/pupil_glasses_calibration_images
[3.343s] -- Up-to-date: /root/ws/origami/install/fiducials/local/lib/python3.10/dist-packages/scripts/camera_calibration/pupil_glasses_calibration_images/Priority10.png
[3.343s] -- Up-to-date: /root/ws/origami/install/fiducials/local/lib/python3.10/dist-packages/scripts/camera_calibration/pupil_glasses_calibration_images/Priority09.png
[3.343s] -- Up-to-date: /root/ws/origami/install/fiducials/local/lib/python3.10/dist-packages/scripts/camera_calibration/pupil_glasses_calibration_images/PupilCalibrationImage02.png
[3.343s] -- Up-to-date: /root/ws/origami/install/fiducials/local/lib/python3.10/dist-packages/scripts/camera_calibration/pupil_glasses_calibration_images/Priority04.png
[3.343s] -- Up-to-date: /root/ws/origami/install/fiducials/local/lib/python3.10/dist-packages/scripts/camera_calibration/pupil_glasses_calibration_images/Priority08.png
[3.343s] -- Up-to-date: /root/ws/origami/install/fiducials/local/lib/python3.10/dist-packages/scripts/camera_calibration/pupil_glasses_calibration_images/Priority03.png
[3.343s] -- Up-to-date: /root/ws/origami/install/fiducials/local/lib/python3.10/dist-packages/scripts/camera_calibration/pupil_glasses_calibration_images/PupilCalibrationImage07.png
[3.344s] -- Up-to-date: /root/ws/origami/install/fiducials/local/lib/python3.10/dist-packages/scripts/camera_calibration/pupil_glasses_calibration_images/Priority02.png
[3.344s] -- Up-to-date: /root/ws/origami/install/fiducials/local/lib/python3.10/dist-packages/scripts/camera_calibration/pupil_glasses_calibration_images/Priority07.png
[3.344s] -- Up-to-date: /root/ws/origami/install/fiducials/local/lib/python3.10/dist-packages/scripts/camera_calibration/pupil_glasses_calibration_images/PupilCalibrationImage09.png
[3.344s] -- Up-to-date: /root/ws/origami/install/fiducials/local/lib/python3.10/dist-packages/scripts/camera_calibration/pupil_glasses_calibration_images/PupilCalibrationImage13.png
[3.344s] -- Up-to-date: /root/ws/origami/install/fiducials/local/lib/python3.10/dist-packages/scripts/camera_calibration/pupil_glasses_calibration_images/Priority12.png
[3.344s] -- Up-to-date: /root/ws/origami/install/fiducials/local/lib/python3.10/dist-packages/scripts/camera_calibration/pupil_glasses_calibration_images/PupilCalibrationImage05.png
[3.345s] -- Up-to-date: /root/ws/origami/install/fiducials/local/lib/python3.10/dist-packages/scripts/camera_calibration/pupil_glasses_calibration_images/PupilCalibrationImage12.png
[3.345s] -- Up-to-date: /root/ws/origami/install/fiducials/local/lib/python3.10/dist-packages/scripts/camera_calibration/pupil_glasses_calibration_images/PupilCalibrationImage06.png
[3.345s] -- Up-to-date: /root/ws/origami/install/fiducials/local/lib/python3.10/dist-packages/scripts/camera_calibration/pupil_glasses_calibration_images/PupilCalibrationImage04.png
[3.346s] -- Up-to-date: /root/ws/origami/install/fiducials/local/lib/python3.10/dist-packages/scripts/camera_calibration/pupil_glasses_calibration_images/PupilCalibrationImage10.png
[3.346s] -- Up-to-date: /root/ws/origami/install/fiducials/local/lib/python3.10/dist-packages/scripts/camera_calibration/pupil_glasses_calibration_images/Priority05.png
[3.346s] -- Up-to-date: /root/ws/origami/install/fiducials/local/lib/python3.10/dist-packages/scripts/camera_calibration/pupil_glasses_calibration_images/PupilCalibrationImage08.png
[3.346s] -- Up-to-date: /root/ws/origami/install/fiducials/local/lib/python3.10/dist-packages/scripts/camera_calibration/pupil_glasses_calibration_images/Priority06.png
[3.346s] -- Up-to-date: /root/ws/origami/install/fiducials/local/lib/python3.10/dist-packages/scripts/camera_calibration/pupil_glasses_calibration_images/PupilCalibrationImage01.png
[3.347s] -- Up-to-date: /root/ws/origami/install/fiducials/local/lib/python3.10/dist-packages/scripts/camera_calibration/pupil_glasses_calibration_images/PupilCalibrationImage14.png
[3.347s] -- Up-to-date: /root/ws/origami/install/fiducials/local/lib/python3.10/dist-packages/scripts/camera_calibration/pupil_glasses_calibration_images/PupilCalibrationImage03.png
[3.347s] -- Up-to-date: /root/ws/origami/install/fiducials/local/lib/python3.10/dist-packages/scripts/camera_calibration/pupil_glasses_calibration_images/Priority11.png
[3.348s] -- Up-to-date: /root/ws/origami/install/fiducials/local/lib/python3.10/dist-packages/scripts/camera_calibration/pupil_glasses_calibration_images/PupilCalibrationImage16.png
[3.348s] -- Up-to-date: /root/ws/origami/install/fiducials/local/lib/python3.10/dist-packages/scripts/camera_calibration/pupil_glasses_calibration_images/PupilCalibrationImage15.png
[3.348s] -- Up-to-date: /root/ws/origami/install/fiducials/local/lib/python3.10/dist-packages/scripts/camera_calibration/pupil_glasses_calibration_images/Priority01.png
[3.348s] Listing '/root/ws/origami/install/fiducials/local/lib/python3.10/dist-packages/scripts'...
[3.348s] Listing '/root/ws/origami/install/fiducials/local/lib/python3.10/dist-packages/scripts/camera_calibration'...
[3.349s] Listing '/root/ws/origami/install/fiducials/local/lib/python3.10/dist-packages/scripts/camera_calibration/TobiiCalibration'...
[3.349s] Listing '/root/ws/origami/install/fiducials/local/lib/python3.10/dist-packages/scripts/camera_calibration/old_webcam_calibration_images'...
[3.349s] Listing '/root/ws/origami/install/fiducials/local/lib/python3.10/dist-packages/scripts/camera_calibration/pupil_glasses_calibration_images'...
[3.349s] Listing '/root/ws/origami/install/fiducials/local/lib/python3.10/dist-packages/scripts/pupil_glasses_calibration_images'...
[3.351s] -- Up-to-date: /root/ws/origami/install/fiducials/lib/fiducials/aruco_detect.py
[3.351s] -- Up-to-date: /root/ws/origami/install/fiducials/lib/fiducials/aruco_mapper.py
[3.351s] -- Up-to-date: /root/ws/origami/install/fiducials/share/ament_index/resource_index/package_run_dependencies/fiducials
[3.351s] -- Up-to-date: /root/ws/origami/install/fiducials/share/ament_index/resource_index/parent_prefix_path/fiducials
[3.352s] -- Up-to-date: /root/ws/origami/install/fiducials/share/fiducials/environment/ament_prefix_path.sh
[3.352s] -- Up-to-date: /root/ws/origami/install/fiducials/share/fiducials/environment/ament_prefix_path.dsv
[3.352s] -- Up-to-date: /root/ws/origami/install/fiducials/share/fiducials/environment/path.sh
[3.352s] -- Up-to-date: /root/ws/origami/install/fiducials/share/fiducials/environment/path.dsv
[3.354s] -- Up-to-date: /root/ws/origami/install/fiducials/share/fiducials/local_setup.bash
[3.354s] -- Up-to-date: /root/ws/origami/install/fiducials/share/fiducials/local_setup.sh
[3.355s] -- Up-to-date: /root/ws/origami/install/fiducials/share/fiducials/local_setup.zsh
[3.355s] -- Up-to-date: /root/ws/origami/install/fiducials/share/fiducials/local_setup.dsv
[3.356s] -- Installing: /root/ws/origami/install/fiducials/share/fiducials/package.dsv
[3.356s] -- Up-to-date: /root/ws/origami/install/fiducials/share/ament_index/resource_index/packages/fiducials
[3.356s] -- Up-to-date: /root/ws/origami/install/fiducials/share/fiducials/cmake/export_fiducials__rosidl_generator_cExport.cmake
[3.356s] -- Up-to-date: /root/ws/origami/install/fiducials/share/fiducials/cmake/export_fiducials__rosidl_generator_cExport-noconfig.cmake
[3.356s] -- Up-to-date: /root/ws/origami/install/fiducials/share/fiducials/cmake/export_fiducials__rosidl_typesupport_fastrtps_cExport.cmake
[3.357s] -- Up-to-date: /root/ws/origami/install/fiducials/share/fiducials/cmake/export_fiducials__rosidl_typesupport_fastrtps_cExport-noconfig.cmake
[3.357s] -- Up-to-date: /root/ws/origami/install/fiducials/share/fiducials/cmake/export_fiducials__rosidl_generator_cppExport.cmake
[3.357s] -- Up-to-date: /root/ws/origami/install/fiducials/share/fiducials/cmake/export_fiducials__rosidl_typesupport_fastrtps_cppExport.cmake
[3.357s] -- Up-to-date: /root/ws/origami/install/fiducials/share/fiducials/cmake/export_fiducials__rosidl_typesupport_fastrtps_cppExport-noconfig.cmake
[3.359s] -- Up-to-date: /root/ws/origami/install/fiducials/share/fiducials/cmake/fiducials__rosidl_typesupport_introspection_cExport.cmake
[3.360s] -- Up-to-date: /root/ws/origami/install/fiducials/share/fiducials/cmake/fiducials__rosidl_typesupport_introspection_cExport-noconfig.cmake
[3.361s] -- Up-to-date: /root/ws/origami/install/fiducials/share/fiducials/cmake/fiducials__rosidl_typesupport_cExport.cmake
[3.361s] -- Up-to-date: /root/ws/origami/install/fiducials/share/fiducials/cmake/fiducials__rosidl_typesupport_cExport-noconfig.cmake
[3.361s] -- Up-to-date: /root/ws/origami/install/fiducials/share/fiducials/cmake/fiducials__rosidl_typesupport_introspection_cppExport.cmake
[3.362s] -- Up-to-date: /root/ws/origami/install/fiducials/share/fiducials/cmake/fiducials__rosidl_typesupport_introspection_cppExport-noconfig.cmake
[3.362s] -- Up-to-date: /root/ws/origami/install/fiducials/share/fiducials/cmake/fiducials__rosidl_typesupport_cppExport.cmake
[3.362s] -- Up-to-date: /root/ws/origami/install/fiducials/share/fiducials/cmake/fiducials__rosidl_typesupport_cppExport-noconfig.cmake
[3.363s] -- Up-to-date: /root/ws/origami/install/fiducials/share/fiducials/cmake/export_fiducials__rosidl_generator_pyExport.cmake
[3.363s] -- Up-to-date: /root/ws/origami/install/fiducials/share/fiducials/cmake/export_fiducials__rosidl_generator_pyExport-noconfig.cmake
[3.364s] -- Up-to-date: /root/ws/origami/install/fiducials/share/fiducials/cmake/rosidl_cmake-extras.cmake
[3.364s] -- Up-to-date: /root/ws/origami/install/fiducials/share/fiducials/cmake/ament_cmake_export_dependencies-extras.cmake
[3.364s] -- Up-to-date: /root/ws/origami/install/fiducials/share/fiducials/cmake/ament_cmake_export_include_directories-extras.cmake
[3.365s] -- Up-to-date: /root/ws/origami/install/fiducials/share/fiducials/cmake/ament_cmake_export_libraries-extras.cmake
[3.365s] -- Up-to-date: /root/ws/origami/install/fiducials/share/fiducials/cmake/ament_cmake_export_targets-extras.cmake
[3.365s] -- Up-to-date: /root/ws/origami/install/fiducials/share/fiducials/cmake/rosidl_cmake_export_typesupport_targets-extras.cmake
[3.366s] -- Up-to-date: /root/ws/origami/install/fiducials/share/fiducials/cmake/rosidl_cmake_export_typesupport_libraries-extras.cmake
[3.366s] -- Up-to-date: /root/ws/origami/install/fiducials/share/fiducials/cmake/fiducialsConfig.cmake
[3.367s] -- Up-to-date: /root/ws/origami/install/fiducials/share/fiducials/cmake/fiducialsConfig-version.cmake
[3.367s] -- Up-to-date: /root/ws/origami/install/fiducials/share/fiducials/package.xml
[3.368s] Invoked command in '/root/ws/origami/build/fiducials' returned '0': CMAKE_PREFIX_PATH=${CMAKE_PREFIX_PATH}:/opt/ros/humble /usr/bin/cmake --install /root/ws/origami/build/fiducials
